17:05:56.144485 [crit] TID[12676] FILE[connection.cpp]LINE[250] we have connected  to [172.16.8.85] 
17:05:56.146992 [crit] TID[12676] FILE[connection.cpp]LINE[371] setHandler [gateway_srv_token_verify.req.queue] DeliveType[DeliverDirect] 
17:05:56.146992 [crit] TID[10632] FILE[connection.cpp]LINE[697] we have started a send thread int connection[009D7078] 
17:05:56.154514 [crit] TID[12676] FILE[connection.cpp]LINE[971] we have add receiver queue[00A29118] for name[gateway_srv_token_verify.req.queue] 
17:05:56.156518 [crit] TID[12676] FILE[connection.cpp]LINE[384] we have created Handler[gateway_srv_token_verify.req.queue] 
17:05:56.158523 [crit] TID[10812] FILE[connection.cpp]LINE[547] we have started a callback thread in connection[009D7078] 
17:05:56.158523 [crit] TID[9380] FILE[connection.cpp]LINE[840] we have started a recv thread in connection[009D7078] 
17:05:56.215675 [crit] TID[12676] FILE[connection.cpp]LINE[250] we have connected  to [172.16.8.85] 
17:05:56.216176 [crit] TID[10920] FILE[connection.cpp]LINE[697] we have started a send thread int connection[00A2DA78] 
17:05:56.216176 [crit] TID[12676] FILE[connection.cpp]LINE[371] setHandler [gateway_srv_token_verify.req.queue] DeliveType[DeliverDirect] 
17:05:56.218683 [crit] TID[12676] FILE[connection.cpp]LINE[971] we have add receiver queue[00A54D18] for name[gateway_srv_token_verify.req.queue] 
17:05:56.220187 [crit] TID[12676] FILE[connection.cpp]LINE[384] we have created Handler[gateway_srv_token_verify.req.queue] 
17:05:56.221191 [crit] TID[5300] FILE[connection.cpp]LINE[547] we have started a callback thread in connection[00A2DA78] 
17:05:56.221191 [crit] TID[8064] FILE[connection.cpp]LINE[840] we have started a recv thread in connection[00A2DA78] 
17:05:56.226203 [crit] TID[12676] FILE[connection.cpp]LINE[250] we have connected  to [172.16.8.85] 
17:05:56.226705 [crit] TID[8348] FILE[connection.cpp]LINE[697] we have started a send thread int connection[033F1ED0] 
17:05:56.226705 [crit] TID[12676] FILE[connection.cpp]LINE[371] setHandler [gateway_srv_token_verify.req.queue] DeliveType[DeliverDirect] 
17:05:56.229712 [crit] TID[12676] FILE[connection.cpp]LINE[971] we have add receiver queue[03434DD8] for name[gateway_srv_token_verify.req.queue] 
17:05:56.231216 [crit] TID[12676] FILE[connection.cpp]LINE[384] we have created Handler[gateway_srv_token_verify.req.queue] 
17:05:56.231718 [crit] TID[11648] FILE[connection.cpp]LINE[547] we have started a callback thread in connection[033F1ED0] 
17:05:56.231718 [crit] TID[1264] FILE[connection.cpp]LINE[840] we have started a recv thread in connection[033F1ED0] 
17:05:56.236731 [crit] TID[12676] FILE[connection.cpp]LINE[250] we have connected  to [172.16.8.85] 
17:05:56.237233 [crit] TID[3396] FILE[connection.cpp]LINE[697] we have started a send thread int connection[03438DE0] 
17:05:56.237233 [crit] TID[12676] FILE[connection.cpp]LINE[371] setHandler [gateway_srv_token_verify.req.queue] DeliveType[DeliverDirect] 
17:05:56.239738 [crit] TID[12676] FILE[connection.cpp]LINE[971] we have add receiver queue[0347EFD8] for name[gateway_srv_token_verify.req.queue] 
17:05:56.240742 [crit] TID[12676] FILE[connection.cpp]LINE[384] we have created Handler[gateway_srv_token_verify.req.queue] 
17:05:56.241242 [crit] TID[12024] FILE[connection.cpp]LINE[547] we have started a callback thread in connection[03438DE0] 
17:05:56.241744 [crit] TID[11908] FILE[connection.cpp]LINE[840] we have started a recv thread in connection[03438DE0] 
17:05:56.246758 [crit] TID[12676] FILE[connection.cpp]LINE[250] we have connected  to [172.16.8.85] 
17:05:56.247260 [crit] TID[13204] FILE[connection.cpp]LINE[697] we have started a send thread int connection[03484EB8] 
17:05:56.247260 [crit] TID[12676] FILE[connection.cpp]LINE[371] setHandler [gateway_srv_token_verify.req.queue] DeliveType[DeliverDirect] 
17:05:56.250267 [crit] TID[12676] FILE[connection.cpp]LINE[971] we have add receiver queue[034CCBC0] for name[gateway_srv_token_verify.req.queue] 
17:05:56.251770 [crit] TID[12676] FILE[connection.cpp]LINE[384] we have created Handler[gateway_srv_token_verify.req.queue] 
17:05:56.252272 [crit] TID[1004] FILE[connection.cpp]LINE[547] we have started a callback thread in connection[03484EB8] 
17:05:56.252272 [crit] TID[1864] FILE[connection.cpp]LINE[840] we have started a recv thread in connection[03484EB8] 
17:05:56.257286 [crit] TID[12676] FILE[connection.cpp]LINE[250] we have connected  to [172.16.8.85] 
17:05:56.257286 [crit] TID[11644] FILE[connection.cpp]LINE[697] we have started a send thread int connection[034CD330] 
17:05:56.257786 [crit] TID[12676] FILE[connection.cpp]LINE[371] setHandler [gateway_srv_token_verify.req.queue] DeliveType[DeliverDirect] 
17:05:56.260293 [crit] TID[12676] FILE[connection.cpp]LINE[971] we have add receiver queue[04558A38] for name[gateway_srv_token_verify.req.queue] 
17:05:56.262299 [crit] TID[12676] FILE[connection.cpp]LINE[384] we have created Handler[gateway_srv_token_verify.req.queue] 
17:05:56.262800 [crit] TID[12028] FILE[connection.cpp]LINE[547] we have started a callback thread in connection[034CD330] 
17:05:56.262800 [crit] TID[10468] FILE[connection.cpp]LINE[840] we have started a recv thread in connection[034CD330] 
17:05:56.268316 [crit] TID[12676] FILE[connection.cpp]LINE[250] we have connected  to [172.16.8.85] 
17:05:56.268816 [crit] TID[11512] FILE[connection.cpp]LINE[697] we have started a send thread int connection[0455E180] 
17:05:56.268816 [crit] TID[12676] FILE[connection.cpp]LINE[371] setHandler [gateway_srv_token_verify.req.queue] DeliveType[DeliverDirect] 
17:05:56.271824 [crit] TID[12676] FILE[connection.cpp]LINE[971] we have add receiver queue[045A65E0] for name[gateway_srv_token_verify.req.queue] 
17:05:56.273328 [crit] TID[12676] FILE[connection.cpp]LINE[384] we have created Handler[gateway_srv_token_verify.req.queue] 
17:05:56.273830 [crit] TID[10536] FILE[connection.cpp]LINE[547] we have started a callback thread in connection[0455E180] 
17:05:56.273830 [crit] TID[8992] FILE[connection.cpp]LINE[840] we have started a recv thread in connection[0455E180] 
17:05:56.278844 [crit] TID[12676] FILE[connection.cpp]LINE[250] we have connected  to [172.16.8.85] 
17:05:56.279345 [crit] TID[216] FILE[connection.cpp]LINE[697] we have started a send thread int connection[045A6BC0] 
17:05:56.279345 [crit] TID[12676] FILE[connection.cpp]LINE[371] setHandler [gateway_srv_token_verify.req.queue] DeliveType[DeliverDirect] 
17:05:56.282354 [crit] TID[12676] FILE[connection.cpp]LINE[971] we have add receiver queue[045F1028] for name[gateway_srv_token_verify.req.queue] 
17:05:56.283856 [crit] TID[12676] FILE[connection.cpp]LINE[384] we have created Handler[gateway_srv_token_verify.req.queue] 
17:05:56.284357 [crit] TID[12540] FILE[connection.cpp]LINE[547] we have started a callback thread in connection[045A6BC0] 
17:05:56.284357 [crit] TID[12412] FILE[connection.cpp]LINE[840] we have started a recv thread in connection[045A6BC0] 
17:05:56.289372 [crit] TID[12676] FILE[connection.cpp]LINE[250] we have connected  to [172.16.8.85] 
17:05:56.289872 [crit] TID[12676] FILE[connection.cpp]LINE[371] setHandler [gateway_srv_token_verify.req.queue] DeliveType[DeliverDirect] 
17:05:56.289872 [crit] TID[12020] FILE[connection.cpp]LINE[697] we have started a send thread int connection[045F3F18] 
17:05:56.292380 [crit] TID[12676] FILE[connection.cpp]LINE[971] we have add receiver queue[0463BF38] for name[gateway_srv_token_verify.req.queue] 
17:05:56.293883 [crit] TID[12676] FILE[connection.cpp]LINE[384] we have created Handler[gateway_srv_token_verify.req.queue] 
17:05:56.294384 [crit] TID[10100] FILE[connection.cpp]LINE[547] we have started a callback thread in connection[045F3F18] 
17:05:56.294384 [crit] TID[2140] FILE[connection.cpp]LINE[840] we have started a recv thread in connection[045F3F18] 
17:05:56.299398 [crit] TID[12676] FILE[connection.cpp]LINE[250] we have connected  to [172.16.8.85] 
17:05:56.299898 [crit] TID[12456] FILE[connection.cpp]LINE[697] we have started a send thread int connection[046418F0] 
17:05:56.299898 [crit] TID[12676] FILE[connection.cpp]LINE[371] setHandler [gateway_srv_token_verify.req.queue] DeliveType[DeliverDirect] 
17:05:56.302405 [crit] TID[12676] FILE[connection.cpp]LINE[971] we have add receiver queue[04686D10] for name[gateway_srv_token_verify.req.queue] 
17:05:56.303909 [crit] TID[12676] FILE[connection.cpp]LINE[384] we have created Handler[gateway_srv_token_verify.req.queue] 
17:05:56.304411 [crit] TID[8924] FILE[connection.cpp]LINE[547] we have started a callback thread in connection[046418F0] 
17:05:56.304411 [crit] TID[7972] FILE[connection.cpp]LINE[840] we have started a recv thread in connection[046418F0] 
17:05:56.318949 [crit] TID[12676] FILE[connection.cpp]LINE[250] we have connected  to [172.16.8.85] 
17:05:56.319451 [crit] TID[11352] FILE[connection.cpp]LINE[697] we have started a send thread int connection[0468CB58] 
17:05:56.319451 [crit] TID[12676] FILE[connection.cpp]LINE[371] setHandler [login_srv_token_sync.queue] DeliveType[DeliverFanout] 
17:05:56.325968 [crit] TID[12676] FILE[connection.cpp]LINE[971] we have add receiver queue[046D31D8] for name[7f9c08eb-01a0-4644-8722-661da5244e94#.login_srv_token_sync.queue] 
17:05:56.325968 [crit] TID[12676] FILE[connection.cpp]LINE[979] we will build  a senderfor fanout , to confirm exchange[login_srv_token_sync.queue]  is exist 
17:05:56.330982 [crit] TID[12676] FILE[connection.cpp]LINE[1021] we have create sender queue[login_srv_token_sync.queue] type[DeliverFanout] , Success[TRUE] 
17:05:56.330982 [crit] TID[12676] FILE[connection.cpp]LINE[985] we have confirm exchange[login_srv_token_sync.queue] exist 
17:05:56.332987 [crit] TID[12676] FILE[connection.cpp]LINE[384] we have created Handler[login_srv_token_sync.queue] 
17:05:56.333489 [crit] TID[11620] FILE[connection.cpp]LINE[547] we have started a callback thread in connection[0468CB58] 
17:05:56.333489 [crit] TID[10972] FILE[connection.cpp]LINE[840] we have started a recv thread in connection[0468CB58] 
17:05:57.154723 [crit] TID[10632] FILE[connection.cpp]LINE[1021] we have create sender queue[SYS.HEARTBEAT] type[DeliverFanout] , Success[TRUE] 
17:05:57.221358 [crit] TID[10920] FILE[connection.cpp]LINE[1021] we have create sender queue[SYS.HEARTBEAT] type[DeliverFanout] , Success[TRUE] 
17:05:57.234893 [crit] TID[8348] FILE[connection.cpp]LINE[1021] we have create sender queue[SYS.HEARTBEAT] type[DeliverFanout] , Success[TRUE] 
17:05:57.243909 [crit] TID[3396] FILE[connection.cpp]LINE[1021] we have create sender queue[SYS.HEARTBEAT] type[DeliverFanout] , Success[TRUE] 
17:05:57.253937 [crit] TID[13204] FILE[connection.cpp]LINE[1021] we have create sender queue[SYS.HEARTBEAT] type[DeliverFanout] , Success[TRUE] 
17:05:57.265969 [crit] TID[11644] FILE[connection.cpp]LINE[1021] we have create sender queue[SYS.HEARTBEAT] type[DeliverFanout] , Success[TRUE] 
17:05:57.275000 [crit] TID[11512] FILE[connection.cpp]LINE[1021] we have create sender queue[SYS.HEARTBEAT] type[DeliverFanout] , Success[TRUE] 
17:05:57.284518 [crit] TID[216] FILE[connection.cpp]LINE[1021] we have create sender queue[SYS.HEARTBEAT] type[DeliverFanout] , Success[TRUE] 
17:05:57.297552 [crit] TID[12020] FILE[connection.cpp]LINE[1021] we have create sender queue[SYS.HEARTBEAT] type[DeliverFanout] , Success[TRUE] 
17:05:57.306075 [crit] TID[12456] FILE[connection.cpp]LINE[1021] we have create sender queue[SYS.HEARTBEAT] type[DeliverFanout] , Success[TRUE] 
17:05:57.327632 [crit] TID[11352] FILE[connection.cpp]LINE[1021] we have create sender queue[SYS.HEARTBEAT] type[DeliverFanout] , Success[TRUE] 
