13:40:52.868253 [crit] TID[4304] FILE[connection.cpp]LINE[250] we have connected  to [172.16.8.85] 
13:40:52.869258 [crit] TID[4304] FILE[connection.cpp]LINE[371] setHandler [cnabs_calc_srv.req.queue] DeliveType[DeliverDirect] 
13:40:52.869759 [crit] TID[4864] FILE[connection.cpp]LINE[697] we have started a send thread int connection[008B5BA0] 
13:40:52.874269 [crit] TID[4304] FILE[connection.cpp]LINE[971] we have add receiver queue[00906988] for name[cnabs_calc_srv.req.queue] 
13:40:52.877778 [crit] TID[4304] FILE[connection.cpp]LINE[384] we have created Handler[cnabs_calc_srv.req.queue] 
13:40:52.878781 [crit] TID[4104] FILE[connection.cpp]LINE[547] we have started a callback thread in connection[008B5BA0] 
13:40:52.879284 [crit] TID[336] FILE[connection.cpp]LINE[840] we have started a recv thread in connection[008B5BA0] 
13:40:52.885802 [crit] TID[4304] FILE[connection.cpp]LINE[250] we have connected  to [172.16.8.85] 
13:40:52.886301 [crit] TID[4304] FILE[connection.cpp]LINE[371] setHandler [cnabs_calc_srv.req.queue] DeliveType[DeliverDirect] 
13:40:52.886301 [crit] TID[5564] FILE[connection.cpp]LINE[697] we have started a send thread int connection[00909548] 
13:40:52.891314 [crit] TID[4304] FILE[connection.cpp]LINE[971] we have add receiver queue[00933030] for name[cnabs_calc_srv.req.queue] 
13:40:52.892843 [crit] TID[4304] FILE[connection.cpp]LINE[384] we have created Handler[cnabs_calc_srv.req.queue] 
13:40:52.893821 [crit] TID[4248] FILE[connection.cpp]LINE[547] we have started a callback thread in connection[00909548] 
13:40:52.893821 [crit] TID[6976] FILE[connection.cpp]LINE[840] we have started a recv thread in connection[00909548] 
13:40:52.898334 [crit] TID[4304] FILE[connection.cpp]LINE[250] we have connected  to [172.16.8.85] 
13:40:52.898837 [crit] TID[4304] FILE[connection.cpp]LINE[371] setHandler [cnabs_calc_srv.req.queue] DeliveType[DeliverDirect] 
13:40:52.898837 [crit] TID[3352] FILE[connection.cpp]LINE[697] we have started a send thread int connection[00932C78] 
13:40:52.901844 [crit] TID[4304] FILE[connection.cpp]LINE[971] we have add receiver queue[03304398] for name[cnabs_calc_srv.req.queue] 
13:40:52.903348 [crit] TID[4304] FILE[connection.cpp]LINE[384] we have created Handler[cnabs_calc_srv.req.queue] 
13:40:52.903848 [crit] TID[6244] FILE[connection.cpp]LINE[547] we have started a callback thread in connection[00932C78] 
13:40:52.903848 [crit] TID[9644] FILE[connection.cpp]LINE[840] we have started a recv thread in connection[00932C78] 
13:40:52.959997 [crit] TID[4304] FILE[connection.cpp]LINE[250] we have connected  to [172.16.8.85] 
13:40:52.961000 [crit] TID[5724] FILE[connection.cpp]LINE[697] we have started a send thread int connection[033065D0] 
13:40:52.961000 [crit] TID[4304] FILE[connection.cpp]LINE[371] setHandler [cnabs_calc_srv.req.queue] DeliveType[DeliverDirect] 
13:40:52.966013 [crit] TID[4304] FILE[connection.cpp]LINE[971] we have add receiver queue[0334CC30] for name[cnabs_calc_srv.req.queue] 
13:40:52.967517 [crit] TID[4304] FILE[connection.cpp]LINE[384] we have created Handler[cnabs_calc_srv.req.queue] 
13:40:52.968018 [crit] TID[9788] FILE[connection.cpp]LINE[547] we have started a callback thread in connection[033065D0] 
13:40:52.968519 [crit] TID[9036] FILE[connection.cpp]LINE[840] we have started a recv thread in connection[033065D0] 
13:40:53.024168 [crit] TID[4304] FILE[connection.cpp]LINE[250] we have connected  to [172.16.8.85] 
13:40:53.024672 [crit] TID[4304] FILE[connection.cpp]LINE[371] setHandler [cnabs_calc_srv.req.queue] DeliveType[DeliverDirect] 
13:40:53.024672 [crit] TID[7788] FILE[connection.cpp]LINE[697] we have started a send thread int connection[03351F30] 
13:40:53.028682 [crit] TID[4304] FILE[connection.cpp]LINE[971] we have add receiver queue[03398BF8] for name[cnabs_calc_srv.req.queue] 
13:40:53.030186 [crit] TID[4304] FILE[connection.cpp]LINE[384] we have created Handler[cnabs_calc_srv.req.queue] 
13:40:53.030687 [crit] TID[8124] FILE[connection.cpp]LINE[547] we have started a callback thread in connection[03351F30] 
13:40:53.030687 [crit] TID[5180] FILE[connection.cpp]LINE[840] we have started a recv thread in connection[03351F30] 
13:40:53.085833 [crit] TID[4304] FILE[connection.cpp]LINE[250] we have connected  to [172.16.8.85] 
13:40:53.086339 [crit] TID[4304] FILE[connection.cpp]LINE[371] setHandler [cnabs_calc_srv.req.queue] DeliveType[DeliverDirect] 
13:40:53.086339 [crit] TID[8780] FILE[connection.cpp]LINE[697] we have started a send thread int connection[0339B1E8] 
13:40:53.090343 [crit] TID[4304] FILE[connection.cpp]LINE[971] we have add receiver queue[046A74B8] for name[cnabs_calc_srv.req.queue] 
13:40:53.091885 [crit] TID[4304] FILE[connection.cpp]LINE[384] we have created Handler[cnabs_calc_srv.req.queue] 
13:40:53.092853 [crit] TID[8696] FILE[connection.cpp]LINE[547] we have started a callback thread in connection[0339B1E8] 
13:40:53.092853 [crit] TID[6300] FILE[connection.cpp]LINE[840] we have started a recv thread in connection[0339B1E8] 
13:40:53.098366 [crit] TID[4304] FILE[connection.cpp]LINE[250] we have connected  to [172.16.8.85] 
13:40:53.098869 [crit] TID[4304] FILE[connection.cpp]LINE[371] setHandler [cnabs_calc_srv.req.queue] DeliveType[DeliverDirect] 
13:40:53.098869 [crit] TID[5304] FILE[connection.cpp]LINE[697] we have started a send thread int connection[046AB880] 
13:40:53.102877 [crit] TID[4304] FILE[connection.cpp]LINE[971] we have add receiver queue[046F2460] for name[cnabs_calc_srv.req.queue] 
13:40:53.104382 [crit] TID[4304] FILE[connection.cpp]LINE[384] we have created Handler[cnabs_calc_srv.req.queue] 
13:40:53.104882 [crit] TID[7084] FILE[connection.cpp]LINE[547] we have started a callback thread in connection[046AB880] 
13:40:53.104882 [crit] TID[8400] FILE[connection.cpp]LINE[840] we have started a recv thread in connection[046AB880] 
13:40:53.110398 [crit] TID[4304] FILE[connection.cpp]LINE[250] we have connected  to [172.16.8.85] 
13:40:53.110900 [crit] TID[4304] FILE[connection.cpp]LINE[371] setHandler [cnabs_calc_srv.req.queue] DeliveType[DeliverDirect] 
13:40:53.110900 [crit] TID[6288] FILE[connection.cpp]LINE[697] we have started a send thread int connection[046F4590] 
13:40:53.113907 [crit] TID[4304] FILE[connection.cpp]LINE[971] we have add receiver queue[0473E640] for name[cnabs_calc_srv.req.queue] 
13:40:53.114910 [crit] TID[4304] FILE[connection.cpp]LINE[384] we have created Handler[cnabs_calc_srv.req.queue] 
13:40:53.115410 [crit] TID[7060] FILE[connection.cpp]LINE[840] we have started a recv thread in connection[046F4590] 
13:40:53.115914 [crit] TID[4780] FILE[connection.cpp]LINE[547] we have started a callback thread in connection[046F4590] 
13:40:53.171061 [crit] TID[4304] FILE[connection.cpp]LINE[250] we have connected  to [172.16.8.85] 
13:40:53.171562 [crit] TID[4304] FILE[connection.cpp]LINE[371] setHandler [cnabs_calc_srv.req.queue] DeliveType[DeliverDirect] 
13:40:53.171562 [crit] TID[5136] FILE[connection.cpp]LINE[697] we have started a send thread int connection[04742D98] 
13:40:53.175573 [crit] TID[4304] FILE[connection.cpp]LINE[971] we have add receiver queue[0478A680] for name[cnabs_calc_srv.req.queue] 
13:40:53.177075 [crit] TID[4304] FILE[connection.cpp]LINE[384] we have created Handler[cnabs_calc_srv.req.queue] 
13:40:53.177578 [crit] TID[3096] FILE[connection.cpp]LINE[547] we have started a callback thread in connection[04742D98] 
13:40:53.177578 [crit] TID[6256] FILE[connection.cpp]LINE[840] we have started a recv thread in connection[04742D98] 
13:40:53.234229 [crit] TID[4304] FILE[connection.cpp]LINE[250] we have connected  to [172.16.8.85] 
13:40:53.234729 [crit] TID[4304] FILE[connection.cpp]LINE[371] setHandler [cnabs_calc_srv.req.queue] DeliveType[DeliverDirect] 
13:40:53.234729 [crit] TID[6344] FILE[connection.cpp]LINE[697] we have started a send thread int connection[0478DBE0] 
13:40:53.238738 [crit] TID[4304] FILE[connection.cpp]LINE[971] we have add receiver queue[047D40B0] for name[cnabs_calc_srv.req.queue] 
13:40:53.240244 [crit] TID[4304] FILE[connection.cpp]LINE[384] we have created Handler[cnabs_calc_srv.req.queue] 
13:40:53.241245 [crit] TID[4976] FILE[connection.cpp]LINE[840] we have started a recv thread in connection[0478DBE0] 
13:40:53.241245 [crit] TID[428] FILE[connection.cpp]LINE[547] we have started a callback thread in connection[0478DBE0] 
13:40:53.257289 [crit] TID[4304] FILE[connection.cpp]LINE[250] we have connected  to [172.16.8.85] 
13:40:53.257789 [crit] TID[4304] FILE[connection.cpp]LINE[371] setHandler [login_srv_token_sync.queue] DeliveType[DeliverFanout] 
13:40:53.257789 [crit] TID[9516] FILE[connection.cpp]LINE[697] we have started a send thread int connection[047D68E8] 
13:40:53.264809 [crit] TID[4304] FILE[connection.cpp]LINE[971] we have add receiver queue[0481ED68] for name[7b65a07b-b827-4221-8c91-8b0435976b11#.login_srv_token_sync.queue] 
13:40:53.265309 [crit] TID[4304] FILE[connection.cpp]LINE[979] we will build  a senderfor fanout , to confirm exchange[login_srv_token_sync.queue]  is exist 
13:40:53.270322 [crit] TID[4304] FILE[connection.cpp]LINE[1021] we have create sender queue[login_srv_token_sync.queue] type[DeliverFanout] , Success[TRUE] 
13:40:53.270322 [crit] TID[4304] FILE[connection.cpp]LINE[985] we have confirm exchange[login_srv_token_sync.queue] exist 
13:40:53.271826 [crit] TID[4304] FILE[connection.cpp]LINE[384] we have created Handler[login_srv_token_sync.queue] 
13:40:53.272328 [crit] TID[8920] FILE[connection.cpp]LINE[547] we have started a callback thread in connection[047D68E8] 
13:40:53.272328 [crit] TID[324] FILE[connection.cpp]LINE[840] we have started a recv thread in connection[047D68E8] 
13:40:53.881450 [crit] TID[4864] FILE[connection.cpp]LINE[1021] we have create sender queue[SYS.HEARTBEAT] type[DeliverFanout] , Success[TRUE] 
13:40:53.896497 [crit] TID[5564] FILE[connection.cpp]LINE[1021] we have create sender queue[SYS.HEARTBEAT] type[DeliverFanout] , Success[TRUE] 
13:40:53.905023 [crit] TID[3352] FILE[connection.cpp]LINE[1021] we have create sender queue[SYS.HEARTBEAT] type[DeliverFanout] , Success[TRUE] 
13:40:53.968222 [crit] TID[5724] FILE[connection.cpp]LINE[1021] we have create sender queue[SYS.HEARTBEAT] type[DeliverFanout] , Success[TRUE] 
13:40:54.037366 [crit] TID[7788] FILE[connection.cpp]LINE[1021] we have create sender queue[SYS.HEARTBEAT] type[DeliverFanout] , Success[TRUE] 
13:40:54.096523 [crit] TID[8780] FILE[connection.cpp]LINE[1021] we have create sender queue[SYS.HEARTBEAT] type[DeliverFanout] , Success[TRUE] 
13:40:54.111070 [crit] TID[5304] FILE[connection.cpp]LINE[1021] we have create sender queue[SYS.HEARTBEAT] type[DeliverFanout] , Success[TRUE] 
13:40:54.120587 [crit] TID[6288] FILE[connection.cpp]LINE[1021] we have create sender queue[SYS.HEARTBEAT] type[DeliverFanout] , Success[TRUE] 
13:40:54.182251 [crit] TID[5136] FILE[connection.cpp]LINE[1021] we have create sender queue[SYS.HEARTBEAT] type[DeliverFanout] , Success[TRUE] 
13:40:54.248426 [crit] TID[6344] FILE[connection.cpp]LINE[1021] we have create sender queue[SYS.HEARTBEAT] type[DeliverFanout] , Success[TRUE] 
13:40:54.265471 [crit] TID[9516] FILE[connection.cpp]LINE[1021] we have create sender queue[SYS.HEARTBEAT] type[DeliverFanout] , Success[TRUE] 
13:41:35.296344 [crit] TID[4408] FILE[connection.cpp]LINE[250] we have connected  to [172.16.8.85] 
13:41:35.296845 [crit] TID[4408] FILE[connection.cpp]LINE[371] setHandler [cnabs_calc_srv.req.queue] DeliveType[DeliverDirect] 
13:41:35.296845 [crit] TID[4168] FILE[connection.cpp]LINE[697] we have started a send thread int connection[005D5B58] 
13:41:35.301359 [crit] TID[4408] FILE[connection.cpp]LINE[971] we have add receiver queue[006269D0] for name[cnabs_calc_srv.req.queue] 
13:41:35.302861 [crit] TID[4408] FILE[connection.cpp]LINE[384] we have created Handler[cnabs_calc_srv.req.queue] 
13:41:35.303363 [crit] TID[8788] FILE[connection.cpp]LINE[547] we have started a callback thread in connection[005D5B58] 
13:41:35.303363 [crit] TID[7088] FILE[connection.cpp]LINE[840] we have started a recv thread in connection[005D5B58] 
13:41:35.318905 [crit] TID[4408] FILE[connection.cpp]LINE[250] we have connected  to [172.16.8.85] 
13:41:35.319405 [crit] TID[9948] FILE[connection.cpp]LINE[697] we have started a send thread int connection[0062CF30] 
13:41:35.319405 [crit] TID[4408] FILE[connection.cpp]LINE[371] setHandler [login_srv_token_sync.queue] DeliveType[DeliverFanout] 
13:41:35.326426 [crit] TID[4408] FILE[connection.cpp]LINE[971] we have add receiver queue[006533D0] for name[b2011ff5-09ab-4190-8063-386b2a4599b5#.login_srv_token_sync.queue] 
13:41:35.326426 [crit] TID[4408] FILE[connection.cpp]LINE[979] we will build  a senderfor fanout , to confirm exchange[login_srv_token_sync.queue]  is exist 
13:41:35.331438 [crit] TID[4408] FILE[connection.cpp]LINE[1021] we have create sender queue[login_srv_token_sync.queue] type[DeliverFanout] , Success[TRUE] 
13:41:35.331438 [crit] TID[4408] FILE[connection.cpp]LINE[985] we have confirm exchange[login_srv_token_sync.queue] exist 
13:41:35.333443 [crit] TID[4408] FILE[connection.cpp]LINE[384] we have created Handler[login_srv_token_sync.queue] 
13:41:35.333944 [crit] TID[9716] FILE[connection.cpp]LINE[547] we have started a callback thread in connection[0062CF30] 
13:41:35.333944 [crit] TID[6832] FILE[connection.cpp]LINE[840] we have started a recv thread in connection[0062CF30] 
13:41:36.307508 [crit] TID[4168] FILE[connection.cpp]LINE[1021] we have create sender queue[SYS.HEARTBEAT] type[DeliverFanout] , Success[TRUE] 
13:41:36.326381 [crit] TID[9948] FILE[connection.cpp]LINE[1021] we have create sender queue[SYS.HEARTBEAT] type[DeliverFanout] , Success[TRUE] 
13:42:02.119580 [crit] TID[5944] FILE[connection.cpp]LINE[250] we have connected  to [172.16.8.85] 
13:42:02.120083 [crit] TID[5944] FILE[connection.cpp]LINE[371] setHandler [cnabs_calc_srv.req.queue] DeliveType[DeliverDirect] 
13:42:02.120083 [crit] TID[8488] FILE[connection.cpp]LINE[697] we have started a send thread int connection[00785BA8] 
13:42:02.125093 [crit] TID[5944] FILE[connection.cpp]LINE[971] we have add receiver queue[007D6B30] for name[cnabs_calc_srv.req.queue] 
13:42:02.126598 [crit] TID[5944] FILE[connection.cpp]LINE[384] we have created Handler[cnabs_calc_srv.req.queue] 
13:42:02.127601 [crit] TID[6620] FILE[connection.cpp]LINE[547] we have started a callback thread in connection[00785BA8] 
13:42:02.127601 [crit] TID[9440] FILE[connection.cpp]LINE[840] we have started a recv thread in connection[00785BA8] 
13:42:02.132634 [crit] TID[5944] FILE[connection.cpp]LINE[250] we have connected  to [172.16.8.85] 
13:42:02.133115 [crit] TID[5944] FILE[connection.cpp]LINE[371] setHandler [cnabs_calc_srv.req.queue] DeliveType[DeliverDirect] 
13:42:02.133115 [crit] TID[3404] FILE[connection.cpp]LINE[697] we have started a send thread int connection[007D6E98] 
13:42:02.138629 [crit] TID[5944] FILE[connection.cpp]LINE[971] we have add receiver queue[00803E98] for name[cnabs_calc_srv.req.queue] 
13:42:02.140133 [crit] TID[5944] FILE[connection.cpp]LINE[384] we have created Handler[cnabs_calc_srv.req.queue] 
13:42:02.140635 [crit] TID[7332] FILE[connection.cpp]LINE[840] we have started a recv thread in connection[007D6E98] 
13:42:02.140635 [crit] TID[1908] FILE[connection.cpp]LINE[547] we have started a callback thread in connection[007D6E98] 
13:42:02.146652 [crit] TID[5944] FILE[connection.cpp]LINE[250] we have connected  to [172.16.8.85] 
13:42:02.147152 [crit] TID[5944] FILE[connection.cpp]LINE[371] setHandler [cnabs_calc_srv.req.queue] DeliveType[DeliverDirect] 
13:42:02.147152 [crit] TID[5244] FILE[connection.cpp]LINE[697] we have started a send thread int connection[03041788] 
13:42:02.149660 [crit] TID[5944] FILE[connection.cpp]LINE[971] we have add receiver queue[03084480] for name[cnabs_calc_srv.req.queue] 
13:42:02.151165 [crit] TID[5944] FILE[connection.cpp]LINE[384] we have created Handler[cnabs_calc_srv.req.queue] 
13:42:02.151664 [crit] TID[5648] FILE[connection.cpp]LINE[547] we have started a callback thread in connection[03041788] 
13:42:02.151664 [crit] TID[8704] FILE[connection.cpp]LINE[840] we have started a recv thread in connection[03041788] 
13:42:02.157681 [crit] TID[5944] FILE[connection.cpp]LINE[250] we have connected  to [172.16.8.85] 
13:42:02.158183 [crit] TID[5944] FILE[connection.cpp]LINE[371] setHandler [cnabs_calc_srv.req.queue] DeliveType[DeliverDirect] 
13:42:02.158183 [crit] TID[4284] FILE[connection.cpp]LINE[697] we have started a send thread int connection[03086AF0] 
13:42:02.161189 [crit] TID[5944] FILE[connection.cpp]LINE[971] we have add receiver queue[030CC848] for name[cnabs_calc_srv.req.queue] 
13:42:02.162695 [crit] TID[5944] FILE[connection.cpp]LINE[384] we have created Handler[cnabs_calc_srv.req.queue] 
13:42:02.163195 [crit] TID[1076] FILE[connection.cpp]LINE[547] we have started a callback thread in connection[03086AF0] 
13:42:02.163195 [crit] TID[3656] FILE[connection.cpp]LINE[840] we have started a recv thread in connection[03086AF0] 
13:42:02.219344 [crit] TID[5944] FILE[connection.cpp]LINE[250] we have connected  to [172.16.8.85] 
13:42:02.219848 [crit] TID[5944] FILE[connection.cpp]LINE[371] setHandler [cnabs_calc_srv.req.queue] DeliveType[DeliverDirect] 
13:42:02.219848 [crit] TID[1304] FILE[connection.cpp]LINE[697] we have started a send thread int connection[030D20D0] 
13:42:02.223857 [crit] TID[5944] FILE[connection.cpp]LINE[971] we have add receiver queue[03118AB0] for name[cnabs_calc_srv.req.queue] 
13:42:02.225361 [crit] TID[5944] FILE[connection.cpp]LINE[384] we have created Handler[cnabs_calc_srv.req.queue] 
13:42:02.225863 [crit] TID[10116] FILE[connection.cpp]LINE[547] we have started a callback thread in connection[030D20D0] 
13:42:02.225863 [crit] TID[6308] FILE[connection.cpp]LINE[840] we have started a recv thread in connection[030D20D0] 
13:42:02.230876 [crit] TID[5944] FILE[connection.cpp]LINE[250] we have connected  to [172.16.8.85] 
13:42:02.231377 [crit] TID[5944] FILE[connection.cpp]LINE[371] setHandler [cnabs_calc_srv.req.queue] DeliveType[DeliverDirect] 
13:42:02.231377 [crit] TID[7104] FILE[connection.cpp]LINE[697] we have started a send thread int connection[0311B0F8] 
13:42:02.233383 [crit] TID[5944] FILE[connection.cpp]LINE[971] we have add receiver queue[04425EC0] for name[cnabs_calc_srv.req.queue] 
13:42:02.234887 [crit] TID[5944] FILE[connection.cpp]LINE[384] we have created Handler[cnabs_calc_srv.req.queue] 
13:42:02.235389 [crit] TID[6972] FILE[connection.cpp]LINE[547] we have started a callback thread in connection[0311B0F8] 
13:42:02.235889 [crit] TID[396] FILE[connection.cpp]LINE[840] we have started a recv thread in connection[0311B0F8] 
13:42:02.240901 [crit] TID[5944] FILE[connection.cpp]LINE[250] we have connected  to [172.16.8.85] 
13:42:02.241404 [crit] TID[5944] FILE[connection.cpp]LINE[371] setHandler [cnabs_calc_srv.req.queue] DeliveType[DeliverDirect] 
13:42:02.241404 [crit] TID[7672] FILE[connection.cpp]LINE[697] we have started a send thread int connection[0442A230] 
13:42:02.245415 [crit] TID[5944] FILE[connection.cpp]LINE[971] we have add receiver queue[04472458] for name[cnabs_calc_srv.req.queue] 
13:42:02.246919 [crit] TID[5944] FILE[connection.cpp]LINE[384] we have created Handler[cnabs_calc_srv.req.queue] 
13:42:02.247420 [crit] TID[9148] FILE[connection.cpp]LINE[547] we have started a callback thread in connection[0442A230] 
13:42:02.247420 [crit] TID[7068] FILE[connection.cpp]LINE[840] we have started a recv thread in connection[0442A230] 
13:42:02.252434 [crit] TID[5944] FILE[connection.cpp]LINE[250] we have connected  to [172.16.8.85] 
13:42:02.252935 [crit] TID[5944] FILE[connection.cpp]LINE[371] setHandler [cnabs_calc_srv.req.queue] DeliveType[DeliverDirect] 
13:42:02.252935 [crit] TID[9744] FILE[connection.cpp]LINE[697] we have started a send thread int connection[04474F68] 
13:42:02.255943 [crit] TID[5944] FILE[connection.cpp]LINE[971] we have add receiver queue[044BE638] for name[cnabs_calc_srv.req.queue] 
13:42:02.257447 [crit] TID[5944] FILE[connection.cpp]LINE[384] we have created Handler[cnabs_calc_srv.req.queue] 
13:42:02.257949 [crit] TID[2372] FILE[connection.cpp]LINE[547] we have started a callback thread in connection[04474F68] 
13:42:02.257949 [crit] TID[9196] FILE[connection.cpp]LINE[840] we have started a recv thread in connection[04474F68] 
13:42:02.313597 [crit] TID[5944] FILE[connection.cpp]LINE[250] we have connected  to [172.16.8.85] 
13:42:02.314098 [crit] TID[5944] FILE[connection.cpp]LINE[371] setHandler [cnabs_calc_srv.req.queue] DeliveType[DeliverDirect] 
13:42:02.314098 [crit] TID[8584] FILE[connection.cpp]LINE[697] we have started a send thread int connection[044C4030] 
13:42:02.318107 [crit] TID[5944] FILE[connection.cpp]LINE[971] we have add receiver queue[045092F0] for name[cnabs_calc_srv.req.queue] 
13:42:02.319613 [crit] TID[5944] FILE[connection.cpp]LINE[384] we have created Handler[cnabs_calc_srv.req.queue] 
13:42:02.320112 [crit] TID[9044] FILE[connection.cpp]LINE[547] we have started a callback thread in connection[044C4030] 
13:42:02.320112 [crit] TID[4256] FILE[connection.cpp]LINE[840] we have started a recv thread in connection[044C4030] 
13:42:02.325127 [crit] TID[5944] FILE[connection.cpp]LINE[250] we have connected  to [172.16.8.85] 
13:42:02.325671 [crit] TID[5944] FILE[connection.cpp]LINE[371] setHandler [cnabs_calc_srv.req.queue] DeliveType[DeliverDirect] 
13:42:02.325671 [crit] TID[3176] FILE[connection.cpp]LINE[697] we have started a send thread int connection[0450BDC8] 
13:42:02.329137 [crit] TID[5944] FILE[connection.cpp]LINE[971] we have add receiver queue[04554040] for name[cnabs_calc_srv.req.queue] 
13:42:02.330675 [crit] TID[5944] FILE[connection.cpp]LINE[384] we have created Handler[cnabs_calc_srv.req.queue] 
13:42:02.331644 [crit] TID[1456] FILE[connection.cpp]LINE[547] we have started a callback thread in connection[0450BDC8] 
13:42:02.331644 [crit] TID[5616] FILE[connection.cpp]LINE[840] we have started a recv thread in connection[0450BDC8] 
13:42:02.347186 [crit] TID[5944] FILE[connection.cpp]LINE[250] we have connected  to [172.16.8.85] 
13:42:02.347687 [crit] TID[5944] FILE[connection.cpp]LINE[371] setHandler [login_srv_token_sync.queue] DeliveType[DeliverFanout] 
13:42:02.347687 [crit] TID[2184] FILE[connection.cpp]LINE[697] we have started a send thread int connection[045564C8] 
13:42:02.354706 [crit] TID[5944] FILE[connection.cpp]LINE[971] we have add receiver queue[0459ED70] for name[6993673d-e240-447b-8cf8-f3d86c7d456e#.login_srv_token_sync.queue] 
13:42:02.354706 [crit] TID[5944] FILE[connection.cpp]LINE[979] we will build  a senderfor fanout , to confirm exchange[login_srv_token_sync.queue]  is exist 
13:42:02.359719 [crit] TID[5944] FILE[connection.cpp]LINE[1021] we have create sender queue[login_srv_token_sync.queue] type[DeliverFanout] , Success[TRUE] 
13:42:02.359719 [crit] TID[5944] FILE[connection.cpp]LINE[985] we have confirm exchange[login_srv_token_sync.queue] exist 
13:42:02.361724 [crit] TID[5944] FILE[connection.cpp]LINE[384] we have created Handler[login_srv_token_sync.queue] 
13:42:02.362259 [crit] TID[6768] FILE[connection.cpp]LINE[547] we have started a callback thread in connection[045564C8] 
13:42:02.362259 [crit] TID[3280] FILE[connection.cpp]LINE[840] we have started a recv thread in connection[045564C8] 
13:42:03.126886 [crit] TID[8488] FILE[connection.cpp]LINE[1021] we have create sender queue[SYS.HEARTBEAT] type[DeliverFanout] , Success[TRUE] 
13:42:03.139875 [crit] TID[3404] FILE[connection.cpp]LINE[1021] we have create sender queue[SYS.HEARTBEAT] type[DeliverFanout] , Success[TRUE] 
13:42:03.152910 [crit] TID[5244] FILE[connection.cpp]LINE[1021] we have create sender queue[SYS.HEARTBEAT] type[DeliverFanout] , Success[TRUE] 
13:42:03.163939 [crit] TID[4284] FILE[connection.cpp]LINE[1021] we have create sender queue[SYS.HEARTBEAT] type[DeliverFanout] , Success[TRUE] 
13:42:03.226105 [crit] TID[1304] FILE[connection.cpp]LINE[1021] we have create sender queue[SYS.HEARTBEAT] type[DeliverFanout] , Success[TRUE] 
13:42:03.238137 [crit] TID[7104] FILE[connection.cpp]LINE[1021] we have create sender queue[SYS.HEARTBEAT] type[DeliverFanout] , Success[TRUE] 
13:42:03.247488 [crit] TID[7672] FILE[connection.cpp]LINE[1021] we have create sender queue[SYS.HEARTBEAT] type[DeliverFanout] , Success[TRUE] 
13:42:03.260651 [crit] TID[9744] FILE[connection.cpp]LINE[1021] we have create sender queue[SYS.HEARTBEAT] type[DeliverFanout] , Success[TRUE] 
13:42:03.320412 [crit] TID[8584] FILE[connection.cpp]LINE[1021] we have create sender queue[SYS.HEARTBEAT] type[DeliverFanout] , Success[TRUE] 
13:42:03.330939 [crit] TID[3176] FILE[connection.cpp]LINE[1021] we have create sender queue[SYS.HEARTBEAT] type[DeliverFanout] , Success[TRUE] 
13:42:03.353500 [crit] TID[2184] FILE[connection.cpp]LINE[1021] we have create sender queue[SYS.HEARTBEAT] type[DeliverFanout] , Success[TRUE] 
13:42:29.262553 [crit] TID[6944] FILE[connection.cpp]LINE[250] we have connected  to [172.16.8.85] 
13:42:29.263056 [crit] TID[4896] FILE[connection.cpp]LINE[697] we have started a send thread int connection[01335B50] 
13:42:29.263056 [crit] TID[6944] FILE[connection.cpp]LINE[371] setHandler [cnabs_calc_srv.req.queue] DeliveType[DeliverDirect] 
13:42:29.269075 [crit] TID[6944] FILE[connection.cpp]LINE[971] we have add receiver queue[01386C50] for name[cnabs_calc_srv.req.queue] 
13:42:29.270577 [crit] TID[6944] FILE[connection.cpp]LINE[384] we have created Handler[cnabs_calc_srv.req.queue] 
13:42:29.271079 [crit] TID[9548] FILE[connection.cpp]LINE[547] we have started a callback thread in connection[01335B50] 
13:42:29.271079 [crit] TID[5636] FILE[connection.cpp]LINE[840] we have started a recv thread in connection[01335B50] 
13:42:29.326724 [crit] TID[6944] FILE[connection.cpp]LINE[250] we have connected  to [172.16.8.85] 
13:42:29.327225 [crit] TID[6944] FILE[connection.cpp]LINE[371] setHandler [cnabs_calc_srv.req.queue] DeliveType[DeliverDirect] 
13:42:29.327726 [crit] TID[7308] FILE[connection.cpp]LINE[697] we have started a send thread int connection[0138B748] 
13:42:29.331737 [crit] TID[6944] FILE[connection.cpp]LINE[971] we have add receiver queue[013B3E08] for name[cnabs_calc_srv.req.queue] 
13:42:29.333241 [crit] TID[6944] FILE[connection.cpp]LINE[384] we have created Handler[cnabs_calc_srv.req.queue] 
13:42:29.334245 [crit] TID[5432] FILE[connection.cpp]LINE[547] we have started a callback thread in connection[0138B748] 
13:42:29.334245 [crit] TID[8080] FILE[connection.cpp]LINE[840] we have started a recv thread in connection[0138B748] 
13:42:29.390393 [crit] TID[6944] FILE[connection.cpp]LINE[250] we have connected  to [172.16.8.85] 
13:42:29.390894 [crit] TID[6944] FILE[connection.cpp]LINE[371] setHandler [cnabs_calc_srv.req.queue] DeliveType[DeliverDirect] 
13:42:29.390894 [crit] TID[4792] FILE[connection.cpp]LINE[697] we have started a send thread int connection[013B48B8] 
13:42:29.394404 [crit] TID[6944] FILE[connection.cpp]LINE[971] we have add receiver queue[03B745A8] for name[cnabs_calc_srv.req.queue] 
13:42:29.395908 [crit] TID[6944] FILE[connection.cpp]LINE[384] we have created Handler[cnabs_calc_srv.req.queue] 
13:42:29.396409 [crit] TID[9436] FILE[connection.cpp]LINE[547] we have started a callback thread in connection[013B48B8] 
13:42:29.396409 [crit] TID[7144] FILE[connection.cpp]LINE[840] we have started a recv thread in connection[013B48B8] 
13:42:29.451556 [crit] TID[6944] FILE[connection.cpp]LINE[250] we have connected  to [172.16.8.85] 
13:42:29.452561 [crit] TID[6944] FILE[connection.cpp]LINE[371] setHandler [cnabs_calc_srv.req.queue] DeliveType[DeliverDirect] 
13:42:29.452561 [crit] TID[3760] FILE[connection.cpp]LINE[697] we have started a send thread int connection[013BC708] 
13:42:29.456570 [crit] TID[6944] FILE[connection.cpp]LINE[971] we have add receiver queue[03BBC9A0] for name[cnabs_calc_srv.req.queue] 
13:42:29.458074 [crit] TID[6944] FILE[connection.cpp]LINE[384] we have created Handler[cnabs_calc_srv.req.queue] 
13:42:29.458577 [crit] TID[4224] FILE[connection.cpp]LINE[547] we have started a callback thread in connection[013BC708] 
13:42:29.458577 [crit] TID[1348] FILE[connection.cpp]LINE[840] we have started a recv thread in connection[013BC708] 
13:42:29.514337 [crit] TID[6944] FILE[connection.cpp]LINE[250] we have connected  to [172.16.8.85] 
13:42:29.515285 [crit] TID[6944] FILE[connection.cpp]LINE[371] setHandler [cnabs_calc_srv.req.queue] DeliveType[DeliverDirect] 
13:42:29.515285 [crit] TID[10108] FILE[connection.cpp]LINE[697] we have started a send thread int connection[03BBE950] 
13:42:29.518292 [crit] TID[6944] FILE[connection.cpp]LINE[971] we have add receiver queue[03C0A0A0] for name[cnabs_calc_srv.req.queue] 
13:42:29.520510 [crit] TID[6944] FILE[connection.cpp]LINE[384] we have created Handler[cnabs_calc_srv.req.queue] 
13:42:29.521011 [crit] TID[2460] FILE[connection.cpp]LINE[547] we have started a callback thread in connection[03BBE950] 
13:42:29.521011 [crit] TID[7960] FILE[connection.cpp]LINE[840] we have started a recv thread in connection[03BBE950] 
13:42:29.577158 [crit] TID[6944] FILE[connection.cpp]LINE[250] we have connected  to [172.16.8.85] 
13:42:29.577662 [crit] TID[6944] FILE[connection.cpp]LINE[371] setHandler [cnabs_calc_srv.req.queue] DeliveType[DeliverDirect] 
13:42:29.577662 [crit] TID[6720] FILE[connection.cpp]LINE[697] we have started a send thread int connection[03C0EE30] 
13:42:29.581672 [crit] TID[6944] FILE[connection.cpp]LINE[971] we have add receiver queue[04F177D0] for name[cnabs_calc_srv.req.queue] 
13:42:29.583678 [crit] TID[6944] FILE[connection.cpp]LINE[384] we have created Handler[cnabs_calc_srv.req.queue] 
13:42:29.584179 [crit] TID[5668] FILE[connection.cpp]LINE[547] we have started a callback thread in connection[03C0EE30] 
13:42:29.584179 [crit] TID[9288] FILE[connection.cpp]LINE[840] we have started a recv thread in connection[03C0EE30] 
13:42:29.640829 [crit] TID[6944] FILE[connection.cpp]LINE[250] we have connected  to [172.16.8.85] 
13:42:29.641342 [crit] TID[2868] FILE[connection.cpp]LINE[697] we have started a send thread int connection[04F17E20] 
13:42:29.641342 [crit] TID[6944] FILE[connection.cpp]LINE[371] setHandler [cnabs_calc_srv.req.queue] DeliveType[DeliverDirect] 
13:42:29.645341 [crit] TID[6944] FILE[connection.cpp]LINE[971] we have add receiver queue[04F626A8] for name[cnabs_calc_srv.req.queue] 
13:42:29.646377 [crit] TID[6944] FILE[connection.cpp]LINE[384] we have created Handler[cnabs_calc_srv.req.queue] 
13:42:29.646843 [crit] TID[9300] FILE[connection.cpp]LINE[547] we have started a callback thread in connection[04F17E20] 
13:42:29.647345 [crit] TID[6536] FILE[connection.cpp]LINE[840] we have started a recv thread in connection[04F17E20] 
13:42:29.652393 [crit] TID[6944] FILE[connection.cpp]LINE[250] we have connected  to [172.16.8.85] 
13:42:29.653090 [crit] TID[6944] FILE[connection.cpp]LINE[371] setHandler [cnabs_calc_srv.req.queue] DeliveType[DeliverDirect] 
13:42:29.653361 [crit] TID[8304] FILE[connection.cpp]LINE[697] we have started a send thread int connection[04F64628] 
13:42:29.656369 [crit] TID[6944] FILE[connection.cpp]LINE[971] we have add receiver queue[04FB02F0] for name[cnabs_calc_srv.req.queue] 
13:42:29.657873 [crit] TID[6944] FILE[connection.cpp]LINE[384] we have created Handler[cnabs_calc_srv.req.queue] 
13:42:29.658374 [crit] TID[9844] FILE[connection.cpp]LINE[547] we have started a callback thread in connection[04F64628] 
13:42:29.658374 [crit] TID[6808] FILE[connection.cpp]LINE[840] we have started a recv thread in connection[04F64628] 
13:42:29.663387 [crit] TID[6944] FILE[connection.cpp]LINE[250] we have connected  to [172.16.8.85] 
13:42:29.663889 [crit] TID[6944] FILE[connection.cpp]LINE[371] setHandler [cnabs_calc_srv.req.queue] DeliveType[DeliverDirect] 
13:42:29.663889 [crit] TID[9608] FILE[connection.cpp]LINE[697] we have started a send thread int connection[04FB0E38] 
13:42:29.666897 [crit] TID[6944] FILE[connection.cpp]LINE[971] we have add receiver queue[04FF9408] for name[cnabs_calc_srv.req.queue] 
13:42:29.667900 [crit] TID[6944] FILE[connection.cpp]LINE[384] we have created Handler[cnabs_calc_srv.req.queue] 
13:42:29.668401 [crit] TID[4596] FILE[connection.cpp]LINE[547] we have started a callback thread in connection[04FB0E38] 
13:42:29.668903 [crit] TID[7464] FILE[connection.cpp]LINE[840] we have started a recv thread in connection[04FB0E38] 
13:42:29.673918 [crit] TID[6944] FILE[connection.cpp]LINE[250] we have connected  to [172.16.8.85] 
13:42:29.673918 [crit] TID[6944] FILE[connection.cpp]LINE[371] setHandler [cnabs_calc_srv.req.queue] DeliveType[DeliverDirect] 
13:42:29.673918 [crit] TID[3876] FILE[connection.cpp]LINE[697] we have started a send thread int connection[04FFB540] 
13:42:29.677931 [crit] TID[6944] FILE[connection.cpp]LINE[971] we have add receiver queue[050440E8] for name[cnabs_calc_srv.req.queue] 
13:42:29.678969 [crit] TID[6944] FILE[connection.cpp]LINE[384] we have created Handler[cnabs_calc_srv.req.queue] 
13:42:29.679937 [crit] TID[3820] FILE[connection.cpp]LINE[547] we have started a callback thread in connection[04FFB540] 
13:42:29.679937 [crit] TID[9928] FILE[connection.cpp]LINE[840] we have started a recv thread in connection[04FFB540] 
13:42:29.750121 [crit] TID[6944] FILE[connection.cpp]LINE[250] we have connected  to [172.16.8.85] 
13:42:29.751127 [crit] TID[6944] FILE[connection.cpp]LINE[371] setHandler [login_srv_token_sync.queue] DeliveType[DeliverFanout] 
13:42:29.751127 [crit] TID[8200] FILE[connection.cpp]LINE[697] we have started a send thread int connection[05046A40] 
13:42:29.759147 [crit] TID[6944] FILE[connection.cpp]LINE[971] we have add receiver queue[0508EDB0] for name[2125a24f-77f5-461b-b9f4-f1b4a92e6668#.login_srv_token_sync.queue] 
13:42:29.759147 [crit] TID[6944] FILE[connection.cpp]LINE[979] we will build  a senderfor fanout , to confirm exchange[login_srv_token_sync.queue]  is exist 
13:42:29.764161 [crit] TID[6944] FILE[connection.cpp]LINE[1021] we have create sender queue[login_srv_token_sync.queue] type[DeliverFanout] , Success[TRUE] 
13:42:29.764161 [crit] TID[6944] FILE[connection.cpp]LINE[985] we have confirm exchange[login_srv_token_sync.queue] exist 
13:42:29.765162 [crit] TID[6944] FILE[connection.cpp]LINE[384] we have created Handler[login_srv_token_sync.queue] 
13:42:29.766165 [crit] TID[4960] FILE[connection.cpp]LINE[547] we have started a callback thread in connection[05046A40] 
13:42:29.766165 [crit] TID[4336] FILE[connection.cpp]LINE[840] we have started a recv thread in connection[05046A40] 
13:42:30.276168 [crit] TID[4896] FILE[connection.cpp]LINE[1021] we have create sender queue[SYS.HEARTBEAT] type[DeliverFanout] , Success[TRUE] 
13:42:30.339309 [crit] TID[7308] FILE[connection.cpp]LINE[1021] we have create sender queue[SYS.HEARTBEAT] type[DeliverFanout] , Success[TRUE] 
13:42:30.403982 [crit] TID[4792] FILE[connection.cpp]LINE[1021] we have create sender queue[SYS.HEARTBEAT] type[DeliverFanout] , Success[TRUE] 
13:42:30.465145 [crit] TID[3760] FILE[connection.cpp]LINE[1021] we have create sender queue[SYS.HEARTBEAT] type[DeliverFanout] , Success[TRUE] 
13:42:30.526807 [crit] TID[10108] FILE[connection.cpp]LINE[1021] we have create sender queue[SYS.HEARTBEAT] type[DeliverFanout] , Success[TRUE] 
13:42:30.590014 [crit] TID[6720] FILE[connection.cpp]LINE[1021] we have create sender queue[SYS.HEARTBEAT] type[DeliverFanout] , Success[TRUE] 
13:42:30.653145 [crit] TID[2868] FILE[connection.cpp]LINE[1021] we have create sender queue[SYS.HEARTBEAT] type[DeliverFanout] , Success[TRUE] 
13:42:30.663195 [crit] TID[8304] FILE[connection.cpp]LINE[1021] we have create sender queue[SYS.HEARTBEAT] type[DeliverFanout] , Success[TRUE] 
13:42:30.672228 [crit] TID[9608] FILE[connection.cpp]LINE[1021] we have create sender queue[SYS.HEARTBEAT] type[DeliverFanout] , Success[TRUE] 
13:42:30.685230 [crit] TID[3876] FILE[connection.cpp]LINE[1021] we have create sender queue[SYS.HEARTBEAT] type[DeliverFanout] , Success[TRUE] 
13:42:30.762438 [crit] TID[8200] FILE[connection.cpp]LINE[1021] we have create sender queue[SYS.HEARTBEAT] type[DeliverFanout] , Success[TRUE] 
13:42:39.303862 [crit] TID[7604] FILE[connection.cpp]LINE[250] we have connected  to [172.16.8.85] 
13:42:39.304365 [crit] TID[7604] FILE[connection.cpp]LINE[371] setHandler [cnabs_calc_srv.req.queue] DeliveType[DeliverDirect] 
13:42:39.304365 [crit] TID[9540] FILE[connection.cpp]LINE[697] we have started a send thread int connection[00F25A60] 
13:42:39.308876 [crit] TID[7604] FILE[connection.cpp]LINE[971] we have add receiver queue[00F76938] for name[cnabs_calc_srv.req.queue] 
13:42:39.310380 [crit] TID[7604] FILE[connection.cpp]LINE[384] we have created Handler[cnabs_calc_srv.req.queue] 
13:42:39.311383 [crit] TID[7668] FILE[connection.cpp]LINE[547] we have started a callback thread in connection[00F25A60] 
13:42:39.311383 [crit] TID[8468] FILE[connection.cpp]LINE[840] we have started a recv thread in connection[00F25A60] 
13:42:39.367532 [crit] TID[7604] FILE[connection.cpp]LINE[250] we have connected  to [172.16.8.85] 
13:42:39.368035 [crit] TID[7604] FILE[connection.cpp]LINE[371] setHandler [cnabs_calc_srv.req.queue] DeliveType[DeliverDirect] 
13:42:39.368035 [crit] TID[5088] FILE[connection.cpp]LINE[697] we have started a send thread int connection[00F7CE20] 
13:42:39.372044 [crit] TID[7604] FILE[connection.cpp]LINE[971] we have add receiver queue[00FA2F88] for name[cnabs_calc_srv.req.queue] 
13:42:39.373046 [crit] TID[7604] FILE[connection.cpp]LINE[384] we have created Handler[cnabs_calc_srv.req.queue] 
13:42:39.373547 [crit] TID[2760] FILE[connection.cpp]LINE[547] we have started a callback thread in connection[00F7CE20] 
13:42:39.373547 [crit] TID[5948] FILE[connection.cpp]LINE[840] we have started a recv thread in connection[00F7CE20] 
13:42:39.378561 [crit] TID[7604] FILE[connection.cpp]LINE[250] we have connected  to [172.16.8.85] 
13:42:39.378561 [crit] TID[7604] FILE[connection.cpp]LINE[371] setHandler [cnabs_calc_srv.req.queue] DeliveType[DeliverDirect] 
13:42:39.378561 [crit] TID[6724] FILE[connection.cpp]LINE[697] we have started a send thread int connection[00FA58D8] 
13:42:39.381569 [crit] TID[7604] FILE[connection.cpp]LINE[971] we have add receiver queue[03694368] for name[cnabs_calc_srv.req.queue] 
13:42:39.382573 [crit] TID[7604] FILE[connection.cpp]LINE[384] we have created Handler[cnabs_calc_srv.req.queue] 
13:42:39.384078 [crit] TID[4664] FILE[connection.cpp]LINE[547] we have started a callback thread in connection[00FA58D8] 
13:42:39.384078 [crit] TID[9160] FILE[connection.cpp]LINE[840] we have started a recv thread in connection[00FA58D8] 
13:42:39.390093 [crit] TID[7604] FILE[connection.cpp]LINE[250] we have connected  to [172.16.8.85] 
13:42:39.390593 [crit] TID[7604] FILE[connection.cpp]LINE[371] setHandler [cnabs_calc_srv.req.queue] DeliveType[DeliverDirect] 
13:42:39.390593 [crit] TID[3312] FILE[connection.cpp]LINE[697] we have started a send thread int connection[00FAAFF8] 
13:42:39.393102 [crit] TID[7604] FILE[connection.cpp]LINE[971] we have add receiver queue[036DC7D0] for name[cnabs_calc_srv.req.queue] 
13:42:39.394605 [crit] TID[7604] FILE[connection.cpp]LINE[384] we have created Handler[cnabs_calc_srv.req.queue] 
13:42:39.395106 [crit] TID[7184] FILE[connection.cpp]LINE[547] we have started a callback thread in connection[00FAAFF8] 
13:42:39.395106 [crit] TID[6548] FILE[connection.cpp]LINE[840] we have started a recv thread in connection[00FAAFF8] 
13:42:39.450755 [crit] TID[7604] FILE[connection.cpp]LINE[250] we have connected  to [172.16.8.85] 
13:42:39.451256 [crit] TID[7604] FILE[connection.cpp]LINE[371] setHandler [cnabs_calc_srv.req.queue] DeliveType[DeliverDirect] 
13:42:39.451256 [crit] TID[3688] FILE[connection.cpp]LINE[697] we have started a send thread int connection[036E2128] 
13:42:39.454764 [crit] TID[7604] FILE[connection.cpp]LINE[971] we have add receiver queue[03728CA8] for name[cnabs_calc_srv.req.queue] 
13:42:39.456269 [crit] TID[7604] FILE[connection.cpp]LINE[384] we have created Handler[cnabs_calc_srv.req.queue] 
13:42:39.456770 [crit] TID[4428] FILE[connection.cpp]LINE[547] we have started a callback thread in connection[036E2128] 
13:42:39.456770 [crit] TID[5504] FILE[connection.cpp]LINE[840] we have started a recv thread in connection[036E2128] 
13:42:39.512419 [crit] TID[7604] FILE[connection.cpp]LINE[250] we have connected  to [172.16.8.85] 
13:42:39.512920 [crit] TID[7604] FILE[connection.cpp]LINE[371] setHandler [cnabs_calc_srv.req.queue] DeliveType[DeliverDirect] 
13:42:39.512920 [crit] TID[3868] FILE[connection.cpp]LINE[697] we have started a send thread int connection[0372D058] 
13:42:39.516931 [crit] TID[7604] FILE[connection.cpp]LINE[971] we have add receiver queue[04A36038] for name[cnabs_calc_srv.req.queue] 
13:42:39.518435 [crit] TID[7604] FILE[connection.cpp]LINE[384] we have created Handler[cnabs_calc_srv.req.queue] 
13:42:39.519437 [crit] TID[7632] FILE[connection.cpp]LINE[840] we have started a recv thread in connection[0372D058] 
13:42:39.519437 [crit] TID[4900] FILE[connection.cpp]LINE[547] we have started a callback thread in connection[0372D058] 
13:42:39.575084 [crit] TID[7604] FILE[connection.cpp]LINE[250] we have connected  to [172.16.8.85] 
13:42:39.575588 [crit] TID[7604] FILE[connection.cpp]LINE[371] setHandler [cnabs_calc_srv.req.queue] DeliveType[DeliverDirect] 
13:42:39.575588 [crit] TID[7884] FILE[connection.cpp]LINE[697] we have started a send thread int connection[04A3A698] 
13:42:39.579096 [crit] TID[7604] FILE[connection.cpp]LINE[971] we have add receiver queue[04A823B8] for name[cnabs_calc_srv.req.queue] 
13:42:39.580602 [crit] TID[7604] FILE[connection.cpp]LINE[384] we have created Handler[cnabs_calc_srv.req.queue] 
13:42:39.581101 [crit] TID[2420] FILE[connection.cpp]LINE[547] we have started a callback thread in connection[04A3A698] 
13:42:39.581101 [crit] TID[9008] FILE[connection.cpp]LINE[840] we have started a recv thread in connection[04A3A698] 
13:42:39.636247 [crit] TID[7604] FILE[connection.cpp]LINE[250] we have connected  to [172.16.8.85] 
13:42:39.636750 [crit] TID[7604] FILE[connection.cpp]LINE[371] setHandler [cnabs_calc_srv.req.queue] DeliveType[DeliverDirect] 
13:42:39.636750 [crit] TID[8196] FILE[connection.cpp]LINE[697] we have started a send thread int connection[04A81E50] 
13:42:39.641763 [crit] TID[7604] FILE[connection.cpp]LINE[971] we have add receiver queue[04ACE4B8] for name[cnabs_calc_srv.req.queue] 
13:42:39.643266 [crit] TID[7604] FILE[connection.cpp]LINE[384] we have created Handler[cnabs_calc_srv.req.queue] 
13:42:39.644271 [crit] TID[4684] FILE[connection.cpp]LINE[547] we have started a callback thread in connection[04A81E50] 
13:42:39.644271 [crit] TID[6172] FILE[connection.cpp]LINE[840] we have started a recv thread in connection[04A81E50] 
13:42:39.702426 [crit] TID[7604] FILE[connection.cpp]LINE[250] we have connected  to [172.16.8.85] 
13:42:39.703928 [crit] TID[7604] FILE[connection.cpp]LINE[371] setHandler [cnabs_calc_srv.req.queue] DeliveType[DeliverDirect] 
13:42:39.703928 [crit] TID[9456] FILE[connection.cpp]LINE[697] we have started a send thread int connection[04ACE028] 
13:42:39.710447 [crit] TID[7604] FILE[connection.cpp]LINE[971] we have add receiver queue[04B19240] for name[cnabs_calc_srv.req.queue] 
13:42:39.712452 [crit] TID[7604] FILE[connection.cpp]LINE[384] we have created Handler[cnabs_calc_srv.req.queue] 
13:42:39.713455 [crit] TID[7492] FILE[connection.cpp]LINE[547] we have started a callback thread in connection[04ACE028] 
13:42:39.713455 [crit] TID[1560] FILE[connection.cpp]LINE[840] we have started a recv thread in connection[04ACE028] 
13:42:39.770106 [crit] TID[7604] FILE[connection.cpp]LINE[250] we have connected  to [172.16.8.85] 
13:42:39.771107 [crit] TID[7604] FILE[connection.cpp]LINE[371] setHandler [cnabs_calc_srv.req.queue] DeliveType[DeliverDirect] 
13:42:39.771107 [crit] TID[1556] FILE[connection.cpp]LINE[697] we have started a send thread int connection[04B1BBD8] 
13:42:39.778128 [crit] TID[7604] FILE[connection.cpp]LINE[971] we have add receiver queue[04B63DA0] for name[cnabs_calc_srv.req.queue] 
13:42:39.780132 [crit] TID[7604] FILE[connection.cpp]LINE[384] we have created Handler[cnabs_calc_srv.req.queue] 
13:42:39.781634 [crit] TID[7004] FILE[connection.cpp]LINE[547] we have started a callback thread in connection[04B1BBD8] 
13:42:39.781634 [crit] TID[3636] FILE[connection.cpp]LINE[840] we have started a recv thread in connection[04B1BBD8] 
13:42:39.855835 [crit] TID[7604] FILE[connection.cpp]LINE[250] we have connected  to [172.16.8.85] 
13:42:39.856333 [crit] TID[7604] FILE[connection.cpp]LINE[371] setHandler [login_srv_token_sync.queue] DeliveType[DeliverFanout] 
13:42:39.856836 [crit] TID[9504] FILE[connection.cpp]LINE[697] we have started a send thread int connection[04B66C00] 
13:42:39.871373 [crit] TID[7604] FILE[connection.cpp]LINE[971] we have add receiver queue[04BAEC08] for name[1d06cbf6-642a-4c19-9359-6d7bc248ece6#.login_srv_token_sync.queue] 
13:42:39.871373 [crit] TID[7604] FILE[connection.cpp]LINE[979] we will build  a senderfor fanout , to confirm exchange[login_srv_token_sync.queue]  is exist 
13:42:39.880398 [crit] TID[7604] FILE[connection.cpp]LINE[1021] we have create sender queue[login_srv_token_sync.queue] type[DeliverFanout] , Success[TRUE] 
13:42:39.880398 [crit] TID[7604] FILE[connection.cpp]LINE[985] we have confirm exchange[login_srv_token_sync.queue] exist 
13:42:39.882904 [crit] TID[7604] FILE[connection.cpp]LINE[384] we have created Handler[login_srv_token_sync.queue] 
13:42:39.884408 [crit] TID[9400] FILE[connection.cpp]LINE[547] we have started a callback thread in connection[04B66C00] 
13:42:39.884910 [crit] TID[6772] FILE[connection.cpp]LINE[840] we have started a recv thread in connection[04B66C00] 
13:42:40.317560 [crit] TID[9540] FILE[connection.cpp]LINE[1021] we have create sender queue[SYS.HEARTBEAT] type[DeliverFanout] , Success[TRUE] 
13:42:40.380729 [crit] TID[5088] FILE[connection.cpp]LINE[1021] we have create sender queue[SYS.HEARTBEAT] type[DeliverFanout] , Success[TRUE] 
13:42:40.390256 [crit] TID[6724] FILE[connection.cpp]LINE[1021] we have create sender queue[SYS.HEARTBEAT] type[DeliverFanout] , Success[TRUE] 
13:42:40.402287 [crit] TID[3312] FILE[connection.cpp]LINE[1021] we have create sender queue[SYS.HEARTBEAT] type[DeliverFanout] , Success[TRUE] 
13:42:40.462486 [crit] TID[3688] FILE[connection.cpp]LINE[1021] we have create sender queue[SYS.HEARTBEAT] type[DeliverFanout] , Success[TRUE] 
13:42:40.524698 [crit] TID[3868] FILE[connection.cpp]LINE[1021] we have create sender queue[SYS.HEARTBEAT] type[DeliverFanout] , Success[TRUE] 
13:42:40.585274 [crit] TID[7884] FILE[connection.cpp]LINE[1021] we have create sender queue[SYS.HEARTBEAT] type[DeliverFanout] , Success[TRUE] 
13:42:40.648444 [crit] TID[8196] FILE[connection.cpp]LINE[1021] we have create sender queue[SYS.HEARTBEAT] type[DeliverFanout] , Success[TRUE] 
13:42:40.710607 [crit] TID[9456] FILE[connection.cpp]LINE[1021] we have create sender queue[SYS.HEARTBEAT] type[DeliverFanout] , Success[TRUE] 
13:42:40.778789 [crit] TID[1556] FILE[connection.cpp]LINE[1021] we have create sender queue[SYS.HEARTBEAT] type[DeliverFanout] , Success[TRUE] 
13:42:40.863569 [crit] TID[9504] FILE[connection.cpp]LINE[1021] we have create sender queue[SYS.HEARTBEAT] type[DeliverFanout] , Success[TRUE] 
13:43:00.253587 [crit] TID[8756] FILE[connection.cpp]LINE[250] we have connected  to [172.16.8.85] 
13:43:00.254089 [crit] TID[8756] FILE[connection.cpp]LINE[371] setHandler [cnabs_calc_srv.req.queue] DeliveType[DeliverDirect] 
13:43:00.254089 [crit] TID[7580] FILE[connection.cpp]LINE[697] we have started a send thread int connection[00A15A60] 
13:43:00.257598 [crit] TID[8756] FILE[connection.cpp]LINE[971] we have add receiver queue[00A66910] for name[cnabs_calc_srv.req.queue] 
13:43:00.258609 [crit] TID[8756] FILE[connection.cpp]LINE[384] we have created Handler[cnabs_calc_srv.req.queue] 
13:43:00.259103 [crit] TID[5328] FILE[connection.cpp]LINE[840] we have started a recv thread in connection[00A15A60] 
13:43:00.259603 [crit] TID[3840] FILE[connection.cpp]LINE[547] we have started a callback thread in connection[00A15A60] 
13:43:00.264616 [crit] TID[8756] FILE[connection.cpp]LINE[250] we have connected  to [172.16.8.85] 
13:43:00.265118 [crit] TID[8756] FILE[connection.cpp]LINE[371] setHandler [cnabs_calc_srv.req.queue] DeliveType[DeliverDirect] 
13:43:00.265118 [crit] TID[5872] FILE[connection.cpp]LINE[697] we have started a send thread int connection[00A688F8] 
13:43:00.268126 [crit] TID[8756] FILE[connection.cpp]LINE[971] we have add receiver queue[00A929C0] for name[cnabs_calc_srv.req.queue] 
13:43:00.269631 [crit] TID[8756] FILE[connection.cpp]LINE[384] we have created Handler[cnabs_calc_srv.req.queue] 
13:43:00.270132 [crit] TID[944] FILE[connection.cpp]LINE[547] we have started a callback thread in connection[00A688F8] 
13:43:00.270132 [crit] TID[5652] FILE[connection.cpp]LINE[840] we have started a recv thread in connection[00A688F8] 
13:43:00.274644 [crit] TID[8756] FILE[connection.cpp]LINE[250] we have connected  to [172.16.8.85] 
13:43:00.275145 [crit] TID[7712] FILE[connection.cpp]LINE[697] we have started a send thread int connection[034020F8] 
13:43:00.275145 [crit] TID[8756] FILE[connection.cpp]LINE[371] setHandler [cnabs_calc_srv.req.queue] DeliveType[DeliverDirect] 
13:43:00.278654 [crit] TID[8756] FILE[connection.cpp]LINE[971] we have add receiver queue[03444348] for name[cnabs_calc_srv.req.queue] 
13:43:00.280157 [crit] TID[8756] FILE[connection.cpp]LINE[384] we have created Handler[cnabs_calc_srv.req.queue] 
13:43:00.280660 [crit] TID[10012] FILE[connection.cpp]LINE[547] we have started a callback thread in connection[034020F8] 
13:43:00.280660 [crit] TID[4608] FILE[connection.cpp]LINE[840] we have started a recv thread in connection[034020F8] 
13:43:00.285672 [crit] TID[8756] FILE[connection.cpp]LINE[250] we have connected  to [172.16.8.85] 
13:43:00.286175 [crit] TID[7340] FILE[connection.cpp]LINE[697] we have started a send thread int connection[00A9CE38] 
13:43:00.286175 [crit] TID[8756] FILE[connection.cpp]LINE[371] setHandler [cnabs_calc_srv.req.queue] DeliveType[DeliverDirect] 
13:43:00.289182 [crit] TID[8756] FILE[connection.cpp]LINE[971] we have add receiver queue[0348C8F0] for name[cnabs_calc_srv.req.queue] 
13:43:00.290687 [crit] TID[8756] FILE[connection.cpp]LINE[384] we have created Handler[cnabs_calc_srv.req.queue] 
13:43:00.291187 [crit] TID[7920] FILE[connection.cpp]LINE[547] we have started a callback thread in connection[00A9CE38] 
13:43:00.291187 [crit] TID[6000] FILE[connection.cpp]LINE[840] we have started a recv thread in connection[00A9CE38] 
13:43:00.296702 [crit] TID[8756] FILE[connection.cpp]LINE[250] we have connected  to [172.16.8.85] 
13:43:00.297204 [crit] TID[8756] FILE[connection.cpp]LINE[371] setHandler [cnabs_calc_srv.req.queue] DeliveType[DeliverDirect] 
13:43:00.297204 [crit] TID[4464] FILE[connection.cpp]LINE[697] we have started a send thread int connection[03491D18] 
13:43:00.301214 [crit] TID[8756] FILE[connection.cpp]LINE[971] we have add receiver queue[034D88E8] for name[cnabs_calc_srv.req.queue] 
13:43:00.302718 [crit] TID[8756] FILE[connection.cpp]LINE[384] we have created Handler[cnabs_calc_srv.req.queue] 
13:43:00.303220 [crit] TID[6020] FILE[connection.cpp]LINE[547] we have started a callback thread in connection[03491D18] 
13:43:00.303220 [crit] TID[6080] FILE[connection.cpp]LINE[840] we have started a recv thread in connection[03491D18] 
13:43:00.309737 [crit] TID[8756] FILE[connection.cpp]LINE[250] we have connected  to [172.16.8.85] 
13:43:00.310238 [crit] TID[8756] FILE[connection.cpp]LINE[371] setHandler [cnabs_calc_srv.req.queue] DeliveType[DeliverDirect] 
13:43:00.310238 [crit] TID[5004] FILE[connection.cpp]LINE[697] we have started a send thread int connection[034DAA98] 
13:43:00.314253 [crit] TID[8756] FILE[connection.cpp]LINE[971] we have add receiver queue[047E5E58] for name[cnabs_calc_srv.req.queue] 
13:43:00.315753 [crit] TID[8756] FILE[connection.cpp]LINE[384] we have created Handler[cnabs_calc_srv.req.queue] 
13:43:00.316756 [crit] TID[5980] FILE[connection.cpp]LINE[547] we have started a callback thread in connection[034DAA98] 
13:43:00.316756 [crit] TID[708] FILE[connection.cpp]LINE[840] we have started a recv thread in connection[034DAA98] 
13:43:00.322271 [crit] TID[8756] FILE[connection.cpp]LINE[250] we have connected  to [172.16.8.85] 
13:43:00.322772 [crit] TID[8756] FILE[connection.cpp]LINE[371] setHandler [cnabs_calc_srv.req.queue] DeliveType[DeliverDirect] 
13:43:00.322772 [crit] TID[6420] FILE[connection.cpp]LINE[697] we have started a send thread int connection[047E7E78] 
13:43:00.327283 [crit] TID[8756] FILE[connection.cpp]LINE[971] we have add receiver queue[04832228] for name[cnabs_calc_srv.req.queue] 
13:43:00.328787 [crit] TID[8756] FILE[connection.cpp]LINE[384] we have created Handler[cnabs_calc_srv.req.queue] 
13:43:00.329288 [crit] TID[4088] FILE[connection.cpp]LINE[840] we have started a recv thread in connection[047E7E78] 
13:43:00.329288 [crit] TID[5644] FILE[connection.cpp]LINE[547] we have started a callback thread in connection[047E7E78] 
13:43:00.334804 [crit] TID[8756] FILE[connection.cpp]LINE[250] we have connected  to [172.16.8.85] 
13:43:00.335305 [crit] TID[8756] FILE[connection.cpp]LINE[371] setHandler [cnabs_calc_srv.req.queue] DeliveType[DeliverDirect] 
13:43:00.335305 [crit] TID[2804] FILE[connection.cpp]LINE[697] we have started a send thread int connection[04834300] 
13:43:00.338814 [crit] TID[8756] FILE[connection.cpp]LINE[971] we have add receiver queue[0487E540] for name[cnabs_calc_srv.req.queue] 
13:43:00.340319 [crit] TID[8756] FILE[connection.cpp]LINE[384] we have created Handler[cnabs_calc_srv.req.queue] 
13:43:00.340819 [crit] TID[2560] FILE[connection.cpp]LINE[547] we have started a callback thread in connection[04834300] 
13:43:00.340819 [crit] TID[9944] FILE[connection.cpp]LINE[840] we have started a recv thread in connection[04834300] 
13:43:00.395966 [crit] TID[8756] FILE[connection.cpp]LINE[250] we have connected  to [172.16.8.85] 
13:43:00.396972 [crit] TID[8756] FILE[connection.cpp]LINE[371] setHandler [cnabs_calc_srv.req.queue] DeliveType[DeliverDirect] 
13:43:00.396972 [crit] TID[6800] FILE[connection.cpp]LINE[697] we have started a send thread int connection[04883DB0] 
13:43:00.403486 [crit] TID[8756] FILE[connection.cpp]LINE[971] we have add receiver queue[048C9268] for name[cnabs_calc_srv.req.queue] 
13:43:00.405492 [crit] TID[8756] FILE[connection.cpp]LINE[384] we have created Handler[cnabs_calc_srv.req.queue] 
13:43:00.406498 [crit] TID[8396] FILE[connection.cpp]LINE[547] we have started a callback thread in connection[04883DB0] 
13:43:00.406996 [crit] TID[8184] FILE[connection.cpp]LINE[840] we have started a recv thread in connection[04883DB0] 
13:43:00.464652 [crit] TID[8756] FILE[connection.cpp]LINE[250] we have connected  to [172.16.8.85] 
13:43:00.465653 [crit] TID[8756] FILE[connection.cpp]LINE[371] setHandler [cnabs_calc_srv.req.queue] DeliveType[DeliverDirect] 
13:43:00.465653 [crit] TID[3324] FILE[connection.cpp]LINE[697] we have started a send thread int connection[048CF358] 
13:43:00.472168 [crit] TID[8756] FILE[connection.cpp]LINE[971] we have add receiver queue[04914078] for name[cnabs_calc_srv.req.queue] 
13:43:00.474176 [crit] TID[8756] FILE[connection.cpp]LINE[384] we have created Handler[cnabs_calc_srv.req.queue] 
13:43:00.475177 [crit] TID[9164] FILE[connection.cpp]LINE[547] we have started a callback thread in connection[048CF358] 
13:43:00.475177 [crit] TID[2596] FILE[connection.cpp]LINE[840] we have started a recv thread in connection[048CF358] 
13:43:00.549376 [crit] TID[8756] FILE[connection.cpp]LINE[250] we have connected  to [172.16.8.85] 
13:43:00.550379 [crit] TID[8756] FILE[connection.cpp]LINE[371] setHandler [login_srv_token_sync.queue] DeliveType[DeliverFanout] 
13:43:00.550379 [crit] TID[9116] FILE[connection.cpp]LINE[697] we have started a send thread int connection[049199E8] 
13:43:00.564916 [crit] TID[8756] FILE[connection.cpp]LINE[971] we have add receiver queue[0495EC58] for name[701bb789-cc67-45e7-9061-f83d935e0bb9#.login_srv_token_sync.queue] 
13:43:00.564916 [crit] TID[8756] FILE[connection.cpp]LINE[979] we will build  a senderfor fanout , to confirm exchange[login_srv_token_sync.queue]  is exist 
13:43:00.572438 [crit] TID[8756] FILE[connection.cpp]LINE[1021] we have create sender queue[login_srv_token_sync.queue] type[DeliverFanout] , Success[TRUE] 
13:43:00.572438 [crit] TID[8756] FILE[connection.cpp]LINE[985] we have confirm exchange[login_srv_token_sync.queue] exist 
13:43:00.574943 [crit] TID[8756] FILE[connection.cpp]LINE[384] we have created Handler[login_srv_token_sync.queue] 
13:43:00.575947 [crit] TID[5716] FILE[connection.cpp]LINE[547] we have started a callback thread in connection[049199E8] 
13:43:00.575947 [crit] TID[1756] FILE[connection.cpp]LINE[840] we have started a recv thread in connection[049199E8] 
13:43:01.262271 [crit] TID[7580] FILE[connection.cpp]LINE[1021] we have create sender queue[SYS.HEARTBEAT] type[DeliverFanout] , Success[TRUE] 
13:43:01.271295 [crit] TID[5872] FILE[connection.cpp]LINE[1021] we have create sender queue[SYS.HEARTBEAT] type[DeliverFanout] , Success[TRUE] 
13:43:01.281826 [crit] TID[7712] FILE[connection.cpp]LINE[1021] we have create sender queue[SYS.HEARTBEAT] type[DeliverFanout] , Success[TRUE] 
13:43:01.292901 [crit] TID[7340] FILE[connection.cpp]LINE[1021] we have create sender queue[SYS.HEARTBEAT] type[DeliverFanout] , Success[TRUE] 
13:43:01.304415 [crit] TID[4464] FILE[connection.cpp]LINE[1021] we have create sender queue[SYS.HEARTBEAT] type[DeliverFanout] , Success[TRUE] 
13:43:01.317477 [crit] TID[5004] FILE[connection.cpp]LINE[1021] we have create sender queue[SYS.HEARTBEAT] type[DeliverFanout] , Success[TRUE] 
13:43:01.329953 [crit] TID[6420] FILE[connection.cpp]LINE[1021] we have create sender queue[SYS.HEARTBEAT] type[DeliverFanout] , Success[TRUE] 
13:43:01.342485 [crit] TID[2804] FILE[connection.cpp]LINE[1021] we have create sender queue[SYS.HEARTBEAT] type[DeliverFanout] , Success[TRUE] 
13:43:01.404150 [crit] TID[6800] FILE[connection.cpp]LINE[1021] we have create sender queue[SYS.HEARTBEAT] type[DeliverFanout] , Success[TRUE] 
13:43:01.472885 [crit] TID[3324] FILE[connection.cpp]LINE[1021] we have create sender queue[SYS.HEARTBEAT] type[DeliverFanout] , Success[TRUE] 
13:43:01.557614 [crit] TID[9116] FILE[connection.cpp]LINE[1021] we have create sender queue[SYS.HEARTBEAT] type[DeliverFanout] , Success[TRUE] 
13:43:13.090256 [crit] TID[6688] FILE[connection.cpp]LINE[250] we have connected  to [172.16.8.85] 
13:43:13.090757 [crit] TID[6688] FILE[connection.cpp]LINE[371] setHandler [cnabs_calc_srv.req.queue] DeliveType[DeliverDirect] 
13:43:13.090757 [crit] TID[9760] FILE[connection.cpp]LINE[697] we have started a send thread int connection[00DB5950] 
13:43:13.096270 [crit] TID[6688] FILE[connection.cpp]LINE[971] we have add receiver queue[00E068A0] for name[cnabs_calc_srv.req.queue] 
13:43:13.099280 [crit] TID[6688] FILE[connection.cpp]LINE[384] we have created Handler[cnabs_calc_srv.req.queue] 
13:43:13.100282 [crit] TID[4296] FILE[connection.cpp]LINE[547] we have started a callback thread in connection[00DB5950] 
13:43:13.100282 [crit] TID[5124] FILE[connection.cpp]LINE[840] we have started a recv thread in connection[00DB5950] 
13:43:13.106799 [crit] TID[6688] FILE[connection.cpp]LINE[250] we have connected  to [172.16.8.85] 
13:43:13.107298 [crit] TID[6688] FILE[connection.cpp]LINE[371] setHandler [cnabs_calc_srv.req.queue] DeliveType[DeliverDirect] 
13:43:13.107298 [crit] TID[5276] FILE[connection.cpp]LINE[697] we have started a send thread int connection[00E0C640] 
13:43:13.110308 [crit] TID[6688] FILE[connection.cpp]LINE[971] we have add receiver queue[034701D8] for name[cnabs_calc_srv.req.queue] 
13:43:13.111812 [crit] TID[6688] FILE[connection.cpp]LINE[384] we have created Handler[cnabs_calc_srv.req.queue] 
13:43:13.112314 [crit] TID[9748] FILE[connection.cpp]LINE[547] we have started a callback thread in connection[00E0C640] 
13:43:13.112814 [crit] TID[5756] FILE[connection.cpp]LINE[840] we have started a recv thread in connection[00E0C640] 
13:43:13.119834 [crit] TID[6688] FILE[connection.cpp]LINE[250] we have connected  to [172.16.8.85] 
13:43:13.120836 [crit] TID[6688] FILE[connection.cpp]LINE[371] setHandler [cnabs_calc_srv.req.queue] DeliveType[DeliverDirect] 
13:43:13.120836 [crit] TID[3620] FILE[connection.cpp]LINE[697] we have started a send thread int connection[034721B8] 
13:43:13.126852 [crit] TID[6688] FILE[connection.cpp]LINE[971] we have add receiver queue[034B5D70] for name[cnabs_calc_srv.req.queue] 
13:43:13.128856 [crit] TID[6688] FILE[connection.cpp]LINE[384] we have created Handler[cnabs_calc_srv.req.queue] 
13:43:13.129360 [crit] TID[6404] FILE[connection.cpp]LINE[547] we have started a callback thread in connection[034721B8] 
13:43:13.129859 [crit] TID[412] FILE[connection.cpp]LINE[840] we have started a recv thread in connection[034721B8] 
13:43:13.138886 [crit] TID[6688] FILE[connection.cpp]LINE[250] we have connected  to [172.16.8.85] 
13:43:13.139384 [crit] TID[6688] FILE[connection.cpp]LINE[371] setHandler [cnabs_calc_srv.req.queue] DeliveType[DeliverDirect] 
13:43:13.139384 [crit] TID[9656] FILE[connection.cpp]LINE[697] we have started a send thread int connection[034B65B0] 
13:43:13.145901 [crit] TID[6688] FILE[connection.cpp]LINE[971] we have add receiver queue[034FC608] for name[cnabs_calc_srv.req.queue] 
13:43:13.148418 [crit] TID[6688] FILE[connection.cpp]LINE[384] we have created Handler[cnabs_calc_srv.req.queue] 
13:43:13.149413 [crit] TID[5792] FILE[connection.cpp]LINE[547] we have started a callback thread in connection[034B65B0] 
13:43:13.149413 [crit] TID[9476] FILE[connection.cpp]LINE[840] we have started a recv thread in connection[034B65B0] 
13:43:13.155929 [crit] TID[6688] FILE[connection.cpp]LINE[250] we have connected  to [172.16.8.85] 
13:43:13.156430 [crit] TID[6848] FILE[connection.cpp]LINE[697] we have started a send thread int connection[034FE770] 
13:43:13.156430 [crit] TID[6688] FILE[connection.cpp]LINE[371] setHandler [cnabs_calc_srv.req.queue] DeliveType[DeliverDirect] 
13:43:13.159940 [crit] TID[6688] FILE[connection.cpp]LINE[971] we have add receiver queue[03548B70] for name[cnabs_calc_srv.req.queue] 
13:43:13.161444 [crit] TID[6688] FILE[connection.cpp]LINE[384] we have created Handler[cnabs_calc_srv.req.queue] 
13:43:13.162445 [crit] TID[6152] FILE[connection.cpp]LINE[547] we have started a callback thread in connection[034FE770] 
13:43:13.162445 [crit] TID[4536] FILE[connection.cpp]LINE[840] we have started a recv thread in connection[034FE770] 
13:43:13.169965 [crit] TID[6688] FILE[connection.cpp]LINE[250] we have connected  to [172.16.8.85] 
13:43:13.170468 [crit] TID[7844] FILE[connection.cpp]LINE[697] we have started a send thread int connection[0354EC70] 
13:43:13.170468 [crit] TID[6688] FILE[connection.cpp]LINE[371] setHandler [cnabs_calc_srv.req.queue] DeliveType[DeliverDirect] 
13:43:13.173976 [crit] TID[6688] FILE[connection.cpp]LINE[971] we have add receiver queue[04856008] for name[cnabs_calc_srv.req.queue] 
13:43:13.175480 [crit] TID[6688] FILE[connection.cpp]LINE[384] we have created Handler[cnabs_calc_srv.req.queue] 
13:43:13.175981 [crit] TID[840] FILE[connection.cpp]LINE[547] we have started a callback thread in connection[0354EC70] 
13:43:13.175981 [crit] TID[3560] FILE[connection.cpp]LINE[840] we have started a recv thread in connection[0354EC70] 
13:43:13.182498 [crit] TID[6688] FILE[connection.cpp]LINE[250] we have connected  to [172.16.8.85] 
13:43:13.183001 [crit] TID[7160] FILE[connection.cpp]LINE[697] we have started a send thread int connection[04858E80] 
13:43:13.183001 [crit] TID[6688] FILE[connection.cpp]LINE[371] setHandler [cnabs_calc_srv.req.queue] DeliveType[DeliverDirect] 
13:43:13.186009 [crit] TID[6688] FILE[connection.cpp]LINE[971] we have add receiver queue[048A24A0] for name[cnabs_calc_srv.req.queue] 
13:43:13.187513 [crit] TID[6688] FILE[connection.cpp]LINE[384] we have created Handler[cnabs_calc_srv.req.queue] 
13:43:13.188015 [crit] TID[4220] FILE[connection.cpp]LINE[547] we have started a callback thread in connection[04858E80] 
13:43:13.188015 [crit] TID[8972] FILE[connection.cpp]LINE[840] we have started a recv thread in connection[04858E80] 
13:43:13.194029 [crit] TID[6688] FILE[connection.cpp]LINE[250] we have connected  to [172.16.8.85] 
13:43:13.194532 [crit] TID[5892] FILE[connection.cpp]LINE[697] we have started a send thread int connection[048A4B40] 
13:43:13.194532 [crit] TID[6688] FILE[connection.cpp]LINE[371] setHandler [cnabs_calc_srv.req.queue] DeliveType[DeliverDirect] 
13:43:13.197538 [crit] TID[6688] FILE[connection.cpp]LINE[971] we have add receiver queue[048EE8D0] for name[cnabs_calc_srv.req.queue] 
13:43:13.199544 [crit] TID[6688] FILE[connection.cpp]LINE[384] we have created Handler[cnabs_calc_srv.req.queue] 
13:43:13.200045 [crit] TID[9080] FILE[connection.cpp]LINE[547] we have started a callback thread in connection[048A4B40] 
13:43:13.200045 [crit] TID[1484] FILE[connection.cpp]LINE[840] we have started a recv thread in connection[048A4B40] 
13:43:13.205060 [crit] TID[6688] FILE[connection.cpp]LINE[250] we have connected  to [172.16.8.85] 
13:43:13.205561 [crit] TID[9660] FILE[connection.cpp]LINE[697] we have started a send thread int connection[048F3F00] 
13:43:13.205561 [crit] TID[6688] FILE[connection.cpp]LINE[371] setHandler [cnabs_calc_srv.req.queue] DeliveType[DeliverDirect] 
13:43:13.209070 [crit] TID[6688] FILE[connection.cpp]LINE[971] we have add receiver queue[049396E0] for name[cnabs_calc_srv.req.queue] 
13:43:13.210573 [crit] TID[6688] FILE[connection.cpp]LINE[384] we have created Handler[cnabs_calc_srv.req.queue] 
13:43:13.211075 [crit] TID[2608] FILE[connection.cpp]LINE[547] we have started a callback thread in connection[048F3F00] 
13:43:13.211075 [crit] TID[2220] FILE[connection.cpp]LINE[840] we have started a recv thread in connection[048F3F00] 
13:43:13.216592 [crit] TID[6688] FILE[connection.cpp]LINE[250] we have connected  to [172.16.8.85] 
13:43:13.217092 [crit] TID[6688] FILE[connection.cpp]LINE[371] setHandler [cnabs_calc_srv.req.queue] DeliveType[DeliverDirect] 
13:43:13.217092 [crit] TID[9776] FILE[connection.cpp]LINE[697] we have started a send thread int connection[0493C288] 
13:43:13.220100 [crit] TID[6688] FILE[connection.cpp]LINE[971] we have add receiver queue[049843E8] for name[cnabs_calc_srv.req.queue] 
13:43:13.221604 [crit] TID[6688] FILE[connection.cpp]LINE[384] we have created Handler[cnabs_calc_srv.req.queue] 
13:43:13.222105 [crit] TID[104] FILE[connection.cpp]LINE[547] we have started a callback thread in connection[0493C288] 
13:43:13.222105 [crit] TID[4732] FILE[connection.cpp]LINE[840] we have started a recv thread in connection[0493C288] 
13:43:13.239150 [crit] TID[6688] FILE[connection.cpp]LINE[250] we have connected  to [172.16.8.85] 
13:43:13.239650 [crit] TID[6688] FILE[connection.cpp]LINE[371] setHandler [login_srv_token_sync.queue] DeliveType[DeliverFanout] 
13:43:13.239650 [crit] TID[10132] FILE[connection.cpp]LINE[697] we have started a send thread int connection[04986368] 
13:43:13.248675 [crit] TID[6688] FILE[connection.cpp]LINE[971] we have add receiver queue[049CF0A8] for name[dca9b5eb-d0d3-4481-a8a3-b75835b3e593#.login_srv_token_sync.queue] 
13:43:13.248675 [crit] TID[6688] FILE[connection.cpp]LINE[979] we will build  a senderfor fanout , to confirm exchange[login_srv_token_sync.queue]  is exist 
13:43:13.254691 [crit] TID[6688] FILE[connection.cpp]LINE[1021] we have create sender queue[login_srv_token_sync.queue] type[DeliverFanout] , Success[TRUE] 
13:43:13.254691 [crit] TID[6688] FILE[connection.cpp]LINE[985] we have confirm exchange[login_srv_token_sync.queue] exist 
13:43:13.256697 [crit] TID[6688] FILE[connection.cpp]LINE[384] we have created Handler[login_srv_token_sync.queue] 
13:43:13.257199 [crit] TID[3384] FILE[connection.cpp]LINE[547] we have started a callback thread in connection[04986368] 
13:43:13.257698 [crit] TID[1940] FILE[connection.cpp]LINE[840] we have started a recv thread in connection[04986368] 
13:43:14.097434 [crit] TID[9760] FILE[connection.cpp]LINE[1021] we have create sender queue[SYS.HEARTBEAT] type[DeliverFanout] , Success[TRUE] 
13:43:14.114523 [crit] TID[5276] FILE[connection.cpp]LINE[1021] we have create sender queue[SYS.HEARTBEAT] type[DeliverFanout] , Success[TRUE] 
13:43:14.127515 [crit] TID[3620] FILE[connection.cpp]LINE[1021] we have create sender queue[SYS.HEARTBEAT] type[DeliverFanout] , Success[TRUE] 
13:43:14.147087 [crit] TID[9656] FILE[connection.cpp]LINE[1021] we have create sender queue[SYS.HEARTBEAT] type[DeliverFanout] , Success[TRUE] 
13:43:14.163110 [crit] TID[6848] FILE[connection.cpp]LINE[1021] we have create sender queue[SYS.HEARTBEAT] type[DeliverFanout] , Success[TRUE] 
13:43:14.177648 [crit] TID[7844] FILE[connection.cpp]LINE[1021] we have create sender queue[SYS.HEARTBEAT] type[DeliverFanout] , Success[TRUE] 
13:43:14.189680 [crit] TID[7160] FILE[connection.cpp]LINE[1021] we have create sender queue[SYS.HEARTBEAT] type[DeliverFanout] , Success[TRUE] 
13:43:14.201736 [crit] TID[5892] FILE[connection.cpp]LINE[1021] we have create sender queue[SYS.HEARTBEAT] type[DeliverFanout] , Success[TRUE] 
13:43:14.212240 [crit] TID[9660] FILE[connection.cpp]LINE[1021] we have create sender queue[SYS.HEARTBEAT] type[DeliverFanout] , Success[TRUE] 
13:43:14.223822 [crit] TID[9776] FILE[connection.cpp]LINE[1021] we have create sender queue[SYS.HEARTBEAT] type[DeliverFanout] , Success[TRUE] 
13:43:14.248837 [crit] TID[10132] FILE[connection.cpp]LINE[1021] we have create sender queue[SYS.HEARTBEAT] type[DeliverFanout] , Success[TRUE] 
13:43:29.267966 [crit] TID[3660] FILE[connection.cpp]LINE[250] we have connected  to [172.16.8.85] 
13:43:29.268466 [crit] TID[3660] FILE[connection.cpp]LINE[371] setHandler [cnabs_calc_srv.req.queue] DeliveType[DeliverDirect] 
13:43:29.268466 [crit] TID[4568] FILE[connection.cpp]LINE[697] we have started a send thread int connection[005659A0] 
13:43:29.272475 [crit] TID[3660] FILE[connection.cpp]LINE[971] we have add receiver queue[005B6908] for name[cnabs_calc_srv.req.queue] 
13:43:29.273981 [crit] TID[3660] FILE[connection.cpp]LINE[384] we have created Handler[cnabs_calc_srv.req.queue] 
13:43:29.274982 [crit] TID[5740] FILE[connection.cpp]LINE[547] we have started a callback thread in connection[005659A0] 
13:43:29.274982 [crit] TID[6584] FILE[connection.cpp]LINE[840] we have started a recv thread in connection[005659A0] 
13:43:29.282504 [crit] TID[3660] FILE[connection.cpp]LINE[250] we have connected  to [172.16.8.85] 
13:43:29.284535 [crit] TID[6264] FILE[connection.cpp]LINE[697] we have started a send thread int connection[005BCC40] 
13:43:29.284535 [crit] TID[3660] FILE[connection.cpp]LINE[371] setHandler [cnabs_calc_srv.req.queue] DeliveType[DeliverDirect] 
13:43:29.289521 [crit] TID[3660] FILE[connection.cpp]LINE[971] we have add receiver queue[02E31EB8] for name[cnabs_calc_srv.req.queue] 
13:43:29.291526 [crit] TID[3660] FILE[connection.cpp]LINE[384] we have created Handler[cnabs_calc_srv.req.queue] 
13:43:29.292529 [crit] TID[7928] FILE[connection.cpp]LINE[547] we have started a callback thread in connection[005BCC40] 
13:43:29.292529 [crit] TID[6380] FILE[connection.cpp]LINE[840] we have started a recv thread in connection[005BCC40] 
13:43:29.300049 [crit] TID[3660] FILE[connection.cpp]LINE[250] we have connected  to [172.16.8.85] 
13:43:29.301052 [crit] TID[8252] FILE[connection.cpp]LINE[697] we have started a send thread int connection[005E4228] 
13:43:29.301052 [crit] TID[3660] FILE[connection.cpp]LINE[371] setHandler [cnabs_calc_srv.req.queue] DeliveType[DeliverDirect] 
13:43:29.307568 [crit] TID[3660] FILE[connection.cpp]LINE[971] we have add receiver queue[02E744D8] for name[cnabs_calc_srv.req.queue] 
13:43:29.309577 [crit] TID[3660] FILE[connection.cpp]LINE[384] we have created Handler[cnabs_calc_srv.req.queue] 
13:43:29.310578 [crit] TID[5084] FILE[connection.cpp]LINE[547] we have started a callback thread in connection[005E4228] 
13:43:29.310578 [crit] TID[7272] FILE[connection.cpp]LINE[840] we have started a recv thread in connection[005E4228] 
13:43:29.317597 [crit] TID[3660] FILE[connection.cpp]LINE[250] we have connected  to [172.16.8.85] 
13:43:29.318099 [crit] TID[3660] FILE[connection.cpp]LINE[371] setHandler [cnabs_calc_srv.req.queue] DeliveType[DeliverDirect] 
13:43:29.318099 [crit] TID[8172] FILE[connection.cpp]LINE[697] we have started a send thread int connection[02E76B90] 
13:43:29.321107 [crit] TID[3660] FILE[connection.cpp]LINE[971] we have add receiver queue[02EBC810] for name[cnabs_calc_srv.req.queue] 
13:43:29.323113 [crit] TID[3660] FILE[connection.cpp]LINE[384] we have created Handler[cnabs_calc_srv.req.queue] 
13:43:29.323613 [crit] TID[6112] FILE[connection.cpp]LINE[547] we have started a callback thread in connection[02E76B90] 
13:43:29.323613 [crit] TID[2644] FILE[connection.cpp]LINE[840] we have started a recv thread in connection[02E76B90] 
13:43:29.329130 [crit] TID[3660] FILE[connection.cpp]LINE[250] we have connected  to [172.16.8.85] 
13:43:29.330131 [crit] TID[3660] FILE[connection.cpp]LINE[371] setHandler [cnabs_calc_srv.req.queue] DeliveType[DeliverDirect] 
13:43:29.330131 [crit] TID[9000] FILE[connection.cpp]LINE[697] we have started a send thread int connection[02EC1EE0] 
13:43:29.333139 [crit] TID[3660] FILE[connection.cpp]LINE[971] we have add receiver queue[02F08B80] for name[cnabs_calc_srv.req.queue] 
13:43:29.334142 [crit] TID[3660] FILE[connection.cpp]LINE[384] we have created Handler[cnabs_calc_srv.req.queue] 
13:43:29.334643 [crit] TID[4872] FILE[connection.cpp]LINE[547] we have started a callback thread in connection[02EC1EE0] 
13:43:29.334643 [crit] TID[2876] FILE[connection.cpp]LINE[840] we have started a recv thread in connection[02EC1EE0] 
13:43:29.340157 [crit] TID[3660] FILE[connection.cpp]LINE[250] we have connected  to [172.16.8.85] 
13:43:29.340658 [crit] TID[3660] FILE[connection.cpp]LINE[371] setHandler [cnabs_calc_srv.req.queue] DeliveType[DeliverDirect] 
13:43:29.340658 [crit] TID[1500] FILE[connection.cpp]LINE[697] we have started a send thread int connection[02F0AEC0] 
13:43:29.343165 [crit] TID[3660] FILE[connection.cpp]LINE[971] we have add receiver queue[04215E28] for name[cnabs_calc_srv.req.queue] 
13:43:29.344669 [crit] TID[3660] FILE[connection.cpp]LINE[384] we have created Handler[cnabs_calc_srv.req.queue] 
13:43:29.346174 [crit] TID[7876] FILE[connection.cpp]LINE[547] we have started a callback thread in connection[02F0AEC0] 
13:43:29.346174 [crit] TID[4020] FILE[connection.cpp]LINE[840] we have started a recv thread in connection[02F0AEC0] 
13:43:29.403325 [crit] TID[3660] FILE[connection.cpp]LINE[250] we have connected  to [172.16.8.85] 
13:43:29.403826 [crit] TID[3660] FILE[connection.cpp]LINE[371] setHandler [cnabs_calc_srv.req.queue] DeliveType[DeliverDirect] 
13:43:29.403826 [crit] TID[5156] FILE[connection.cpp]LINE[697] we have started a send thread int connection[0421B958] 
13:43:29.407837 [crit] TID[3660] FILE[connection.cpp]LINE[971] we have add receiver queue[042622C0] for name[cnabs_calc_srv.req.queue] 
13:43:29.409341 [crit] TID[3660] FILE[connection.cpp]LINE[384] we have created Handler[cnabs_calc_srv.req.queue] 
13:43:29.409843 [crit] TID[7176] FILE[connection.cpp]LINE[547] we have started a callback thread in connection[0421B958] 
13:43:29.410342 [crit] TID[4376] FILE[connection.cpp]LINE[840] we have started a recv thread in connection[0421B958] 
13:43:29.416859 [crit] TID[3660] FILE[connection.cpp]LINE[250] we have connected  to [172.16.8.85] 
13:43:29.417362 [crit] TID[8968] FILE[connection.cpp]LINE[697] we have started a send thread int connection[04266308] 
13:43:29.417362 [crit] TID[3660] FILE[connection.cpp]LINE[371] setHandler [cnabs_calc_srv.req.queue] DeliveType[DeliverDirect] 
13:43:29.420871 [crit] TID[3660] FILE[connection.cpp]LINE[971] we have add receiver queue[042AE5D8] for name[cnabs_calc_srv.req.queue] 
13:43:29.422375 [crit] TID[3660] FILE[connection.cpp]LINE[384] we have created Handler[cnabs_calc_srv.req.queue] 
13:43:29.423378 [crit] TID[10104] FILE[connection.cpp]LINE[547] we have started a callback thread in connection[04266308] 
13:43:29.423378 [crit] TID[1616] FILE[connection.cpp]LINE[840] we have started a recv thread in connection[04266308] 
13:43:29.428391 [crit] TID[3660] FILE[connection.cpp]LINE[250] we have connected  to [172.16.8.85] 
13:43:29.428892 [crit] TID[3660] FILE[connection.cpp]LINE[371] setHandler [cnabs_calc_srv.req.queue] DeliveType[DeliverDirect] 
13:43:29.428892 [crit] TID[6804] FILE[connection.cpp]LINE[697] we have started a send thread int connection[042B2728] 
13:43:29.431399 [crit] TID[3660] FILE[connection.cpp]LINE[971] we have add receiver queue[042F9348] for name[cnabs_calc_srv.req.queue] 
13:43:29.432903 [crit] TID[3660] FILE[connection.cpp]LINE[384] we have created Handler[cnabs_calc_srv.req.queue] 
13:43:29.433404 [crit] TID[2200] FILE[connection.cpp]LINE[547] we have started a callback thread in connection[042B2728] 
13:43:29.433404 [crit] TID[772] FILE[connection.cpp]LINE[840] we have started a recv thread in connection[042B2728] 
13:43:29.438919 [crit] TID[3660] FILE[connection.cpp]LINE[250] we have connected  to [172.16.8.85] 
13:43:29.438919 [crit] TID[3660] FILE[connection.cpp]LINE[371] setHandler [cnabs_calc_srv.req.queue] DeliveType[DeliverDirect] 
13:43:29.439421 [crit] TID[3396] FILE[connection.cpp]LINE[697] we have started a send thread int connection[042FB418] 
13:43:29.441927 [crit] TID[3660] FILE[connection.cpp]LINE[971] we have add receiver queue[04344078] for name[cnabs_calc_srv.req.queue] 
13:43:29.443429 [crit] TID[3660] FILE[connection.cpp]LINE[384] we have created Handler[cnabs_calc_srv.req.queue] 
13:43:29.443932 [crit] TID[6120] FILE[connection.cpp]LINE[547] we have started a callback thread in connection[042FB418] 
13:43:29.443932 [crit] TID[4152] FILE[connection.cpp]LINE[840] we have started a recv thread in connection[042FB418] 
13:43:29.457969 [crit] TID[3660] FILE[connection.cpp]LINE[250] we have connected  to [172.16.8.85] 
13:43:29.458471 [crit] TID[3660] FILE[connection.cpp]LINE[371] setHandler [login_srv_token_sync.queue] DeliveType[DeliverFanout] 
13:43:29.458471 [crit] TID[4736] FILE[connection.cpp]LINE[697] we have started a send thread int connection[04349ED8] 
13:43:29.464487 [crit] TID[3660] FILE[connection.cpp]LINE[971] we have add receiver queue[0438FA90] for name[08efe2c6-51c3-474d-a89f-6ea4926ba000#.login_srv_token_sync.queue] 
13:43:29.464487 [crit] TID[3660] FILE[connection.cpp]LINE[979] we will build  a senderfor fanout , to confirm exchange[login_srv_token_sync.queue]  is exist 
13:43:29.468999 [crit] TID[3660] FILE[connection.cpp]LINE[1021] we have create sender queue[login_srv_token_sync.queue] type[DeliverFanout] , Success[TRUE] 
13:43:29.468999 [crit] TID[3660] FILE[connection.cpp]LINE[985] we have confirm exchange[login_srv_token_sync.queue] exist 
13:43:29.471003 [crit] TID[3660] FILE[connection.cpp]LINE[384] we have created Handler[login_srv_token_sync.queue] 
13:43:29.472008 [crit] TID[2836] FILE[connection.cpp]LINE[840] we have started a recv thread in connection[04349ED8] 
13:43:29.472008 [crit] TID[10168] FILE[connection.cpp]LINE[547] we have started a callback thread in connection[04349ED8] 
13:43:30.284556 [crit] TID[4568] FILE[connection.cpp]LINE[1021] we have create sender queue[SYS.HEARTBEAT] type[DeliverFanout] , Success[TRUE] 
13:43:30.296105 [crit] TID[6264] FILE[connection.cpp]LINE[1021] we have create sender queue[SYS.HEARTBEAT] type[DeliverFanout] , Success[TRUE] 
13:43:30.311845 [crit] TID[8252] FILE[connection.cpp]LINE[1021] we have create sender queue[SYS.HEARTBEAT] type[DeliverFanout] , Success[TRUE] 
13:43:30.332461 [crit] TID[8172] FILE[connection.cpp]LINE[1021] we have create sender queue[SYS.HEARTBEAT] type[DeliverFanout] , Success[TRUE] 
13:43:30.339479 [crit] TID[9000] FILE[connection.cpp]LINE[1021] we have create sender queue[SYS.HEARTBEAT] type[DeliverFanout] , Success[TRUE] 
13:43:30.348001 [crit] TID[1500] FILE[connection.cpp]LINE[1021] we have create sender queue[SYS.HEARTBEAT] type[DeliverFanout] , Success[TRUE] 
13:43:30.415307 [crit] TID[5156] FILE[connection.cpp]LINE[1021] we have create sender queue[SYS.HEARTBEAT] type[DeliverFanout] , Success[TRUE] 
13:43:30.428802 [crit] TID[8968] FILE[connection.cpp]LINE[1021] we have create sender queue[SYS.HEARTBEAT] type[DeliverFanout] , Success[TRUE] 
13:43:30.438276 [crit] TID[6804] FILE[connection.cpp]LINE[1021] we have create sender queue[SYS.HEARTBEAT] type[DeliverFanout] , Success[TRUE] 
13:43:30.447795 [crit] TID[3396] FILE[connection.cpp]LINE[1021] we have create sender queue[SYS.HEARTBEAT] type[DeliverFanout] , Success[TRUE] 
13:43:30.471332 [crit] TID[4736] FILE[connection.cpp]LINE[1021] we have create sender queue[SYS.HEARTBEAT] type[DeliverFanout] , Success[TRUE] 
