17:17:08.581454 [crit] TID[9852] FILE[connection.cpp]LINE[250] we have connected  to [172.16.8.85] 
17:17:08.582456 [crit] TID[9852] FILE[connection.cpp]LINE[371] setHandler [gateway_srv_token_verify.req.queue] DeliveType[DeliverDirect] 
17:17:08.582456 [crit] TID[7064] FILE[connection.cpp]LINE[697] we have started a send thread int connection[01457040] 
17:17:08.586468 [crit] TID[9852] FILE[connection.cpp]LINE[971] we have add receiver queue[014A8F68] for name[gateway_srv_token_verify.req.queue] 
17:17:08.587974 [crit] TID[9852] FILE[connection.cpp]LINE[384] we have created Handler[gateway_srv_token_verify.req.queue] 
17:17:08.588974 [crit] TID[4048] FILE[connection.cpp]LINE[840] we have started a recv thread in connection[01457040] 
17:17:08.588974 [crit] TID[6700] FILE[connection.cpp]LINE[547] we have started a callback thread in connection[01457040] 
17:17:08.594990 [crit] TID[9852] FILE[connection.cpp]LINE[250] we have connected  to [172.16.8.85] 
17:17:08.595491 [crit] TID[9852] FILE[connection.cpp]LINE[371] setHandler [gateway_srv_token_verify.req.queue] DeliveType[DeliverDirect] 
17:17:08.595491 [crit] TID[3808] FILE[connection.cpp]LINE[697] we have started a send thread int connection[014AB2F0] 
17:17:08.598502 [crit] TID[9852] FILE[connection.cpp]LINE[971] we have add receiver queue[014D3BC0] for name[gateway_srv_token_verify.req.queue] 
17:17:08.600005 [crit] TID[9852] FILE[connection.cpp]LINE[384] we have created Handler[gateway_srv_token_verify.req.queue] 
17:17:08.601008 [crit] TID[10092] FILE[connection.cpp]LINE[547] we have started a callback thread in connection[014AB2F0] 
17:17:08.601008 [crit] TID[2464] FILE[connection.cpp]LINE[840] we have started a recv thread in connection[014AB2F0] 
17:17:08.606523 [crit] TID[9852] FILE[connection.cpp]LINE[250] we have connected  to [172.16.8.85] 
17:17:08.607024 [crit] TID[8360] FILE[connection.cpp]LINE[697] we have started a send thread int connection[014D5C58] 
17:17:08.607024 [crit] TID[9852] FILE[connection.cpp]LINE[371] setHandler [gateway_srv_token_verify.req.queue] DeliveType[DeliverDirect] 
17:17:08.611034 [crit] TID[9852] FILE[connection.cpp]LINE[971] we have add receiver queue[03B76460] for name[gateway_srv_token_verify.req.queue] 
17:17:08.612536 [crit] TID[9852] FILE[connection.cpp]LINE[384] we have created Handler[gateway_srv_token_verify.req.queue] 
17:17:08.613038 [crit] TID[8232] FILE[connection.cpp]LINE[547] we have started a callback thread in connection[014D5C58] 
17:17:08.613540 [crit] TID[8344] FILE[connection.cpp]LINE[840] we have started a recv thread in connection[014D5C58] 
17:17:08.669188 [crit] TID[9852] FILE[connection.cpp]LINE[250] we have connected  to [172.16.8.85] 
17:17:08.669690 [crit] TID[9852] FILE[connection.cpp]LINE[371] setHandler [gateway_srv_token_verify.req.queue] DeliveType[DeliverDirect] 
17:17:08.669690 [crit] TID[6380] FILE[connection.cpp]LINE[697] we have started a send thread int connection[03B77DA0] 
17:17:08.671695 [crit] TID[9852] FILE[connection.cpp]LINE[971] we have add receiver queue[03BBDDE0] for name[gateway_srv_token_verify.req.queue] 
17:17:08.673199 [crit] TID[9852] FILE[connection.cpp]LINE[384] we have created Handler[gateway_srv_token_verify.req.queue] 
17:17:08.673700 [crit] TID[3040] FILE[connection.cpp]LINE[547] we have started a callback thread in connection[03B77DA0] 
17:17:08.673700 [crit] TID[1980] FILE[connection.cpp]LINE[840] we have started a recv thread in connection[03B77DA0] 
17:17:08.728847 [crit] TID[9852] FILE[connection.cpp]LINE[250] we have connected  to [172.16.8.85] 
17:17:08.729348 [crit] TID[9852] FILE[connection.cpp]LINE[371] setHandler [gateway_srv_token_verify.req.queue] DeliveType[DeliverDirect] 
17:17:08.729348 [crit] TID[7156] FILE[connection.cpp]LINE[697] we have started a send thread int connection[03BC0B50] 
17:17:08.733360 [crit] TID[9852] FILE[connection.cpp]LINE[971] we have add receiver queue[03C0BC88] for name[gateway_srv_token_verify.req.queue] 
17:17:08.734863 [crit] TID[9852] FILE[connection.cpp]LINE[384] we have created Handler[gateway_srv_token_verify.req.queue] 
17:17:08.735364 [crit] TID[7176] FILE[connection.cpp]LINE[547] we have started a callback thread in connection[03BC0B50] 
17:17:08.735364 [crit] TID[6984] FILE[connection.cpp]LINE[840] we have started a recv thread in connection[03BC0B50] 
17:17:08.792015 [crit] TID[9852] FILE[connection.cpp]LINE[250] we have connected  to [172.16.8.85] 
17:17:08.793519 [crit] TID[6988] FILE[connection.cpp]LINE[697] we have started a send thread int connection[03C0EE40] 
17:17:08.793519 [crit] TID[9852] FILE[connection.cpp]LINE[371] setHandler [gateway_srv_token_verify.req.queue] DeliveType[DeliverDirect] 
17:17:08.797029 [crit] TID[9852] FILE[connection.cpp]LINE[971] we have add receiver queue[04F176F0] for name[gateway_srv_token_verify.req.queue] 
17:17:08.798031 [crit] TID[9852] FILE[connection.cpp]LINE[384] we have created Handler[gateway_srv_token_verify.req.queue] 
17:17:08.799034 [crit] TID[8228] FILE[connection.cpp]LINE[547] we have started a callback thread in connection[03C0EE40] 
17:17:08.799034 [crit] TID[6724] FILE[connection.cpp]LINE[840] we have started a recv thread in connection[03C0EE40] 
17:17:08.804548 [crit] TID[9852] FILE[connection.cpp]LINE[250] we have connected  to [172.16.8.85] 
17:17:08.804548 [crit] TID[9852] FILE[connection.cpp]LINE[371] setHandler [gateway_srv_token_verify.req.queue] DeliveType[DeliverDirect] 
17:17:08.805048 [crit] TID[9828] FILE[connection.cpp]LINE[697] we have started a send thread int connection[04F1C598] 
17:17:08.808559 [crit] TID[9852] FILE[connection.cpp]LINE[971] we have add receiver queue[04F63B10] for name[gateway_srv_token_verify.req.queue] 
17:17:08.809562 [crit] TID[9852] FILE[connection.cpp]LINE[384] we have created Handler[gateway_srv_token_verify.req.queue] 
17:17:08.810063 [crit] TID[3644] FILE[connection.cpp]LINE[547] we have started a callback thread in connection[04F1C598] 
17:17:08.810564 [crit] TID[10644] FILE[connection.cpp]LINE[840] we have started a recv thread in connection[04F1C598] 
17:17:08.815075 [crit] TID[9852] FILE[connection.cpp]LINE[250] we have connected  to [172.16.8.85] 
17:17:08.815578 [crit] TID[9852] FILE[connection.cpp]LINE[371] setHandler [gateway_srv_token_verify.req.queue] DeliveType[DeliverDirect] 
17:17:08.815578 [crit] TID[8840] FILE[connection.cpp]LINE[697] we have started a send thread int connection[04F69D68] 
17:17:08.818084 [crit] TID[9852] FILE[connection.cpp]LINE[971] we have add receiver queue[04FB0038] for name[gateway_srv_token_verify.req.queue] 
17:17:08.819588 [crit] TID[9852] FILE[connection.cpp]LINE[384] we have created Handler[gateway_srv_token_verify.req.queue] 
17:17:08.819588 [crit] TID[10948] FILE[connection.cpp]LINE[547] we have started a callback thread in connection[04F69D68] 
17:17:08.820090 [crit] TID[4032] FILE[connection.cpp]LINE[840] we have started a recv thread in connection[04F69D68] 
17:17:08.825604 [crit] TID[9852] FILE[connection.cpp]LINE[250] we have connected  to [172.16.8.85] 
17:17:08.825604 [crit] TID[9852] FILE[connection.cpp]LINE[371] setHandler [gateway_srv_token_verify.req.queue] DeliveType[DeliverDirect] 
17:17:08.826106 [crit] TID[3564] FILE[connection.cpp]LINE[697] we have started a send thread int connection[04FB2198] 
17:17:08.829114 [crit] TID[9852] FILE[connection.cpp]LINE[971] we have add receiver queue[04FFACB0] for name[gateway_srv_token_verify.req.queue] 
17:17:08.830115 [crit] TID[9852] FILE[connection.cpp]LINE[384] we have created Handler[gateway_srv_token_verify.req.queue] 
17:17:08.830618 [crit] TID[9132] FILE[connection.cpp]LINE[547] we have started a callback thread in connection[04FB2198] 
17:17:08.830618 [crit] TID[9280] FILE[connection.cpp]LINE[840] we have started a recv thread in connection[04FB2198] 
17:17:08.835631 [crit] TID[9852] FILE[connection.cpp]LINE[250] we have connected  to [172.16.8.85] 
17:17:08.836133 [crit] TID[9852] FILE[connection.cpp]LINE[371] setHandler [gateway_srv_token_verify.req.queue] DeliveType[DeliverDirect] 
17:17:08.836133 [crit] TID[6496] FILE[connection.cpp]LINE[697] we have started a send thread int connection[05000E68] 
17:17:08.840144 [crit] TID[9852] FILE[connection.cpp]LINE[971] we have add receiver queue[05045AF8] for name[gateway_srv_token_verify.req.queue] 
17:17:08.841647 [crit] TID[9852] FILE[connection.cpp]LINE[384] we have created Handler[gateway_srv_token_verify.req.queue] 
17:17:08.842148 [crit] TID[1540] FILE[connection.cpp]LINE[547] we have started a callback thread in connection[05000E68] 
17:17:08.842148 [crit] TID[1828] FILE[connection.cpp]LINE[840] we have started a recv thread in connection[05000E68] 
17:17:08.856184 [crit] TID[9852] FILE[connection.cpp]LINE[250] we have connected  to [172.16.8.85] 
17:17:08.856687 [crit] TID[9852] FILE[connection.cpp]LINE[371] setHandler [login_srv_token_sync.queue] DeliveType[DeliverFanout] 
17:17:08.856687 [crit] TID[8240] FILE[connection.cpp]LINE[697] we have started a send thread int connection[0504BE88] 
17:17:08.863705 [crit] TID[9852] FILE[connection.cpp]LINE[971] we have add receiver queue[050908E8] for name[680537a8-4bcd-4baf-b688-04054ef2873c#.login_srv_token_sync.queue] 
17:17:08.863705 [crit] TID[9852] FILE[connection.cpp]LINE[979] we will build  a senderfor fanout , to confirm exchange[login_srv_token_sync.queue]  is exist 
17:17:08.868218 [crit] TID[9852] FILE[connection.cpp]LINE[1021] we have create sender queue[login_srv_token_sync.queue] type[DeliverFanout] , Success[TRUE] 
17:17:08.868719 [crit] TID[9852] FILE[connection.cpp]LINE[985] we have confirm exchange[login_srv_token_sync.queue] exist 
17:17:08.870223 [crit] TID[9852] FILE[connection.cpp]LINE[384] we have created Handler[login_srv_token_sync.queue] 
17:17:08.870724 [crit] TID[10388] FILE[connection.cpp]LINE[547] we have started a callback thread in connection[0504BE88] 
17:17:08.871226 [crit] TID[5428] FILE[connection.cpp]LINE[840] we have started a recv thread in connection[0504BE88] 
17:17:09.591191 [crit] TID[7064] FILE[connection.cpp]LINE[1021] we have create sender queue[SYS.HEARTBEAT] type[DeliverFanout] , Success[TRUE] 
17:17:09.602671 [crit] TID[3808] FILE[connection.cpp]LINE[1021] we have create sender queue[SYS.HEARTBEAT] type[DeliverFanout] , Success[TRUE] 
17:17:09.613198 [crit] TID[8360] FILE[connection.cpp]LINE[1021] we have create sender queue[SYS.HEARTBEAT] type[DeliverFanout] , Success[TRUE] 
17:17:09.673357 [crit] TID[6380] FILE[connection.cpp]LINE[1021] we have create sender queue[SYS.HEARTBEAT] type[DeliverFanout] , Success[TRUE] 
17:17:09.736059 [crit] TID[7156] FILE[connection.cpp]LINE[1021] we have create sender queue[SYS.HEARTBEAT] type[DeliverFanout] , Success[TRUE] 
17:17:09.798526 [crit] TID[6988] FILE[connection.cpp]LINE[1021] we have create sender queue[SYS.HEARTBEAT] type[DeliverFanout] , Success[TRUE] 
17:17:09.814193 [crit] TID[9828] FILE[connection.cpp]LINE[1021] we have create sender queue[SYS.HEARTBEAT] type[DeliverFanout] , Success[TRUE] 
17:17:09.829844 [crit] TID[3564] FILE[connection.cpp]LINE[1021] we have create sender queue[SYS.HEARTBEAT] type[DeliverFanout] , Success[TRUE] 
17:17:09.829844 [crit] TID[8840] FILE[connection.cpp]LINE[1021] we have create sender queue[SYS.HEARTBEAT] type[DeliverFanout] , Success[TRUE] 
17:17:09.845447 [crit] TID[6496] FILE[connection.cpp]LINE[1021] we have create sender queue[SYS.HEARTBEAT] type[DeliverFanout] , Success[TRUE] 
17:17:09.861071 [crit] TID[8240] FILE[connection.cpp]LINE[1021] we have create sender queue[SYS.HEARTBEAT] type[DeliverFanout] , Success[TRUE] 
17:18:09.035463 [crit] TID[8240] FILE[connection.cpp]LINE[718] we have sent[1] messages , send[1] 
17:18:09.781167 [crit] TID[7064] FILE[connection.cpp]LINE[718] we have sent[1] messages , send[1] 
17:18:09.796783 [crit] TID[8360] FILE[connection.cpp]LINE[718] we have sent[1] messages , send[1] 
17:18:09.796783 [crit] TID[3808] FILE[connection.cpp]LINE[718] we have sent[1] messages , send[1] 
17:18:09.890532 [crit] TID[6380] FILE[connection.cpp]LINE[718] we have sent[1] messages , send[1] 
17:18:09.937450 [crit] TID[7156] FILE[connection.cpp]LINE[718] we have sent[1] messages , send[1] 
17:18:09.984314 [crit] TID[9828] FILE[connection.cpp]LINE[718] we have sent[1] messages , send[1] 
17:18:09.984314 [crit] TID[3564] FILE[connection.cpp]LINE[718] we have sent[1] messages , send[1] 
17:18:09.984314 [crit] TID[8840] FILE[connection.cpp]LINE[718] we have sent[1] messages , send[1] 
17:18:09.984314 [crit] TID[6988] FILE[connection.cpp]LINE[718] we have sent[1] messages , send[1] 
17:18:10.000047 [crit] TID[6496] FILE[connection.cpp]LINE[718] we have sent[1] messages , send[1] 
17:19:10.012724 [crit] TID[6380] FILE[connection.cpp]LINE[718] we have sent[2] messages , send[2] 
17:19:10.032278 [crit] TID[7156] FILE[connection.cpp]LINE[718] we have sent[3] messages , send[3] 
17:19:10.068151 [crit] TID[8840] FILE[connection.cpp]LINE[718] we have sent[3] messages , send[3] 
17:19:10.068151 [crit] TID[6988] FILE[connection.cpp]LINE[718] we have sent[3] messages , send[3] 
17:19:10.068151 [crit] TID[9828] FILE[connection.cpp]LINE[718] we have sent[3] messages , send[3] 
17:19:10.068151 [crit] TID[3564] FILE[connection.cpp]LINE[718] we have sent[3] messages , send[3] 
17:19:10.161891 [crit] TID[8240] FILE[connection.cpp]LINE[718] we have sent[3] messages , send[3] 
17:19:10.968281 [crit] TID[3808] FILE[connection.cpp]LINE[718] we have sent[3] messages , send[3] 
17:19:10.968281 [crit] TID[7064] FILE[connection.cpp]LINE[718] we have sent[3] messages , send[3] 
17:19:10.968281 [crit] TID[8360] FILE[connection.cpp]LINE[718] we have sent[3] messages , send[3] 
17:19:11.084088 [crit] TID[6496] FILE[connection.cpp]LINE[718] we have sent[3] messages , send[3] 
17:20:11.142975 [crit] TID[8360] FILE[connection.cpp]LINE[718] we have sent[4] messages , send[4] 
17:20:11.142975 [crit] TID[7064] FILE[connection.cpp]LINE[718] we have sent[4] messages , send[4] 
17:20:11.142975 [crit] TID[3808] FILE[connection.cpp]LINE[718] we have sent[4] messages , send[4] 
17:20:11.190105 [crit] TID[6380] FILE[connection.cpp]LINE[718] we have sent[4] messages , send[4] 
17:20:11.190105 [crit] TID[7156] FILE[connection.cpp]LINE[718] we have sent[4] messages , send[4] 
17:20:11.221157 [crit] TID[9828] FILE[connection.cpp]LINE[718] we have sent[4] messages , send[4] 
17:20:11.221157 [crit] TID[3564] FILE[connection.cpp]LINE[718] we have sent[4] messages , send[4] 
17:20:11.221157 [crit] TID[8840] FILE[connection.cpp]LINE[718] we have sent[4] messages , send[4] 
17:20:11.221157 [crit] TID[6988] FILE[connection.cpp]LINE[718] we have sent[4] messages , send[4] 
17:20:11.312693 [crit] TID[8240] FILE[connection.cpp]LINE[718] we have sent[4] messages , send[4] 
17:20:12.229724 [crit] TID[6496] FILE[connection.cpp]LINE[718] we have sent[4] messages , send[4] 
17:21:12.289758 [crit] TID[3808] FILE[connection.cpp]LINE[718] we have sent[5] messages , send[5] 
17:21:12.289758 [crit] TID[7064] FILE[connection.cpp]LINE[718] we have sent[5] messages , send[5] 
17:21:12.289758 [crit] TID[8360] FILE[connection.cpp]LINE[718] we have sent[5] messages , send[5] 
17:21:12.336379 [crit] TID[6380] FILE[connection.cpp]LINE[718] we have sent[5] messages , send[5] 
17:21:12.336379 [crit] TID[7156] FILE[connection.cpp]LINE[718] we have sent[5] messages , send[5] 
17:21:12.390382 [crit] TID[3564] FILE[connection.cpp]LINE[718] we have sent[5] messages , send[5] 
17:21:12.390382 [crit] TID[9828] FILE[connection.cpp]LINE[718] we have sent[5] messages , send[5] 
17:21:12.390382 [crit] TID[8840] FILE[connection.cpp]LINE[718] we have sent[5] messages , send[5] 
17:21:12.390382 [crit] TID[6988] FILE[connection.cpp]LINE[718] we have sent[5] messages , send[5] 
17:21:12.484154 [crit] TID[8240] FILE[connection.cpp]LINE[718] we have sent[5] messages , send[5] 
17:21:13.394643 [crit] TID[6496] FILE[connection.cpp]LINE[718] we have sent[5] messages , send[5] 
17:22:13.435329 [crit] TID[7064] FILE[connection.cpp]LINE[718] we have sent[6] messages , send[6] 
17:22:13.435329 [crit] TID[8360] FILE[connection.cpp]LINE[718] we have sent[6] messages , send[6] 
17:22:13.435329 [crit] TID[3808] FILE[connection.cpp]LINE[718] we have sent[6] messages , send[6] 
17:22:13.496311 [crit] TID[6380] FILE[connection.cpp]LINE[718] we have sent[6] messages , send[6] 
17:22:13.496311 [crit] TID[7156] FILE[connection.cpp]LINE[718] we have sent[6] messages , send[6] 
17:22:13.594359 [crit] TID[8840] FILE[connection.cpp]LINE[718] we have sent[6] messages , send[6] 
17:22:13.594359 [crit] TID[9828] FILE[connection.cpp]LINE[718] we have sent[6] messages , send[6] 
17:22:13.594359 [crit] TID[3564] FILE[connection.cpp]LINE[718] we have sent[6] messages , send[6] 
17:22:13.594359 [crit] TID[6988] FILE[connection.cpp]LINE[718] we have sent[6] messages , send[6] 
17:22:13.609855 [crit] TID[8240] FILE[connection.cpp]LINE[718] we have sent[6] messages , send[6] 
17:22:14.595236 [crit] TID[6496] FILE[connection.cpp]LINE[718] we have sent[6] messages , send[6] 
17:23:14.592752 [crit] TID[8360] FILE[connection.cpp]LINE[718] we have sent[7] messages , send[7] 
17:23:14.592752 [crit] TID[3808] FILE[connection.cpp]LINE[718] we have sent[7] messages , send[7] 
17:23:14.592752 [crit] TID[7064] FILE[connection.cpp]LINE[718] we have sent[7] messages , send[7] 
17:23:14.666457 [crit] TID[7156] FILE[connection.cpp]LINE[718] we have sent[7] messages , send[7] 
17:23:14.666457 [crit] TID[6380] FILE[connection.cpp]LINE[718] we have sent[7] messages , send[7] 
17:23:14.791369 [crit] TID[8840] FILE[connection.cpp]LINE[718] we have sent[7] messages , send[7] 
17:23:14.791369 [crit] TID[6988] FILE[connection.cpp]LINE[718] we have sent[7] messages , send[7] 
17:23:14.791369 [crit] TID[9828] FILE[connection.cpp]LINE[718] we have sent[7] messages , send[7] 
17:23:14.791369 [crit] TID[3564] FILE[connection.cpp]LINE[718] we have sent[7] messages , send[7] 
17:23:14.791369 [crit] TID[8240] FILE[connection.cpp]LINE[718] we have sent[7] messages , send[7] 
17:23:15.791542 [crit] TID[6496] FILE[connection.cpp]LINE[718] we have sent[7] messages , send[7] 
17:24:15.000194 [crit] TID[6988] FILE[connection.cpp]LINE[718] we have sent[8] messages , send[8] 
17:24:15.787482 [crit] TID[7064] FILE[connection.cpp]LINE[718] we have sent[8] messages , send[8] 
17:24:15.787482 [crit] TID[8360] FILE[connection.cpp]LINE[718] we have sent[8] messages , send[8] 
17:24:15.787482 [crit] TID[3808] FILE[connection.cpp]LINE[718] we have sent[8] messages , send[8] 
17:24:15.802760 [crit] TID[7156] FILE[connection.cpp]LINE[718] we have sent[8] messages , send[8] 
17:24:15.802760 [crit] TID[6380] FILE[connection.cpp]LINE[718] we have sent[8] messages , send[8] 
17:24:15.999745 [crit] TID[8240] FILE[connection.cpp]LINE[718] we have sent[8] messages , send[8] 
17:24:15.999745 [crit] TID[8840] FILE[connection.cpp]LINE[718] we have sent[8] messages , send[8] 
17:24:15.999745 [crit] TID[3564] FILE[connection.cpp]LINE[718] we have sent[8] messages , send[8] 
17:24:15.999745 [crit] TID[9828] FILE[connection.cpp]LINE[718] we have sent[8] messages , send[8] 
17:24:17.000008 [crit] TID[6496] FILE[connection.cpp]LINE[718] we have sent[8] messages , send[8] 
17:25:16.127003 [crit] TID[8840] FILE[connection.cpp]LINE[718] we have sent[9] messages , send[9] 
17:25:16.127003 [crit] TID[3564] FILE[connection.cpp]LINE[718] we have sent[9] messages , send[9] 
17:25:16.127003 [crit] TID[9828] FILE[connection.cpp]LINE[718] we have sent[9] messages , send[9] 
17:25:16.127003 [crit] TID[6988] FILE[connection.cpp]LINE[718] we have sent[9] messages , send[9] 
17:25:16.127003 [crit] TID[8240] FILE[connection.cpp]LINE[718] we have sent[9] messages , send[9] 
17:25:16.924579 [crit] TID[6380] FILE[connection.cpp]LINE[718] we have sent[9] messages , send[9] 
17:25:16.924579 [crit] TID[7156] FILE[connection.cpp]LINE[718] we have sent[9] messages , send[9] 
17:25:16.924579 [crit] TID[7064] FILE[connection.cpp]LINE[718] we have sent[9] messages , send[9] 
17:25:16.924579 [crit] TID[3808] FILE[connection.cpp]LINE[718] we have sent[9] messages , send[9] 
17:25:16.924579 [crit] TID[8360] FILE[connection.cpp]LINE[718] we have sent[9] messages , send[9] 
17:25:18.127732 [crit] TID[6496] FILE[connection.cpp]LINE[718] we have sent[9] messages , send[9] 
17:26:17.066169 [crit] TID[8360] FILE[connection.cpp]LINE[718] we have sent[10] messages , send[10] 
17:26:17.066169 [crit] TID[6380] FILE[connection.cpp]LINE[718] we have sent[10] messages , send[10] 
17:26:17.066169 [crit] TID[7064] FILE[connection.cpp]LINE[718] we have sent[10] messages , send[10] 
17:26:17.066169 [crit] TID[3808] FILE[connection.cpp]LINE[718] we have sent[10] messages , send[10] 
17:26:17.066169 [crit] TID[7156] FILE[connection.cpp]LINE[718] we have sent[10] messages , send[10] 
17:26:17.277773 [crit] TID[3564] FILE[connection.cpp]LINE[718] we have sent[10] messages , send[10] 
17:26:17.277773 [crit] TID[9828] FILE[connection.cpp]LINE[718] we have sent[10] messages , send[10] 
17:26:17.277773 [crit] TID[6988] FILE[connection.cpp]LINE[718] we have sent[10] messages , send[10] 
17:26:17.277773 [crit] TID[8240] FILE[connection.cpp]LINE[718] we have sent[10] messages , send[10] 
17:26:17.277773 [crit] TID[8840] FILE[connection.cpp]LINE[718] we have sent[10] messages , send[10] 
17:26:19.285053 [crit] TID[6496] FILE[connection.cpp]LINE[718] we have sent[10] messages , send[10] 
17:27:18.156839 [crit] TID[3808] FILE[connection.cpp]LINE[718] we have sent[11] messages , send[11] 
17:27:18.156839 [crit] TID[6380] FILE[connection.cpp]LINE[718] we have sent[11] messages , send[11] 
17:27:18.156839 [crit] TID[7064] FILE[connection.cpp]LINE[718] we have sent[11] messages , send[11] 
17:27:18.156839 [crit] TID[7156] FILE[connection.cpp]LINE[718] we have sent[11] messages , send[11] 
17:27:18.156839 [crit] TID[8360] FILE[connection.cpp]LINE[718] we have sent[11] messages , send[11] 
17:27:18.373332 [crit] TID[8840] FILE[connection.cpp]LINE[718] we have sent[11] messages , send[11] 
17:27:18.373332 [crit] TID[6988] FILE[connection.cpp]LINE[718] we have sent[11] messages , send[11] 
17:27:18.373332 [crit] TID[8240] FILE[connection.cpp]LINE[718] we have sent[11] messages , send[11] 
17:27:18.373332 [crit] TID[9828] FILE[connection.cpp]LINE[718] we have sent[11] messages , send[11] 
17:27:18.373830 [crit] TID[3564] FILE[connection.cpp]LINE[718] we have sent[11] messages , send[11] 
17:27:20.374328 [crit] TID[6496] FILE[connection.cpp]LINE[718] we have sent[11] messages , send[11] 
17:28:19.288477 [crit] TID[6380] FILE[connection.cpp]LINE[718] we have sent[12] messages , send[12] 
17:28:19.288477 [crit] TID[7156] FILE[connection.cpp]LINE[718] we have sent[12] messages , send[12] 
17:28:19.288477 [crit] TID[7064] FILE[connection.cpp]LINE[718] we have sent[12] messages , send[12] 
17:28:19.288477 [crit] TID[3808] FILE[connection.cpp]LINE[718] we have sent[12] messages , send[12] 
17:28:19.288477 [crit] TID[8360] FILE[connection.cpp]LINE[718] we have sent[12] messages , send[12] 
17:28:19.480895 [crit] TID[3564] FILE[connection.cpp]LINE[718] we have sent[12] messages , send[12] 
17:28:19.480895 [crit] TID[8840] FILE[connection.cpp]LINE[718] we have sent[12] messages , send[12] 
17:28:19.480895 [crit] TID[9828] FILE[connection.cpp]LINE[718] we have sent[12] messages , send[12] 
17:28:19.480895 [crit] TID[6988] FILE[connection.cpp]LINE[718] we have sent[12] messages , send[12] 
17:28:19.480895 [crit] TID[8240] FILE[connection.cpp]LINE[718] we have sent[12] messages , send[12] 
17:28:21.471342 [crit] TID[6496] FILE[connection.cpp]LINE[718] we have sent[12] messages , send[12] 
17:29:20.479414 [crit] TID[8360] FILE[connection.cpp]LINE[718] we have sent[13] messages , send[13] 
17:29:20.479414 [crit] TID[7064] FILE[connection.cpp]LINE[718] we have sent[13] messages , send[13] 
17:29:20.479414 [crit] TID[6380] FILE[connection.cpp]LINE[718] we have sent[13] messages , send[13] 
17:29:20.479414 [crit] TID[3808] FILE[connection.cpp]LINE[718] we have sent[13] messages , send[13] 
17:29:20.479414 [crit] TID[7156] FILE[connection.cpp]LINE[718] we have sent[13] messages , send[13] 
17:29:20.633392 [crit] TID[9828] FILE[connection.cpp]LINE[718] we have sent[13] messages , send[13] 
17:29:20.633392 [crit] TID[8240] FILE[connection.cpp]LINE[718] we have sent[13] messages , send[13] 
17:29:20.633392 [crit] TID[6988] FILE[connection.cpp]LINE[718] we have sent[13] messages , send[13] 
17:29:20.633392 [crit] TID[3564] FILE[connection.cpp]LINE[718] we have sent[13] messages , send[13] 
17:29:20.633824 [crit] TID[8840] FILE[connection.cpp]LINE[718] we have sent[13] messages , send[13] 
17:29:22.647776 [crit] TID[6496] FILE[connection.cpp]LINE[718] we have sent[13] messages , send[13] 
17:30:21.647487 [crit] TID[7064] FILE[connection.cpp]LINE[718] we have sent[14] messages , send[14] 
17:30:21.647487 [crit] TID[7156] FILE[connection.cpp]LINE[718] we have sent[14] messages , send[14] 
17:30:21.647487 [crit] TID[8360] FILE[connection.cpp]LINE[718] we have sent[14] messages , send[14] 
17:30:21.647487 [crit] TID[6380] FILE[connection.cpp]LINE[718] we have sent[14] messages , send[14] 
17:30:21.647487 [crit] TID[3808] FILE[connection.cpp]LINE[718] we have sent[14] messages , send[14] 
17:30:21.800648 [crit] TID[6988] FILE[connection.cpp]LINE[718] we have sent[14] messages , send[14] 
17:30:21.800648 [crit] TID[9828] FILE[connection.cpp]LINE[718] we have sent[14] messages , send[14] 
17:30:21.800648 [crit] TID[8840] FILE[connection.cpp]LINE[718] we have sent[14] messages , send[14] 
17:30:21.800648 [crit] TID[3564] FILE[connection.cpp]LINE[718] we have sent[14] messages , send[14] 
17:30:21.801115 [crit] TID[8240] FILE[connection.cpp]LINE[718] we have sent[14] messages , send[14] 
17:30:23.801419 [crit] TID[6496] FILE[connection.cpp]LINE[718] we have sent[14] messages , send[14] 
17:31:22.737299 [crit] TID[6380] FILE[connection.cpp]LINE[718] we have sent[15] messages , send[15] 
17:31:22.737299 [crit] TID[7156] FILE[connection.cpp]LINE[718] we have sent[15] messages , send[15] 
17:31:22.737299 [crit] TID[3808] FILE[connection.cpp]LINE[718] we have sent[15] messages , send[15] 
17:31:22.737299 [crit] TID[8360] FILE[connection.cpp]LINE[718] we have sent[15] messages , send[15] 
17:31:22.737299 [crit] TID[7064] FILE[connection.cpp]LINE[718] we have sent[15] messages , send[15] 
17:31:22.909765 [crit] TID[6988] FILE[connection.cpp]LINE[718] we have sent[15] messages , send[15] 
17:31:22.910258 [crit] TID[3564] FILE[connection.cpp]LINE[718] we have sent[15] messages , send[15] 
17:31:22.909765 [crit] TID[8240] FILE[connection.cpp]LINE[718] we have sent[15] messages , send[15] 
17:31:22.910258 [crit] TID[9828] FILE[connection.cpp]LINE[718] we have sent[15] messages , send[15] 
17:31:22.909765 [crit] TID[8840] FILE[connection.cpp]LINE[718] we have sent[15] messages , send[15] 
17:31:24.910464 [crit] TID[6496] FILE[connection.cpp]LINE[718] we have sent[15] messages , send[15] 
17:32:23.093352 [crit] TID[8240] FILE[connection.cpp]LINE[718] we have sent[16] messages , send[16] 
17:32:23.093352 [crit] TID[9828] FILE[connection.cpp]LINE[718] we have sent[16] messages , send[16] 
17:32:23.093352 [crit] TID[8840] FILE[connection.cpp]LINE[718] we have sent[16] messages , send[16] 
17:32:23.093352 [crit] TID[3564] FILE[connection.cpp]LINE[718] we have sent[16] messages , send[16] 
17:32:23.093352 [crit] TID[6988] FILE[connection.cpp]LINE[718] we have sent[16] messages , send[16] 
17:32:23.945773 [crit] TID[7064] FILE[connection.cpp]LINE[718] we have sent[16] messages , send[16] 
17:32:23.945773 [crit] TID[3808] FILE[connection.cpp]LINE[718] we have sent[16] messages , send[16] 
17:32:23.945773 [crit] TID[7156] FILE[connection.cpp]LINE[718] we have sent[16] messages , send[16] 
17:32:23.945773 [crit] TID[6380] FILE[connection.cpp]LINE[718] we have sent[16] messages , send[16] 
17:32:23.945773 [crit] TID[8360] FILE[connection.cpp]LINE[718] we have sent[16] messages , send[16] 
17:32:25.085328 [crit] TID[6496] FILE[connection.cpp]LINE[718] we have sent[16] messages , send[16] 
17:33:24.132768 [crit] TID[6380] FILE[connection.cpp]LINE[718] we have sent[17] messages , send[17] 
17:33:24.132768 [crit] TID[3808] FILE[connection.cpp]LINE[718] we have sent[17] messages , send[17] 
17:33:24.132768 [crit] TID[7156] FILE[connection.cpp]LINE[718] we have sent[17] messages , send[17] 
17:33:24.132768 [crit] TID[7064] FILE[connection.cpp]LINE[718] we have sent[17] messages , send[17] 
17:33:24.133263 [crit] TID[8360] FILE[connection.cpp]LINE[718] we have sent[17] messages , send[17] 
17:33:24.258217 [crit] TID[8240] FILE[connection.cpp]LINE[718] we have sent[17] messages , send[17] 
17:33:24.258217 [crit] TID[8840] FILE[connection.cpp]LINE[718] we have sent[17] messages , send[17] 
17:33:24.258217 [crit] TID[3564] FILE[connection.cpp]LINE[718] we have sent[17] messages , send[17] 
17:33:24.258217 [crit] TID[6988] FILE[connection.cpp]LINE[718] we have sent[17] messages , send[17] 
17:33:24.258217 [crit] TID[9828] FILE[connection.cpp]LINE[718] we have sent[17] messages , send[17] 
17:33:26.258710 [crit] TID[6496] FILE[connection.cpp]LINE[718] we have sent[17] messages , send[17] 
17:34:25.252761 [crit] TID[7064] FILE[connection.cpp]LINE[718] we have sent[18] messages , send[18] 
17:34:25.252761 [crit] TID[3808] FILE[connection.cpp]LINE[718] we have sent[18] messages , send[18] 
17:34:25.252761 [crit] TID[7156] FILE[connection.cpp]LINE[718] we have sent[18] messages , send[18] 
17:34:25.252761 [crit] TID[6380] FILE[connection.cpp]LINE[718] we have sent[18] messages , send[18] 
17:34:25.252761 [crit] TID[8360] FILE[connection.cpp]LINE[718] we have sent[18] messages , send[18] 
17:34:25.409186 [crit] TID[8840] FILE[connection.cpp]LINE[718] we have sent[18] messages , send[18] 
17:34:25.409186 [crit] TID[9828] FILE[connection.cpp]LINE[718] we have sent[18] messages , send[18] 
17:34:25.409186 [crit] TID[3564] FILE[connection.cpp]LINE[718] we have sent[18] messages , send[18] 
17:34:25.409186 [crit] TID[8240] FILE[connection.cpp]LINE[718] we have sent[18] messages , send[18] 
17:34:25.409186 [crit] TID[6988] FILE[connection.cpp]LINE[718] we have sent[18] messages , send[18] 
17:34:27.396999 [crit] TID[6496] FILE[connection.cpp]LINE[718] we have sent[18] messages , send[18] 
17:35:26.395054 [crit] TID[6380] FILE[connection.cpp]LINE[718] we have sent[19] messages , send[19] 
17:35:26.395054 [crit] TID[7064] FILE[connection.cpp]LINE[718] we have sent[19] messages , send[19] 
17:35:26.395054 [crit] TID[7156] FILE[connection.cpp]LINE[718] we have sent[19] messages , send[19] 
17:35:26.395054 [crit] TID[3808] FILE[connection.cpp]LINE[718] we have sent[19] messages , send[19] 
17:35:26.395054 [crit] TID[8360] FILE[connection.cpp]LINE[718] we have sent[19] messages , send[19] 
17:35:26.617505 [crit] TID[6988] FILE[connection.cpp]LINE[718] we have sent[19] messages , send[19] 
17:35:26.617505 [crit] TID[3564] FILE[connection.cpp]LINE[718] we have sent[19] messages , send[19] 
17:35:26.617505 [crit] TID[8840] FILE[connection.cpp]LINE[718] we have sent[19] messages , send[19] 
17:35:26.617505 [crit] TID[9828] FILE[connection.cpp]LINE[718] we have sent[19] messages , send[19] 
17:35:26.617505 [crit] TID[8240] FILE[connection.cpp]LINE[718] we have sent[19] messages , send[19] 
17:35:28.586199 [crit] TID[6496] FILE[connection.cpp]LINE[718] we have sent[19] messages , send[19] 
17:36:27.633648 [crit] TID[3808] FILE[connection.cpp]LINE[718] we have sent[20] messages , send[20] 
17:36:27.633648 [crit] TID[7064] FILE[connection.cpp]LINE[718] we have sent[20] messages , send[20] 
17:36:27.633648 [crit] TID[8360] FILE[connection.cpp]LINE[718] we have sent[20] messages , send[20] 
17:36:27.633648 [crit] TID[7156] FILE[connection.cpp]LINE[718] we have sent[20] messages , send[20] 
17:36:27.633648 [crit] TID[6380] FILE[connection.cpp]LINE[718] we have sent[20] messages , send[20] 
17:36:27.834465 [crit] TID[8240] FILE[connection.cpp]LINE[718] we have sent[20] messages , send[20] 
17:36:27.834465 [crit] TID[9828] FILE[connection.cpp]LINE[718] we have sent[20] messages , send[20] 
17:36:27.834465 [crit] TID[6988] FILE[connection.cpp]LINE[718] we have sent[20] messages , send[20] 
17:36:27.834465 [crit] TID[8840] FILE[connection.cpp]LINE[718] we have sent[20] messages , send[20] 
17:36:27.834465 [crit] TID[3564] FILE[connection.cpp]LINE[718] we have sent[20] messages , send[20] 
17:36:29.790260 [crit] TID[6496] FILE[connection.cpp]LINE[718] we have sent[20] messages , send[20] 
17:37:28.071202 [crit] TID[8840] FILE[connection.cpp]LINE[718] we have sent[21] messages , send[21] 
17:37:28.071202 [crit] TID[3564] FILE[connection.cpp]LINE[718] we have sent[21] messages , send[21] 
17:37:28.071202 [crit] TID[6988] FILE[connection.cpp]LINE[718] we have sent[21] messages , send[21] 
17:37:28.071202 [crit] TID[8240] FILE[connection.cpp]LINE[718] we have sent[21] messages , send[21] 
17:37:28.071202 [crit] TID[9828] FILE[connection.cpp]LINE[718] we have sent[21] messages , send[21] 
17:37:28.839872 [crit] TID[7156] FILE[connection.cpp]LINE[718] we have sent[21] messages , send[21] 
17:37:28.839872 [crit] TID[3808] FILE[connection.cpp]LINE[718] we have sent[21] messages , send[21] 
17:37:28.839872 [crit] TID[6380] FILE[connection.cpp]LINE[718] we have sent[21] messages , send[21] 
17:37:28.839872 [crit] TID[8360] FILE[connection.cpp]LINE[718] we have sent[21] messages , send[21] 
17:37:28.839872 [crit] TID[7064] FILE[connection.cpp]LINE[718] we have sent[21] messages , send[21] 
17:37:30.013735 [crit] TID[6496] FILE[connection.cpp]LINE[718] we have sent[21] messages , send[21] 
17:38:29.221231 [crit] TID[3564] FILE[connection.cpp]LINE[718] we have sent[22] messages , send[22] 
17:38:29.221231 [crit] TID[6988] FILE[connection.cpp]LINE[718] we have sent[22] messages , send[22] 
17:38:29.221231 [crit] TID[8240] FILE[connection.cpp]LINE[718] we have sent[22] messages , send[22] 
17:38:29.221231 [crit] TID[8840] FILE[connection.cpp]LINE[718] we have sent[22] messages , send[22] 
17:38:29.221231 [crit] TID[9828] FILE[connection.cpp]LINE[718] we have sent[22] messages , send[22] 
17:38:29.944347 [crit] TID[6380] FILE[connection.cpp]LINE[718] we have sent[22] messages , send[22] 
17:38:29.944347 [crit] TID[8360] FILE[connection.cpp]LINE[718] we have sent[22] messages , send[22] 
17:38:29.944347 [crit] TID[7064] FILE[connection.cpp]LINE[718] we have sent[22] messages , send[22] 
17:38:29.944650 [crit] TID[7156] FILE[connection.cpp]LINE[718] we have sent[22] messages , send[22] 
17:38:29.944650 [crit] TID[3808] FILE[connection.cpp]LINE[718] we have sent[22] messages , send[22] 
17:38:31.132874 [crit] TID[6496] FILE[connection.cpp]LINE[718] we have sent[22] messages , send[22] 
17:39:30.062450 [crit] TID[8360] FILE[connection.cpp]LINE[718] we have sent[23] messages , send[23] 
17:39:30.063453 [crit] TID[6380] FILE[connection.cpp]LINE[718] we have sent[23] messages , send[23] 
17:39:30.065451 [crit] TID[3808] FILE[connection.cpp]LINE[718] we have sent[23] messages , send[23] 
17:39:30.065451 [crit] TID[7064] FILE[connection.cpp]LINE[718] we have sent[23] messages , send[23] 
17:39:30.065451 [crit] TID[7156] FILE[connection.cpp]LINE[718] we have sent[23] messages , send[23] 
17:39:30.361825 [crit] TID[3564] FILE[connection.cpp]LINE[718] we have sent[23] messages , send[23] 
17:39:30.361825 [crit] TID[9828] FILE[connection.cpp]LINE[718] we have sent[23] messages , send[23] 
17:39:30.361825 [crit] TID[8240] FILE[connection.cpp]LINE[718] we have sent[23] messages , send[23] 
17:39:30.361825 [crit] TID[8840] FILE[connection.cpp]LINE[718] we have sent[23] messages , send[23] 
17:39:30.361825 [crit] TID[6988] FILE[connection.cpp]LINE[718] we have sent[23] messages , send[23] 
17:39:32.281127 [crit] TID[6496] FILE[connection.cpp]LINE[718] we have sent[23] messages , send[23] 
17:40:31.185943 [crit] TID[8360] FILE[connection.cpp]LINE[718] we have sent[24] messages , send[24] 
17:40:31.185943 [crit] TID[7156] FILE[connection.cpp]LINE[718] we have sent[24] messages , send[24] 
17:40:31.185943 [crit] TID[7064] FILE[connection.cpp]LINE[718] we have sent[24] messages , send[24] 
17:40:31.186945 [crit] TID[6380] FILE[connection.cpp]LINE[718] we have sent[24] messages , send[24] 
17:40:31.186945 [crit] TID[3808] FILE[connection.cpp]LINE[718] we have sent[24] messages , send[24] 
17:40:31.467553 [crit] TID[6988] FILE[connection.cpp]LINE[718] we have sent[24] messages , send[24] 
17:40:31.468561 [crit] TID[3564] FILE[connection.cpp]LINE[718] we have sent[24] messages , send[24] 
17:40:31.468561 [crit] TID[8240] FILE[connection.cpp]LINE[718] we have sent[24] messages , send[24] 
17:40:31.468561 [crit] TID[9828] FILE[connection.cpp]LINE[718] we have sent[24] messages , send[24] 
17:40:31.468561 [crit] TID[8840] FILE[connection.cpp]LINE[718] we have sent[24] messages , send[24] 
17:40:33.391247 [crit] TID[6496] FILE[connection.cpp]LINE[718] we have sent[24] messages , send[24] 
17:41:32.210185 [crit] TID[7064] FILE[connection.cpp]LINE[718] we have sent[25] messages , send[25] 
17:41:32.210185 [crit] TID[7156] FILE[connection.cpp]LINE[718] we have sent[25] messages , send[25] 
17:41:32.211364 [crit] TID[3808] FILE[connection.cpp]LINE[718] we have sent[25] messages , send[25] 
17:41:32.211364 [crit] TID[6380] FILE[connection.cpp]LINE[718] we have sent[25] messages , send[25] 
17:41:32.211364 [crit] TID[8360] FILE[connection.cpp]LINE[718] we have sent[25] messages , send[25] 
17:41:32.486416 [crit] TID[6988] FILE[connection.cpp]LINE[718] we have sent[25] messages , send[25] 
17:41:32.491933 [crit] TID[9828] FILE[connection.cpp]LINE[718] we have sent[25] messages , send[25] 
17:41:32.491933 [crit] TID[8240] FILE[connection.cpp]LINE[718] we have sent[25] messages , send[25] 
17:41:32.491933 [crit] TID[8840] FILE[connection.cpp]LINE[718] we have sent[25] messages , send[25] 
17:41:32.491933 [crit] TID[3564] FILE[connection.cpp]LINE[718] we have sent[25] messages , send[25] 
17:41:34.412606 [crit] TID[6496] FILE[connection.cpp]LINE[718] we have sent[25] messages , send[25] 
17:42:33.263320 [crit] TID[7064] FILE[connection.cpp]LINE[718] we have sent[26] messages , send[26] 
17:42:33.263320 [crit] TID[7156] FILE[connection.cpp]LINE[718] we have sent[26] messages , send[26] 
17:42:33.293903 [crit] TID[6380] FILE[connection.cpp]LINE[718] we have sent[26] messages , send[26] 
17:42:33.293903 [crit] TID[8360] FILE[connection.cpp]LINE[718] we have sent[26] messages , send[26] 
17:42:33.293903 [crit] TID[3808] FILE[connection.cpp]LINE[718] we have sent[26] messages , send[26] 
17:42:33.558608 [crit] TID[8240] FILE[connection.cpp]LINE[718] we have sent[26] messages , send[26] 
17:42:33.558608 [crit] TID[6988] FILE[connection.cpp]LINE[718] we have sent[26] messages , send[26] 
17:42:33.558608 [crit] TID[9828] FILE[connection.cpp]LINE[718] we have sent[26] messages , send[26] 
17:42:33.558608 [crit] TID[3564] FILE[connection.cpp]LINE[718] we have sent[26] messages , send[26] 
17:42:33.558608 [crit] TID[8840] FILE[connection.cpp]LINE[718] we have sent[26] messages , send[26] 
17:42:35.480895 [crit] TID[6496] FILE[connection.cpp]LINE[718] we have sent[26] messages , send[26] 
17:43:34.495176 [crit] TID[7064] FILE[connection.cpp]LINE[718] we have sent[27] messages , send[27] 
17:43:34.495176 [crit] TID[7156] FILE[connection.cpp]LINE[718] we have sent[27] messages , send[27] 
17:43:34.510707 [crit] TID[8360] FILE[connection.cpp]LINE[718] we have sent[27] messages , send[27] 
17:43:34.510707 [crit] TID[3808] FILE[connection.cpp]LINE[718] we have sent[27] messages , send[27] 
17:43:34.510707 [crit] TID[6380] FILE[connection.cpp]LINE[718] we have sent[27] messages , send[27] 
17:43:34.736457 [crit] TID[8240] FILE[connection.cpp]LINE[718] we have sent[27] messages , send[27] 
17:43:34.736457 [crit] TID[3564] FILE[connection.cpp]LINE[718] we have sent[27] messages , send[27] 
17:43:34.736457 [crit] TID[8840] FILE[connection.cpp]LINE[718] we have sent[27] messages , send[27] 
17:43:34.736457 [crit] TID[9828] FILE[connection.cpp]LINE[718] we have sent[27] messages , send[27] 
17:43:34.736457 [crit] TID[6988] FILE[connection.cpp]LINE[718] we have sent[27] messages , send[27] 
17:43:36.688015 [crit] TID[6496] FILE[connection.cpp]LINE[718] we have sent[27] messages , send[27] 
17:44:35.636008 [crit] TID[7064] FILE[connection.cpp]LINE[718] we have sent[28] messages , send[28] 
17:44:35.636008 [crit] TID[7156] FILE[connection.cpp]LINE[718] we have sent[28] messages , send[28] 
17:44:35.636008 [crit] TID[6380] FILE[connection.cpp]LINE[718] we have sent[28] messages , send[28] 
17:44:35.650547 [crit] TID[8360] FILE[connection.cpp]LINE[718] we have sent[28] messages , send[28] 
17:44:35.650547 [crit] TID[3808] FILE[connection.cpp]LINE[718] we have sent[28] messages , send[28] 
17:44:35.804959 [crit] TID[3564] FILE[connection.cpp]LINE[718] we have sent[28] messages , send[28] 
17:44:35.804959 [crit] TID[9828] FILE[connection.cpp]LINE[718] we have sent[28] messages , send[28] 
17:44:35.804959 [crit] TID[8240] FILE[connection.cpp]LINE[718] we have sent[28] messages , send[28] 
17:44:35.837678 [crit] TID[6988] FILE[connection.cpp]LINE[718] we have sent[28] messages , send[28] 
17:44:35.837678 [crit] TID[8840] FILE[connection.cpp]LINE[718] we have sent[28] messages , send[28] 
17:44:37.758840 [crit] TID[6496] FILE[connection.cpp]LINE[718] we have sent[28] messages , send[28] 
17:45:36.757880 [crit] TID[6380] FILE[connection.cpp]LINE[718] we have sent[29] messages , send[29] 
17:45:36.757880 [crit] TID[3808] FILE[connection.cpp]LINE[718] we have sent[29] messages , send[29] 
17:45:36.757880 [crit] TID[7156] FILE[connection.cpp]LINE[718] we have sent[29] messages , send[29] 
17:45:36.757880 [crit] TID[7064] FILE[connection.cpp]LINE[718] we have sent[29] messages , send[29] 
17:45:36.757880 [crit] TID[8360] FILE[connection.cpp]LINE[718] we have sent[29] messages , send[29] 
17:45:36.902531 [crit] TID[3564] FILE[connection.cpp]LINE[718] we have sent[29] messages , send[29] 
17:45:36.902531 [crit] TID[9828] FILE[connection.cpp]LINE[718] we have sent[29] messages , send[29] 
17:45:36.902531 [crit] TID[6988] FILE[connection.cpp]LINE[718] we have sent[29] messages , send[29] 
17:45:36.902531 [crit] TID[8840] FILE[connection.cpp]LINE[718] we have sent[29] messages , send[29] 
17:45:36.902531 [crit] TID[8240] FILE[connection.cpp]LINE[718] we have sent[29] messages , send[29] 
17:45:38.856423 [crit] TID[6496] FILE[connection.cpp]LINE[718] we have sent[29] messages , send[29] 
17:46:37.018049 [crit] TID[3564] FILE[connection.cpp]LINE[718] we have sent[30] messages , send[30] 
17:46:37.018049 [crit] TID[8240] FILE[connection.cpp]LINE[718] we have sent[30] messages , send[30] 
17:46:37.018049 [crit] TID[6988] FILE[connection.cpp]LINE[718] we have sent[30] messages , send[30] 
17:46:37.018049 [crit] TID[8840] FILE[connection.cpp]LINE[718] we have sent[30] messages , send[30] 
17:46:37.018049 [crit] TID[9828] FILE[connection.cpp]LINE[718] we have sent[30] messages , send[30] 
17:46:37.860978 [crit] TID[7064] FILE[connection.cpp]LINE[718] we have sent[30] messages , send[30] 
17:46:37.860978 [crit] TID[6380] FILE[connection.cpp]LINE[718] we have sent[30] messages , send[30] 
17:46:37.860978 [crit] TID[8360] FILE[connection.cpp]LINE[718] we have sent[30] messages , send[30] 
17:46:37.860978 [crit] TID[3808] FILE[connection.cpp]LINE[718] we have sent[30] messages , send[30] 
17:46:37.860978 [crit] TID[7156] FILE[connection.cpp]LINE[718] we have sent[30] messages , send[30] 
17:46:39.924468 [crit] TID[6496] FILE[connection.cpp]LINE[718] we have sent[30] messages , send[30] 
17:47:38.133360 [crit] TID[6988] FILE[connection.cpp]LINE[718] we have sent[31] messages , send[31] 
17:47:38.133360 [crit] TID[9828] FILE[connection.cpp]LINE[718] we have sent[31] messages , send[31] 
17:47:38.133360 [crit] TID[8840] FILE[connection.cpp]LINE[718] we have sent[31] messages , send[31] 
17:47:38.133360 [crit] TID[3564] FILE[connection.cpp]LINE[718] we have sent[31] messages , send[31] 
17:47:38.133360 [crit] TID[8240] FILE[connection.cpp]LINE[718] we have sent[31] messages , send[31] 
17:47:38.946782 [crit] TID[8360] FILE[connection.cpp]LINE[718] we have sent[31] messages , send[31] 
17:47:38.946782 [crit] TID[7156] FILE[connection.cpp]LINE[718] we have sent[31] messages , send[31] 
17:47:38.946782 [crit] TID[6380] FILE[connection.cpp]LINE[718] we have sent[31] messages , send[31] 
17:47:38.946782 [crit] TID[7064] FILE[connection.cpp]LINE[718] we have sent[31] messages , send[31] 
17:47:38.946782 [crit] TID[3808] FILE[connection.cpp]LINE[718] we have sent[31] messages , send[31] 
17:47:40.024085 [crit] TID[6496] FILE[connection.cpp]LINE[718] we have sent[31] messages , send[31] 
17:48:39.078973 [crit] TID[6380] FILE[connection.cpp]LINE[718] we have sent[32] messages , send[32] 
17:48:39.078973 [crit] TID[7064] FILE[connection.cpp]LINE[718] we have sent[32] messages , send[32] 
17:48:39.078973 [crit] TID[3808] FILE[connection.cpp]LINE[718] we have sent[32] messages , send[32] 
17:48:39.078973 [crit] TID[8360] FILE[connection.cpp]LINE[718] we have sent[32] messages , send[32] 
17:48:39.078973 [crit] TID[7156] FILE[connection.cpp]LINE[718] we have sent[32] messages , send[32] 
17:48:39.316962 [crit] TID[8840] FILE[connection.cpp]LINE[718] we have sent[32] messages , send[32] 
17:48:39.316962 [crit] TID[3564] FILE[connection.cpp]LINE[718] we have sent[32] messages , send[32] 
17:48:39.316962 [crit] TID[8240] FILE[connection.cpp]LINE[718] we have sent[32] messages , send[32] 
17:48:39.316962 [crit] TID[6988] FILE[connection.cpp]LINE[718] we have sent[32] messages , send[32] 
17:48:39.316962 [crit] TID[9828] FILE[connection.cpp]LINE[718] we have sent[32] messages , send[32] 
17:48:41.220029 [crit] TID[6496] FILE[connection.cpp]LINE[718] we have sent[32] messages , send[32] 
17:49:40.188071 [crit] TID[8360] FILE[connection.cpp]LINE[718] we have sent[33] messages , send[33] 
17:49:40.188071 [crit] TID[7064] FILE[connection.cpp]LINE[718] we have sent[33] messages , send[33] 
17:49:40.188071 [crit] TID[3808] FILE[connection.cpp]LINE[718] we have sent[33] messages , send[33] 
17:49:40.188071 [crit] TID[6380] FILE[connection.cpp]LINE[718] we have sent[33] messages , send[33] 
17:49:40.188071 [crit] TID[7156] FILE[connection.cpp]LINE[718] we have sent[33] messages , send[33] 
17:49:40.422362 [crit] TID[9828] FILE[connection.cpp]LINE[718] we have sent[33] messages , send[33] 
17:49:40.422362 [crit] TID[8240] FILE[connection.cpp]LINE[718] we have sent[33] messages , send[33] 
17:49:40.422362 [crit] TID[3564] FILE[connection.cpp]LINE[718] we have sent[33] messages , send[33] 
17:49:40.422362 [crit] TID[6988] FILE[connection.cpp]LINE[718] we have sent[33] messages , send[33] 
17:49:40.422362 [crit] TID[8840] FILE[connection.cpp]LINE[718] we have sent[33] messages , send[33] 
17:49:42.313231 [crit] TID[6496] FILE[connection.cpp]LINE[718] we have sent[33] messages , send[33] 
17:50:41.343068 [crit] TID[7156] FILE[connection.cpp]LINE[718] we have sent[34] messages , send[34] 
17:50:41.343068 [crit] TID[3808] FILE[connection.cpp]LINE[718] we have sent[34] messages , send[34] 
17:50:41.343068 [crit] TID[6380] FILE[connection.cpp]LINE[718] we have sent[34] messages , send[34] 
17:50:41.343068 [crit] TID[8360] FILE[connection.cpp]LINE[718] we have sent[34] messages , send[34] 
17:50:41.343068 [crit] TID[7064] FILE[connection.cpp]LINE[718] we have sent[34] messages , send[34] 
17:50:41.608342 [crit] TID[6988] FILE[connection.cpp]LINE[718] we have sent[34] messages , send[34] 
17:50:41.608342 [crit] TID[8840] FILE[connection.cpp]LINE[718] we have sent[34] messages , send[34] 
17:50:41.608342 [crit] TID[9828] FILE[connection.cpp]LINE[718] we have sent[34] messages , send[34] 
17:50:41.608342 [crit] TID[3564] FILE[connection.cpp]LINE[718] we have sent[34] messages , send[34] 
17:50:41.608342 [crit] TID[8240] FILE[connection.cpp]LINE[718] we have sent[34] messages , send[34] 
17:50:43.489056 [crit] TID[6496] FILE[connection.cpp]LINE[718] we have sent[34] messages , send[34] 
