13:23:49.904195 [crit] TID[5580] FILE[connection.cpp]LINE[250] we have connected  to [172.16.8.85] 
13:23:49.904697 [crit] TID[7712] FILE[connection.cpp]LINE[697] we have started a send thread int connection[00B25908] 
13:23:49.904697 [crit] TID[5580] FILE[connection.cpp]LINE[371] setHandler [gateway_srv_token_verify.req.queue] DeliveType[DeliverDirect] 
13:23:49.909208 [crit] TID[5580] FILE[connection.cpp]LINE[971] we have add receiver queue[00B7A7A8] for name[gateway_srv_token_verify.req.queue] 
13:23:49.910712 [crit] TID[5580] FILE[connection.cpp]LINE[384] we have created Handler[gateway_srv_token_verify.req.queue] 
13:23:49.913219 [crit] TID[7584] FILE[connection.cpp]LINE[547] we have started a callback thread in connection[00B25908] 
13:23:49.913219 [crit] TID[7572] FILE[connection.cpp]LINE[840] we have started a recv thread in connection[00B25908] 
13:23:49.919243 [crit] TID[5580] FILE[connection.cpp]LINE[250] we have connected  to [172.16.8.85] 
13:23:49.920751 [crit] TID[5580] FILE[connection.cpp]LINE[371] setHandler [gateway_srv_token_verify.req.queue] DeliveType[DeliverDirect] 
13:23:49.921240 [crit] TID[6532] FILE[connection.cpp]LINE[697] we have started a send thread int connection[00B7B978] 
13:23:49.924750 [crit] TID[5580] FILE[connection.cpp]LINE[971] we have add receiver queue[036701A8] for name[gateway_srv_token_verify.req.queue] 
13:23:49.926756 [crit] TID[5580] FILE[connection.cpp]LINE[384] we have created Handler[gateway_srv_token_verify.req.queue] 
13:23:49.927258 [crit] TID[5312] FILE[connection.cpp]LINE[547] we have started a callback thread in connection[00B7B978] 
13:23:49.927758 [crit] TID[1916] FILE[connection.cpp]LINE[840] we have started a recv thread in connection[00B7B978] 
13:23:49.934276 [crit] TID[5580] FILE[connection.cpp]LINE[250] we have connected  to [172.16.8.85] 
13:23:49.934777 [crit] TID[5580] FILE[connection.cpp]LINE[371] setHandler [gateway_srv_token_verify.req.queue] DeliveType[DeliverDirect] 
13:23:49.934777 [crit] TID[920] FILE[connection.cpp]LINE[697] we have started a send thread int connection[03671E00] 
13:23:49.940291 [crit] TID[5580] FILE[connection.cpp]LINE[971] we have add receiver queue[036B4780] for name[gateway_srv_token_verify.req.queue] 
13:23:49.941794 [crit] TID[5580] FILE[connection.cpp]LINE[384] we have created Handler[gateway_srv_token_verify.req.queue] 
13:23:49.942800 [crit] TID[6644] FILE[connection.cpp]LINE[547] we have started a callback thread in connection[03671E00] 
13:23:49.942800 [crit] TID[6596] FILE[connection.cpp]LINE[840] we have started a recv thread in connection[03671E00] 
13:23:49.954831 [crit] TID[5580] FILE[connection.cpp]LINE[250] we have connected  to [172.16.8.85] 
13:23:49.955331 [crit] TID[5580] FILE[connection.cpp]LINE[371] setHandler [gateway_srv_token_verify.req.queue] DeliveType[DeliverDirect] 
13:23:49.955331 [crit] TID[5588] FILE[connection.cpp]LINE[697] we have started a send thread int connection[00BAD3D0] 
13:23:49.958340 [crit] TID[5580] FILE[connection.cpp]LINE[971] we have add receiver queue[036FE978] for name[gateway_srv_token_verify.req.queue] 
13:23:49.959845 [crit] TID[5580] FILE[connection.cpp]LINE[384] we have created Handler[gateway_srv_token_verify.req.queue] 
13:23:49.960346 [crit] TID[2916] FILE[connection.cpp]LINE[547] we have started a callback thread in connection[00BAD3D0] 
13:23:49.960346 [crit] TID[4336] FILE[connection.cpp]LINE[840] we have started a recv thread in connection[00BAD3D0] 
13:23:49.966862 [crit] TID[5580] FILE[connection.cpp]LINE[250] we have connected  to [172.16.8.85] 
13:23:49.967363 [crit] TID[5580] FILE[connection.cpp]LINE[371] setHandler [gateway_srv_token_verify.req.queue] DeliveType[DeliverDirect] 
13:23:49.967363 [crit] TID[7684] FILE[connection.cpp]LINE[697] we have started a send thread int connection[03701028] 
13:23:49.972377 [crit] TID[5580] FILE[connection.cpp]LINE[971] we have add receiver queue[0374AFA8] for name[gateway_srv_token_verify.req.queue] 
13:23:49.973881 [crit] TID[5580] FILE[connection.cpp]LINE[384] we have created Handler[gateway_srv_token_verify.req.queue] 
13:23:49.974884 [crit] TID[1264] FILE[connection.cpp]LINE[547] we have started a callback thread in connection[03701028] 
13:23:49.974884 [crit] TID[5744] FILE[connection.cpp]LINE[840] we have started a recv thread in connection[03701028] 
13:23:49.980397 [crit] TID[5580] FILE[connection.cpp]LINE[250] we have connected  to [172.16.8.85] 
13:23:49.980901 [crit] TID[4192] FILE[connection.cpp]LINE[697] we have started a send thread int connection[0374D690] 
13:23:49.980901 [crit] TID[5580] FILE[connection.cpp]LINE[371] setHandler [gateway_srv_token_verify.req.queue] DeliveType[DeliverDirect] 
13:23:49.983909 [crit] TID[5580] FILE[connection.cpp]LINE[971] we have add receiver queue[047D84D8] for name[gateway_srv_token_verify.req.queue] 
13:23:49.985415 [crit] TID[5580] FILE[connection.cpp]LINE[384] we have created Handler[gateway_srv_token_verify.req.queue] 
13:23:49.985914 [crit] TID[7116] FILE[connection.cpp]LINE[547] we have started a callback thread in connection[0374D690] 
13:23:49.985914 [crit] TID[5360] FILE[connection.cpp]LINE[840] we have started a recv thread in connection[0374D690] 
13:23:50.094702 [crit] TID[5580] FILE[connection.cpp]LINE[250] we have connected  to [172.16.8.85] 
13:23:50.095707 [crit] TID[5580] FILE[connection.cpp]LINE[371] setHandler [gateway_srv_token_verify.req.queue] DeliveType[DeliverDirect] 
13:23:50.095707 [crit] TID[3500] FILE[connection.cpp]LINE[697] we have started a send thread int connection[047DA0F8] 
13:23:50.099717 [crit] TID[5580] FILE[connection.cpp]LINE[971] we have add receiver queue[048246D8] for name[gateway_srv_token_verify.req.queue] 
13:23:50.101219 [crit] TID[5580] FILE[connection.cpp]LINE[384] we have created Handler[gateway_srv_token_verify.req.queue] 
13:23:50.101722 [crit] TID[888] FILE[connection.cpp]LINE[547] we have started a callback thread in connection[047DA0F8] 
13:23:50.101722 [crit] TID[688] FILE[connection.cpp]LINE[840] we have started a recv thread in connection[047DA0F8] 
13:23:50.106734 [crit] TID[5580] FILE[connection.cpp]LINE[250] we have connected  to [172.16.8.85] 
13:23:50.107737 [crit] TID[5580] FILE[connection.cpp]LINE[371] setHandler [gateway_srv_token_verify.req.queue] DeliveType[DeliverDirect] 
13:23:50.107737 [crit] TID[3176] FILE[connection.cpp]LINE[697] we have started a send thread int connection[04829F28] 
13:23:50.111246 [crit] TID[5580] FILE[connection.cpp]LINE[971] we have add receiver queue[04870D58] for name[gateway_srv_token_verify.req.queue] 
13:23:50.112249 [crit] TID[5580] FILE[connection.cpp]LINE[384] we have created Handler[gateway_srv_token_verify.req.queue] 
13:23:50.113251 [crit] TID[2764] FILE[connection.cpp]LINE[547] we have started a callback thread in connection[04829F28] 
13:23:50.113251 [crit] TID[7664] FILE[connection.cpp]LINE[840] we have started a recv thread in connection[04829F28] 
13:23:50.117763 [crit] TID[5580] FILE[connection.cpp]LINE[250] we have connected  to [172.16.8.85] 
13:23:50.118265 [crit] TID[5580] FILE[connection.cpp]LINE[371] setHandler [gateway_srv_token_verify.req.queue] DeliveType[DeliverDirect] 
13:23:50.118265 [crit] TID[172] FILE[connection.cpp]LINE[697] we have started a send thread int connection[04876F20] 
13:23:50.121271 [crit] TID[5580] FILE[connection.cpp]LINE[971] we have add receiver queue[048BB978] for name[gateway_srv_token_verify.req.queue] 
13:23:50.122776 [crit] TID[5580] FILE[connection.cpp]LINE[384] we have created Handler[gateway_srv_token_verify.req.queue] 
13:23:50.123277 [crit] TID[8124] FILE[connection.cpp]LINE[547] we have started a callback thread in connection[04876F20] 
13:23:50.123778 [crit] TID[1356] FILE[connection.cpp]LINE[840] we have started a recv thread in connection[04876F20] 
13:23:50.128792 [crit] TID[5580] FILE[connection.cpp]LINE[250] we have connected  to [172.16.8.85] 
13:23:50.129293 [crit] TID[5580] FILE[connection.cpp]LINE[371] setHandler [gateway_srv_token_verify.req.queue] DeliveType[DeliverDirect] 
13:23:50.129293 [crit] TID[2760] FILE[connection.cpp]LINE[697] we have started a send thread int connection[048BE850] 
13:23:50.132802 [crit] TID[5580] FILE[connection.cpp]LINE[971] we have add receiver queue[049067B8] for name[gateway_srv_token_verify.req.queue] 
13:23:50.134306 [crit] TID[5580] FILE[connection.cpp]LINE[384] we have created Handler[gateway_srv_token_verify.req.queue] 
13:23:50.134808 [crit] TID[3784] FILE[connection.cpp]LINE[840] we have started a recv thread in connection[048BE850] 
13:23:50.134808 [crit] TID[3552] FILE[connection.cpp]LINE[547] we have started a callback thread in connection[048BE850] 
13:23:50.149346 [crit] TID[5580] FILE[connection.cpp]LINE[250] we have connected  to [172.16.8.85] 
13:23:50.149848 [crit] TID[5580] FILE[connection.cpp]LINE[371] setHandler [login_srv_token_sync.queue] DeliveType[DeliverFanout] 
13:23:50.149848 [crit] TID[1144] FILE[connection.cpp]LINE[697] we have started a send thread int connection[0490CED8] 
13:23:50.156866 [crit] TID[5580] FILE[connection.cpp]LINE[971] we have add receiver queue[04951530] for name[ede2eb9e-607e-4417-8654-3b056b627683#.login_srv_token_sync.queue] 
13:23:50.156866 [crit] TID[5580] FILE[connection.cpp]LINE[979] we will build  a senderfor fanout , to confirm exchange[login_srv_token_sync.queue]  is exist 
13:23:50.162383 [crit] TID[5580] FILE[connection.cpp]LINE[1021] we have create sender queue[login_srv_token_sync.queue] type[DeliverFanout] , Success[TRUE] 
13:23:50.162383 [crit] TID[5580] FILE[connection.cpp]LINE[985] we have confirm exchange[login_srv_token_sync.queue] exist 
13:23:50.163905 [crit] TID[5580] FILE[connection.cpp]LINE[384] we have created Handler[login_srv_token_sync.queue] 
13:23:50.164890 [crit] TID[7760] FILE[connection.cpp]LINE[547] we have started a callback thread in connection[0490CED8] 
13:23:50.164890 [crit] TID[1440] FILE[connection.cpp]LINE[840] we have started a recv thread in connection[0490CED8] 
13:23:50.932151 [crit] TID[7712] FILE[connection.cpp]LINE[1021] we have create sender queue[SYS.HEARTBEAT] type[DeliverFanout] , Success[TRUE] 
13:23:50.933154 [crit] TID[6532] FILE[connection.cpp]LINE[1021] we have create sender queue[SYS.HEARTBEAT] type[DeliverFanout] , Success[TRUE] 
13:23:50.944641 [crit] TID[920] FILE[connection.cpp]LINE[1021] we have create sender queue[SYS.HEARTBEAT] type[DeliverFanout] , Success[TRUE] 
13:23:50.968279 [crit] TID[5588] FILE[connection.cpp]LINE[1021] we have create sender queue[SYS.HEARTBEAT] type[DeliverFanout] , Success[TRUE] 
13:23:50.976300 [crit] TID[7684] FILE[connection.cpp]LINE[1021] we have create sender queue[SYS.HEARTBEAT] type[DeliverFanout] , Success[TRUE] 
13:23:50.986964 [crit] TID[4192] FILE[connection.cpp]LINE[1021] we have create sender queue[SYS.HEARTBEAT] type[DeliverFanout] , Success[TRUE] 
13:23:51.103454 [crit] TID[3500] FILE[connection.cpp]LINE[1021] we have create sender queue[SYS.HEARTBEAT] type[DeliverFanout] , Success[TRUE] 
13:23:51.114331 [crit] TID[3176] FILE[connection.cpp]LINE[1021] we have create sender queue[SYS.HEARTBEAT] type[DeliverFanout] , Success[TRUE] 
13:23:51.124479 [crit] TID[172] FILE[connection.cpp]LINE[1021] we have create sender queue[SYS.HEARTBEAT] type[DeliverFanout] , Success[TRUE] 
13:23:51.136321 [crit] TID[2760] FILE[connection.cpp]LINE[1021] we have create sender queue[SYS.HEARTBEAT] type[DeliverFanout] , Success[TRUE] 
13:23:51.157424 [crit] TID[1144] FILE[connection.cpp]LINE[1021] we have create sender queue[SYS.HEARTBEAT] type[DeliverFanout] , Success[TRUE] 
13:24:50.006043 [crit] TID[7684] FILE[connection.cpp]LINE[718] we have sent[1] messages , send[1] 
13:24:50.010501 [crit] TID[4192] FILE[connection.cpp]LINE[718] we have sent[1] messages , send[1] 
13:24:50.964751 [crit] TID[7712] FILE[connection.cpp]LINE[718] we have sent[1] messages , send[1] 
13:24:50.964751 [crit] TID[6532] FILE[connection.cpp]LINE[718] we have sent[1] messages , send[1] 
13:24:50.972174 [crit] TID[920] FILE[connection.cpp]LINE[718] we have sent[1] messages , send[1] 
13:24:50.995290 [crit] TID[5588] FILE[connection.cpp]LINE[718] we have sent[1] messages , send[1] 
13:24:51.127940 [crit] TID[3500] FILE[connection.cpp]LINE[718] we have sent[1] messages , send[1] 
13:24:51.141499 [crit] TID[3176] FILE[connection.cpp]LINE[718] we have sent[1] messages , send[1] 
13:24:51.150600 [crit] TID[172] FILE[connection.cpp]LINE[718] we have sent[1] messages , send[1] 
13:24:51.161264 [crit] TID[2760] FILE[connection.cpp]LINE[718] we have sent[1] messages , send[1] 
13:24:51.185130 [crit] TID[1144] FILE[connection.cpp]LINE[718] we have sent[1] messages , send[1] 
13:25:51.000814 [crit] TID[920] FILE[connection.cpp]LINE[718] we have sent[3] messages , send[3] 
13:25:51.021899 [crit] TID[5588] FILE[connection.cpp]LINE[718] we have sent[3] messages , send[3] 
13:25:51.035669 [crit] TID[7684] FILE[connection.cpp]LINE[718] we have sent[3] messages , send[3] 
13:25:51.035669 [crit] TID[4192] FILE[connection.cpp]LINE[718] we have sent[3] messages , send[3] 
13:25:51.994195 [crit] TID[6532] FILE[connection.cpp]LINE[718] we have sent[3] messages , send[3] 
13:25:51.994195 [crit] TID[7712] FILE[connection.cpp]LINE[718] we have sent[3] messages , send[3] 
13:25:52.156565 [crit] TID[3500] FILE[connection.cpp]LINE[718] we have sent[3] messages , send[3] 
13:25:52.171565 [crit] TID[3176] FILE[connection.cpp]LINE[718] we have sent[3] messages , send[3] 
13:25:52.176607 [crit] TID[172] FILE[connection.cpp]LINE[718] we have sent[3] messages , send[3] 
13:25:52.191509 [crit] TID[2760] FILE[connection.cpp]LINE[718] we have sent[3] messages , send[3] 
13:25:52.215500 [crit] TID[1144] FILE[connection.cpp]LINE[718] we have sent[3] messages , send[3] 
13:26:52.019930 [crit] TID[6532] FILE[connection.cpp]LINE[718] we have sent[4] messages , send[4] 
13:26:52.020916 [crit] TID[7712] FILE[connection.cpp]LINE[718] we have sent[4] messages , send[4] 
13:26:52.025141 [crit] TID[920] FILE[connection.cpp]LINE[718] we have sent[4] messages , send[4] 
13:26:52.047994 [crit] TID[5588] FILE[connection.cpp]LINE[718] we have sent[4] messages , send[4] 
13:26:52.065631 [crit] TID[7684] FILE[connection.cpp]LINE[718] we have sent[4] messages , send[4] 
13:26:52.065631 [crit] TID[4192] FILE[connection.cpp]LINE[718] we have sent[4] messages , send[4] 
13:26:53.183504 [crit] TID[3500] FILE[connection.cpp]LINE[718] we have sent[4] messages , send[4] 
13:26:53.197455 [crit] TID[3176] FILE[connection.cpp]LINE[718] we have sent[4] messages , send[4] 
13:26:53.207279 [crit] TID[172] FILE[connection.cpp]LINE[718] we have sent[4] messages , send[4] 
13:26:53.218612 [crit] TID[2760] FILE[connection.cpp]LINE[718] we have sent[4] messages , send[4] 
13:26:53.246512 [crit] TID[1144] FILE[connection.cpp]LINE[718] we have sent[4] messages , send[4] 
13:27:53.041013 [crit] TID[6532] FILE[connection.cpp]LINE[718] we have sent[5] messages , send[5] 
13:27:53.044993 [crit] TID[7712] FILE[connection.cpp]LINE[718] we have sent[5] messages , send[5] 
13:27:53.048028 [crit] TID[920] FILE[connection.cpp]LINE[718] we have sent[5] messages , send[5] 
13:27:53.069499 [crit] TID[5588] FILE[connection.cpp]LINE[718] we have sent[5] messages , send[5] 
13:27:53.086957 [crit] TID[7684] FILE[connection.cpp]LINE[718] we have sent[5] messages , send[5] 
13:27:53.086957 [crit] TID[4192] FILE[connection.cpp]LINE[718] we have sent[5] messages , send[5] 
13:27:54.203305 [crit] TID[3500] FILE[connection.cpp]LINE[718] we have sent[5] messages , send[5] 
13:27:54.218848 [crit] TID[3176] FILE[connection.cpp]LINE[718] we have sent[5] messages , send[5] 
13:27:54.227368 [crit] TID[172] FILE[connection.cpp]LINE[718] we have sent[5] messages , send[5] 
13:27:54.240006 [crit] TID[2760] FILE[connection.cpp]LINE[718] we have sent[5] messages , send[5] 
13:27:54.265971 [crit] TID[1144] FILE[connection.cpp]LINE[718] we have sent[5] messages , send[5] 
13:28:54.061722 [crit] TID[6532] FILE[connection.cpp]LINE[718] we have sent[6] messages , send[6] 
13:28:54.062719 [crit] TID[7712] FILE[connection.cpp]LINE[718] we have sent[6] messages , send[6] 
13:28:54.066719 [crit] TID[920] FILE[connection.cpp]LINE[718] we have sent[6] messages , send[6] 
13:28:54.090783 [crit] TID[5588] FILE[connection.cpp]LINE[718] we have sent[6] messages , send[6] 
13:28:54.111173 [crit] TID[7684] FILE[connection.cpp]LINE[718] we have sent[6] messages , send[6] 
13:28:54.111173 [crit] TID[4192] FILE[connection.cpp]LINE[718] we have sent[6] messages , send[6] 
13:28:55.221843 [crit] TID[3500] FILE[connection.cpp]LINE[718] we have sent[6] messages , send[6] 
13:28:55.241103 [crit] TID[3176] FILE[connection.cpp]LINE[718] we have sent[6] messages , send[6] 
13:28:55.248810 [crit] TID[172] FILE[connection.cpp]LINE[718] we have sent[6] messages , send[6] 
13:28:55.258870 [crit] TID[2760] FILE[connection.cpp]LINE[718] we have sent[6] messages , send[6] 
13:28:55.285717 [crit] TID[1144] FILE[connection.cpp]LINE[718] we have sent[6] messages , send[6] 
