14:28:37.899009 [crit] TID[4312] FILE[connection.cpp]LINE[250] we have connected  to [172.16.8.85] 
14:28:37.899510 [crit] TID[3264] FILE[connection.cpp]LINE[697] we have started a send thread int connection[008B6B70] 
14:28:37.899510 [crit] TID[4312] FILE[connection.cpp]LINE[371] setHandler [gateway_srv_token_verify.req.queue] DeliveType[DeliverDirect] 
14:28:37.903019 [crit] TID[4312] FILE[connection.cpp]LINE[971] we have add receiver queue[00908B90] for name[gateway_srv_token_verify.req.queue] 
14:28:37.904523 [crit] TID[4312] FILE[connection.cpp]LINE[384] we have created Handler[gateway_srv_token_verify.req.queue] 
14:28:37.905024 [crit] TID[5012] FILE[connection.cpp]LINE[547] we have started a callback thread in connection[008B6B70] 
14:28:37.905024 [crit] TID[1640] FILE[connection.cpp]LINE[840] we have started a recv thread in connection[008B6B70] 
14:28:37.909537 [crit] TID[4312] FILE[connection.cpp]LINE[250] we have connected  to [172.16.8.85] 
14:28:37.910038 [crit] TID[7020] FILE[connection.cpp]LINE[697] we have started a send thread int connection[0090EF30] 
14:28:37.910038 [crit] TID[4312] FILE[connection.cpp]LINE[371] setHandler [gateway_srv_token_verify.req.queue] DeliveType[DeliverDirect] 
14:28:37.912043 [crit] TID[4312] FILE[connection.cpp]LINE[971] we have add receiver queue[00934C00] for name[gateway_srv_token_verify.req.queue] 
14:28:37.913547 [crit] TID[4312] FILE[connection.cpp]LINE[384] we have created Handler[gateway_srv_token_verify.req.queue] 
14:28:37.914049 [crit] TID[4004] FILE[connection.cpp]LINE[547] we have started a callback thread in connection[0090EF30] 
14:28:37.914049 [crit] TID[5968] FILE[connection.cpp]LINE[840] we have started a recv thread in connection[0090EF30] 
14:28:37.919563 [crit] TID[4312] FILE[connection.cpp]LINE[250] we have connected  to [172.16.8.85] 
14:28:37.919563 [crit] TID[4312] FILE[connection.cpp]LINE[371] setHandler [gateway_srv_token_verify.req.queue] DeliveType[DeliverDirect] 
14:28:37.919563 [crit] TID[4160] FILE[connection.cpp]LINE[697] we have started a send thread int connection[03442010] 
14:28:37.922070 [crit] TID[4312] FILE[connection.cpp]LINE[971] we have add receiver queue[03485768] for name[gateway_srv_token_verify.req.queue] 
14:28:37.923574 [crit] TID[4312] FILE[connection.cpp]LINE[384] we have created Handler[gateway_srv_token_verify.req.queue] 
14:28:37.924075 [crit] TID[7444] FILE[connection.cpp]LINE[547] we have started a callback thread in connection[03442010] 
14:28:37.924075 [crit] TID[7528] FILE[connection.cpp]LINE[840] we have started a recv thread in connection[03442010] 
14:28:37.929088 [crit] TID[4312] FILE[connection.cpp]LINE[250] we have connected  to [172.16.8.85] 
14:28:37.929590 [crit] TID[4312] FILE[connection.cpp]LINE[371] setHandler [gateway_srv_token_verify.req.queue] DeliveType[DeliverDirect] 
14:28:37.929590 [crit] TID[1568] FILE[connection.cpp]LINE[697] we have started a send thread int connection[03486B60] 
14:28:37.932598 [crit] TID[4312] FILE[connection.cpp]LINE[971] we have add receiver queue[034CFF38] for name[gateway_srv_token_verify.req.queue] 
14:28:37.933601 [crit] TID[4312] FILE[connection.cpp]LINE[384] we have created Handler[gateway_srv_token_verify.req.queue] 
14:28:37.934102 [crit] TID[4776] FILE[connection.cpp]LINE[547] we have started a callback thread in connection[03486B60] 
14:28:37.934102 [crit] TID[6988] FILE[connection.cpp]LINE[840] we have started a recv thread in connection[03486B60] 
14:28:37.989750 [crit] TID[4312] FILE[connection.cpp]LINE[250] we have connected  to [172.16.8.85] 
14:28:37.990251 [crit] TID[4312] FILE[connection.cpp]LINE[371] setHandler [gateway_srv_token_verify.req.queue] DeliveType[DeliverDirect] 
14:28:37.990752 [crit] TID[7524] FILE[connection.cpp]LINE[697] we have started a send thread int connection[034D1450] 
14:28:37.994262 [crit] TID[4312] FILE[connection.cpp]LINE[971] we have add receiver queue[0351BF88] for name[gateway_srv_token_verify.req.queue] 
14:28:37.995767 [crit] TID[4312] FILE[connection.cpp]LINE[384] we have created Handler[gateway_srv_token_verify.req.queue] 
14:28:37.995767 [crit] TID[692] FILE[connection.cpp]LINE[547] we have started a callback thread in connection[034D1450] 
14:28:37.996268 [crit] TID[2832] FILE[connection.cpp]LINE[840] we have started a recv thread in connection[034D1450] 
14:28:38.000780 [crit] TID[4312] FILE[connection.cpp]LINE[250] we have connected  to [172.16.8.85] 
14:28:38.001280 [crit] TID[4312] FILE[connection.cpp]LINE[371] setHandler [gateway_srv_token_verify.req.queue] DeliveType[DeliverDirect] 
14:28:38.001280 [crit] TID[2704] FILE[connection.cpp]LINE[697] we have started a send thread int connection[04561DF8] 
14:28:38.003789 [crit] TID[4312] FILE[connection.cpp]LINE[971] we have add receiver queue[045A9C88] for name[gateway_srv_token_verify.req.queue] 
14:28:38.004791 [crit] TID[4312] FILE[connection.cpp]LINE[384] we have created Handler[gateway_srv_token_verify.req.queue] 
14:28:38.005291 [crit] TID[4644] FILE[connection.cpp]LINE[547] we have started a callback thread in connection[04561DF8] 
14:28:38.005291 [crit] TID[7380] FILE[connection.cpp]LINE[840] we have started a recv thread in connection[04561DF8] 
14:28:38.009804 [crit] TID[4312] FILE[connection.cpp]LINE[250] we have connected  to [172.16.8.85] 
14:28:38.010305 [crit] TID[5220] FILE[connection.cpp]LINE[697] we have started a send thread int connection[045AA648] 
14:28:38.010305 [crit] TID[4312] FILE[connection.cpp]LINE[371] setHandler [gateway_srv_token_verify.req.queue] DeliveType[DeliverDirect] 
14:28:38.012812 [crit] TID[4312] FILE[connection.cpp]LINE[971] we have add receiver queue[045F46C8] for name[gateway_srv_token_verify.req.queue] 
14:28:38.014315 [crit] TID[4312] FILE[connection.cpp]LINE[384] we have created Handler[gateway_srv_token_verify.req.queue] 
14:28:38.014315 [crit] TID[7056] FILE[connection.cpp]LINE[547] we have started a callback thread in connection[045AA648] 
14:28:38.014817 [crit] TID[7568] FILE[connection.cpp]LINE[840] we have started a recv thread in connection[045AA648] 
14:28:38.088012 [crit] TID[4312] FILE[connection.cpp]LINE[250] we have connected  to [172.16.8.85] 
14:28:38.088515 [crit] TID[4312] FILE[connection.cpp]LINE[371] setHandler [gateway_srv_token_verify.req.queue] DeliveType[DeliverDirect] 
14:28:38.088515 [crit] TID[2620] FILE[connection.cpp]LINE[697] we have started a send thread int connection[045F72C0] 
14:28:38.092022 [crit] TID[4312] FILE[connection.cpp]LINE[971] we have add receiver queue[046407E0] for name[gateway_srv_token_verify.req.queue] 
14:28:38.093026 [crit] TID[4312] FILE[connection.cpp]LINE[384] we have created Handler[gateway_srv_token_verify.req.queue] 
14:28:38.093527 [crit] TID[1172] FILE[connection.cpp]LINE[547] we have started a callback thread in connection[045F72C0] 
14:28:38.094027 [crit] TID[2260] FILE[connection.cpp]LINE[840] we have started a recv thread in connection[045F72C0] 
14:28:38.098540 [crit] TID[4312] FILE[connection.cpp]LINE[250] we have connected  to [172.16.8.85] 
14:28:38.099076 [crit] TID[4312] FILE[connection.cpp]LINE[371] setHandler [gateway_srv_token_verify.req.queue] DeliveType[DeliverDirect] 
14:28:38.099542 [crit] TID[4448] FILE[connection.cpp]LINE[697] we have started a send thread int connection[04642A20] 
14:28:38.102550 [crit] TID[4312] FILE[connection.cpp]LINE[971] we have add receiver queue[0468B628] for name[gateway_srv_token_verify.req.queue] 
14:28:38.105057 [crit] TID[4312] FILE[connection.cpp]LINE[384] we have created Handler[gateway_srv_token_verify.req.queue] 
14:28:38.105559 [crit] TID[10396] FILE[connection.cpp]LINE[547] we have started a callback thread in connection[04642A20] 
14:28:38.105559 [crit] TID[10616] FILE[connection.cpp]LINE[840] we have started a recv thread in connection[04642A20] 
14:28:38.135138 [crit] TID[4312] FILE[connection.cpp]LINE[250] we have connected  to [172.16.8.85] 
14:28:38.136140 [crit] TID[4312] FILE[connection.cpp]LINE[371] setHandler [gateway_srv_token_verify.req.queue] DeliveType[DeliverDirect] 
14:28:38.136140 [crit] TID[9072] FILE[connection.cpp]LINE[697] we have started a send thread int connection[0468FF10] 
14:28:38.139147 [crit] TID[4312] FILE[connection.cpp]LINE[971] we have add receiver queue[046D62E8] for name[gateway_srv_token_verify.req.queue] 
14:28:38.140652 [crit] TID[4312] FILE[connection.cpp]LINE[384] we have created Handler[gateway_srv_token_verify.req.queue] 
14:28:38.141156 [crit] TID[6904] FILE[connection.cpp]LINE[547] we have started a callback thread in connection[0468FF10] 
14:28:38.141156 [crit] TID[8688] FILE[connection.cpp]LINE[840] we have started a recv thread in connection[0468FF10] 
14:28:38.206326 [crit] TID[4312] FILE[connection.cpp]LINE[250] we have connected  to [172.16.8.85] 
14:28:38.206827 [crit] TID[4312] FILE[connection.cpp]LINE[371] setHandler [login_srv_token_sync.queue] DeliveType[DeliverFanout] 
14:28:38.206827 [crit] TID[7300] FILE[connection.cpp]LINE[697] we have started a send thread int connection[046D8A38] 
14:28:38.213344 [crit] TID[4312] FILE[connection.cpp]LINE[971] we have add receiver queue[04722C00] for name[fec43c12-187f-4180-b57c-c477b14a701b#.login_srv_token_sync.queue] 
14:28:38.213344 [crit] TID[4312] FILE[connection.cpp]LINE[979] we will build  a senderfor fanout , to confirm exchange[login_srv_token_sync.queue]  is exist 
14:28:38.217897 [crit] TID[4312] FILE[connection.cpp]LINE[1021] we have create sender queue[login_srv_token_sync.queue] type[DeliverFanout] , Success[TRUE] 
14:28:38.217897 [crit] TID[4312] FILE[connection.cpp]LINE[985] we have confirm exchange[login_srv_token_sync.queue] exist 
14:28:38.219862 [crit] TID[4312] FILE[connection.cpp]LINE[384] we have created Handler[login_srv_token_sync.queue] 
14:28:38.220364 [crit] TID[8104] FILE[connection.cpp]LINE[547] we have started a callback thread in connection[046D8A38] 
14:28:38.220364 [crit] TID[11208] FILE[connection.cpp]LINE[840] we have started a recv thread in connection[046D8A38] 
14:28:38.906079 [crit] TID[3264] FILE[connection.cpp]LINE[1021] we have create sender queue[SYS.HEARTBEAT] type[DeliverFanout] , Success[TRUE] 
14:28:38.922017 [crit] TID[7020] FILE[connection.cpp]LINE[1021] we have create sender queue[SYS.HEARTBEAT] type[DeliverFanout] , Success[TRUE] 
14:28:38.922017 [crit] TID[4160] FILE[connection.cpp]LINE[1021] we have create sender queue[SYS.HEARTBEAT] type[DeliverFanout] , Success[TRUE] 
14:28:38.937294 [crit] TID[1568] FILE[connection.cpp]LINE[1021] we have create sender queue[SYS.HEARTBEAT] type[DeliverFanout] , Success[TRUE] 
14:28:38.999836 [crit] TID[7524] FILE[connection.cpp]LINE[1021] we have create sender queue[SYS.HEARTBEAT] type[DeliverFanout] , Success[TRUE] 
14:28:39.015457 [crit] TID[2704] FILE[connection.cpp]LINE[1021] we have create sender queue[SYS.HEARTBEAT] type[DeliverFanout] , Success[TRUE] 
14:28:39.015457 [crit] TID[5220] FILE[connection.cpp]LINE[1021] we have create sender queue[SYS.HEARTBEAT] type[DeliverFanout] , Success[TRUE] 
14:28:39.093559 [crit] TID[2620] FILE[connection.cpp]LINE[1021] we have create sender queue[SYS.HEARTBEAT] type[DeliverFanout] , Success[TRUE] 
14:28:39.109225 [crit] TID[4448] FILE[connection.cpp]LINE[1021] we have create sender queue[SYS.HEARTBEAT] type[DeliverFanout] , Success[TRUE] 
14:28:39.140440 [crit] TID[9072] FILE[connection.cpp]LINE[1021] we have create sender queue[SYS.HEARTBEAT] type[DeliverFanout] , Success[TRUE] 
14:28:39.218612 [crit] TID[7300] FILE[connection.cpp]LINE[1021] we have create sender queue[SYS.HEARTBEAT] type[DeliverFanout] , Success[TRUE] 
