13:18:17.921247 [crit] TID[10804] FILE[connection.cpp]LINE[250] we have connected  to [172.16.8.85] 
13:18:17.921749 [crit] TID[5404] FILE[connection.cpp]LINE[697] we have started a send thread int connection[0103BBC0] 
13:18:17.922250 [crit] TID[10804] FILE[connection.cpp]LINE[371] setHandler [gateway_srv_token_verify.req.queue] DeliveType[DeliverDirect] 
13:18:17.928266 [crit] TID[10804] FILE[connection.cpp]LINE[971] we have add receiver queue[0108E390] for name[gateway_srv_token_verify.req.queue] 
13:18:17.933279 [crit] TID[10804] FILE[connection.cpp]LINE[384] we have created Handler[gateway_srv_token_verify.req.queue] 
13:18:17.942804 [crit] TID[10112] FILE[connection.cpp]LINE[547] we have started a callback thread in connection[0103BBC0] 
13:18:17.942804 [crit] TID[7940] FILE[connection.cpp]LINE[840] we have started a recv thread in connection[0103BBC0] 
13:18:17.978399 [crit] TID[10804] FILE[connection.cpp]LINE[250] we have connected  to [172.16.8.85] 
13:18:17.978900 [crit] TID[5052] FILE[connection.cpp]LINE[697] we have started a send thread int connection[010914E8] 
13:18:17.979402 [crit] TID[10804] FILE[connection.cpp]LINE[371] setHandler [login_srv_fanout_listen.queue] DeliveType[DeliverFanout] 
13:18:17.988425 [crit] TID[10804] FILE[connection.cpp]LINE[971] we have add receiver queue[010BB3F0] for name[0eb2ffcd-6e1d-4647-a29e-d3b62a80b136#.login_srv_fanout_listen.queue] 
13:18:17.988425 [crit] TID[10804] FILE[connection.cpp]LINE[979] we will build  a senderfor fanout , to confirm exchange[login_srv_fanout_listen.queue]  is exist 
13:18:17.996447 [crit] TID[10804] FILE[connection.cpp]LINE[1021] we have create sender queue[login_srv_fanout_listen.queue] type[DeliverFanout] , Success[TRUE] 
13:18:17.996447 [crit] TID[10804] FILE[connection.cpp]LINE[985] we have confirm exchange[login_srv_fanout_listen.queue] exist 
13:18:18.003968 [crit] TID[10804] FILE[connection.cpp]LINE[384] we have created Handler[login_srv_fanout_listen.queue] 
13:18:18.004970 [crit] TID[7788] FILE[connection.cpp]LINE[547] we have started a callback thread in connection[010914E8] 
13:18:18.004970 [crit] TID[8404] FILE[connection.cpp]LINE[840] we have started a recv thread in connection[010914E8] 
13:18:18.931011 [crit] TID[5404] FILE[connection.cpp]LINE[1021] we have create sender queue[SYS.HEARTBEAT] type[DeliverFanout] , Success[TRUE] 
13:18:18.993556 [crit] TID[5052] FILE[connection.cpp]LINE[1021] we have create sender queue[SYS.HEARTBEAT] type[DeliverFanout] , Success[TRUE] 
13:19:18.301324 [crit] TID[5404] FILE[connection.cpp]LINE[718] we have sent[1] messages , send[1] 
13:19:18.347942 [crit] TID[5052] FILE[connection.cpp]LINE[718] we have sent[1] messages , send[1] 
13:20:19.545434 [crit] TID[5404] FILE[connection.cpp]LINE[718] we have sent[3] messages , send[3] 
13:20:19.608101 [crit] TID[5052] FILE[connection.cpp]LINE[718] we have sent[3] messages , send[3] 
13:21:20.696578 [crit] TID[5404] FILE[connection.cpp]LINE[718] we have sent[4] messages , send[4] 
13:21:20.728513 [crit] TID[5052] FILE[connection.cpp]LINE[718] we have sent[4] messages , send[4] 
13:22:21.942961 [crit] TID[5404] FILE[connection.cpp]LINE[718] we have sent[5] messages , send[5] 
13:22:21.959506 [crit] TID[5052] FILE[connection.cpp]LINE[718] we have sent[5] messages , send[5] 
13:25:41.270062 [crit] TID[9708] FILE[connection.cpp]LINE[250] we have connected  to [172.16.8.85] 
13:25:41.270564 [crit] TID[1928] FILE[connection.cpp]LINE[697] we have started a send thread int connection[005AC288] 
13:25:41.271066 [crit] TID[9708] FILE[connection.cpp]LINE[371] setHandler [gateway_srv_token_verify.req.queue] DeliveType[DeliverDirect] 
13:25:41.276578 [crit] TID[9708] FILE[connection.cpp]LINE[971] we have add receiver queue[005FEA30] for name[gateway_srv_token_verify.req.queue] 
13:25:41.281091 [crit] TID[9708] FILE[connection.cpp]LINE[384] we have created Handler[gateway_srv_token_verify.req.queue] 
13:25:41.282094 [crit] TID[10224] FILE[connection.cpp]LINE[547] we have started a callback thread in connection[005AC288] 
13:25:41.282094 [crit] TID[3808] FILE[connection.cpp]LINE[840] we have started a recv thread in connection[005AC288] 
13:25:41.314688 [crit] TID[9708] FILE[connection.cpp]LINE[250] we have connected  to [172.16.8.85] 
13:25:41.315682 [crit] TID[4916] FILE[connection.cpp]LINE[697] we have started a send thread int connection[00601258] 
13:25:41.315682 [crit] TID[9708] FILE[connection.cpp]LINE[371] setHandler [login_srv_fanout_listen.queue] DeliveType[DeliverFanout] 
13:25:41.326712 [crit] TID[9708] FILE[connection.cpp]LINE[971] we have add receiver queue[0062A9A8] for name[77192aa9-c516-4e20-ada0-8ef3c2f599e8#.login_srv_fanout_listen.queue] 
13:25:41.326712 [crit] TID[9708] FILE[connection.cpp]LINE[979] we will build  a senderfor fanout , to confirm exchange[login_srv_fanout_listen.queue]  is exist 
13:25:41.334233 [crit] TID[9708] FILE[connection.cpp]LINE[1021] we have create sender queue[login_srv_fanout_listen.queue] type[DeliverFanout] , Success[TRUE] 
13:25:41.334233 [crit] TID[9708] FILE[connection.cpp]LINE[985] we have confirm exchange[login_srv_fanout_listen.queue] exist 
13:25:41.340749 [crit] TID[9708] FILE[connection.cpp]LINE[384] we have created Handler[login_srv_fanout_listen.queue] 
13:25:41.341281 [crit] TID[7652] FILE[connection.cpp]LINE[547] we have started a callback thread in connection[00601258] 
13:25:41.341754 [crit] TID[8516] FILE[connection.cpp]LINE[840] we have started a recv thread in connection[00601258] 
13:25:42.298512 [crit] TID[1928] FILE[connection.cpp]LINE[1021] we have create sender queue[SYS.HEARTBEAT] type[DeliverFanout] , Success[TRUE] 
13:25:42.345428 [crit] TID[4916] FILE[connection.cpp]LINE[1021] we have create sender queue[SYS.HEARTBEAT] type[DeliverFanout] , Success[TRUE] 
13:25:46.479751 [crit] TID[10264] FILE[connection.cpp]LINE[250] we have connected  to [172.16.8.85] 
13:25:46.481253 [crit] TID[4532] FILE[connection.cpp]LINE[697] we have started a send thread int connection[0145C988] 
13:25:46.481769 [crit] TID[10264] FILE[connection.cpp]LINE[371] setHandler [gateway_srv_token_verify.req.queue] DeliveType[DeliverDirect] 
13:25:46.486770 [crit] TID[10264] FILE[connection.cpp]LINE[971] we have add receiver queue[014AEB98] for name[gateway_srv_token_verify.req.queue] 
13:25:46.491281 [crit] TID[10264] FILE[connection.cpp]LINE[384] we have created Handler[gateway_srv_token_verify.req.queue] 
13:25:46.492282 [crit] TID[5444] FILE[connection.cpp]LINE[547] we have started a callback thread in connection[0145C988] 
13:25:46.492784 [crit] TID[2880] FILE[connection.cpp]LINE[840] we have started a recv thread in connection[0145C988] 
13:25:46.522864 [crit] TID[10264] FILE[connection.cpp]LINE[250] we have connected  to [172.16.8.85] 
13:25:46.523367 [crit] TID[2792] FILE[connection.cpp]LINE[697] we have started a send thread int connection[014B1D38] 
13:25:46.523869 [crit] TID[10264] FILE[connection.cpp]LINE[371] setHandler [login_srv_fanout_listen.queue] DeliveType[DeliverFanout] 
13:25:46.532430 [crit] TID[10264] FILE[connection.cpp]LINE[971] we have add receiver queue[014DB930] for name[de098a77-aca4-453a-b628-dd58f10e82a1#.login_srv_fanout_listen.queue] 
13:25:46.532430 [crit] TID[10264] FILE[connection.cpp]LINE[979] we will build  a senderfor fanout , to confirm exchange[login_srv_fanout_listen.queue]  is exist 
13:25:46.539910 [crit] TID[10264] FILE[connection.cpp]LINE[1021] we have create sender queue[login_srv_fanout_listen.queue] type[DeliverFanout] , Success[TRUE] 
13:25:46.539910 [crit] TID[10264] FILE[connection.cpp]LINE[985] we have confirm exchange[login_srv_fanout_listen.queue] exist 
13:25:46.545927 [crit] TID[10264] FILE[connection.cpp]LINE[384] we have created Handler[login_srv_fanout_listen.queue] 
13:25:46.546928 [crit] TID[5568] FILE[connection.cpp]LINE[547] we have started a callback thread in connection[014B1D38] 
13:25:46.546928 [crit] TID[5636] FILE[connection.cpp]LINE[840] we have started a recv thread in connection[014B1D38] 
13:25:47.491492 [crit] TID[4532] FILE[connection.cpp]LINE[1021] we have create sender queue[SYS.HEARTBEAT] type[DeliverFanout] , Success[TRUE] 
13:25:47.530595 [crit] TID[2792] FILE[connection.cpp]LINE[1021] we have create sender queue[SYS.HEARTBEAT] type[DeliverFanout] , Success[TRUE] 
13:25:59.311300 [crit] TID[7752] FILE[connection.cpp]LINE[250] we have connected  to [172.16.8.85] 
13:25:59.311801 [crit] TID[10504] FILE[connection.cpp]LINE[697] we have started a send thread int connection[0052C388] 
13:25:59.311801 [crit] TID[7752] FILE[connection.cpp]LINE[371] setHandler [gateway_srv_token_verify.req.queue] DeliveType[DeliverDirect] 
13:25:59.316814 [crit] TID[7752] FILE[connection.cpp]LINE[971] we have add receiver queue[0057EA50] for name[gateway_srv_token_verify.req.queue] 
13:25:59.321828 [crit] TID[7752] FILE[connection.cpp]LINE[384] we have created Handler[gateway_srv_token_verify.req.queue] 
13:25:59.322329 [crit] TID[7772] FILE[connection.cpp]LINE[547] we have started a callback thread in connection[0052C388] 
13:25:59.322830 [crit] TID[10964] FILE[connection.cpp]LINE[840] we have started a recv thread in connection[0052C388] 
13:25:59.353910 [crit] TID[7752] FILE[connection.cpp]LINE[250] we have connected  to [172.16.8.85] 
13:25:59.354915 [crit] TID[10456] FILE[connection.cpp]LINE[697] we have started a send thread int connection[005812F0] 
13:25:59.354915 [crit] TID[7752] FILE[connection.cpp]LINE[371] setHandler [login_srv_fanout_listen.queue] DeliveType[DeliverFanout] 
13:25:59.365443 [crit] TID[7752] FILE[connection.cpp]LINE[971] we have add receiver queue[005AA898] for name[d9071e31-6d38-4b56-b553-27c9d56a476f#.login_srv_fanout_listen.queue] 
13:25:59.365443 [crit] TID[7752] FILE[connection.cpp]LINE[979] we will build  a senderfor fanout , to confirm exchange[login_srv_fanout_listen.queue]  is exist 
13:25:59.373964 [crit] TID[7752] FILE[connection.cpp]LINE[1021] we have create sender queue[login_srv_fanout_listen.queue] type[DeliverFanout] , Success[TRUE] 
13:25:59.373964 [crit] TID[7752] FILE[connection.cpp]LINE[985] we have confirm exchange[login_srv_fanout_listen.queue] exist 
13:25:59.413070 [crit] TID[7752] FILE[connection.cpp]LINE[384] we have created Handler[login_srv_fanout_listen.queue] 
13:25:59.414073 [crit] TID[5156] FILE[connection.cpp]LINE[547] we have started a callback thread in connection[005812F0] 
13:25:59.414073 [crit] TID[10096] FILE[connection.cpp]LINE[840] we have started a recv thread in connection[005812F0] 
13:26:00.321141 [crit] TID[10504] FILE[connection.cpp]LINE[1021] we have create sender queue[SYS.HEARTBEAT] type[DeliverFanout] , Success[TRUE] 
13:26:00.363284 [crit] TID[10456] FILE[connection.cpp]LINE[1021] we have create sender queue[SYS.HEARTBEAT] type[DeliverFanout] , Success[TRUE] 
13:28:43.145865 [crit] TID[5884] FILE[connection.cpp]LINE[250] we have connected  to [172.16.8.85] 
13:28:43.146367 [crit] TID[3732] FILE[connection.cpp]LINE[697] we have started a send thread int connection[014DC770] 
13:28:43.146367 [crit] TID[5884] FILE[connection.cpp]LINE[371] setHandler [gateway_srv_token_verify.req.queue] DeliveType[DeliverDirect] 
13:28:43.152383 [crit] TID[5884] FILE[connection.cpp]LINE[971] we have add receiver queue[0152E9C0] for name[gateway_srv_token_verify.req.queue] 
13:28:43.156897 [crit] TID[5884] FILE[connection.cpp]LINE[384] we have created Handler[gateway_srv_token_verify.req.queue] 
13:28:43.157899 [crit] TID[8492] FILE[connection.cpp]LINE[547] we have started a callback thread in connection[014DC770] 
13:28:43.157899 [crit] TID[6676] FILE[connection.cpp]LINE[840] we have started a recv thread in connection[014DC770] 
13:28:43.189983 [crit] TID[5884] FILE[connection.cpp]LINE[250] we have connected  to [172.16.8.85] 
13:28:43.190483 [crit] TID[3612] FILE[connection.cpp]LINE[697] we have started a send thread int connection[015312B0] 
13:28:43.190483 [crit] TID[5884] FILE[connection.cpp]LINE[371] setHandler [login_srv_fanout_listen.queue] DeliveType[DeliverFanout] 
13:28:43.202014 [crit] TID[5884] FILE[connection.cpp]LINE[971] we have add receiver queue[0155AA18] for name[1f433b74-fe11-445c-abf1-7809d3525193#.login_srv_fanout_listen.queue] 
13:28:43.202014 [crit] TID[5884] FILE[connection.cpp]LINE[979] we will build  a senderfor fanout , to confirm exchange[login_srv_fanout_listen.queue]  is exist 
13:28:43.211543 [crit] TID[5884] FILE[connection.cpp]LINE[1021] we have create sender queue[login_srv_fanout_listen.queue] type[DeliverFanout] , Success[TRUE] 
13:28:43.211543 [crit] TID[5884] FILE[connection.cpp]LINE[985] we have confirm exchange[login_srv_fanout_listen.queue] exist 
13:28:43.217054 [crit] TID[5884] FILE[connection.cpp]LINE[384] we have created Handler[login_srv_fanout_listen.queue] 
13:28:43.218059 [crit] TID[7788] FILE[connection.cpp]LINE[547] we have started a callback thread in connection[015312B0] 
13:28:43.218059 [crit] TID[5052] FILE[connection.cpp]LINE[840] we have started a recv thread in connection[015312B0] 
13:28:44.150231 [crit] TID[3732] FILE[connection.cpp]LINE[1021] we have create sender queue[SYS.HEARTBEAT] type[DeliverFanout] , Success[TRUE] 
13:28:44.197178 [crit] TID[3612] FILE[connection.cpp]LINE[1021] we have create sender queue[SYS.HEARTBEAT] type[DeliverFanout] , Success[TRUE] 
13:29:04.037822 [crit] TID[5972] FILE[connection.cpp]LINE[250] we have connected  to [172.16.8.85] 
13:29:04.038825 [crit] TID[2936] FILE[connection.cpp]LINE[697] we have started a send thread int connection[0150C7C8] 
13:29:04.038825 [crit] TID[5972] FILE[connection.cpp]LINE[371] setHandler [gateway_srv_token_verify.req.queue] DeliveType[DeliverDirect] 
13:29:04.045342 [crit] TID[5972] FILE[connection.cpp]LINE[971] we have add receiver queue[0155E8E0] for name[gateway_srv_token_verify.req.queue] 
13:29:04.049853 [crit] TID[5972] FILE[connection.cpp]LINE[384] we have created Handler[gateway_srv_token_verify.req.queue] 
13:29:04.050856 [crit] TID[8732] FILE[connection.cpp]LINE[840] we have started a recv thread in connection[0150C7C8] 
13:29:04.051357 [crit] TID[9520] FILE[connection.cpp]LINE[547] we have started a callback thread in connection[0150C7C8] 
13:29:04.083475 [crit] TID[5972] FILE[connection.cpp]LINE[250] we have connected  to [172.16.8.85] 
13:29:04.084445 [crit] TID[3088] FILE[connection.cpp]LINE[697] we have started a send thread int connection[015618C8] 
13:29:04.084445 [crit] TID[5972] FILE[connection.cpp]LINE[371] setHandler [login_srv_fanout_listen.queue] DeliveType[DeliverFanout] 
13:29:04.093971 [crit] TID[5972] FILE[connection.cpp]LINE[971] we have add receiver queue[0158A7B8] for name[e556916a-6d49-4acd-bff7-7a697c9f1aeb#.login_srv_fanout_listen.queue] 
13:29:04.093971 [crit] TID[5972] FILE[connection.cpp]LINE[979] we will build  a senderfor fanout , to confirm exchange[login_srv_fanout_listen.queue]  is exist 
13:29:04.101993 [crit] TID[5972] FILE[connection.cpp]LINE[1021] we have create sender queue[login_srv_fanout_listen.queue] type[DeliverFanout] , Success[TRUE] 
13:29:04.101993 [crit] TID[5972] FILE[connection.cpp]LINE[985] we have confirm exchange[login_srv_fanout_listen.queue] exist 
13:29:04.107508 [crit] TID[5972] FILE[connection.cpp]LINE[384] we have created Handler[login_srv_fanout_listen.queue] 
13:29:04.108511 [crit] TID[784] FILE[connection.cpp]LINE[547] we have started a callback thread in connection[015618C8] 
13:29:04.109011 [crit] TID[416] FILE[connection.cpp]LINE[840] we have started a recv thread in connection[015618C8] 
13:29:05.053773 [crit] TID[2936] FILE[connection.cpp]LINE[1021] we have create sender queue[SYS.HEARTBEAT] type[DeliverFanout] , Success[TRUE] 
13:29:05.098753 [crit] TID[3088] FILE[connection.cpp]LINE[1021] we have create sender queue[SYS.HEARTBEAT] type[DeliverFanout] , Success[TRUE] 
13:30:05.179629 [crit] TID[2936] FILE[connection.cpp]LINE[718] we have sent[1] messages , send[1] 
13:30:05.210882 [crit] TID[3088] FILE[connection.cpp]LINE[718] we have sent[1] messages , send[1] 
13:31:06.321439 [crit] TID[2936] FILE[connection.cpp]LINE[718] we have sent[3] messages , send[3] 
13:31:06.352693 [crit] TID[3088] FILE[connection.cpp]LINE[718] we have sent[3] messages , send[3] 
13:32:07.336174 [crit] TID[2936] FILE[connection.cpp]LINE[718] we have sent[4] messages , send[4] 
13:32:07.367427 [crit] TID[3088] FILE[connection.cpp]LINE[718] we have sent[4] messages , send[4] 
13:33:08.342466 [crit] TID[2936] FILE[connection.cpp]LINE[718] we have sent[5] messages , send[5] 
13:33:08.373721 [crit] TID[3088] FILE[connection.cpp]LINE[718] we have sent[5] messages , send[5] 
13:34:09.364385 [crit] TID[2936] FILE[connection.cpp]LINE[718] we have sent[6] messages , send[6] 
13:34:09.380012 [crit] TID[3088] FILE[connection.cpp]LINE[718] we have sent[6] messages , send[6] 
13:35:10.382144 [crit] TID[2936] FILE[connection.cpp]LINE[718] we have sent[7] messages , send[7] 
13:35:10.397759 [crit] TID[3088] FILE[connection.cpp]LINE[718] we have sent[7] messages , send[7] 
13:36:11.388392 [crit] TID[2936] FILE[connection.cpp]LINE[718] we have sent[8] messages , send[8] 
13:36:11.404020 [crit] TID[3088] FILE[connection.cpp]LINE[718] we have sent[8] messages , send[8] 
13:37:44.108877 [crit] TID[3088] FILE[connection.cpp]LINE[718] we have sent[9] messages , send[9] 
13:37:46.843533 [crit] TID[2936] FILE[connection.cpp]LINE[718] we have sent[9] messages , send[9] 
13:43:09.051852 [crit] TID[4896] FILE[connection.cpp]LINE[250] we have connected  to [172.16.8.85] 
13:43:09.052818 [crit] TID[6496] FILE[connection.cpp]LINE[697] we have started a send thread int connection[00B3C788] 
13:43:09.052818 [crit] TID[4896] FILE[connection.cpp]LINE[371] setHandler [gateway_srv_token_verify.req.queue] DeliveType[DeliverDirect] 
13:43:09.059838 [crit] TID[4896] FILE[connection.cpp]LINE[971] we have add receiver queue[00B8E678] for name[gateway_srv_token_verify.req.queue] 
13:43:09.064383 [crit] TID[4896] FILE[connection.cpp]LINE[384] we have created Handler[gateway_srv_token_verify.req.queue] 
13:43:09.065352 [crit] TID[5640] FILE[connection.cpp]LINE[547] we have started a callback thread in connection[00B3C788] 
13:43:09.065352 [crit] TID[8524] FILE[connection.cpp]LINE[840] we have started a recv thread in connection[00B3C788] 
13:43:09.096982 [crit] TID[4896] FILE[connection.cpp]LINE[250] we have connected  to [172.16.8.85] 
13:43:09.097940 [crit] TID[8072] FILE[connection.cpp]LINE[697] we have started a send thread int connection[00B92E10] 
13:43:09.097940 [crit] TID[4896] FILE[connection.cpp]LINE[371] setHandler [login_srv_fanout_listen.queue] DeliveType[DeliverFanout] 
13:43:09.108466 [crit] TID[4896] FILE[connection.cpp]LINE[971] we have add receiver queue[00BBB3F0] for name[3369d29a-787a-4be5-954b-ab6cb71a812c#.login_srv_fanout_listen.queue] 
13:43:09.108967 [crit] TID[4896] FILE[connection.cpp]LINE[979] we will build  a senderfor fanout , to confirm exchange[login_srv_fanout_listen.queue]  is exist 
13:43:09.117493 [crit] TID[4896] FILE[connection.cpp]LINE[1021] we have create sender queue[login_srv_fanout_listen.queue] type[DeliverFanout] , Success[TRUE] 
13:43:09.117493 [crit] TID[4896] FILE[connection.cpp]LINE[985] we have confirm exchange[login_srv_fanout_listen.queue] exist 
13:43:09.123506 [crit] TID[4896] FILE[connection.cpp]LINE[384] we have created Handler[login_srv_fanout_listen.queue] 
13:43:09.124008 [crit] TID[5256] FILE[connection.cpp]LINE[840] we have started a recv thread in connection[00B92E10] 
13:43:09.124509 [crit] TID[6208] FILE[connection.cpp]LINE[547] we have started a callback thread in connection[00B92E10] 
13:43:10.062742 [crit] TID[6496] FILE[connection.cpp]LINE[1021] we have create sender queue[SYS.HEARTBEAT] type[DeliverFanout] , Success[TRUE] 
13:43:10.106834 [crit] TID[8072] FILE[connection.cpp]LINE[1021] we have create sender queue[SYS.HEARTBEAT] type[DeliverFanout] , Success[TRUE] 
13:53:07.128490 [crit] TID[8220] FILE[connection.cpp]LINE[250] we have connected  to [172.16.8.85] 
13:53:07.129493 [crit] TID[1928] FILE[connection.cpp]LINE[697] we have started a send thread int connection[00B1BD18] 
13:53:07.129493 [crit] TID[8220] FILE[connection.cpp]LINE[371] setHandler [gateway_srv_token_verify.req.queue] DeliveType[DeliverDirect] 
13:53:07.135008 [crit] TID[8220] FILE[connection.cpp]LINE[971] we have add receiver queue[00B6E340] for name[gateway_srv_token_verify.req.queue] 
13:53:07.140022 [crit] TID[8220] FILE[connection.cpp]LINE[384] we have created Handler[gateway_srv_token_verify.req.queue] 
13:53:07.141026 [crit] TID[7632] FILE[connection.cpp]LINE[547] we have started a callback thread in connection[00B1BD18] 
13:53:07.141525 [crit] TID[4028] FILE[connection.cpp]LINE[840] we have started a recv thread in connection[00B1BD18] 
13:53:07.173610 [crit] TID[8220] FILE[connection.cpp]LINE[250] we have connected  to [172.16.8.85] 
13:53:07.174112 [crit] TID[5856] FILE[connection.cpp]LINE[697] we have started a send thread int connection[00B74DB8] 
13:53:07.174614 [crit] TID[8220] FILE[connection.cpp]LINE[371] setHandler [login_srv_fanout_listen.queue] DeliveType[DeliverFanout] 
13:53:07.185142 [crit] TID[8220] FILE[connection.cpp]LINE[971] we have add receiver queue[00B9B188] for name[f3589f81-8748-4328-8853-3c1d38ef3048#.login_srv_fanout_listen.queue] 
13:53:07.185642 [crit] TID[8220] FILE[connection.cpp]LINE[979] we will build  a senderfor fanout , to confirm exchange[login_srv_fanout_listen.queue]  is exist 
13:53:07.193163 [crit] TID[8220] FILE[connection.cpp]LINE[1021] we have create sender queue[login_srv_fanout_listen.queue] type[DeliverFanout] , Success[TRUE] 
13:53:07.193163 [crit] TID[8220] FILE[connection.cpp]LINE[985] we have confirm exchange[login_srv_fanout_listen.queue] exist 
13:53:07.199178 [crit] TID[8220] FILE[connection.cpp]LINE[384] we have created Handler[login_srv_fanout_listen.queue] 
13:53:07.200181 [crit] TID[3436] FILE[connection.cpp]LINE[547] we have started a callback thread in connection[00B74DB8] 
13:53:07.200181 [crit] TID[5760] FILE[connection.cpp]LINE[840] we have started a recv thread in connection[00B74DB8] 
13:53:08.148217 [crit] TID[1928] FILE[connection.cpp]LINE[1021] we have create sender queue[SYS.HEARTBEAT] type[DeliverFanout] , Success[TRUE] 
13:53:08.185312 [crit] TID[5856] FILE[connection.cpp]LINE[1021] we have create sender queue[SYS.HEARTBEAT] type[DeliverFanout] , Success[TRUE] 
13:54:14.283183 [crit] TID[10620] FILE[connection.cpp]LINE[250] we have connected  to [172.16.8.85] 
13:54:14.284186 [crit] TID[10032] FILE[connection.cpp]LINE[697] we have started a send thread int connection[00A1C6F0] 
13:54:14.284186 [crit] TID[10620] FILE[connection.cpp]LINE[371] setHandler [gateway_srv_token_verify.req.queue] DeliveType[DeliverDirect] 
13:54:14.290202 [crit] TID[10620] FILE[connection.cpp]LINE[971] we have add receiver queue[00A6E628] for name[gateway_srv_token_verify.req.queue] 
13:54:14.294714 [crit] TID[10620] FILE[connection.cpp]LINE[384] we have created Handler[gateway_srv_token_verify.req.queue] 
13:54:14.295716 [crit] TID[8756] FILE[connection.cpp]LINE[547] we have started a callback thread in connection[00A1C6F0] 
13:54:14.295716 [crit] TID[10332] FILE[connection.cpp]LINE[840] we have started a recv thread in connection[00A1C6F0] 
13:54:14.327300 [crit] TID[10620] FILE[connection.cpp]LINE[250] we have connected  to [172.16.8.85] 
13:54:14.327802 [crit] TID[9872] FILE[connection.cpp]LINE[697] we have started a send thread int connection[00A74DE8] 
13:54:14.327802 [crit] TID[10620] FILE[connection.cpp]LINE[371] setHandler [login_srv_fanout_listen.queue] DeliveType[DeliverFanout] 
13:54:14.337830 [crit] TID[10620] FILE[connection.cpp]LINE[971] we have add receiver queue[00A9B278] for name[01dfb832-0f57-47ee-818c-4e7ea164bb6c#.login_srv_fanout_listen.queue] 
13:54:14.338359 [crit] TID[10620] FILE[connection.cpp]LINE[979] we will build  a senderfor fanout , to confirm exchange[login_srv_fanout_listen.queue]  is exist 
13:54:14.347878 [crit] TID[10620] FILE[connection.cpp]LINE[1021] we have create sender queue[login_srv_fanout_listen.queue] type[DeliverFanout] , Success[TRUE] 
13:54:14.347878 [crit] TID[10620] FILE[connection.cpp]LINE[985] we have confirm exchange[login_srv_fanout_listen.queue] exist 
13:54:14.353371 [crit] TID[10620] FILE[connection.cpp]LINE[384] we have created Handler[login_srv_fanout_listen.queue] 
13:54:14.354373 [crit] TID[4364] FILE[connection.cpp]LINE[547] we have started a callback thread in connection[00A74DE8] 
13:54:14.354373 [crit] TID[10796] FILE[connection.cpp]LINE[840] we have started a recv thread in connection[00A74DE8] 
13:54:15.302953 [crit] TID[10032] FILE[connection.cpp]LINE[1021] we have create sender queue[SYS.HEARTBEAT] type[DeliverFanout] , Success[TRUE] 
13:54:15.345063 [crit] TID[9872] FILE[connection.cpp]LINE[1021] we have create sender queue[SYS.HEARTBEAT] type[DeliverFanout] , Success[TRUE] 
13:54:26.361927 [crit] TID[9064] FILE[connection.cpp]LINE[250] we have connected  to [172.16.8.85] 
13:54:26.362907 [crit] TID[7708] FILE[connection.cpp]LINE[697] we have started a send thread int connection[00D2C0B8] 
13:54:26.362907 [crit] TID[9064] FILE[connection.cpp]LINE[371] setHandler [gateway_srv_token_verify.req.queue] DeliveType[DeliverDirect] 
13:54:26.368921 [crit] TID[9064] FILE[connection.cpp]LINE[971] we have add receiver queue[00D7E4E8] for name[gateway_srv_token_verify.req.queue] 
13:54:26.373935 [crit] TID[9064] FILE[connection.cpp]LINE[384] we have created Handler[gateway_srv_token_verify.req.queue] 
13:54:26.374938 [crit] TID[3536] FILE[connection.cpp]LINE[547] we have started a callback thread in connection[00D2C0B8] 
13:54:26.374938 [crit] TID[8424] FILE[connection.cpp]LINE[840] we have started a recv thread in connection[00D2C0B8] 
13:54:26.409537 [crit] TID[9064] FILE[connection.cpp]LINE[250] we have connected  to [172.16.8.85] 
13:54:26.410532 [crit] TID[5264] FILE[connection.cpp]LINE[697] we have started a send thread int connection[00D84E28] 
13:54:26.410532 [crit] TID[9064] FILE[connection.cpp]LINE[371] setHandler [login_srv_fanout_listen.queue] DeliveType[DeliverFanout] 
13:54:26.420058 [crit] TID[9064] FILE[connection.cpp]LINE[971] we have add receiver queue[03B10350] for name[461dd5f9-34c3-45e7-9bc9-81e0e8f80689#.login_srv_fanout_listen.queue] 
13:54:26.420058 [crit] TID[9064] FILE[connection.cpp]LINE[979] we will build  a senderfor fanout , to confirm exchange[login_srv_fanout_listen.queue]  is exist 
13:54:26.428080 [crit] TID[9064] FILE[connection.cpp]LINE[1021] we have create sender queue[login_srv_fanout_listen.queue] type[DeliverFanout] , Success[TRUE] 
13:54:26.428080 [crit] TID[9064] FILE[connection.cpp]LINE[985] we have confirm exchange[login_srv_fanout_listen.queue] exist 
13:54:26.433595 [crit] TID[9064] FILE[connection.cpp]LINE[384] we have created Handler[login_srv_fanout_listen.queue] 
13:54:26.436100 [crit] TID[7780] FILE[connection.cpp]LINE[547] we have started a callback thread in connection[00D84E28] 
13:54:26.436100 [crit] TID[3192] FILE[connection.cpp]LINE[840] we have started a recv thread in connection[00D84E28] 
13:54:27.381113 [crit] TID[7708] FILE[connection.cpp]LINE[1021] we have create sender queue[SYS.HEARTBEAT] type[DeliverFanout] , Success[TRUE] 
13:54:27.412753 [crit] TID[5264] FILE[connection.cpp]LINE[1021] we have create sender queue[SYS.HEARTBEAT] type[DeliverFanout] , Success[TRUE] 
13:54:41.851861 [crit] TID[9900] FILE[connection.cpp]LINE[250] we have connected  to [172.16.8.85] 
13:54:41.852808 [crit] TID[8148] FILE[connection.cpp]LINE[697] we have started a send thread int connection[0074C210] 
13:54:41.852808 [crit] TID[9900] FILE[connection.cpp]LINE[371] setHandler [gateway_srv_token_verify.req.queue] DeliveType[DeliverDirect] 
13:54:41.858823 [crit] TID[9900] FILE[connection.cpp]LINE[971] we have add receiver queue[0079E728] for name[gateway_srv_token_verify.req.queue] 
13:54:41.863334 [crit] TID[9900] FILE[connection.cpp]LINE[384] we have created Handler[gateway_srv_token_verify.req.queue] 
13:54:41.864839 [crit] TID[6808] FILE[connection.cpp]LINE[547] we have started a callback thread in connection[0074C210] 
13:54:41.864839 [crit] TID[1960] FILE[connection.cpp]LINE[840] we have started a recv thread in connection[0074C210] 
13:54:41.898930 [crit] TID[9900] FILE[connection.cpp]LINE[250] we have connected  to [172.16.8.85] 
13:54:41.899429 [crit] TID[4836] FILE[connection.cpp]LINE[697] we have started a send thread int connection[007A09C0] 
13:54:41.899429 [crit] TID[9900] FILE[connection.cpp]LINE[371] setHandler [login_srv_fanout_listen.queue] DeliveType[DeliverFanout] 
13:54:41.911508 [crit] TID[9900] FILE[connection.cpp]LINE[971] we have add receiver queue[007CA3B8] for name[76e168d4-df48-4999-9542-491ff49e1864#.login_srv_fanout_listen.queue] 
13:54:41.911508 [crit] TID[9900] FILE[connection.cpp]LINE[979] we will build  a senderfor fanout , to confirm exchange[login_srv_fanout_listen.queue]  is exist 
13:54:41.919986 [crit] TID[9900] FILE[connection.cpp]LINE[1021] we have create sender queue[login_srv_fanout_listen.queue] type[DeliverFanout] , Success[TRUE] 
13:54:41.919986 [crit] TID[9900] FILE[connection.cpp]LINE[985] we have confirm exchange[login_srv_fanout_listen.queue] exist 
13:54:41.925500 [crit] TID[9900] FILE[connection.cpp]LINE[384] we have created Handler[login_srv_fanout_listen.queue] 
13:54:41.926502 [crit] TID[11024] FILE[connection.cpp]LINE[547] we have started a callback thread in connection[007A09C0] 
13:54:41.926502 [crit] TID[8512] FILE[connection.cpp]LINE[840] we have started a recv thread in connection[007A09C0] 
13:54:42.869920 [crit] TID[8148] FILE[connection.cpp]LINE[1021] we have create sender queue[SYS.HEARTBEAT] type[DeliverFanout] , Success[TRUE] 
13:54:42.907017 [crit] TID[4836] FILE[connection.cpp]LINE[1021] we have create sender queue[SYS.HEARTBEAT] type[DeliverFanout] , Success[TRUE] 
13:55:27.150408 [crit] TID[7016] FILE[connection.cpp]LINE[250] we have connected  to [172.16.8.85] 
13:55:27.150910 [crit] TID[8000] FILE[connection.cpp]LINE[697] we have started a send thread int connection[0097C538] 
13:55:27.150910 [crit] TID[7016] FILE[connection.cpp]LINE[371] setHandler [gateway_srv_token_verify.req.queue] DeliveType[DeliverDirect] 
13:55:27.154920 [crit] TID[7016] FILE[connection.cpp]LINE[971] we have add receiver queue[009CE608] for name[gateway_srv_token_verify.req.queue] 
13:55:27.159433 [crit] TID[7016] FILE[connection.cpp]LINE[384] we have created Handler[gateway_srv_token_verify.req.queue] 
13:55:27.160435 [crit] TID[7000] FILE[connection.cpp]LINE[547] we have started a callback thread in connection[0097C538] 
13:55:27.160937 [crit] TID[7288] FILE[connection.cpp]LINE[840] we have started a recv thread in connection[0097C538] 
13:55:27.193525 [crit] TID[7016] FILE[connection.cpp]LINE[250] we have connected  to [172.16.8.85] 
13:55:27.195027 [crit] TID[2088] FILE[connection.cpp]LINE[697] we have started a send thread int connection[009D3168] 
13:55:27.195027 [crit] TID[7016] FILE[connection.cpp]LINE[371] setHandler [login_srv_fanout_listen.queue] DeliveType[DeliverFanout] 
13:55:27.204051 [crit] TID[7016] FILE[connection.cpp]LINE[971] we have add receiver queue[009FB3F8] for name[21d11ac0-8e0b-41f9-8075-8efc8db5f89d#.login_srv_fanout_listen.queue] 
13:55:27.204051 [crit] TID[7016] FILE[connection.cpp]LINE[979] we will build  a senderfor fanout , to confirm exchange[login_srv_fanout_listen.queue]  is exist 
13:55:27.211070 [crit] TID[7016] FILE[connection.cpp]LINE[1021] we have create sender queue[login_srv_fanout_listen.queue] type[DeliverFanout] , Success[TRUE] 
13:55:27.211572 [crit] TID[7016] FILE[connection.cpp]LINE[985] we have confirm exchange[login_srv_fanout_listen.queue] exist 
13:55:27.217087 [crit] TID[7016] FILE[connection.cpp]LINE[384] we have created Handler[login_srv_fanout_listen.queue] 
13:55:27.218088 [crit] TID[9056] FILE[connection.cpp]LINE[547] we have started a callback thread in connection[009D3168] 
13:55:27.218088 [crit] TID[5460] FILE[connection.cpp]LINE[840] we have started a recv thread in connection[009D3168] 
13:55:28.167311 [crit] TID[8000] FILE[connection.cpp]LINE[1021] we have create sender queue[SYS.HEARTBEAT] type[DeliverFanout] , Success[TRUE] 
13:55:28.206914 [crit] TID[2088] FILE[connection.cpp]LINE[1021] we have create sender queue[SYS.HEARTBEAT] type[DeliverFanout] , Success[TRUE] 
13:56:42.508650 [crit] TID[3140] FILE[connection.cpp]LINE[250] we have connected  to [172.16.8.85] 
13:56:42.509655 [crit] TID[10648] FILE[connection.cpp]LINE[697] we have started a send thread int connection[010AC5A0] 
13:56:42.509655 [crit] TID[3140] FILE[connection.cpp]LINE[371] setHandler [gateway_srv_token_verify.req.queue] DeliveType[DeliverDirect] 
13:56:42.515169 [crit] TID[3140] FILE[connection.cpp]LINE[971] we have add receiver queue[010FE698] for name[gateway_srv_token_verify.req.queue] 
13:56:42.519702 [crit] TID[3140] FILE[connection.cpp]LINE[384] we have created Handler[gateway_srv_token_verify.req.queue] 
13:56:42.521184 [crit] TID[996] FILE[connection.cpp]LINE[547] we have started a callback thread in connection[010AC5A0] 
13:56:42.521184 [crit] TID[9364] FILE[connection.cpp]LINE[840] we have started a recv thread in connection[010AC5A0] 
13:56:42.554774 [crit] TID[3140] FILE[connection.cpp]LINE[250] we have connected  to [172.16.8.85] 
13:56:42.555275 [crit] TID[9668] FILE[connection.cpp]LINE[697] we have started a send thread int connection[011005C0] 
13:56:42.555778 [crit] TID[3140] FILE[connection.cpp]LINE[371] setHandler [login_srv_fanout_listen.queue] DeliveType[DeliverFanout] 
13:56:42.564800 [crit] TID[3140] FILE[connection.cpp]LINE[971] we have add receiver queue[0112A5E0] for name[3baaf4be-52c3-4c1e-8c24-6b2a7d617a9e#.login_srv_fanout_listen.queue] 
13:56:42.564800 [crit] TID[3140] FILE[connection.cpp]LINE[979] we will build  a senderfor fanout , to confirm exchange[login_srv_fanout_listen.queue]  is exist 
13:56:42.572822 [crit] TID[3140] FILE[connection.cpp]LINE[1021] we have create sender queue[login_srv_fanout_listen.queue] type[DeliverFanout] , Success[TRUE] 
13:56:42.572822 [crit] TID[3140] FILE[connection.cpp]LINE[985] we have confirm exchange[login_srv_fanout_listen.queue] exist 
13:56:42.578837 [crit] TID[3140] FILE[connection.cpp]LINE[384] we have created Handler[login_srv_fanout_listen.queue] 
13:56:42.579841 [crit] TID[2560] FILE[connection.cpp]LINE[547] we have started a callback thread in connection[011005C0] 
13:56:42.579841 [crit] TID[4712] FILE[connection.cpp]LINE[840] we have started a recv thread in connection[011005C0] 
13:56:43.519978 [crit] TID[10648] FILE[connection.cpp]LINE[1021] we have create sender queue[SYS.HEARTBEAT] type[DeliverFanout] , Success[TRUE] 
13:56:43.583346 [crit] TID[9668] FILE[connection.cpp]LINE[1021] we have create sender queue[SYS.HEARTBEAT] type[DeliverFanout] , Success[TRUE] 
13:56:57.935246 [crit] TID[1708] FILE[connection.cpp]LINE[250] we have connected  to [172.16.8.85] 
13:56:57.936248 [crit] TID[6740] FILE[connection.cpp]LINE[697] we have started a send thread int connection[00D9C530] 
13:56:57.936248 [crit] TID[1708] FILE[connection.cpp]LINE[371] setHandler [gateway_srv_token_verify.req.queue] DeliveType[DeliverDirect] 
13:56:57.941261 [crit] TID[1708] FILE[connection.cpp]LINE[971] we have add receiver queue[00DEE4D8] for name[gateway_srv_token_verify.req.queue] 
13:56:57.946775 [crit] TID[1708] FILE[connection.cpp]LINE[384] we have created Handler[gateway_srv_token_verify.req.queue] 
13:56:57.947277 [crit] TID[5480] FILE[connection.cpp]LINE[547] we have started a callback thread in connection[00D9C530] 
13:56:57.947778 [crit] TID[8612] FILE[connection.cpp]LINE[840] we have started a recv thread in connection[00D9C530] 
13:56:57.981870 [crit] TID[1708] FILE[connection.cpp]LINE[250] we have connected  to [172.16.8.85] 
13:56:57.982872 [crit] TID[8060] FILE[connection.cpp]LINE[697] we have started a send thread int connection[00DF4DE8] 
13:56:57.982872 [crit] TID[1708] FILE[connection.cpp]LINE[371] setHandler [login_srv_fanout_listen.queue] DeliveType[DeliverFanout] 
13:56:57.994904 [crit] TID[1708] FILE[connection.cpp]LINE[971] we have add receiver queue[00E1B338] for name[6fa60eab-3771-4053-ac84-b8573c46a4a0#.login_srv_fanout_listen.queue] 
13:56:57.994904 [crit] TID[1708] FILE[connection.cpp]LINE[979] we will build  a senderfor fanout , to confirm exchange[login_srv_fanout_listen.queue]  is exist 
13:56:58.002424 [crit] TID[1708] FILE[connection.cpp]LINE[1021] we have create sender queue[login_srv_fanout_listen.queue] type[DeliverFanout] , Success[TRUE] 
13:56:58.002424 [crit] TID[1708] FILE[connection.cpp]LINE[985] we have confirm exchange[login_srv_fanout_listen.queue] exist 
13:56:58.008439 [crit] TID[1708] FILE[connection.cpp]LINE[384] we have created Handler[login_srv_fanout_listen.queue] 
13:56:58.009444 [crit] TID[6352] FILE[connection.cpp]LINE[547] we have started a callback thread in connection[00DF4DE8] 
13:56:58.009444 [crit] TID[3136] FILE[connection.cpp]LINE[840] we have started a recv thread in connection[00DF4DE8] 
13:56:58.946394 [crit] TID[6740] FILE[connection.cpp]LINE[1021] we have create sender queue[SYS.HEARTBEAT] type[DeliverFanout] , Success[TRUE] 
13:56:58.992518 [crit] TID[8060] FILE[connection.cpp]LINE[1021] we have create sender queue[SYS.HEARTBEAT] type[DeliverFanout] , Success[TRUE] 
13:57:05.697245 [crit] TID[9004] FILE[connection.cpp]LINE[250] we have connected  to [172.16.8.85] 
13:57:05.697746 [crit] TID[10184] FILE[connection.cpp]LINE[697] we have started a send thread int connection[00E0C788] 
13:57:05.697746 [crit] TID[9004] FILE[connection.cpp]LINE[371] setHandler [gateway_srv_token_verify.req.queue] DeliveType[DeliverDirect] 
13:57:05.701758 [crit] TID[9004] FILE[connection.cpp]LINE[971] we have add receiver queue[00E5E6B8] for name[gateway_srv_token_verify.req.queue] 
13:57:05.706293 [crit] TID[9004] FILE[connection.cpp]LINE[384] we have created Handler[gateway_srv_token_verify.req.queue] 
13:57:05.707271 [crit] TID[9460] FILE[connection.cpp]LINE[547] we have started a callback thread in connection[00E0C788] 
13:57:05.707271 [crit] TID[2576] FILE[connection.cpp]LINE[840] we have started a recv thread in connection[00E0C788] 
13:57:05.739859 [crit] TID[9004] FILE[connection.cpp]LINE[250] we have connected  to [172.16.8.85] 
13:57:05.740863 [crit] TID[508] FILE[connection.cpp]LINE[697] we have started a send thread int connection[00E603A0] 
13:57:05.740863 [crit] TID[9004] FILE[connection.cpp]LINE[371] setHandler [login_srv_fanout_listen.queue] DeliveType[DeliverFanout] 
13:57:05.750888 [crit] TID[9004] FILE[connection.cpp]LINE[971] we have add receiver queue[00E8B3B0] for name[e6c63b06-2bcd-47d8-8572-a8eda0dcc074#.login_srv_fanout_listen.queue] 
13:57:05.750888 [crit] TID[9004] FILE[connection.cpp]LINE[979] we will build  a senderfor fanout , to confirm exchange[login_srv_fanout_listen.queue]  is exist 
13:57:05.758409 [crit] TID[9004] FILE[connection.cpp]LINE[1021] we have create sender queue[login_srv_fanout_listen.queue] type[DeliverFanout] , Success[TRUE] 
13:57:05.758409 [crit] TID[9004] FILE[connection.cpp]LINE[985] we have confirm exchange[login_srv_fanout_listen.queue] exist 
13:57:05.764426 [crit] TID[9004] FILE[connection.cpp]LINE[384] we have created Handler[login_srv_fanout_listen.queue] 
13:57:05.765428 [crit] TID[1124] FILE[connection.cpp]LINE[547] we have started a callback thread in connection[00E603A0] 
13:57:05.765930 [crit] TID[8812] FILE[connection.cpp]LINE[840] we have started a recv thread in connection[00E603A0] 
13:57:06.726736 [crit] TID[10184] FILE[connection.cpp]LINE[1021] we have create sender queue[SYS.HEARTBEAT] type[DeliverFanout] , Success[TRUE] 
13:57:06.742513 [crit] TID[508] FILE[connection.cpp]LINE[1021] we have create sender queue[SYS.HEARTBEAT] type[DeliverFanout] , Success[TRUE] 
13:57:13.642344 [crit] TID[3860] FILE[connection.cpp]LINE[250] we have connected  to [172.16.8.85] 
13:57:13.642847 [crit] TID[5560] FILE[connection.cpp]LINE[697] we have started a send thread int connection[00AAC598] 
13:57:13.643349 [crit] TID[3860] FILE[connection.cpp]LINE[371] setHandler [gateway_srv_token_verify.req.queue] DeliveType[DeliverDirect] 
13:57:13.649865 [crit] TID[3860] FILE[connection.cpp]LINE[971] we have add receiver queue[00AFE7D0] for name[gateway_srv_token_verify.req.queue] 
13:57:13.654376 [crit] TID[3860] FILE[connection.cpp]LINE[384] we have created Handler[gateway_srv_token_verify.req.queue] 
13:57:13.654877 [crit] TID[9428] FILE[connection.cpp]LINE[547] we have started a callback thread in connection[00AAC598] 
13:57:13.655379 [crit] TID[7644] FILE[connection.cpp]LINE[840] we have started a recv thread in connection[00AAC598] 
13:57:13.686963 [crit] TID[3860] FILE[connection.cpp]LINE[250] we have connected  to [172.16.8.85] 
13:57:13.687464 [crit] TID[5184] FILE[connection.cpp]LINE[697] we have started a send thread int connection[00B00E70] 
13:57:13.687464 [crit] TID[3860] FILE[connection.cpp]LINE[371] setHandler [login_srv_fanout_listen.queue] DeliveType[DeliverFanout] 
13:57:13.699498 [crit] TID[3860] FILE[connection.cpp]LINE[971] we have add receiver queue[00B2B400] for name[24e611a6-44ec-4791-baf7-451b0260f7fd#.login_srv_fanout_listen.queue] 
13:57:13.699498 [crit] TID[3860] FILE[connection.cpp]LINE[979] we will build  a senderfor fanout , to confirm exchange[login_srv_fanout_listen.queue]  is exist 
13:57:13.709523 [crit] TID[3860] FILE[connection.cpp]LINE[1021] we have create sender queue[login_srv_fanout_listen.queue] type[DeliverFanout] , Success[TRUE] 
13:57:13.709523 [crit] TID[3860] FILE[connection.cpp]LINE[985] we have confirm exchange[login_srv_fanout_listen.queue] exist 
13:57:13.715037 [crit] TID[3860] FILE[connection.cpp]LINE[384] we have created Handler[login_srv_fanout_listen.queue] 
13:57:13.716040 [crit] TID[172] FILE[connection.cpp]LINE[547] we have started a callback thread in connection[00B00E70] 
13:57:13.716040 [crit] TID[2612] FILE[connection.cpp]LINE[840] we have started a recv thread in connection[00B00E70] 
13:57:14.661130 [crit] TID[5560] FILE[connection.cpp]LINE[1021] we have create sender queue[SYS.HEARTBEAT] type[DeliverFanout] , Success[TRUE] 
13:57:14.698728 [crit] TID[5184] FILE[connection.cpp]LINE[1021] we have create sender queue[SYS.HEARTBEAT] type[DeliverFanout] , Success[TRUE] 
14:08:07.916972 [crit] TID[8468] FILE[connection.cpp]LINE[250] we have connected  to [172.16.8.85] 
14:08:07.918975 [crit] TID[8276] FILE[connection.cpp]LINE[697] we have started a send thread int connection[00D0BE40] 
14:08:07.918975 [crit] TID[8468] FILE[connection.cpp]LINE[371] setHandler [gateway_srv_token_verify.req.queue] DeliveType[DeliverDirect] 
14:08:07.922986 [crit] TID[8468] FILE[connection.cpp]LINE[971] we have add receiver queue[00D5E560] for name[gateway_srv_token_verify.req.queue] 
14:08:07.927999 [crit] TID[8468] FILE[connection.cpp]LINE[384] we have created Handler[gateway_srv_token_verify.req.queue] 
14:08:07.929504 [crit] TID[8872] FILE[connection.cpp]LINE[547] we have started a callback thread in connection[00D0BE40] 
14:08:07.929504 [crit] TID[8148] FILE[connection.cpp]LINE[840] we have started a recv thread in connection[00D0BE40] 
14:08:07.961088 [crit] TID[8468] FILE[connection.cpp]LINE[250] we have connected  to [172.16.8.85] 
14:08:07.962591 [crit] TID[1960] FILE[connection.cpp]LINE[697] we have started a send thread int connection[00D613F0] 
14:08:07.962591 [crit] TID[8468] FILE[connection.cpp]LINE[371] setHandler [login_srv_fanout_listen.queue] DeliveType[DeliverFanout] 
14:08:07.972618 [crit] TID[8468] FILE[connection.cpp]LINE[971] we have add receiver queue[00D8B3F8] for name[b67d6570-5206-46d1-a02d-4fb30ecee9a0#.login_srv_fanout_listen.queue] 
14:08:07.972618 [crit] TID[8468] FILE[connection.cpp]LINE[979] we will build  a senderfor fanout , to confirm exchange[login_srv_fanout_listen.queue]  is exist 
14:08:07.981642 [crit] TID[8468] FILE[connection.cpp]LINE[1021] we have create sender queue[login_srv_fanout_listen.queue] type[DeliverFanout] , Success[TRUE] 
14:08:07.981642 [crit] TID[8468] FILE[connection.cpp]LINE[985] we have confirm exchange[login_srv_fanout_listen.queue] exist 
14:08:07.987658 [crit] TID[8468] FILE[connection.cpp]LINE[384] we have created Handler[login_srv_fanout_listen.queue] 
14:08:07.988660 [crit] TID[6728] FILE[connection.cpp]LINE[547] we have started a callback thread in connection[00D613F0] 
14:08:07.988660 [crit] TID[4836] FILE[connection.cpp]LINE[840] we have started a recv thread in connection[00D613F0] 
14:08:08.934364 [crit] TID[8276] FILE[connection.cpp]LINE[1021] we have create sender queue[SYS.HEARTBEAT] type[DeliverFanout] , Success[TRUE] 
14:08:08.972275 [crit] TID[1960] FILE[connection.cpp]LINE[1021] we have create sender queue[SYS.HEARTBEAT] type[DeliverFanout] , Success[TRUE] 
14:12:36.931949 [crit] TID[7084] FILE[connection.cpp]LINE[250] we have connected  to [172.16.8.85] 
14:12:36.932451 [crit] TID[4000] FILE[connection.cpp]LINE[697] we have started a send thread int connection[008BC590] 
14:12:36.932451 [crit] TID[7084] FILE[connection.cpp]LINE[371] setHandler [gateway_srv_token_verify.req.queue] DeliveType[DeliverDirect] 
14:12:36.938000 [crit] TID[7084] FILE[connection.cpp]LINE[971] we have add receiver queue[0090E470] for name[gateway_srv_token_verify.req.queue] 
14:12:36.942978 [crit] TID[7084] FILE[connection.cpp]LINE[384] we have created Handler[gateway_srv_token_verify.req.queue] 
14:12:36.944481 [crit] TID[1708] FILE[connection.cpp]LINE[547] we have started a callback thread in connection[008BC590] 
14:12:36.944481 [crit] TID[8228] FILE[connection.cpp]LINE[840] we have started a recv thread in connection[008BC590] 
14:12:36.977068 [crit] TID[7084] FILE[connection.cpp]LINE[250] we have connected  to [172.16.8.85] 
14:12:36.978070 [crit] TID[3900] FILE[connection.cpp]LINE[697] we have started a send thread int connection[00913020] 
14:12:36.978070 [crit] TID[7084] FILE[connection.cpp]LINE[371] setHandler [login_srv_fanout_listen.queue] DeliveType[DeliverFanout] 
14:12:36.988134 [crit] TID[7084] FILE[connection.cpp]LINE[971] we have add receiver queue[034C0418] for name[1e3a474c-8922-46b2-bfe8-8fe6c8ad1940#.login_srv_fanout_listen.queue] 
14:12:36.988134 [crit] TID[7084] FILE[connection.cpp]LINE[979] we will build  a senderfor fanout , to confirm exchange[login_srv_fanout_listen.queue]  is exist 
14:12:36.998625 [crit] TID[7084] FILE[connection.cpp]LINE[1021] we have create sender queue[login_srv_fanout_listen.queue] type[DeliverFanout] , Success[TRUE] 
14:12:36.998625 [crit] TID[7084] FILE[connection.cpp]LINE[985] we have confirm exchange[login_srv_fanout_listen.queue] exist 
14:12:37.004640 [crit] TID[7084] FILE[connection.cpp]LINE[384] we have created Handler[login_srv_fanout_listen.queue] 
14:12:37.005643 [crit] TID[8656] FILE[connection.cpp]LINE[547] we have started a callback thread in connection[00913020] 
14:12:37.005643 [crit] TID[5256] FILE[connection.cpp]LINE[840] we have started a recv thread in connection[00913020] 
14:12:37.949178 [crit] TID[4000] FILE[connection.cpp]LINE[1021] we have create sender queue[SYS.HEARTBEAT] type[DeliverFanout] , Success[TRUE] 
14:12:37.985731 [crit] TID[3900] FILE[connection.cpp]LINE[1021] we have create sender queue[SYS.HEARTBEAT] type[DeliverFanout] , Success[TRUE] 
14:12:43.531465 [crit] TID[5088] FILE[connection.cpp]LINE[250] we have connected  to [172.16.8.85] 
14:12:43.532430 [crit] TID[4756] FILE[connection.cpp]LINE[697] we have started a send thread int connection[0077C4C0] 
14:12:43.532430 [crit] TID[5088] FILE[connection.cpp]LINE[371] setHandler [gateway_srv_token_verify.req.queue] DeliveType[DeliverDirect] 
14:12:43.537445 [crit] TID[5088] FILE[connection.cpp]LINE[971] we have add receiver queue[007CE4F8] for name[gateway_srv_token_verify.req.queue] 
14:12:43.542457 [crit] TID[5088] FILE[connection.cpp]LINE[384] we have created Handler[gateway_srv_token_verify.req.queue] 
14:12:43.543962 [crit] TID[7460] FILE[connection.cpp]LINE[547] we have started a callback thread in connection[0077C4C0] 
14:12:43.544463 [crit] TID[4352] FILE[connection.cpp]LINE[840] we have started a recv thread in connection[0077C4C0] 
14:12:43.577552 [crit] TID[5088] FILE[connection.cpp]LINE[250] we have connected  to [172.16.8.85] 
14:12:43.578052 [crit] TID[5844] FILE[connection.cpp]LINE[697] we have started a send thread int connection[007D4D18] 
14:12:43.578553 [crit] TID[5088] FILE[connection.cpp]LINE[371] setHandler [login_srv_fanout_listen.queue] DeliveType[DeliverFanout] 
14:12:43.589081 [crit] TID[5088] FILE[connection.cpp]LINE[971] we have add receiver queue[03380398] for name[79dd6fca-7380-42a5-930f-fe1956fc8364#.login_srv_fanout_listen.queue] 
14:12:43.589081 [crit] TID[5088] FILE[connection.cpp]LINE[979] we will build  a senderfor fanout , to confirm exchange[login_srv_fanout_listen.queue]  is exist 
14:12:43.598608 [crit] TID[5088] FILE[connection.cpp]LINE[1021] we have create sender queue[login_srv_fanout_listen.queue] type[DeliverFanout] , Success[TRUE] 
14:12:43.599108 [crit] TID[5088] FILE[connection.cpp]LINE[985] we have confirm exchange[login_srv_fanout_listen.queue] exist 
14:12:43.605625 [crit] TID[5088] FILE[connection.cpp]LINE[384] we have created Handler[login_srv_fanout_listen.queue] 
14:12:43.606630 [crit] TID[10252] FILE[connection.cpp]LINE[547] we have started a callback thread in connection[007D4D18] 
14:12:43.606630 [crit] TID[10504] FILE[connection.cpp]LINE[840] we have started a recv thread in connection[007D4D18] 
14:12:44.544121 [crit] TID[4756] FILE[connection.cpp]LINE[1021] we have create sender queue[SYS.HEARTBEAT] type[DeliverFanout] , Success[TRUE] 
14:12:44.589740 [crit] TID[5844] FILE[connection.cpp]LINE[1021] we have create sender queue[SYS.HEARTBEAT] type[DeliverFanout] , Success[TRUE] 
14:12:51.527725 [crit] TID[9960] FILE[connection.cpp]LINE[250] we have connected  to [172.16.8.85] 
14:12:51.528728 [crit] TID[8604] FILE[connection.cpp]LINE[697] we have started a send thread int connection[0124C598] 
14:12:51.528728 [crit] TID[9960] FILE[connection.cpp]LINE[371] setHandler [gateway_srv_token_verify.req.queue] DeliveType[DeliverDirect] 
14:12:51.533739 [crit] TID[9960] FILE[connection.cpp]LINE[971] we have add receiver queue[0129E448] for name[gateway_srv_token_verify.req.queue] 
14:12:51.538752 [crit] TID[9960] FILE[connection.cpp]LINE[384] we have created Handler[gateway_srv_token_verify.req.queue] 
14:12:51.539755 [crit] TID[2040] FILE[connection.cpp]LINE[547] we have started a callback thread in connection[0124C598] 
14:12:51.539755 [crit] TID[9484] FILE[connection.cpp]LINE[840] we have started a recv thread in connection[0124C598] 
14:12:51.571840 [crit] TID[9960] FILE[connection.cpp]LINE[250] we have connected  to [172.16.8.85] 
14:12:51.572341 [crit] TID[1108] FILE[connection.cpp]LINE[697] we have started a send thread int connection[012A1738] 
14:12:51.572843 [crit] TID[9960] FILE[connection.cpp]LINE[371] setHandler [login_srv_fanout_listen.queue] DeliveType[DeliverFanout] 
14:12:51.582898 [crit] TID[9960] FILE[connection.cpp]LINE[971] we have add receiver queue[012CB328] for name[fb974016-346f-4f16-b4c9-8023a06d8c72#.login_srv_fanout_listen.queue] 
14:12:51.582898 [crit] TID[9960] FILE[connection.cpp]LINE[979] we will build  a senderfor fanout , to confirm exchange[login_srv_fanout_listen.queue]  is exist 
14:12:51.592898 [crit] TID[9960] FILE[connection.cpp]LINE[1021] we have create sender queue[login_srv_fanout_listen.queue] type[DeliverFanout] , Success[TRUE] 
14:12:51.592898 [crit] TID[9960] FILE[connection.cpp]LINE[985] we have confirm exchange[login_srv_fanout_listen.queue] exist 
14:12:51.598912 [crit] TID[9960] FILE[connection.cpp]LINE[384] we have created Handler[login_srv_fanout_listen.queue] 
14:12:51.600917 [crit] TID[8920] FILE[connection.cpp]LINE[547] we have started a callback thread in connection[012A1738] 
14:12:51.600917 [crit] TID[5048] FILE[connection.cpp]LINE[840] we have started a recv thread in connection[012A1738] 
14:12:52.545930 [crit] TID[8604] FILE[connection.cpp]LINE[1021] we have create sender queue[SYS.HEARTBEAT] type[DeliverFanout] , Success[TRUE] 
14:12:52.582025 [crit] TID[1108] FILE[connection.cpp]LINE[1021] we have create sender queue[SYS.HEARTBEAT] type[DeliverFanout] , Success[TRUE] 
14:13:52.586730 [crit] TID[8604] FILE[connection.cpp]LINE[718] we have sent[1] messages , send[1] 
14:13:52.617813 [crit] TID[1108] FILE[connection.cpp]LINE[718] we have sent[1] messages , send[1] 
15:43:43.227182 [crit] TID[5932] FILE[connection.cpp]LINE[250] we have connected  to [172.16.8.85] 
15:43:43.228183 [crit] TID[1660] FILE[connection.cpp]LINE[697] we have started a send thread int connection[0116C418] 
15:43:43.228183 [crit] TID[5932] FILE[connection.cpp]LINE[371] setHandler [gateway_srv_token_verify.req.queue] DeliveType[DeliverDirect] 
15:43:43.232697 [crit] TID[5932] FILE[connection.cpp]LINE[971] we have add receiver queue[011BE4E8] for name[gateway_srv_token_verify.req.queue] 
15:43:43.237208 [crit] TID[5932] FILE[connection.cpp]LINE[384] we have created Handler[gateway_srv_token_verify.req.queue] 
15:43:43.238211 [crit] TID[6084] FILE[connection.cpp]LINE[547] we have started a callback thread in connection[0116C418] 
15:43:43.238211 [crit] TID[4968] FILE[connection.cpp]LINE[840] we have started a recv thread in connection[0116C418] 
15:43:43.272840 [crit] TID[5932] FILE[connection.cpp]LINE[250] we have connected  to [172.16.8.85] 
15:43:43.273305 [crit] TID[2228] FILE[connection.cpp]LINE[697] we have started a send thread int connection[011C4DB8] 
15:43:43.273305 [crit] TID[5932] FILE[connection.cpp]LINE[371] setHandler [login_srv_fanout_listen.queue] DeliveType[DeliverFanout] 
15:43:43.284332 [crit] TID[5932] FILE[connection.cpp]LINE[971] we have add receiver queue[011EB2B8] for name[f0f0be25-d567-48b3-9686-463c44e6b6b1#.login_srv_fanout_listen.queue] 
15:43:43.284332 [crit] TID[5932] FILE[connection.cpp]LINE[979] we will build  a senderfor fanout , to confirm exchange[login_srv_fanout_listen.queue]  is exist 
15:43:43.294861 [crit] TID[5932] FILE[connection.cpp]LINE[1021] we have create sender queue[login_srv_fanout_listen.queue] type[DeliverFanout] , Success[TRUE] 
15:43:43.294861 [crit] TID[5932] FILE[connection.cpp]LINE[985] we have confirm exchange[login_srv_fanout_listen.queue] exist 
15:43:43.300879 [crit] TID[5932] FILE[connection.cpp]LINE[384] we have created Handler[login_srv_fanout_listen.queue] 
15:43:43.301882 [crit] TID[9472] FILE[connection.cpp]LINE[547] we have started a callback thread in connection[011C4DB8] 
15:43:43.301882 [crit] TID[8040] FILE[connection.cpp]LINE[840] we have started a recv thread in connection[011C4DB8] 
15:43:44.236412 [crit] TID[1660] FILE[connection.cpp]LINE[1021] we have create sender queue[SYS.HEARTBEAT] type[DeliverFanout] , Success[TRUE] 
15:43:44.282618 [crit] TID[2228] FILE[connection.cpp]LINE[1021] we have create sender queue[SYS.HEARTBEAT] type[DeliverFanout] , Success[TRUE] 
15:47:30.751322 [crit] TID[7624] FILE[connection.cpp]LINE[250] we have connected  to [172.16.8.85] 
15:47:30.752324 [crit] TID[9756] FILE[connection.cpp]LINE[697] we have started a send thread int connection[0068C408] 
15:47:30.752824 [crit] TID[7624] FILE[connection.cpp]LINE[371] setHandler [gateway_srv_token_verify.req.queue] DeliveType[DeliverDirect] 
15:47:30.759342 [crit] TID[7624] FILE[connection.cpp]LINE[971] we have add receiver queue[006DDFC8] for name[gateway_srv_token_verify.req.queue] 
15:47:30.764355 [crit] TID[7624] FILE[connection.cpp]LINE[384] we have created Handler[gateway_srv_token_verify.req.queue] 
15:47:30.765358 [crit] TID[6868] FILE[connection.cpp]LINE[547] we have started a callback thread in connection[0068C408] 
15:47:30.765358 [crit] TID[2764] FILE[connection.cpp]LINE[840] we have started a recv thread in connection[0068C408] 
15:47:30.797444 [crit] TID[7624] FILE[connection.cpp]LINE[250] we have connected  to [172.16.8.85] 
15:47:30.797944 [crit] TID[4732] FILE[connection.cpp]LINE[697] we have started a send thread int connection[006E0C10] 
15:47:30.798446 [crit] TID[7624] FILE[connection.cpp]LINE[371] setHandler [login_srv_fanout_listen.queue] DeliveType[DeliverFanout] 
15:47:30.807470 [crit] TID[7624] FILE[connection.cpp]LINE[971] we have add receiver queue[0070AA40] for name[de1167c4-8d37-4435-9419-cd842d133332#.login_srv_fanout_listen.queue] 
15:47:30.807470 [crit] TID[7624] FILE[connection.cpp]LINE[979] we will build  a senderfor fanout , to confirm exchange[login_srv_fanout_listen.queue]  is exist 
15:47:30.814990 [crit] TID[7624] FILE[connection.cpp]LINE[1021] we have create sender queue[login_srv_fanout_listen.queue] type[DeliverFanout] , Success[TRUE] 
15:47:30.814990 [crit] TID[7624] FILE[connection.cpp]LINE[985] we have confirm exchange[login_srv_fanout_listen.queue] exist 
15:47:30.820503 [crit] TID[7624] FILE[connection.cpp]LINE[384] we have created Handler[login_srv_fanout_listen.queue] 
15:47:30.822009 [crit] TID[9856] FILE[connection.cpp]LINE[547] we have started a callback thread in connection[006E0C10] 
15:47:30.822009 [crit] TID[7900] FILE[connection.cpp]LINE[840] we have started a recv thread in connection[006E0C10] 
15:47:31.772710 [crit] TID[9756] FILE[connection.cpp]LINE[1021] we have create sender queue[SYS.HEARTBEAT] type[DeliverFanout] , Success[TRUE] 
15:47:31.817658 [crit] TID[4732] FILE[connection.cpp]LINE[1021] we have create sender queue[SYS.HEARTBEAT] type[DeliverFanout] , Success[TRUE] 
15:48:25.667042 [crit] TID[7624] FILE[connection.cpp]LINE[266] connection[172.16.8.85] will be closed 
15:48:25.846515 [crit] TID[9856] FILE[connection.cpp]LINE[560] we have stopped a callback thread in connection[006E0C10] 
15:48:25.848714 [crit] TID[7900] FILE[connection.cpp]LINE[938] we have stopped a recv thread in connection[006E0C10] 
15:48:25.850534 [crit] TID[4732] FILE[connection.cpp]LINE[749] we have stopped send thread in connection[006E0C10] ,which sent [1] message in do_send , closed[FALSE] closing[TRUE] count[0] 
15:48:25.877196 [crit] TID[7624] FILE[connection.cpp]LINE[166] we have clear sender[SYS.HEARTBEAT]'s messages [0] 
15:48:25.877196 [crit] TID[7624] FILE[connection.cpp]LINE[203] we have delete receiver[de1167c4-8d37-4435-9419-cd842d133332#.login_srv_fanout_listen.queue]'s messages [0] 
15:48:25.879210 [crit] TID[7624] FILE[connection.cpp]LINE[266] connection[172.16.8.85] will be closed 
15:48:26.785439 [crit] TID[6868] FILE[connection.cpp]LINE[560] we have stopped a callback thread in connection[0068C408] 
15:48:26.785439 [crit] TID[2764] FILE[connection.cpp]LINE[938] we have stopped a recv thread in connection[0068C408] 
15:48:26.800017 [crit] TID[9756] FILE[connection.cpp]LINE[749] we have stopped send thread in connection[0068C408] ,which sent [1] message in do_send , closed[FALSE] closing[TRUE] count[0] 
15:48:26.808720 [crit] TID[7624] FILE[connection.cpp]LINE[166] we have clear sender[SYS.HEARTBEAT]'s messages [0] 
15:48:26.808720 [crit] TID[7624] FILE[connection.cpp]LINE[203] we have delete receiver[gateway_srv_token_verify.req.queue]'s messages [0] 
15:54:59.102941 [crit] TID[7380] FILE[connection.cpp]LINE[250] we have connected  to [172.16.8.85] 
15:54:59.103944 [crit] TID[8908] FILE[connection.cpp]LINE[697] we have started a send thread int connection[0079BF60] 
15:54:59.103944 [crit] TID[7380] FILE[connection.cpp]LINE[371] setHandler [gateway_srv_token_verify.req.queue] DeliveType[DeliverDirect] 
15:54:59.107954 [crit] TID[7380] FILE[connection.cpp]LINE[971] we have add receiver queue[007EE6D0] for name[gateway_srv_token_verify.req.queue] 
15:54:59.112464 [crit] TID[7380] FILE[connection.cpp]LINE[384] we have created Handler[gateway_srv_token_verify.req.queue] 
15:54:59.113469 [crit] TID[3808] FILE[connection.cpp]LINE[547] we have started a callback thread in connection[0079BF60] 
15:54:59.113469 [crit] TID[7876] FILE[connection.cpp]LINE[840] we have started a recv thread in connection[0079BF60] 
15:54:59.165143 [crit] TID[7380] FILE[connection.cpp]LINE[250] we have connected  to [172.16.8.85] 
15:54:59.168115 [crit] TID[3536] FILE[connection.cpp]LINE[697] we have started a send thread int connection[007F0F18] 
15:54:59.168115 [crit] TID[7380] FILE[connection.cpp]LINE[371] setHandler [login_srv_fanout_listen.queue] DeliveType[DeliverFanout] 
15:54:59.187165 [crit] TID[7380] FILE[connection.cpp]LINE[971] we have add receiver queue[0081B468] for name[8d0818f3-eb9a-48c1-b54b-54b154d0e84b#.login_srv_fanout_listen.queue] 
15:54:59.187666 [crit] TID[7380] FILE[connection.cpp]LINE[979] we will build  a senderfor fanout , to confirm exchange[login_srv_fanout_listen.queue]  is exist 
15:54:59.204249 [crit] TID[7380] FILE[connection.cpp]LINE[1021] we have create sender queue[login_srv_fanout_listen.queue] type[DeliverFanout] , Success[TRUE] 
15:54:59.204753 [crit] TID[7380] FILE[connection.cpp]LINE[985] we have confirm exchange[login_srv_fanout_listen.queue] exist 
15:54:59.211229 [crit] TID[7380] FILE[connection.cpp]LINE[384] we have created Handler[login_srv_fanout_listen.queue] 
15:54:59.212232 [crit] TID[2588] FILE[connection.cpp]LINE[547] we have started a callback thread in connection[007F0F18] 
15:54:59.212734 [crit] TID[9700] FILE[connection.cpp]LINE[840] we have started a recv thread in connection[007F0F18] 
15:55:00.123996 [crit] TID[8908] FILE[connection.cpp]LINE[1021] we have create sender queue[SYS.HEARTBEAT] type[DeliverFanout] , Success[TRUE] 
15:55:00.189170 [crit] TID[3536] FILE[connection.cpp]LINE[1021] we have create sender queue[SYS.HEARTBEAT] type[DeliverFanout] , Success[TRUE] 
15:57:14.848078 [crit] TID[8792] FILE[connection.cpp]LINE[250] we have connected  to [172.16.8.85] 
15:57:14.849081 [crit] TID[2804] FILE[connection.cpp]LINE[697] we have started a send thread int connection[00BFC2E8] 
15:57:14.849081 [crit] TID[8792] FILE[connection.cpp]LINE[371] setHandler [gateway_srv_token_verify.req.queue] DeliveType[DeliverDirect] 
15:57:14.855596 [crit] TID[8792] FILE[connection.cpp]LINE[971] we have add receiver queue[00C4E1D0] for name[gateway_srv_token_verify.req.queue] 
15:57:14.860610 [crit] TID[8792] FILE[connection.cpp]LINE[384] we have created Handler[gateway_srv_token_verify.req.queue] 
15:57:14.861613 [crit] TID[3828] FILE[connection.cpp]LINE[547] we have started a callback thread in connection[00BFC2E8] 
15:57:14.861613 [crit] TID[4884] FILE[connection.cpp]LINE[840] we have started a recv thread in connection[00BFC2E8] 
15:57:14.896706 [crit] TID[8792] FILE[connection.cpp]LINE[250] we have connected  to [172.16.8.85] 
15:57:14.897708 [crit] TID[5560] FILE[connection.cpp]LINE[697] we have started a send thread int connection[00C54BF0] 
15:57:14.897708 [crit] TID[8792] FILE[connection.cpp]LINE[371] setHandler [login_srv_fanout_listen.queue] DeliveType[DeliverFanout] 
15:57:14.908737 [crit] TID[8792] FILE[connection.cpp]LINE[971] we have add receiver queue[03780338] for name[c508e23e-f143-4c5d-a061-bbc30cce6ac6#.login_srv_fanout_listen.queue] 
15:57:14.908737 [crit] TID[8792] FILE[connection.cpp]LINE[979] we will build  a senderfor fanout , to confirm exchange[login_srv_fanout_listen.queue]  is exist 
15:57:14.917260 [crit] TID[8792] FILE[connection.cpp]LINE[1021] we have create sender queue[login_srv_fanout_listen.queue] type[DeliverFanout] , Success[TRUE] 
15:57:14.917763 [crit] TID[8792] FILE[connection.cpp]LINE[985] we have confirm exchange[login_srv_fanout_listen.queue] exist 
15:57:14.923277 [crit] TID[8792] FILE[connection.cpp]LINE[384] we have created Handler[login_srv_fanout_listen.queue] 
15:57:14.924779 [crit] TID[10272] FILE[connection.cpp]LINE[547] we have started a callback thread in connection[00C54BF0] 
15:57:14.924779 [crit] TID[3048] FILE[connection.cpp]LINE[840] we have started a recv thread in connection[00C54BF0] 
15:57:15.860522 [crit] TID[2804] FILE[connection.cpp]LINE[1021] we have create sender queue[SYS.HEARTBEAT] type[DeliverFanout] , Success[TRUE] 
15:57:15.909654 [crit] TID[5560] FILE[connection.cpp]LINE[1021] we have create sender queue[SYS.HEARTBEAT] type[DeliverFanout] , Success[TRUE] 
15:58:09.770547 [crit] TID[8792] FILE[connection.cpp]LINE[266] connection[172.16.8.85] will be closed 
15:58:09.946667 [crit] TID[5560] FILE[connection.cpp]LINE[749] we have stopped send thread in connection[00C54BF0] ,which sent [1] message in do_send , closed[FALSE] closing[TRUE] count[0] 
15:58:09.946667 [crit] TID[10272] FILE[connection.cpp]LINE[560] we have stopped a callback thread in connection[00C54BF0] 
15:58:09.958157 [crit] TID[3048] FILE[connection.cpp]LINE[938] we have stopped a recv thread in connection[00C54BF0] 
15:58:09.972226 [crit] TID[8792] FILE[connection.cpp]LINE[166] we have clear sender[SYS.HEARTBEAT]'s messages [0] 
15:58:09.973229 [crit] TID[8792] FILE[connection.cpp]LINE[203] we have delete receiver[c508e23e-f143-4c5d-a061-bbc30cce6ac6#.login_srv_fanout_listen.queue]'s messages [0] 
15:58:09.974233 [crit] TID[8792] FILE[connection.cpp]LINE[266] connection[172.16.8.85] will be closed 
15:58:10.882412 [crit] TID[3828] FILE[connection.cpp]LINE[560] we have stopped a callback thread in connection[00BFC2E8] 
15:58:10.896950 [crit] TID[2804] FILE[connection.cpp]LINE[749] we have stopped send thread in connection[00BFC2E8] ,which sent [1] message in do_send , closed[FALSE] closing[TRUE] count[0] 
15:58:10.900456 [crit] TID[4884] FILE[connection.cpp]LINE[938] we have stopped a recv thread in connection[00BFC2E8] 
15:58:10.912488 [crit] TID[8792] FILE[connection.cpp]LINE[166] we have clear sender[SYS.HEARTBEAT]'s messages [0] 
15:58:10.912488 [crit] TID[8792] FILE[connection.cpp]LINE[203] we have delete receiver[gateway_srv_token_verify.req.queue]'s messages [0] 
