14:20:41.062229 [crit] TID[6272] FILE[connection.cpp]LINE[250] we have connected  to [172.16.8.85] 
14:20:41.062731 [crit] TID[6272] FILE[connection.cpp]LINE[371] setHandler [gateway_srv_token_verify.req.queue] DeliveType[DeliverDirect] 
14:20:41.062731 [crit] TID[5072] FILE[connection.cpp]LINE[697] we have started a send thread int connection[00407B10] 
14:20:41.065738 [crit] TID[6272] FILE[connection.cpp]LINE[971] we have add receiver queue[004598A0] for name[gateway_srv_token_verify.req.queue] 
14:20:41.068245 [crit] TID[6272] FILE[connection.cpp]LINE[384] we have created Handler[gateway_srv_token_verify.req.queue] 
14:20:41.068746 [crit] TID[8900] FILE[connection.cpp]LINE[547] we have started a callback thread in connection[00407B10] 
14:20:41.069248 [crit] TID[4936] FILE[connection.cpp]LINE[840] we have started a recv thread in connection[00407B10] 
14:20:41.140941 [crit] TID[6272] FILE[connection.cpp]LINE[250] we have connected  to [172.16.8.85] 
14:20:41.141442 [crit] TID[6272] FILE[connection.cpp]LINE[371] setHandler [login_srv_token_sync.queue] DeliveType[DeliverFanout] 
14:20:41.141442 [crit] TID[9108] FILE[connection.cpp]LINE[697] we have started a send thread int connection[0045C488] 
14:20:41.149463 [crit] TID[6272] FILE[connection.cpp]LINE[971] we have add receiver queue[00484B50] for name[6854ef3f-ed8c-495c-a514-de5b6c437301#.login_srv_token_sync.queue] 
14:20:41.149463 [crit] TID[6272] FILE[connection.cpp]LINE[979] we will build  a senderfor fanout , to confirm exchange[login_srv_token_sync.queue]  is exist 
14:20:41.171021 [crit] TID[6272] FILE[connection.cpp]LINE[1021] we have create sender queue[login_srv_token_sync.queue] type[DeliverFanout] , Success[TRUE] 
14:20:41.171021 [crit] TID[6272] FILE[connection.cpp]LINE[985] we have confirm exchange[login_srv_token_sync.queue] exist 
14:20:41.173528 [crit] TID[6272] FILE[connection.cpp]LINE[384] we have created Handler[login_srv_token_sync.queue] 
14:20:41.174030 [crit] TID[4552] FILE[connection.cpp]LINE[547] we have started a callback thread in connection[0045C488] 
14:20:41.174529 [crit] TID[3996] FILE[connection.cpp]LINE[840] we have started a recv thread in connection[0045C488] 
14:20:42.065228 [crit] TID[5072] FILE[connection.cpp]LINE[1021] we have create sender queue[SYS.HEARTBEAT] type[DeliverFanout] , Success[TRUE] 
14:20:42.143359 [crit] TID[9108] FILE[connection.cpp]LINE[1021] we have create sender queue[SYS.HEARTBEAT] type[DeliverFanout] , Success[TRUE] 
14:32:09.790165 [crit] TID[3344] FILE[connection.cpp]LINE[250] we have connected  to [172.16.8.85] 
14:32:09.790667 [crit] TID[3344] FILE[connection.cpp]LINE[371] setHandler [gateway_srv_token_verify.req.queue] DeliveType[DeliverDirect] 
14:32:09.790667 [crit] TID[1076] FILE[connection.cpp]LINE[697] we have started a send thread int connection[012EE8F0] 
14:32:09.796180 [crit] TID[3344] FILE[connection.cpp]LINE[971] we have add receiver queue[013397F8] for name[gateway_srv_token_verify.req.queue] 
14:32:09.798689 [crit] TID[3344] FILE[connection.cpp]LINE[384] we have created Handler[gateway_srv_token_verify.req.queue] 
14:32:12.237675 [crit] TID[7524] FILE[connection.cpp]LINE[547] we have started a callback thread in connection[012EE8F0] 
14:32:20.196908 [crit] TID[8516] FILE[connection.cpp]LINE[840] we have started a recv thread in connection[012EE8F0] 
14:32:34.204536 [crit] TID[1076] FILE[connection.cpp]LINE[1021] we have create sender queue[SYS.HEARTBEAT] type[DeliverFanout] , Success[TRUE] 
14:33:51.349676 [crit] TID[3184] FILE[connection.cpp]LINE[250] we have connected  to [172.16.8.85] 
14:33:51.350679 [crit] TID[3184] FILE[connection.cpp]LINE[371] setHandler [gateway_srv_token_verify.req.queue] DeliveType[DeliverDirect] 
14:33:51.350679 [crit] TID[9040] FILE[connection.cpp]LINE[697] we have started a send thread int connection[010A8000] 
14:33:51.357197 [crit] TID[3184] FILE[connection.cpp]LINE[971] we have add receiver queue[010F9868] for name[gateway_srv_token_verify.req.queue] 
14:33:51.359705 [crit] TID[3184] FILE[connection.cpp]LINE[384] we have created Handler[gateway_srv_token_verify.req.queue] 
14:33:51.360205 [crit] TID[8144] FILE[connection.cpp]LINE[547] we have started a callback thread in connection[010A8000] 
14:33:51.360205 [crit] TID[7520] FILE[connection.cpp]LINE[840] we have started a recv thread in connection[010A8000] 
14:33:51.388780 [crit] TID[3184] FILE[connection.cpp]LINE[250] we have connected  to [172.16.8.85] 
14:33:51.390787 [crit] TID[1656] FILE[connection.cpp]LINE[697] we have started a send thread int connection[010FC028] 
14:33:51.390787 [crit] TID[3184] FILE[connection.cpp]LINE[371] setHandler [login_srv_token_sync.queue] DeliveType[DeliverFanout] 
14:33:51.403828 [crit] TID[3184] FILE[connection.cpp]LINE[971] we have add receiver queue[01125458] for name[64320f62-998c-4e1e-9b4d-205a17a85234#.login_srv_token_sync.queue] 
14:33:51.403828 [crit] TID[3184] FILE[connection.cpp]LINE[979] we will build  a senderfor fanout , to confirm exchange[login_srv_token_sync.queue]  is exist 
14:33:51.478019 [crit] TID[3184] FILE[connection.cpp]LINE[1021] we have create sender queue[login_srv_token_sync.queue] type[DeliverFanout] , Success[TRUE] 
14:33:51.478019 [crit] TID[3184] FILE[connection.cpp]LINE[985] we have confirm exchange[login_srv_token_sync.queue] exist 
14:33:51.480525 [crit] TID[3184] FILE[connection.cpp]LINE[384] we have created Handler[login_srv_token_sync.queue] 
14:33:51.481527 [crit] TID[8824] FILE[connection.cpp]LINE[547] we have started a callback thread in connection[010FC028] 
14:33:51.481527 [crit] TID[6860] FILE[connection.cpp]LINE[840] we have started a recv thread in connection[010FC028] 
14:33:52.363210 [crit] TID[9040] FILE[connection.cpp]LINE[1021] we have create sender queue[SYS.HEARTBEAT] type[DeliverFanout] , Success[TRUE] 
14:33:52.402116 [crit] TID[1656] FILE[connection.cpp]LINE[1021] we have create sender queue[SYS.HEARTBEAT] type[DeliverFanout] , Success[TRUE] 
14:35:47.540257 [crit] TID[8292] FILE[connection.cpp]LINE[250] we have connected  to [172.16.8.85] 
14:35:47.540780 [crit] TID[8292] FILE[connection.cpp]LINE[371] setHandler [gateway_srv_token_verify.req.queue] DeliveType[DeliverDirect] 
14:35:47.541243 [crit] TID[1816] FILE[connection.cpp]LINE[697] we have started a send thread int connection[00807E70] 
14:35:47.545254 [crit] TID[8292] FILE[connection.cpp]LINE[971] we have add receiver queue[00859450] for name[gateway_srv_token_verify.req.queue] 
14:35:47.546757 [crit] TID[8292] FILE[connection.cpp]LINE[384] we have created Handler[gateway_srv_token_verify.req.queue] 
14:35:47.547257 [crit] TID[2892] FILE[connection.cpp]LINE[547] we have started a callback thread in connection[00807E70] 
14:35:47.547257 [crit] TID[5808] FILE[connection.cpp]LINE[840] we have started a recv thread in connection[00807E70] 
14:35:47.564806 [crit] TID[8292] FILE[connection.cpp]LINE[250] we have connected  to [172.16.8.85] 
14:35:47.565307 [crit] TID[8292] FILE[connection.cpp]LINE[371] setHandler [login_srv_token_sync.queue] DeliveType[DeliverFanout] 
14:35:47.565307 [crit] TID[9004] FILE[connection.cpp]LINE[697] we have started a send thread int connection[0085DAD0] 
14:35:47.572826 [crit] TID[8292] FILE[connection.cpp]LINE[971] we have add receiver queue[00884D18] for name[54ce4885-f091-4551-93fb-188aa3cb52ff#.login_srv_token_sync.queue] 
14:35:47.572826 [crit] TID[8292] FILE[connection.cpp]LINE[979] we will build  a senderfor fanout , to confirm exchange[login_srv_token_sync.queue]  is exist 
14:35:47.577840 [crit] TID[8292] FILE[connection.cpp]LINE[1021] we have create sender queue[login_srv_token_sync.queue] type[DeliverFanout] , Success[TRUE] 
14:35:47.578340 [crit] TID[8292] FILE[connection.cpp]LINE[985] we have confirm exchange[login_srv_token_sync.queue] exist 
14:35:47.579845 [crit] TID[8292] FILE[connection.cpp]LINE[384] we have created Handler[login_srv_token_sync.queue] 
14:35:47.580346 [crit] TID[2388] FILE[connection.cpp]LINE[547] we have started a callback thread in connection[0085DAD0] 
14:35:47.580346 [crit] TID[236] FILE[connection.cpp]LINE[840] we have started a recv thread in connection[0085DAD0] 
14:35:48.552609 [crit] TID[1816] FILE[connection.cpp]LINE[1021] we have create sender queue[SYS.HEARTBEAT] type[DeliverFanout] , Success[TRUE] 
14:35:48.576868 [crit] TID[9004] FILE[connection.cpp]LINE[1021] we have create sender queue[SYS.HEARTBEAT] type[DeliverFanout] , Success[TRUE] 
14:42:30.029749 [crit] TID[5544] FILE[connection.cpp]LINE[250] we have connected  to [172.16.8.85] 
14:42:30.030223 [crit] TID[5544] FILE[connection.cpp]LINE[371] setHandler [gateway_srv_token_verify.req.queue] DeliveType[DeliverDirect] 
14:42:30.030223 [crit] TID[6000] FILE[connection.cpp]LINE[697] we have started a send thread int connection[01507F80] 
14:42:30.033739 [crit] TID[5544] FILE[connection.cpp]LINE[971] we have add receiver queue[0155AB70] for name[gateway_srv_token_verify.req.queue] 
14:42:30.035738 [crit] TID[5544] FILE[connection.cpp]LINE[384] we have created Handler[gateway_srv_token_verify.req.queue] 
14:42:30.036742 [crit] TID[6256] FILE[connection.cpp]LINE[547] we have started a callback thread in connection[01507F80] 
14:42:30.036742 [crit] TID[8132] FILE[connection.cpp]LINE[840] we have started a recv thread in connection[01507F80] 
14:42:30.053787 [crit] TID[5544] FILE[connection.cpp]LINE[250] we have connected  to [172.16.8.85] 
14:42:30.054288 [crit] TID[5544] FILE[connection.cpp]LINE[371] setHandler [login_srv_token_sync.queue] DeliveType[DeliverFanout] 
14:42:30.054288 [crit] TID[6312] FILE[connection.cpp]LINE[697] we have started a send thread int connection[0155C158] 
14:42:30.061307 [crit] TID[5544] FILE[connection.cpp]LINE[971] we have add receiver queue[03B40FE0] for name[46ff567c-a1b8-46b3-aadd-2879bd3ae0d7#.login_srv_token_sync.queue] 
14:42:30.061307 [crit] TID[5544] FILE[connection.cpp]LINE[979] we will build  a senderfor fanout , to confirm exchange[login_srv_token_sync.queue]  is exist 
14:42:30.065326 [crit] TID[5544] FILE[connection.cpp]LINE[1021] we have create sender queue[login_srv_token_sync.queue] type[DeliverFanout] , Success[TRUE] 
14:42:30.065326 [crit] TID[5544] FILE[connection.cpp]LINE[985] we have confirm exchange[login_srv_token_sync.queue] exist 
14:42:30.067824 [crit] TID[5544] FILE[connection.cpp]LINE[384] we have created Handler[login_srv_token_sync.queue] 
14:42:30.068325 [crit] TID[9092] FILE[connection.cpp]LINE[840] we have started a recv thread in connection[0155C158] 
14:42:30.068325 [crit] TID[2464] FILE[connection.cpp]LINE[547] we have started a callback thread in connection[0155C158] 
14:42:31.040858 [crit] TID[6000] FILE[connection.cpp]LINE[1021] we have create sender queue[SYS.HEARTBEAT] type[DeliverFanout] , Success[TRUE] 
14:42:31.065389 [crit] TID[6312] FILE[connection.cpp]LINE[1021] we have create sender queue[SYS.HEARTBEAT] type[DeliverFanout] , Success[TRUE] 
14:43:31.199672 [crit] TID[6000] FILE[connection.cpp]LINE[718] we have sent[1] messages , send[1] 
14:43:31.199672 [crit] TID[6312] FILE[connection.cpp]LINE[718] we have sent[1] messages , send[1] 
14:44:37.236088 [crit] TID[6000] FILE[connection.cpp]LINE[718] we have sent[2] messages , send[2] 
14:44:37.236088 [crit] TID[6312] FILE[connection.cpp]LINE[718] we have sent[2] messages , send[2] 
14:45:38.271233 [crit] TID[6312] FILE[connection.cpp]LINE[718] we have sent[4] messages , send[4] 
14:45:38.271233 [crit] TID[6000] FILE[connection.cpp]LINE[718] we have sent[4] messages , send[4] 
16:29:16.028658 [crit] TID[3708] FILE[connection.cpp]LINE[250] we have connected  to [172.16.8.85] 
16:29:16.029160 [crit] TID[8412] FILE[connection.cpp]LINE[697] we have started a send thread int connection[011F7E18] 
16:29:16.029160 [crit] TID[3708] FILE[connection.cpp]LINE[371] setHandler [gateway_srv_token_verify.req.queue] DeliveType[DeliverDirect] 
16:29:16.033170 [crit] TID[3708] FILE[connection.cpp]LINE[971] we have add receiver queue[01249698] for name[gateway_srv_token_verify.req.queue] 
16:29:16.034784 [crit] TID[3708] FILE[connection.cpp]LINE[384] we have created Handler[gateway_srv_token_verify.req.queue] 
16:29:16.035677 [crit] TID[10184] FILE[connection.cpp]LINE[547] we have started a callback thread in connection[011F7E18] 
16:29:16.035677 [crit] TID[604] FILE[connection.cpp]LINE[840] we have started a recv thread in connection[011F7E18] 
16:29:16.053724 [crit] TID[3708] FILE[connection.cpp]LINE[250] we have connected  to [172.16.8.85] 
16:29:16.054226 [crit] TID[3708] FILE[connection.cpp]LINE[371] setHandler [login_srv_token_sync.queue] DeliveType[DeliverFanout] 
16:29:16.054226 [crit] TID[9992] FILE[connection.cpp]LINE[697] we have started a send thread int connection[012498D8] 
16:29:16.060743 [crit] TID[3708] FILE[connection.cpp]LINE[971] we have add receiver queue[012750A8] for name[d897d483-a867-4e78-a220-1c5ef796b9fd#.login_srv_token_sync.queue] 
16:29:16.060743 [crit] TID[3708] FILE[connection.cpp]LINE[979] we will build  a senderfor fanout , to confirm exchange[login_srv_token_sync.queue]  is exist 
16:29:16.065756 [crit] TID[3708] FILE[connection.cpp]LINE[1021] we have create sender queue[login_srv_token_sync.queue] type[DeliverFanout] , Success[TRUE] 
16:29:16.065756 [crit] TID[3708] FILE[connection.cpp]LINE[985] we have confirm exchange[login_srv_token_sync.queue] exist 
16:29:16.068263 [crit] TID[3708] FILE[connection.cpp]LINE[384] we have created Handler[login_srv_token_sync.queue] 
16:29:16.068764 [crit] TID[9260] FILE[connection.cpp]LINE[547] we have started a callback thread in connection[012498D8] 
16:29:16.068764 [crit] TID[9316] FILE[connection.cpp]LINE[840] we have started a recv thread in connection[012498D8] 
16:29:17.037344 [crit] TID[8412] FILE[connection.cpp]LINE[1021] we have create sender queue[SYS.HEARTBEAT] type[DeliverFanout] , Success[TRUE] 
16:29:17.065918 [crit] TID[9992] FILE[connection.cpp]LINE[1021] we have create sender queue[SYS.HEARTBEAT] type[DeliverFanout] , Success[TRUE] 
16:30:52.838015 [crit] TID[9992] FILE[connection.cpp]LINE[718] we have sent[1] messages , send[1] 
16:33:58.672159 [crit] TID[8412] FILE[connection.cpp]LINE[718] we have sent[1] messages , send[1] 
16:35:53.121559 [crit] TID[9992] FILE[connection.cpp]LINE[718] we have sent[2] messages , send[2] 
16:35:53.121559 [crit] TID[8412] FILE[connection.cpp]LINE[718] we have sent[2] messages , send[2] 
16:36:54.134879 [crit] TID[9992] FILE[connection.cpp]LINE[718] we have sent[4] messages , send[4] 
16:36:54.134879 [crit] TID[8412] FILE[connection.cpp]LINE[718] we have sent[4] messages , send[4] 
16:37:55.146767 [crit] TID[8412] FILE[connection.cpp]LINE[718] we have sent[5] messages , send[5] 
16:37:55.146767 [crit] TID[9992] FILE[connection.cpp]LINE[718] we have sent[5] messages , send[5] 
16:38:56.159019 [crit] TID[9992] FILE[connection.cpp]LINE[718] we have sent[6] messages , send[6] 
16:38:56.159019 [crit] TID[8412] FILE[connection.cpp]LINE[718] we have sent[6] messages , send[6] 
16:39:57.170823 [crit] TID[8412] FILE[connection.cpp]LINE[718] we have sent[7] messages , send[7] 
16:39:57.170823 [crit] TID[9992] FILE[connection.cpp]LINE[718] we have sent[7] messages , send[7] 
16:40:58.183147 [crit] TID[9992] FILE[connection.cpp]LINE[718] we have sent[8] messages , send[8] 
16:40:58.183147 [crit] TID[8412] FILE[connection.cpp]LINE[718] we have sent[8] messages , send[8] 
16:41:59.195951 [crit] TID[8412] FILE[connection.cpp]LINE[718] we have sent[9] messages , send[9] 
16:41:59.195951 [crit] TID[9992] FILE[connection.cpp]LINE[718] we have sent[9] messages , send[9] 
16:45:14.133817 [crit] TID[9992] FILE[connection.cpp]LINE[718] we have sent[11] messages , send[11] 
16:45:14.133817 [crit] TID[8412] FILE[connection.cpp]LINE[718] we have sent[11] messages , send[11] 
16:46:15.146158 [crit] TID[9992] FILE[connection.cpp]LINE[718] we have sent[12] messages , send[12] 
16:46:15.146158 [crit] TID[8412] FILE[connection.cpp]LINE[718] we have sent[12] messages , send[12] 
16:47:16.157472 [crit] TID[8412] FILE[connection.cpp]LINE[718] we have sent[13] messages , send[13] 
16:47:16.157472 [crit] TID[9992] FILE[connection.cpp]LINE[718] we have sent[13] messages , send[13] 
16:48:17.170290 [crit] TID[9992] FILE[connection.cpp]LINE[718] we have sent[14] messages , send[14] 
16:48:17.170290 [crit] TID[8412] FILE[connection.cpp]LINE[718] we have sent[14] messages , send[14] 
16:49:18.182739 [crit] TID[8412] FILE[connection.cpp]LINE[718] we have sent[15] messages , send[15] 
16:49:18.182739 [crit] TID[9992] FILE[connection.cpp]LINE[718] we have sent[15] messages , send[15] 
16:50:19.194419 [crit] TID[8412] FILE[connection.cpp]LINE[718] we have sent[16] messages , send[16] 
16:50:19.194419 [crit] TID[9992] FILE[connection.cpp]LINE[718] we have sent[16] messages , send[16] 
16:51:20.206862 [crit] TID[8412] FILE[connection.cpp]LINE[718] we have sent[17] messages , send[17] 
16:51:20.206862 [crit] TID[9992] FILE[connection.cpp]LINE[718] we have sent[17] messages , send[17] 
16:52:21.226499 [crit] TID[8412] FILE[connection.cpp]LINE[718] we have sent[18] messages , send[18] 
16:52:21.226499 [crit] TID[9992] FILE[connection.cpp]LINE[718] we have sent[18] messages , send[18] 
16:53:22.238329 [crit] TID[9992] FILE[connection.cpp]LINE[718] we have sent[19] messages , send[19] 
16:53:22.238329 [crit] TID[8412] FILE[connection.cpp]LINE[718] we have sent[19] messages , send[19] 
16:54:23.277982 [crit] TID[9992] FILE[connection.cpp]LINE[718] we have sent[20] messages , send[20] 
16:54:23.293024 [crit] TID[8412] FILE[connection.cpp]LINE[718] we have sent[20] messages , send[20] 
16:55:24.411698 [crit] TID[9992] FILE[connection.cpp]LINE[718] we have sent[21] messages , send[21] 
16:55:24.418442 [crit] TID[8412] FILE[connection.cpp]LINE[718] we have sent[21] messages , send[21] 
16:56:25.458998 [crit] TID[8412] FILE[connection.cpp]LINE[718] we have sent[22] messages , send[22] 
16:56:25.458998 [crit] TID[9992] FILE[connection.cpp]LINE[718] we have sent[22] messages , send[22] 
16:57:26.499177 [crit] TID[8412] FILE[connection.cpp]LINE[718] we have sent[23] messages , send[23] 
16:57:26.499177 [crit] TID[9992] FILE[connection.cpp]LINE[718] we have sent[23] messages , send[23] 
16:58:27.527460 [crit] TID[8412] FILE[connection.cpp]LINE[718] we have sent[24] messages , send[24] 
16:58:27.527460 [crit] TID[9992] FILE[connection.cpp]LINE[718] we have sent[24] messages , send[24] 
16:59:28.568012 [crit] TID[9992] FILE[connection.cpp]LINE[718] we have sent[25] messages , send[25] 
16:59:28.568012 [crit] TID[8412] FILE[connection.cpp]LINE[718] we have sent[25] messages , send[25] 
17:00:29.636922 [crit] TID[9992] FILE[connection.cpp]LINE[718] we have sent[26] messages , send[26] 
17:00:29.636922 [crit] TID[8412] FILE[connection.cpp]LINE[718] we have sent[26] messages , send[26] 
17:01:30.716963 [crit] TID[8412] FILE[connection.cpp]LINE[718] we have sent[27] messages , send[27] 
17:01:30.716963 [crit] TID[9992] FILE[connection.cpp]LINE[718] we have sent[27] messages , send[27] 
17:02:31.837360 [crit] TID[8412] FILE[connection.cpp]LINE[718] we have sent[28] messages , send[28] 
17:02:31.837360 [crit] TID[9992] FILE[connection.cpp]LINE[718] we have sent[28] messages , send[28] 
17:03:32.909681 [crit] TID[8412] FILE[connection.cpp]LINE[718] we have sent[29] messages , send[29] 
17:03:32.909681 [crit] TID[9992] FILE[connection.cpp]LINE[718] we have sent[29] messages , send[29] 
17:03:52.903752 [crit] TID[5492] FILE[connection.cpp]LINE[250] we have connected  to [172.16.8.85] 
17:03:52.904754 [crit] TID[9280] FILE[connection.cpp]LINE[697] we have started a send thread int connection[013C7F18] 
17:03:52.904754 [crit] TID[5492] FILE[connection.cpp]LINE[371] setHandler [gateway_srv_token_verify.req.queue] DeliveType[DeliverDirect] 
17:03:52.908264 [crit] TID[5492] FILE[connection.cpp]LINE[971] we have add receiver queue[014198E0] for name[gateway_srv_token_verify.req.queue] 
17:03:52.910269 [crit] TID[5492] FILE[connection.cpp]LINE[384] we have created Handler[gateway_srv_token_verify.req.queue] 
17:03:52.911273 [crit] TID[1728] FILE[connection.cpp]LINE[547] we have started a callback thread in connection[013C7F18] 
17:03:52.911774 [crit] TID[9112] FILE[connection.cpp]LINE[840] we have started a recv thread in connection[013C7F18] 
17:03:52.930824 [crit] TID[5492] FILE[connection.cpp]LINE[250] we have connected  to [172.16.8.85] 
17:03:52.931325 [crit] TID[5492] FILE[connection.cpp]LINE[371] setHandler [login_srv_token_sync.queue] DeliveType[DeliverFanout] 
17:03:52.931325 [crit] TID[9104] FILE[connection.cpp]LINE[697] we have started a send thread int connection[0141B850] 
17:03:52.990484 [crit] TID[5492] FILE[connection.cpp]LINE[971] we have add receiver queue[01444F78] for name[2bbb5146-68fb-40e5-855f-b9af118470b9#.login_srv_token_sync.queue] 
17:03:52.990484 [crit] TID[5492] FILE[connection.cpp]LINE[979] we will build  a senderfor fanout , to confirm exchange[login_srv_token_sync.queue]  is exist 
17:03:52.997029 [crit] TID[5492] FILE[connection.cpp]LINE[1021] we have create sender queue[login_srv_token_sync.queue] type[DeliverFanout] , Success[TRUE] 
17:03:52.997532 [crit] TID[5492] FILE[connection.cpp]LINE[985] we have confirm exchange[login_srv_token_sync.queue] exist 
17:03:52.999506 [crit] TID[5492] FILE[connection.cpp]LINE[384] we have created Handler[login_srv_token_sync.queue] 
17:03:53.004018 [crit] TID[9268] FILE[connection.cpp]LINE[547] we have started a callback thread in connection[0141B850] 
17:03:53.004018 [crit] TID[9332] FILE[connection.cpp]LINE[840] we have started a recv thread in connection[0141B850] 
17:03:53.928479 [crit] TID[9280] FILE[connection.cpp]LINE[1021] we have create sender queue[SYS.HEARTBEAT] type[DeliverFanout] , Success[TRUE] 
17:03:53.944019 [crit] TID[9104] FILE[connection.cpp]LINE[1021] we have create sender queue[SYS.HEARTBEAT] type[DeliverFanout] , Success[TRUE] 
17:04:53.055924 [crit] TID[9280] FILE[connection.cpp]LINE[718] we have sent[1] messages , send[1] 
17:04:53.071967 [crit] TID[9104] FILE[connection.cpp]LINE[718] we have sent[1] messages , send[1] 
17:05:46.713475 [crit] TID[9372] FILE[connection.cpp]LINE[250] we have connected  to [172.16.8.85] 
17:05:46.713978 [crit] TID[7752] FILE[connection.cpp]LINE[697] we have started a send thread int connection[009B7CB8] 
17:05:46.713978 [crit] TID[9372] FILE[connection.cpp]LINE[371] setHandler [gateway_srv_token_verify.req.queue] DeliveType[DeliverDirect] 
17:05:46.717484 [crit] TID[9372] FILE[connection.cpp]LINE[971] we have add receiver queue[00A09630] for name[gateway_srv_token_verify.req.queue] 
17:05:46.718988 [crit] TID[9372] FILE[connection.cpp]LINE[384] we have created Handler[gateway_srv_token_verify.req.queue] 
17:05:46.719492 [crit] TID[9356] FILE[connection.cpp]LINE[547] we have started a callback thread in connection[009B7CB8] 
17:05:46.719492 [crit] TID[8692] FILE[connection.cpp]LINE[840] we have started a recv thread in connection[009B7CB8] 
17:05:46.786668 [crit] TID[9372] FILE[connection.cpp]LINE[250] we have connected  to [172.16.8.85] 
17:05:46.787170 [crit] TID[9372] FILE[connection.cpp]LINE[371] setHandler [login_srv_token_sync.queue] DeliveType[DeliverFanout] 
17:05:46.787170 [crit] TID[9648] FILE[connection.cpp]LINE[697] we have started a send thread int connection[00A0BDE0] 
17:05:46.795192 [crit] TID[9372] FILE[connection.cpp]LINE[971] we have add receiver queue[00A34CA0] for name[8901bef0-1abd-4067-ae95-400e688d9b79#.login_srv_token_sync.queue] 
17:05:46.795192 [crit] TID[9372] FILE[connection.cpp]LINE[979] we will build  a senderfor fanout , to confirm exchange[login_srv_token_sync.queue]  is exist 
17:05:46.801708 [crit] TID[9372] FILE[connection.cpp]LINE[1021] we have create sender queue[login_srv_token_sync.queue] type[DeliverFanout] , Success[TRUE] 
17:05:46.801708 [crit] TID[9372] FILE[connection.cpp]LINE[985] we have confirm exchange[login_srv_token_sync.queue] exist 
17:05:46.803713 [crit] TID[9372] FILE[connection.cpp]LINE[384] we have created Handler[login_srv_token_sync.queue] 
17:05:46.804716 [crit] TID[192] FILE[connection.cpp]LINE[547] we have started a callback thread in connection[00A0BDE0] 
17:05:46.804716 [crit] TID[6396] FILE[connection.cpp]LINE[840] we have started a recv thread in connection[00A0BDE0] 
17:05:47.725194 [crit] TID[7752] FILE[connection.cpp]LINE[1021] we have create sender queue[SYS.HEARTBEAT] type[DeliverFanout] , Success[TRUE] 
17:05:47.788641 [crit] TID[9648] FILE[connection.cpp]LINE[1021] we have create sender queue[SYS.HEARTBEAT] type[DeliverFanout] , Success[TRUE] 
17:06:47.745774 [crit] TID[7752] FILE[connection.cpp]LINE[718] we have sent[1] messages , send[1] 
17:06:47.907242 [crit] TID[9648] FILE[connection.cpp]LINE[718] we have sent[1] messages , send[1] 
17:08:31.882959 [crit] TID[8592] FILE[connection.cpp]LINE[250] we have connected  to [172.16.8.85] 
17:08:31.883461 [crit] TID[9648] FILE[connection.cpp]LINE[697] we have started a send thread int connection[01417E18] 
17:08:31.883461 [crit] TID[8592] FILE[connection.cpp]LINE[371] setHandler [gateway_srv_token_verify.req.queue] DeliveType[DeliverDirect] 
17:08:31.888476 [crit] TID[8592] FILE[connection.cpp]LINE[971] we have add receiver queue[014696D8] for name[gateway_srv_token_verify.req.queue] 
17:08:31.890479 [crit] TID[8592] FILE[connection.cpp]LINE[384] we have created Handler[gateway_srv_token_verify.req.queue] 
17:08:31.891482 [crit] TID[7836] FILE[connection.cpp]LINE[547] we have started a callback thread in connection[01417E18] 
17:08:31.891482 [crit] TID[9356] FILE[connection.cpp]LINE[840] we have started a recv thread in connection[01417E18] 
17:08:31.934598 [crit] TID[8592] FILE[connection.cpp]LINE[250] we have connected  to [172.16.8.85] 
17:08:31.935098 [crit] TID[8592] FILE[connection.cpp]LINE[371] setHandler [login_srv_token_sync.queue] DeliveType[DeliverFanout] 
17:08:31.935098 [crit] TID[4944] FILE[connection.cpp]LINE[697] we have started a send thread int connection[0146C470] 
17:08:31.947131 [crit] TID[8592] FILE[connection.cpp]LINE[971] we have add receiver queue[014950F0] for name[a4c489af-8dbe-45ea-b455-61945df72463#.login_srv_token_sync.queue] 
17:08:31.947131 [crit] TID[8592] FILE[connection.cpp]LINE[979] we will build  a senderfor fanout , to confirm exchange[login_srv_token_sync.queue]  is exist 
17:08:31.952653 [crit] TID[8592] FILE[connection.cpp]LINE[1021] we have create sender queue[login_srv_token_sync.queue] type[DeliverFanout] , Success[TRUE] 
17:08:31.953147 [crit] TID[8592] FILE[connection.cpp]LINE[985] we have confirm exchange[login_srv_token_sync.queue] exist 
17:08:31.955652 [crit] TID[8592] FILE[connection.cpp]LINE[384] we have created Handler[login_srv_token_sync.queue] 
17:08:31.956155 [crit] TID[408] FILE[connection.cpp]LINE[547] we have started a callback thread in connection[0146C470] 
17:08:31.956155 [crit] TID[8420] FILE[connection.cpp]LINE[840] we have started a recv thread in connection[0146C470] 
17:08:32.896899 [crit] TID[9648] FILE[connection.cpp]LINE[1021] we have create sender queue[SYS.HEARTBEAT] type[DeliverFanout] , Success[TRUE] 
17:08:32.944024 [crit] TID[4944] FILE[connection.cpp]LINE[1021] we have create sender queue[SYS.HEARTBEAT] type[DeliverFanout] , Success[TRUE] 
17:09:32.059478 [crit] TID[4944] FILE[connection.cpp]LINE[718] we have sent[1] messages , send[1] 
17:09:32.915607 [crit] TID[9648] FILE[connection.cpp]LINE[718] we have sent[1] messages , send[1] 
