16:05:06.601377 [crit] TID[9940] FILE[connection.cpp]LINE[250] we have connected  to [172.16.8.85] 
16:05:06.601880 [crit] TID[9940] FILE[connection.cpp]LINE[371] setHandler [gateway_srv_token_verify.req.queue] DeliveType[DeliverDirect] 
16:05:06.601880 [crit] TID[9692] FILE[connection.cpp]LINE[697] we have started a send thread int connection[008472C8] 
16:05:06.605388 [crit] TID[9940] FILE[connection.cpp]LINE[971] we have add receiver queue[00898008] for name[gateway_srv_token_verify.req.queue] 
16:05:06.608396 [crit] TID[9940] FILE[connection.cpp]LINE[384] we have created Handler[gateway_srv_token_verify.req.queue] 
16:05:06.609900 [crit] TID[6068] FILE[connection.cpp]LINE[840] we have started a recv thread in connection[008472C8] 
16:05:06.610401 [crit] TID[6732] FILE[connection.cpp]LINE[547] we have started a callback thread in connection[008472C8] 
16:05:06.665548 [crit] TID[9940] FILE[connection.cpp]LINE[250] we have connected  to [172.16.8.85] 
16:05:06.666049 [crit] TID[9940] FILE[connection.cpp]LINE[371] setHandler [gateway_srv_token_verify.req.queue] DeliveType[DeliverDirect] 
16:05:06.666049 [crit] TID[5996] FILE[connection.cpp]LINE[697] we have started a send thread int connection[0089DCD8] 
16:05:06.671566 [crit] TID[9940] FILE[connection.cpp]LINE[971] we have add receiver queue[008C4620] for name[gateway_srv_token_verify.req.queue] 
16:05:06.673069 [crit] TID[9940] FILE[connection.cpp]LINE[384] we have created Handler[gateway_srv_token_verify.req.queue] 
16:05:06.673569 [crit] TID[9624] FILE[connection.cpp]LINE[547] we have started a callback thread in connection[0089DCD8] 
16:05:06.673569 [crit] TID[9956] FILE[connection.cpp]LINE[840] we have started a recv thread in connection[0089DCD8] 
16:05:06.678583 [crit] TID[9940] FILE[connection.cpp]LINE[250] we have connected  to [172.16.8.85] 
16:05:06.679085 [crit] TID[9940] FILE[connection.cpp]LINE[371] setHandler [gateway_srv_token_verify.req.queue] DeliveType[DeliverDirect] 
16:05:06.679085 [crit] TID[9572] FILE[connection.cpp]LINE[697] we have started a send thread int connection[008C6EB8] 
16:05:06.681591 [crit] TID[9940] FILE[connection.cpp]LINE[971] we have add receiver queue[03E84BC8] for name[gateway_srv_token_verify.req.queue] 
16:05:06.683095 [crit] TID[9940] FILE[connection.cpp]LINE[384] we have created Handler[gateway_srv_token_verify.req.queue] 
16:05:06.683597 [crit] TID[8068] FILE[connection.cpp]LINE[547] we have started a callback thread in connection[008C6EB8] 
16:05:06.683597 [crit] TID[7696] FILE[connection.cpp]LINE[840] we have started a recv thread in connection[008C6EB8] 
16:05:06.689111 [crit] TID[9940] FILE[connection.cpp]LINE[250] we have connected  to [172.16.8.85] 
16:05:06.689614 [crit] TID[9940] FILE[connection.cpp]LINE[371] setHandler [gateway_srv_token_verify.req.queue] DeliveType[DeliverDirect] 
16:05:06.689614 [crit] TID[4608] FILE[connection.cpp]LINE[697] we have started a send thread int connection[008CEF28] 
16:05:06.692621 [crit] TID[9940] FILE[connection.cpp]LINE[971] we have add receiver queue[03ECDFA0] for name[gateway_srv_token_verify.req.queue] 
16:05:06.694125 [crit] TID[9940] FILE[connection.cpp]LINE[384] we have created Handler[gateway_srv_token_verify.req.queue] 
16:05:06.694627 [crit] TID[4372] FILE[connection.cpp]LINE[547] we have started a callback thread in connection[008CEF28] 
16:05:06.694627 [crit] TID[7368] FILE[connection.cpp]LINE[840] we have started a recv thread in connection[008CEF28] 
16:05:06.700142 [crit] TID[9940] FILE[connection.cpp]LINE[250] we have connected  to [172.16.8.85] 
16:05:06.700643 [crit] TID[9940] FILE[connection.cpp]LINE[371] setHandler [gateway_srv_token_verify.req.queue] DeliveType[DeliverDirect] 
16:05:06.700643 [crit] TID[9888] FILE[connection.cpp]LINE[697] we have started a send thread int connection[03ED0E38] 
16:05:06.704153 [crit] TID[9940] FILE[connection.cpp]LINE[971] we have add receiver queue[03F1A3B8] for name[gateway_srv_token_verify.req.queue] 
16:05:06.705655 [crit] TID[9940] FILE[connection.cpp]LINE[384] we have created Handler[gateway_srv_token_verify.req.queue] 
16:05:06.706156 [crit] TID[4500] FILE[connection.cpp]LINE[547] we have started a callback thread in connection[03ED0E38] 
16:05:06.706156 [crit] TID[5444] FILE[connection.cpp]LINE[840] we have started a recv thread in connection[03ED0E38] 
16:05:06.712174 [crit] TID[9940] FILE[connection.cpp]LINE[250] we have connected  to [172.16.8.85] 
16:05:06.712676 [crit] TID[9940] FILE[connection.cpp]LINE[371] setHandler [gateway_srv_token_verify.req.queue] DeliveType[DeliverDirect] 
16:05:06.712676 [crit] TID[8396] FILE[connection.cpp]LINE[697] we have started a send thread int connection[03F1D088] 
16:05:06.718189 [crit] TID[9940] FILE[connection.cpp]LINE[971] we have add receiver queue[05227970] for name[gateway_srv_token_verify.req.queue] 
16:05:06.719692 [crit] TID[9940] FILE[connection.cpp]LINE[384] we have created Handler[gateway_srv_token_verify.req.queue] 
16:05:06.720194 [crit] TID[5984] FILE[connection.cpp]LINE[547] we have started a callback thread in connection[03F1D088] 
16:05:06.720194 [crit] TID[9616] FILE[connection.cpp]LINE[840] we have started a recv thread in connection[03F1D088] 
16:05:06.725709 [crit] TID[9940] FILE[connection.cpp]LINE[250] we have connected  to [172.16.8.85] 
16:05:06.725709 [crit] TID[9940] FILE[connection.cpp]LINE[371] setHandler [gateway_srv_token_verify.req.queue] DeliveType[DeliverDirect] 
16:05:06.726211 [crit] TID[3856] FILE[connection.cpp]LINE[697] we have started a send thread int connection[0522A0B8] 
16:05:06.728716 [crit] TID[9940] FILE[connection.cpp]LINE[971] we have add receiver queue[05273C18] for name[gateway_srv_token_verify.req.queue] 
16:05:06.730220 [crit] TID[9940] FILE[connection.cpp]LINE[384] we have created Handler[gateway_srv_token_verify.req.queue] 
16:05:06.731224 [crit] TID[6644] FILE[connection.cpp]LINE[547] we have started a callback thread in connection[0522A0B8] 
16:05:06.731224 [crit] TID[2080] FILE[connection.cpp]LINE[840] we have started a recv thread in connection[0522A0B8] 
16:05:06.736237 [crit] TID[9940] FILE[connection.cpp]LINE[250] we have connected  to [172.16.8.85] 
16:05:06.736739 [crit] TID[5728] FILE[connection.cpp]LINE[697] we have started a send thread int connection[05275DC0] 
16:05:06.736739 [crit] TID[9940] FILE[connection.cpp]LINE[371] setHandler [gateway_srv_token_verify.req.queue] DeliveType[DeliverDirect] 
16:05:06.739246 [crit] TID[9940] FILE[connection.cpp]LINE[971] we have add receiver queue[052C0018] for name[gateway_srv_token_verify.req.queue] 
16:05:06.740749 [crit] TID[9940] FILE[connection.cpp]LINE[384] we have created Handler[gateway_srv_token_verify.req.queue] 
16:05:06.741251 [crit] TID[5380] FILE[connection.cpp]LINE[547] we have started a callback thread in connection[05275DC0] 
16:05:06.741251 [crit] TID[5436] FILE[connection.cpp]LINE[840] we have started a recv thread in connection[05275DC0] 
16:05:06.745762 [crit] TID[9940] FILE[connection.cpp]LINE[250] we have connected  to [172.16.8.85] 
16:05:06.746263 [crit] TID[9964] FILE[connection.cpp]LINE[697] we have started a send thread int connection[052C2BC0] 
16:05:06.746764 [crit] TID[9940] FILE[connection.cpp]LINE[371] setHandler [gateway_srv_token_verify.req.queue] DeliveType[DeliverDirect] 
16:05:06.749272 [crit] TID[9940] FILE[connection.cpp]LINE[971] we have add receiver queue[0530C6C8] for name[gateway_srv_token_verify.req.queue] 
16:05:06.750774 [crit] TID[9940] FILE[connection.cpp]LINE[384] we have created Handler[gateway_srv_token_verify.req.queue] 
16:05:06.751777 [crit] TID[8320] FILE[connection.cpp]LINE[547] we have started a callback thread in connection[052C2BC0] 
16:05:06.751777 [crit] TID[9628] FILE[connection.cpp]LINE[840] we have started a recv thread in connection[052C2BC0] 
16:05:06.756791 [crit] TID[9940] FILE[connection.cpp]LINE[250] we have connected  to [172.16.8.85] 
16:05:06.757292 [crit] TID[9940] FILE[connection.cpp]LINE[371] setHandler [gateway_srv_token_verify.req.queue] DeliveType[DeliverDirect] 
16:05:06.757292 [crit] TID[3376] FILE[connection.cpp]LINE[697] we have started a send thread int connection[0530CEE0] 
16:05:06.760802 [crit] TID[9940] FILE[connection.cpp]LINE[971] we have add receiver queue[05355A90] for name[gateway_srv_token_verify.req.queue] 
16:05:06.762305 [crit] TID[9940] FILE[connection.cpp]LINE[384] we have created Handler[gateway_srv_token_verify.req.queue] 
16:05:06.763811 [crit] TID[4632] FILE[connection.cpp]LINE[547] we have started a callback thread in connection[0530CEE0] 
16:05:06.763811 [crit] TID[7356] FILE[connection.cpp]LINE[840] we have started a recv thread in connection[0530CEE0] 
16:05:06.780354 [crit] TID[9940] FILE[connection.cpp]LINE[250] we have connected  to [172.16.8.85] 
16:05:06.780856 [crit] TID[9940] FILE[connection.cpp]LINE[371] setHandler [login_srv_token_sync.queue] DeliveType[DeliverFanout] 
16:05:06.780856 [crit] TID[4308] FILE[connection.cpp]LINE[697] we have started a send thread int connection[0535BDE8] 
16:05:06.786872 [crit] TID[9940] FILE[connection.cpp]LINE[971] we have add receiver queue[053A0B10] for name[f74911b5-258a-4ab5-bbb6-16338006dcd3#.login_srv_token_sync.queue] 
16:05:06.786872 [crit] TID[9940] FILE[connection.cpp]LINE[979] we will build  a senderfor fanout , to confirm exchange[login_srv_token_sync.queue]  is exist 
16:05:06.791884 [crit] TID[9940] FILE[connection.cpp]LINE[1021] we have create sender queue[login_srv_token_sync.queue] type[DeliverFanout] , Success[TRUE] 
16:05:06.791884 [crit] TID[9940] FILE[connection.cpp]LINE[985] we have confirm exchange[login_srv_token_sync.queue] exist 
16:05:06.793889 [crit] TID[9940] FILE[connection.cpp]LINE[384] we have created Handler[login_srv_token_sync.queue] 
16:05:06.794392 [crit] TID[10244] FILE[connection.cpp]LINE[547] we have started a callback thread in connection[0535BDE8] 
16:05:06.794392 [crit] TID[10248] FILE[connection.cpp]LINE[840] we have started a recv thread in connection[0535BDE8] 
16:05:07.618961 [crit] TID[9692] FILE[connection.cpp]LINE[1021] we have create sender queue[SYS.HEARTBEAT] type[DeliverFanout] , Success[TRUE] 
16:05:07.678847 [crit] TID[5996] FILE[connection.cpp]LINE[1021] we have create sender queue[SYS.HEARTBEAT] type[DeliverFanout] , Success[TRUE] 
16:05:07.690156 [crit] TID[9572] FILE[connection.cpp]LINE[1021] we have create sender queue[SYS.HEARTBEAT] type[DeliverFanout] , Success[TRUE] 
16:05:07.698677 [crit] TID[4608] FILE[connection.cpp]LINE[1021] we have create sender queue[SYS.HEARTBEAT] type[DeliverFanout] , Success[TRUE] 
16:05:07.706197 [crit] TID[9888] FILE[connection.cpp]LINE[1021] we have create sender queue[SYS.HEARTBEAT] type[DeliverFanout] , Success[TRUE] 
16:05:07.719732 [crit] TID[8396] FILE[connection.cpp]LINE[1021] we have create sender queue[SYS.HEARTBEAT] type[DeliverFanout] , Success[TRUE] 
16:05:07.732266 [crit] TID[3856] FILE[connection.cpp]LINE[1021] we have create sender queue[SYS.HEARTBEAT] type[DeliverFanout] , Success[TRUE] 
16:05:07.742794 [crit] TID[5728] FILE[connection.cpp]LINE[1021] we have create sender queue[SYS.HEARTBEAT] type[DeliverFanout] , Success[TRUE] 
16:05:07.753322 [crit] TID[9964] FILE[connection.cpp]LINE[1021] we have create sender queue[SYS.HEARTBEAT] type[DeliverFanout] , Success[TRUE] 
16:05:07.762847 [crit] TID[3376] FILE[connection.cpp]LINE[1021] we have create sender queue[SYS.HEARTBEAT] type[DeliverFanout] , Success[TRUE] 
16:05:07.788415 [crit] TID[4308] FILE[connection.cpp]LINE[1021] we have create sender queue[SYS.HEARTBEAT] type[DeliverFanout] , Success[TRUE] 
