11:00:35.315696 [crit] TID[3912] FILE[connection.cpp]LINE[250] we have connected  to [172.16.8.85] 
11:00:35.316198 [crit] TID[3912] FILE[connection.cpp]LINE[371] setHandler [gateway_srv_token_verify.req.queue] DeliveType[DeliverDirect] 
11:00:35.316198 [crit] TID[5520] FILE[connection.cpp]LINE[697] we have started a send thread int connection[00AB57A0] 
11:00:35.324219 [crit] TID[3912] FILE[connection.cpp]LINE[971] we have add receiver queue[00B08DF8] for name[gateway_srv_token_verify.req.queue] 
11:00:35.326225 [crit] TID[3912] FILE[connection.cpp]LINE[384] we have created Handler[gateway_srv_token_verify.req.queue] 
11:00:35.334745 [crit] TID[10732] FILE[connection.cpp]LINE[547] we have started a callback thread in connection[00AB57A0] 
11:00:35.335247 [crit] TID[11064] FILE[connection.cpp]LINE[840] we have started a recv thread in connection[00AB57A0] 
11:00:35.341293 [crit] TID[3912] FILE[connection.cpp]LINE[250] we have connected  to [172.16.8.85] 
11:00:35.341766 [crit] TID[9940] FILE[connection.cpp]LINE[697] we have started a send thread int connection[00B0AE50] 
11:00:35.341766 [crit] TID[3912] FILE[connection.cpp]LINE[371] setHandler [gateway_srv_token_verify.req.queue] DeliveType[DeliverDirect] 
11:00:35.347783 [crit] TID[3912] FILE[connection.cpp]LINE[971] we have add receiver queue[00B35750] for name[gateway_srv_token_verify.req.queue] 
11:00:35.349286 [crit] TID[3912] FILE[connection.cpp]LINE[384] we have created Handler[gateway_srv_token_verify.req.queue] 
11:00:35.350289 [crit] TID[5572] FILE[connection.cpp]LINE[547] we have started a callback thread in connection[00B0AE50] 
11:00:35.350289 [crit] TID[8944] FILE[connection.cpp]LINE[840] we have started a recv thread in connection[00B0AE50] 
11:00:35.356304 [crit] TID[3912] FILE[connection.cpp]LINE[250] we have connected  to [172.16.8.85] 
11:00:35.356804 [crit] TID[9388] FILE[connection.cpp]LINE[697] we have started a send thread int connection[00B37DC8] 
11:00:35.356804 [crit] TID[3912] FILE[connection.cpp]LINE[371] setHandler [gateway_srv_token_verify.req.queue] DeliveType[DeliverDirect] 
11:00:35.359814 [crit] TID[3912] FILE[connection.cpp]LINE[971] we have add receiver queue[03424CB8] for name[gateway_srv_token_verify.req.queue] 
11:00:35.361316 [crit] TID[3912] FILE[connection.cpp]LINE[384] we have created Handler[gateway_srv_token_verify.req.queue] 
11:00:35.362325 [crit] TID[11164] FILE[connection.cpp]LINE[547] we have started a callback thread in connection[00B37DC8] 
11:00:35.362325 [crit] TID[5496] FILE[connection.cpp]LINE[840] we have started a recv thread in connection[00B37DC8] 
11:00:35.420475 [crit] TID[3912] FILE[connection.cpp]LINE[250] we have connected  to [172.16.8.85] 
11:00:35.420977 [crit] TID[3912] FILE[connection.cpp]LINE[371] setHandler [gateway_srv_token_verify.req.queue] DeliveType[DeliverDirect] 
11:00:35.420977 [crit] TID[10168] FILE[connection.cpp]LINE[697] we have started a send thread int connection[00B3D860] 
11:00:35.425488 [crit] TID[3912] FILE[connection.cpp]LINE[971] we have add receiver queue[0346ED68] for name[gateway_srv_token_verify.req.queue] 
11:00:35.427492 [crit] TID[3912] FILE[connection.cpp]LINE[384] we have created Handler[gateway_srv_token_verify.req.queue] 
11:00:35.427994 [crit] TID[9740] FILE[connection.cpp]LINE[547] we have started a callback thread in connection[00B3D860] 
11:00:35.427994 [crit] TID[10000] FILE[connection.cpp]LINE[840] we have started a recv thread in connection[00B3D860] 
11:00:35.435014 [crit] TID[3912] FILE[connection.cpp]LINE[250] we have connected  to [172.16.8.85] 
11:00:35.435513 [crit] TID[7688] FILE[connection.cpp]LINE[697] we have started a send thread int connection[03471B38] 
11:00:35.435513 [crit] TID[3912] FILE[connection.cpp]LINE[371] setHandler [gateway_srv_token_verify.req.queue] DeliveType[DeliverDirect] 
11:00:35.439025 [crit] TID[3912] FILE[connection.cpp]LINE[971] we have add receiver queue[034BB400] for name[gateway_srv_token_verify.req.queue] 
11:00:35.440529 [crit] TID[3912] FILE[connection.cpp]LINE[384] we have created Handler[gateway_srv_token_verify.req.queue] 
11:00:35.441030 [crit] TID[2852] FILE[connection.cpp]LINE[547] we have started a callback thread in connection[03471B38] 
11:00:35.441529 [crit] TID[9728] FILE[connection.cpp]LINE[840] we have started a recv thread in connection[03471B38] 
11:00:35.447545 [crit] TID[3912] FILE[connection.cpp]LINE[250] we have connected  to [172.16.8.85] 
11:00:35.448046 [crit] TID[2780] FILE[connection.cpp]LINE[697] we have started a send thread int connection[034BDC10] 
11:00:35.448046 [crit] TID[3912] FILE[connection.cpp]LINE[371] setHandler [gateway_srv_token_verify.req.queue] DeliveType[DeliverDirect] 
11:00:35.450553 [crit] TID[3912] FILE[connection.cpp]LINE[971] we have add receiver queue[045489C0] for name[gateway_srv_token_verify.req.queue] 
11:00:35.452057 [crit] TID[3912] FILE[connection.cpp]LINE[384] we have created Handler[gateway_srv_token_verify.req.queue] 
11:00:35.452559 [crit] TID[8340] FILE[connection.cpp]LINE[547] we have started a callback thread in connection[034BDC10] 
11:00:35.452559 [crit] TID[7632] FILE[connection.cpp]LINE[840] we have started a recv thread in connection[034BDC10] 
11:00:35.707237 [crit] TID[3912] FILE[connection.cpp]LINE[250] we have connected  to [172.16.8.85] 
11:00:35.708240 [crit] TID[3912] FILE[connection.cpp]LINE[371] setHandler [gateway_srv_token_verify.req.queue] DeliveType[DeliverDirect] 
11:00:35.708240 [crit] TID[5072] FILE[connection.cpp]LINE[697] we have started a send thread int connection[0454A748] 
11:00:35.711749 [crit] TID[3912] FILE[connection.cpp]LINE[971] we have add receiver queue[04594CC8] for name[gateway_srv_token_verify.req.queue] 
11:00:35.713252 [crit] TID[3912] FILE[connection.cpp]LINE[384] we have created Handler[gateway_srv_token_verify.req.queue] 
11:00:35.713754 [crit] TID[9004] FILE[connection.cpp]LINE[547] we have started a callback thread in connection[0454A748] 
11:00:35.713754 [crit] TID[6488] FILE[connection.cpp]LINE[840] we have started a recv thread in connection[0454A748] 
11:00:35.793876 [crit] TID[3912] FILE[connection.cpp]LINE[250] we have connected  to [172.16.8.85] 
11:00:35.793876 [crit] TID[3912] FILE[connection.cpp]LINE[371] setHandler [gateway_srv_token_verify.req.queue] DeliveType[DeliverDirect] 
11:00:35.794880 [crit] TID[9952] FILE[connection.cpp]LINE[697] we have started a send thread int connection[0459AED8] 
11:00:35.798890 [crit] TID[3912] FILE[connection.cpp]LINE[971] we have add receiver queue[045E0F78] for name[gateway_srv_token_verify.req.queue] 
11:00:35.799893 [crit] TID[3912] FILE[connection.cpp]LINE[384] we have created Handler[gateway_srv_token_verify.req.queue] 
11:00:35.800896 [crit] TID[6672] FILE[connection.cpp]LINE[547] we have started a callback thread in connection[0459AED8] 
11:00:35.800896 [crit] TID[8040] FILE[connection.cpp]LINE[840] we have started a recv thread in connection[0459AED8] 
11:00:35.966335 [crit] TID[3912] FILE[connection.cpp]LINE[250] we have connected  to [172.16.8.85] 
11:00:35.966793 [crit] TID[3912] FILE[connection.cpp]LINE[371] setHandler [gateway_srv_token_verify.req.queue] DeliveType[DeliverDirect] 
11:00:35.966793 [crit] TID[8844] FILE[connection.cpp]LINE[697] we have started a send thread int connection[045E0C30] 
11:00:35.970803 [crit] TID[3912] FILE[connection.cpp]LINE[971] we have add receiver queue[0462D4C0] for name[gateway_srv_token_verify.req.queue] 
11:00:35.972309 [crit] TID[3912] FILE[connection.cpp]LINE[384] we have created Handler[gateway_srv_token_verify.req.queue] 
11:00:35.972808 [crit] TID[9976] FILE[connection.cpp]LINE[547] we have started a callback thread in connection[045E0C30] 
11:00:35.972808 [crit] TID[8640] FILE[connection.cpp]LINE[840] we have started a recv thread in connection[045E0C30] 
11:00:35.977321 [crit] TID[3912] FILE[connection.cpp]LINE[250] we have connected  to [172.16.8.85] 
11:00:35.977823 [crit] TID[3912] FILE[connection.cpp]LINE[371] setHandler [gateway_srv_token_verify.req.queue] DeliveType[DeliverDirect] 
11:00:35.977823 [crit] TID[10504] FILE[connection.cpp]LINE[697] we have started a send thread int connection[0462E170] 
11:00:35.981332 [crit] TID[3912] FILE[connection.cpp]LINE[971] we have add receiver queue[04676AE0] for name[gateway_srv_token_verify.req.queue] 
11:00:35.982835 [crit] TID[3912] FILE[connection.cpp]LINE[384] we have created Handler[gateway_srv_token_verify.req.queue] 
11:00:35.983356 [crit] TID[1932] FILE[connection.cpp]LINE[547] we have started a callback thread in connection[0462E170] 
11:00:35.983356 [crit] TID[4028] FILE[connection.cpp]LINE[840] we have started a recv thread in connection[0462E170] 
11:00:35.998377 [crit] TID[3912] FILE[connection.cpp]LINE[250] we have connected  to [172.16.8.85] 
11:00:35.998879 [crit] TID[3912] FILE[connection.cpp]LINE[371] setHandler [login_srv_token_sync.queue] DeliveType[DeliverFanout] 
11:00:35.998879 [crit] TID[10980] FILE[connection.cpp]LINE[697] we have started a send thread int connection[04679388] 
11:00:36.006900 [crit] TID[3912] FILE[connection.cpp]LINE[971] we have add receiver queue[046C2C90] for name[a68427f2-f112-48d2-990e-b21d7b073048#.login_srv_token_sync.queue] 
11:00:36.006900 [crit] TID[3912] FILE[connection.cpp]LINE[979] we will build  a senderfor fanout , to confirm exchange[login_srv_token_sync.queue]  is exist 
11:00:36.012918 [crit] TID[3912] FILE[connection.cpp]LINE[1021] we have create sender queue[login_srv_token_sync.queue] type[DeliverFanout] , Success[TRUE] 
11:00:36.012918 [crit] TID[3912] FILE[connection.cpp]LINE[985] we have confirm exchange[login_srv_token_sync.queue] exist 
11:00:36.014921 [crit] TID[3912] FILE[connection.cpp]LINE[384] we have created Handler[login_srv_token_sync.queue] 
11:00:36.015923 [crit] TID[11216] FILE[connection.cpp]LINE[547] we have started a callback thread in connection[04679388] 
11:00:36.015923 [crit] TID[7996] FILE[connection.cpp]LINE[840] we have started a recv thread in connection[04679388] 
11:00:36.327753 [crit] TID[5520] FILE[connection.cpp]LINE[1021] we have create sender queue[SYS.HEARTBEAT] type[DeliverFanout] , Success[TRUE] 
11:00:36.353324 [crit] TID[9940] FILE[connection.cpp]LINE[1021] we have create sender queue[SYS.HEARTBEAT] type[DeliverFanout] , Success[TRUE] 
11:00:36.363563 [crit] TID[9388] FILE[connection.cpp]LINE[1021] we have create sender queue[SYS.HEARTBEAT] type[DeliverFanout] , Success[TRUE] 
11:00:36.433755 [crit] TID[10168] FILE[connection.cpp]LINE[1021] we have create sender queue[SYS.HEARTBEAT] type[DeliverFanout] , Success[TRUE] 
11:00:36.446326 [crit] TID[7688] FILE[connection.cpp]LINE[1021] we have create sender queue[SYS.HEARTBEAT] type[DeliverFanout] , Success[TRUE] 
11:00:36.458370 [crit] TID[2780] FILE[connection.cpp]LINE[1021] we have create sender queue[SYS.HEARTBEAT] type[DeliverFanout] , Success[TRUE] 
11:00:36.714884 [crit] TID[5072] FILE[connection.cpp]LINE[1021] we have create sender queue[SYS.HEARTBEAT] type[DeliverFanout] , Success[TRUE] 
11:00:36.800086 [crit] TID[9952] FILE[connection.cpp]LINE[1021] we have create sender queue[SYS.HEARTBEAT] type[DeliverFanout] , Success[TRUE] 
11:00:36.972257 [crit] TID[8844] FILE[connection.cpp]LINE[1021] we have create sender queue[SYS.HEARTBEAT] type[DeliverFanout] , Success[TRUE] 
11:00:36.984289 [crit] TID[10504] FILE[connection.cpp]LINE[1021] we have create sender queue[SYS.HEARTBEAT] type[DeliverFanout] , Success[TRUE] 
11:00:37.004344 [crit] TID[10980] FILE[connection.cpp]LINE[1021] we have create sender queue[SYS.HEARTBEAT] type[DeliverFanout] , Success[TRUE] 
