10:15:03.521794 [crit] TID[6684] FILE[connection.cpp]LINE[250] we have connected  to [172.16.8.85] 
10:15:03.522293 [crit] TID[6684] FILE[connection.cpp]LINE[371] setHandler [gateway_srv_token_verify.req.queue] DeliveType[DeliverDirect] 
10:15:03.522795 [crit] TID[7120] FILE[connection.cpp]LINE[697] we have started a send thread int connection[00CB7B58] 
10:15:03.526304 [crit] TID[6684] FILE[connection.cpp]LINE[971] we have add receiver queue[00D09528] for name[gateway_srv_token_verify.req.queue] 
10:15:03.527808 [crit] TID[6684] FILE[connection.cpp]LINE[384] we have created Handler[gateway_srv_token_verify.req.queue] 
10:15:03.528311 [crit] TID[10060] FILE[connection.cpp]LINE[547] we have started a callback thread in connection[00CB7B58] 
10:15:03.528311 [crit] TID[5124] FILE[connection.cpp]LINE[840] we have started a recv thread in connection[00CB7B58] 
10:15:03.542347 [crit] TID[6684] FILE[connection.cpp]LINE[250] we have connected  to [172.16.8.85] 
10:15:03.542347 [crit] TID[6684] FILE[connection.cpp]LINE[371] setHandler [login_srv_fanout_listen.queue] DeliveType[DeliverFanout] 
10:15:03.542347 [crit] TID[5684] FILE[connection.cpp]LINE[697] we have started a send thread int connection[00D0DA98] 
10:15:03.547862 [crit] TID[6684] FILE[connection.cpp]LINE[971] we have add receiver queue[03991010] for name[497a3f00-4c47-4b03-9ddc-08c5d65ad9ea#.login_srv_fanout_listen.queue] 
10:15:03.547862 [crit] TID[6684] FILE[connection.cpp]LINE[979] we will build  a senderfor fanout , to confirm exchange[login_srv_fanout_listen.queue]  is exist 
10:15:03.552374 [crit] TID[6684] FILE[connection.cpp]LINE[1021] we have create sender queue[login_srv_fanout_listen.queue] type[DeliverFanout] , Success[TRUE] 
10:15:03.552374 [crit] TID[6684] FILE[connection.cpp]LINE[985] we have confirm exchange[login_srv_fanout_listen.queue] exist 
10:15:03.809671 [crit] TID[6684] FILE[connection.cpp]LINE[384] we have created Handler[login_srv_fanout_listen.queue] 
10:15:03.810621 [crit] TID[9744] FILE[connection.cpp]LINE[547] we have started a callback thread in connection[00D0DA98] 
10:15:03.810621 [crit] TID[7360] FILE[connection.cpp]LINE[840] we have started a recv thread in connection[00D0DA98] 
10:15:04.530871 [crit] TID[7120] FILE[connection.cpp]LINE[1021] we have create sender queue[SYS.HEARTBEAT] type[DeliverFanout] , Success[TRUE] 
10:15:04.546914 [crit] TID[5684] FILE[connection.cpp]LINE[1021] we have create sender queue[SYS.HEARTBEAT] type[DeliverFanout] , Success[TRUE] 
10:16:04.557500 [crit] TID[7120] FILE[connection.cpp]LINE[718] we have sent[1] messages , send[1] 
10:16:04.574130 [crit] TID[5684] FILE[connection.cpp]LINE[718] we have sent[1] messages , send[1] 
10:16:33.552853 [crit] TID[7360] FILE[connection.cpp]LINE[921] now , we have recv [1] messages from qpid , call[1] 
10:17:05.584033 [crit] TID[7120] FILE[connection.cpp]LINE[718] we have sent[3] messages , send[3] 
10:17:05.600392 [crit] TID[5684] FILE[connection.cpp]LINE[718] we have sent[3] messages , send[3] 
10:17:24.487337 [crit] TID[8064] FILE[connection.cpp]LINE[1021] we have create sender queue[login_srv_fanout_listen.queue] type[DeliverFanout] , Success[TRUE] 
10:21:35.917398 [crit] TID[3532] FILE[connection.cpp]LINE[250] we have connected  to [172.16.8.85] 
10:21:35.917900 [crit] TID[3532] FILE[connection.cpp]LINE[371] setHandler [gateway_srv_token_verify.req.queue] DeliveType[DeliverDirect] 
10:21:35.917900 [crit] TID[4464] FILE[connection.cpp]LINE[697] we have started a send thread int connection[01237B48] 
10:21:35.920906 [crit] TID[3532] FILE[connection.cpp]LINE[971] we have add receiver queue[012895F0] for name[gateway_srv_token_verify.req.queue] 
10:21:35.922411 [crit] TID[3532] FILE[connection.cpp]LINE[384] we have created Handler[gateway_srv_token_verify.req.queue] 
10:21:35.922913 [crit] TID[9288] FILE[connection.cpp]LINE[547] we have started a callback thread in connection[01237B48] 
10:21:35.922913 [crit] TID[5284] FILE[connection.cpp]LINE[840] we have started a recv thread in connection[01237B48] 
10:21:36.435943 [crit] TID[3532] FILE[connection.cpp]LINE[250] we have connected  to [172.16.8.85] 
10:21:36.436881 [crit] TID[3532] FILE[connection.cpp]LINE[371] setHandler [login_srv_fanout_listen.queue] DeliveType[DeliverFanout] 
10:21:36.436881 [crit] TID[6720] FILE[connection.cpp]LINE[697] we have started a send thread int connection[0128C570] 
10:21:36.449413 [crit] TID[3532] FILE[connection.cpp]LINE[971] we have add receiver queue[012B5F70] for name[2b65eea7-4feb-4f77-9448-7ffff470c1c9#.login_srv_fanout_listen.queue] 
10:21:36.449413 [crit] TID[3532] FILE[connection.cpp]LINE[979] we will build  a senderfor fanout , to confirm exchange[login_srv_fanout_listen.queue]  is exist 
10:21:36.455938 [crit] TID[3532] FILE[connection.cpp]LINE[1021] we have create sender queue[login_srv_fanout_listen.queue] type[DeliverFanout] , Success[TRUE] 
10:21:36.455938 [crit] TID[3532] FILE[connection.cpp]LINE[985] we have confirm exchange[login_srv_fanout_listen.queue] exist 
10:21:36.458938 [crit] TID[3532] FILE[connection.cpp]LINE[384] we have created Handler[login_srv_fanout_listen.queue] 
10:21:36.459940 [crit] TID[5476] FILE[connection.cpp]LINE[547] we have started a callback thread in connection[0128C570] 
10:21:36.459940 [crit] TID[3828] FILE[connection.cpp]LINE[840] we have started a recv thread in connection[0128C570] 
10:21:36.927209 [crit] TID[4464] FILE[connection.cpp]LINE[1021] we have create sender queue[SYS.HEARTBEAT] type[DeliverFanout] , Success[TRUE] 
10:21:37.445562 [crit] TID[6720] FILE[connection.cpp]LINE[1021] we have create sender queue[SYS.HEARTBEAT] type[DeliverFanout] , Success[TRUE] 
10:22:14.893717 [crit] TID[5876] FILE[connection.cpp]LINE[1021] we have create sender queue[login_srv_fanout_listen.queue] type[DeliverFanout] , Success[TRUE] 
10:27:17.888437 [crit] TID[8916] FILE[connection.cpp]LINE[250] we have connected  to [172.16.8.85] 
10:27:17.888939 [crit] TID[8916] FILE[connection.cpp]LINE[371] setHandler [gateway_srv_token_verify.req.queue] DeliveType[DeliverDirect] 
10:27:17.889445 [crit] TID[7136] FILE[connection.cpp]LINE[697] we have started a send thread int connection[013B7ED0] 
10:27:17.893952 [crit] TID[8916] FILE[connection.cpp]LINE[971] we have add receiver queue[0140B0A8] for name[gateway_srv_token_verify.req.queue] 
10:27:17.895957 [crit] TID[8916] FILE[connection.cpp]LINE[384] we have created Handler[gateway_srv_token_verify.req.queue] 
10:27:17.896960 [crit] TID[5828] FILE[connection.cpp]LINE[547] we have started a callback thread in connection[013B7ED0] 
10:27:17.896960 [crit] TID[9100] FILE[connection.cpp]LINE[840] we have started a recv thread in connection[013B7ED0] 
10:27:17.913503 [crit] TID[8916] FILE[connection.cpp]LINE[250] we have connected  to [172.16.8.85] 
10:27:17.914006 [crit] TID[8916] FILE[connection.cpp]LINE[371] setHandler [login_srv_fanout_listen.queue] DeliveType[DeliverFanout] 
10:27:17.914006 [crit] TID[3972] FILE[connection.cpp]LINE[697] we have started a send thread int connection[0140F860] 
10:27:17.923029 [crit] TID[8916] FILE[connection.cpp]LINE[971] we have add receiver queue[01434AF0] for name[9c9a2b5e-9946-4060-9c71-509b955571d4#.login_srv_fanout_listen.queue] 
10:27:17.923540 [crit] TID[8916] FILE[connection.cpp]LINE[979] we will build  a senderfor fanout , to confirm exchange[login_srv_fanout_listen.queue]  is exist 
10:27:17.932053 [crit] TID[8916] FILE[connection.cpp]LINE[1021] we have create sender queue[login_srv_fanout_listen.queue] type[DeliverFanout] , Success[TRUE] 
10:27:17.932053 [crit] TID[8916] FILE[connection.cpp]LINE[985] we have confirm exchange[login_srv_fanout_listen.queue] exist 
10:27:17.934560 [crit] TID[8916] FILE[connection.cpp]LINE[384] we have created Handler[login_srv_fanout_listen.queue] 
10:27:17.935562 [crit] TID[5512] FILE[connection.cpp]LINE[547] we have started a callback thread in connection[0140F860] 
10:27:17.935562 [crit] TID[8676] FILE[connection.cpp]LINE[840] we have started a recv thread in connection[0140F860] 
10:27:18.898295 [crit] TID[7136] FILE[connection.cpp]LINE[1021] we have create sender queue[SYS.HEARTBEAT] type[DeliverFanout] , Success[TRUE] 
10:27:18.925867 [crit] TID[3972] FILE[connection.cpp]LINE[1021] we have create sender queue[SYS.HEARTBEAT] type[DeliverFanout] , Success[TRUE] 
10:29:38.322697 [crit] TID[3972] FILE[connection.cpp]LINE[718] we have sent[1] messages , send[1] 
10:29:52.110076 [crit] TID[7136] FILE[connection.cpp]LINE[718] we have sent[1] messages , send[1] 
10:31:12.595679 [crit] TID[3972] FILE[connection.cpp]LINE[718] we have sent[2] messages , send[2] 
10:31:12.596682 [crit] TID[7136] FILE[connection.cpp]LINE[718] we have sent[2] messages , send[2] 
10:31:12.597685 [crit] TID[2820] FILE[connection.cpp]LINE[1021] we have create sender queue[login_srv_fanout_listen.queue] type[DeliverFanout] , Success[TRUE] 
10:31:12.599692 [crit] TID[8676] FILE[connection.cpp]LINE[921] now , we have recv [2] messages from qpid , call[2] 
10:31:12.608407 [crit] TID[8064] FILE[connection.cpp]LINE[1021] we have create sender queue[login_srv_fanout_listen.queue] type[DeliverFanout] , Success[TRUE] 
10:32:13.647549 [crit] TID[3972] FILE[connection.cpp]LINE[718] we have sent[4] messages , send[4] 
10:32:13.647549 [crit] TID[7136] FILE[connection.cpp]LINE[718] we have sent[6] messages , send[6] 
10:33:35.701984 [crit] TID[8676] FILE[connection.cpp]LINE[921] now , we have recv [4] messages from qpid , call[4] 
10:34:22.815849 [crit] TID[3972] FILE[connection.cpp]LINE[718] we have sent[5] messages , send[5] 
10:34:22.815849 [crit] TID[7136] FILE[connection.cpp]LINE[718] we have sent[9] messages , send[9] 
10:34:51.694607 [crit] TID[8676] FILE[connection.cpp]LINE[921] now , we have recv [6] messages from qpid , call[6] 
10:38:47.832688 [crit] TID[10060] FILE[connection.cpp]LINE[250] we have connected  to [172.16.8.85] 
10:38:47.833210 [crit] TID[10060] FILE[connection.cpp]LINE[371] setHandler [gateway_srv_token_verify.req.queue] DeliveType[DeliverDirect] 
10:38:47.833210 [crit] TID[4684] FILE[connection.cpp]LINE[697] we have started a send thread int connection[018B8848] 
10:38:47.836699 [crit] TID[10060] FILE[connection.cpp]LINE[971] we have add receiver queue[01909540] for name[gateway_srv_token_verify.req.queue] 
10:38:47.838704 [crit] TID[10060] FILE[connection.cpp]LINE[384] we have created Handler[gateway_srv_token_verify.req.queue] 
10:38:47.839206 [crit] TID[9804] FILE[connection.cpp]LINE[840] we have started a recv thread in connection[018B8848] 
10:38:47.839706 [crit] TID[6764] FILE[connection.cpp]LINE[547] we have started a callback thread in connection[018B8848] 
10:38:47.853744 [crit] TID[10060] FILE[connection.cpp]LINE[250] we have connected  to [172.16.8.85] 
10:38:47.854245 [crit] TID[10060] FILE[connection.cpp]LINE[371] setHandler [login_srv_fanout_listen.queue] DeliveType[DeliverFanout] 
10:38:47.854747 [crit] TID[5772] FILE[connection.cpp]LINE[697] we have started a send thread int connection[01909890] 
10:38:47.860763 [crit] TID[10060] FILE[connection.cpp]LINE[971] we have add receiver queue[01935208] for name[e9de3142-ed21-4b1c-bc51-36768bac1e04#.login_srv_fanout_listen.queue] 
10:38:47.860763 [crit] TID[10060] FILE[connection.cpp]LINE[979] we will build  a senderfor fanout , to confirm exchange[login_srv_fanout_listen.queue]  is exist 
10:38:47.865275 [crit] TID[10060] FILE[connection.cpp]LINE[1021] we have create sender queue[login_srv_fanout_listen.queue] type[DeliverFanout] , Success[TRUE] 
10:38:47.865275 [crit] TID[10060] FILE[connection.cpp]LINE[985] we have confirm exchange[login_srv_fanout_listen.queue] exist 
10:38:47.866779 [crit] TID[10060] FILE[connection.cpp]LINE[384] we have created Handler[login_srv_fanout_listen.queue] 
10:38:47.867280 [crit] TID[6960] FILE[connection.cpp]LINE[547] we have started a callback thread in connection[01909890] 
10:38:47.867280 [crit] TID[5432] FILE[connection.cpp]LINE[840] we have started a recv thread in connection[01909890] 
10:38:48.845756 [crit] TID[4684] FILE[connection.cpp]LINE[1021] we have create sender queue[SYS.HEARTBEAT] type[DeliverFanout] , Success[TRUE] 
10:38:48.867718 [crit] TID[5772] FILE[connection.cpp]LINE[1021] we have create sender queue[SYS.HEARTBEAT] type[DeliverFanout] , Success[TRUE] 
10:39:17.336651 [crit] TID[5156] FILE[connection.cpp]LINE[1021] we have create sender queue[login_srv_fanout_listen.queue] type[DeliverFanout] , Success[TRUE] 
10:39:47.324635 [crit] TID[5432] FILE[connection.cpp]LINE[921] now , we have recv [32] messages from qpid , call[32] 
10:39:48.322252 [crit] TID[4684] FILE[connection.cpp]LINE[718] we have sent[32] messages , send[33] 
10:39:48.891534 [crit] TID[5772] FILE[connection.cpp]LINE[718] we have sent[1] messages , send[1] 
10:40:47.323847 [crit] TID[5432] FILE[connection.cpp]LINE[921] now , we have recv [92] messages from qpid , call[92] 
10:40:49.321123 [crit] TID[4684] FILE[connection.cpp]LINE[718] we have sent[95] messages , send[96] 
10:40:49.911869 [crit] TID[5772] FILE[connection.cpp]LINE[718] we have sent[3] messages , send[3] 
10:41:50.345040 [crit] TID[4684] FILE[connection.cpp]LINE[718] we have sent[104] messages , send[104] 
10:41:50.943684 [crit] TID[5772] FILE[connection.cpp]LINE[718] we have sent[4] messages , send[4] 
10:42:51.366156 [crit] TID[4684] FILE[connection.cpp]LINE[718] we have sent[105] messages , send[105] 
10:42:51.963684 [crit] TID[5772] FILE[connection.cpp]LINE[718] we have sent[5] messages , send[5] 
10:43:52.390534 [crit] TID[4684] FILE[connection.cpp]LINE[718] we have sent[106] messages , send[106] 
10:43:52.986163 [crit] TID[5772] FILE[connection.cpp]LINE[718] we have sent[6] messages , send[6] 
10:44:53.254159 [crit] TID[5772] FILE[connection.cpp]LINE[718] we have sent[7] messages , send[7] 
10:44:53.712450 [crit] TID[4684] FILE[connection.cpp]LINE[718] we have sent[107] messages , send[107] 
10:45:54.103315 [crit] TID[4684] FILE[connection.cpp]LINE[718] we have sent[108] messages , send[108] 
10:45:54.522422 [crit] TID[5772] FILE[connection.cpp]LINE[718] we have sent[8] messages , send[8] 
10:46:55.237887 [crit] TID[4684] FILE[connection.cpp]LINE[718] we have sent[109] messages , send[109] 
10:46:55.642961 [crit] TID[5772] FILE[connection.cpp]LINE[718] we have sent[9] messages , send[9] 
10:47:56.271495 [crit] TID[4684] FILE[connection.cpp]LINE[718] we have sent[110] messages , send[110] 
10:47:56.678157 [crit] TID[5772] FILE[connection.cpp]LINE[718] we have sent[10] messages , send[10] 
10:48:57.362005 [crit] TID[4684] FILE[connection.cpp]LINE[718] we have sent[111] messages , send[111] 
10:48:57.792782 [crit] TID[5772] FILE[connection.cpp]LINE[718] we have sent[11] messages , send[11] 
10:49:58.503915 [crit] TID[4684] FILE[connection.cpp]LINE[718] we have sent[112] messages , send[112] 
10:49:58.903859 [crit] TID[5772] FILE[connection.cpp]LINE[718] we have sent[12] messages , send[12] 
10:50:59.041064 [crit] TID[5772] FILE[connection.cpp]LINE[718] we have sent[13] messages , send[13] 
10:50:59.617476 [crit] TID[4684] FILE[connection.cpp]LINE[718] we have sent[113] messages , send[113] 
10:52:00.106265 [crit] TID[5772] FILE[connection.cpp]LINE[718] we have sent[14] messages , send[14] 
10:52:00.641061 [crit] TID[4684] FILE[connection.cpp]LINE[718] we have sent[114] messages , send[114] 
10:53:01.161770 [crit] TID[5772] FILE[connection.cpp]LINE[718] we have sent[15] messages , send[15] 
10:53:01.720954 [crit] TID[4684] FILE[connection.cpp]LINE[718] we have sent[115] messages , send[115] 
10:54:02.252517 [crit] TID[5772] FILE[connection.cpp]LINE[718] we have sent[16] messages , send[16] 
10:54:02.798921 [crit] TID[4684] FILE[connection.cpp]LINE[718] we have sent[116] messages , send[116] 
10:55:03.294543 [crit] TID[5772] FILE[connection.cpp]LINE[718] we have sent[17] messages , send[17] 
10:55:03.889113 [crit] TID[4684] FILE[connection.cpp]LINE[718] we have sent[117] messages , send[117] 
10:56:04.380714 [crit] TID[5772] FILE[connection.cpp]LINE[718] we have sent[18] messages , send[18] 
10:56:04.939719 [crit] TID[4684] FILE[connection.cpp]LINE[718] we have sent[118] messages , send[118] 
10:56:18.704174 [crit] TID[5836] FILE[connection.cpp]LINE[250] we have connected  to [172.16.8.85] 
10:56:18.704640 [crit] TID[5836] FILE[connection.cpp]LINE[371] setHandler [gateway_srv_token_verify.req.queue] DeliveType[DeliverDirect] 
10:56:18.704640 [crit] TID[8040] FILE[connection.cpp]LINE[697] we have started a send thread int connection[011C7DB8] 
10:56:18.709651 [crit] TID[5836] FILE[connection.cpp]LINE[971] we have add receiver queue[012197E8] for name[gateway_srv_token_verify.req.queue] 
10:56:18.711186 [crit] TID[5836] FILE[connection.cpp]LINE[384] we have created Handler[gateway_srv_token_verify.req.queue] 
10:56:18.711657 [crit] TID[8868] FILE[connection.cpp]LINE[547] we have started a callback thread in connection[011C7DB8] 
10:56:18.711657 [crit] TID[8260] FILE[connection.cpp]LINE[840] we have started a recv thread in connection[011C7DB8] 
10:56:18.776849 [crit] TID[5836] FILE[connection.cpp]LINE[250] we have connected  to [172.16.8.85] 
10:56:18.777332 [crit] TID[5836] FILE[connection.cpp]LINE[371] setHandler [login_srv_fanout_listen.queue] DeliveType[DeliverFanout] 
10:56:18.777833 [crit] TID[4668] FILE[connection.cpp]LINE[697] we have started a send thread int connection[0121C528] 
10:56:18.784350 [crit] TID[5836] FILE[connection.cpp]LINE[971] we have add receiver queue[01244F70] for name[f56fd0f2-d173-438b-8d18-907360a54f19#.login_srv_fanout_listen.queue] 
10:56:18.784350 [crit] TID[5836] FILE[connection.cpp]LINE[979] we will build  a senderfor fanout , to confirm exchange[login_srv_fanout_listen.queue]  is exist 
10:56:18.788863 [crit] TID[5836] FILE[connection.cpp]LINE[1021] we have create sender queue[login_srv_fanout_listen.queue] type[DeliverFanout] , Success[TRUE] 
10:56:18.788863 [crit] TID[5836] FILE[connection.cpp]LINE[985] we have confirm exchange[login_srv_fanout_listen.queue] exist 
10:56:18.791368 [crit] TID[5836] FILE[connection.cpp]LINE[384] we have created Handler[login_srv_fanout_listen.queue] 
10:56:18.791368 [crit] TID[7012] FILE[connection.cpp]LINE[547] we have started a callback thread in connection[0121C528] 
10:56:18.791870 [crit] TID[7844] FILE[connection.cpp]LINE[840] we have started a recv thread in connection[0121C528] 
10:56:19.709852 [crit] TID[8040] FILE[connection.cpp]LINE[1021] we have create sender queue[SYS.HEARTBEAT] type[DeliverFanout] , Success[TRUE] 
10:56:19.788546 [crit] TID[4668] FILE[connection.cpp]LINE[1021] we have create sender queue[SYS.HEARTBEAT] type[DeliverFanout] , Success[TRUE] 
10:56:49.934238 [crit] TID[8052] FILE[connection.cpp]LINE[1021] we have create sender queue[login_srv_fanout_listen.queue] type[DeliverFanout] , Success[TRUE] 
10:57:19.027332 [crit] TID[4668] FILE[connection.cpp]LINE[718] we have sent[1] messages , send[1] 
10:57:19.937868 [crit] TID[8040] FILE[connection.cpp]LINE[718] we have sent[24] messages , send[24] 
10:58:20.085554 [crit] TID[8040] FILE[connection.cpp]LINE[718] we have sent[26] messages , send[26] 
10:58:20.157434 [crit] TID[4668] FILE[connection.cpp]LINE[718] we have sent[3] messages , send[3] 
