11:43:24.478939 [crit] TID[1100] FILE[connection.cpp]LINE[250] we have connected  to [172.16.8.85] 
11:43:24.479959 [crit] TID[1100] FILE[connection.cpp]LINE[371] setHandler [gateway_srv_token_verify.req.queue] DeliveType[DeliverDirect] 
11:43:24.479959 [crit] TID[5660] FILE[connection.cpp]LINE[697] we have started a send thread int connection[00E48010] 
11:43:24.491473 [crit] TID[1100] FILE[connection.cpp]LINE[971] we have add receiver queue[00E99A78] for name[gateway_srv_token_verify.req.queue] 
11:43:24.492977 [crit] TID[1100] FILE[connection.cpp]LINE[384] we have created Handler[gateway_srv_token_verify.req.queue] 
11:43:24.493980 [crit] TID[9724] FILE[connection.cpp]LINE[547] we have started a callback thread in connection[00E48010] 
11:43:24.493980 [crit] TID[240] FILE[connection.cpp]LINE[840] we have started a recv thread in connection[00E48010] 
11:43:24.559151 [crit] TID[1100] FILE[connection.cpp]LINE[250] we have connected  to [172.16.8.85] 
11:43:24.559654 [crit] TID[1100] FILE[connection.cpp]LINE[371] setHandler [login_srv_token_sync.queue] DeliveType[DeliverFanout] 
11:43:24.559654 [crit] TID[8592] FILE[connection.cpp]LINE[697] we have started a send thread int connection[00E99E00] 
11:43:24.565669 [crit] TID[1100] FILE[connection.cpp]LINE[971] we have add receiver queue[00EC5E40] for name[bb096ecf-03dc-47a8-9d5b-9bb43c35e046#.login_srv_token_sync.queue] 
11:43:24.565669 [crit] TID[1100] FILE[connection.cpp]LINE[979] we will build  a senderfor fanout , to confirm exchange[login_srv_token_sync.queue]  is exist 
11:43:24.570183 [crit] TID[1100] FILE[connection.cpp]LINE[1021] we have create sender queue[login_srv_token_sync.queue] type[DeliverFanout] , Success[TRUE] 
11:43:24.570183 [crit] TID[1100] FILE[connection.cpp]LINE[985] we have confirm exchange[login_srv_token_sync.queue] exist 
11:43:24.571685 [crit] TID[1100] FILE[connection.cpp]LINE[384] we have created Handler[login_srv_token_sync.queue] 
11:43:24.572690 [crit] TID[5684] FILE[connection.cpp]LINE[840] we have started a recv thread in connection[00E99E00] 
11:43:24.572690 [crit] TID[7028] FILE[connection.cpp]LINE[547] we have started a callback thread in connection[00E99E00] 
11:43:25.487420 [crit] TID[5660] FILE[connection.cpp]LINE[1021] we have create sender queue[SYS.HEARTBEAT] type[DeliverFanout] , Success[TRUE] 
11:43:25.565128 [crit] TID[8592] FILE[connection.cpp]LINE[1021] we have create sender queue[SYS.HEARTBEAT] type[DeliverFanout] , Success[TRUE] 
11:44:25.529740 [crit] TID[5660] FILE[connection.cpp]LINE[718] we have sent[1] messages , send[1] 
11:44:25.639294 [crit] TID[8592] FILE[connection.cpp]LINE[718] we have sent[1] messages , send[1] 
11:45:26.600486 [crit] TID[5660] FILE[connection.cpp]LINE[718] we have sent[3] messages , send[3] 
11:45:26.741720 [crit] TID[8592] FILE[connection.cpp]LINE[718] we have sent[3] messages , send[3] 
11:46:27.715734 [crit] TID[5660] FILE[connection.cpp]LINE[718] we have sent[4] messages , send[4] 
11:46:27.859421 [crit] TID[8592] FILE[connection.cpp]LINE[718] we have sent[4] messages , send[4] 
11:47:28.740432 [crit] TID[5660] FILE[connection.cpp]LINE[718] we have sent[5] messages , send[5] 
11:47:28.876298 [crit] TID[8592] FILE[connection.cpp]LINE[718] we have sent[5] messages , send[5] 
11:48:29.804491 [crit] TID[5660] FILE[connection.cpp]LINE[718] we have sent[6] messages , send[6] 
11:48:29.954976 [crit] TID[8592] FILE[connection.cpp]LINE[718] we have sent[6] messages , send[6] 
11:49:30.009266 [crit] TID[8592] FILE[connection.cpp]LINE[718] we have sent[7] messages , send[7] 
11:49:30.838317 [crit] TID[5660] FILE[connection.cpp]LINE[718] we have sent[7] messages , send[7] 
11:50:31.082870 [crit] TID[8592] FILE[connection.cpp]LINE[718] we have sent[8] messages , send[8] 
11:50:31.910965 [crit] TID[5660] FILE[connection.cpp]LINE[718] we have sent[8] messages , send[8] 
11:51:32.116882 [crit] TID[8592] FILE[connection.cpp]LINE[718] we have sent[9] messages , send[9] 
11:51:32.977767 [crit] TID[5660] FILE[connection.cpp]LINE[718] we have sent[9] messages , send[9] 
11:52:33.032450 [crit] TID[5660] FILE[connection.cpp]LINE[718] we have sent[10] messages , send[10] 
11:52:33.219972 [crit] TID[8592] FILE[connection.cpp]LINE[718] we have sent[10] messages , send[10] 
11:53:34.120968 [crit] TID[5660] FILE[connection.cpp]LINE[718] we have sent[11] messages , send[11] 
11:53:34.308489 [crit] TID[8592] FILE[connection.cpp]LINE[718] we have sent[11] messages , send[11] 
11:54:35.205469 [crit] TID[5660] FILE[connection.cpp]LINE[718] we have sent[12] messages , send[12] 
11:54:35.330453 [crit] TID[8592] FILE[connection.cpp]LINE[718] we have sent[12] messages , send[12] 
11:55:36.255210 [crit] TID[5660] FILE[connection.cpp]LINE[718] we have sent[13] messages , send[13] 
11:55:36.364887 [crit] TID[8592] FILE[connection.cpp]LINE[718] we have sent[13] messages , send[13] 
11:56:37.309350 [crit] TID[5660] FILE[connection.cpp]LINE[718] we have sent[14] messages , send[14] 
11:56:37.403142 [crit] TID[8592] FILE[connection.cpp]LINE[718] we have sent[14] messages , send[14] 
11:57:38.361350 [crit] TID[5660] FILE[connection.cpp]LINE[718] we have sent[15] messages , send[15] 
11:57:38.439460 [crit] TID[8592] FILE[connection.cpp]LINE[718] we have sent[15] messages , send[15] 
11:58:39.454895 [crit] TID[5660] FILE[connection.cpp]LINE[718] we have sent[16] messages , send[16] 
11:58:39.470665 [crit] TID[8592] FILE[connection.cpp]LINE[718] we have sent[16] messages , send[16] 
11:59:40.539378 [crit] TID[5660] FILE[connection.cpp]LINE[718] we have sent[17] messages , send[17] 
11:59:40.555135 [crit] TID[8592] FILE[connection.cpp]LINE[718] we have sent[17] messages , send[17] 
12:00:41.716316 [crit] TID[5660] FILE[connection.cpp]LINE[718] we have sent[18] messages , send[18] 
12:00:41.716316 [crit] TID[8592] FILE[connection.cpp]LINE[718] we have sent[18] messages , send[18] 
12:01:42.818279 [crit] TID[5660] FILE[connection.cpp]LINE[718] we have sent[19] messages , send[19] 
12:01:42.818279 [crit] TID[8592] FILE[connection.cpp]LINE[718] we have sent[19] messages , send[19] 
12:02:43.917635 [crit] TID[8592] FILE[connection.cpp]LINE[718] we have sent[20] messages , send[20] 
12:02:43.917635 [crit] TID[5660] FILE[connection.cpp]LINE[718] we have sent[20] messages , send[20] 
12:03:44.005202 [crit] TID[8592] FILE[connection.cpp]LINE[718] we have sent[21] messages , send[21] 
12:03:44.005202 [crit] TID[5660] FILE[connection.cpp]LINE[718] we have sent[21] messages , send[21] 
12:04:45.202514 [crit] TID[5660] FILE[connection.cpp]LINE[718] we have sent[22] messages , send[22] 
12:04:45.202514 [crit] TID[8592] FILE[connection.cpp]LINE[718] we have sent[22] messages , send[22] 
12:05:46.354190 [crit] TID[5660] FILE[connection.cpp]LINE[718] we have sent[23] messages , send[23] 
12:05:46.354190 [crit] TID[8592] FILE[connection.cpp]LINE[718] we have sent[23] messages , send[23] 
12:06:47.403534 [crit] TID[8592] FILE[connection.cpp]LINE[718] we have sent[24] messages , send[24] 
12:06:47.403534 [crit] TID[5660] FILE[connection.cpp]LINE[718] we have sent[24] messages , send[24] 
12:07:48.488362 [crit] TID[5660] FILE[connection.cpp]LINE[718] we have sent[25] messages , send[25] 
12:07:48.488362 [crit] TID[8592] FILE[connection.cpp]LINE[718] we have sent[25] messages , send[25] 
12:08:49.700956 [crit] TID[5660] FILE[connection.cpp]LINE[718] we have sent[26] messages , send[26] 
12:08:49.700956 [crit] TID[8592] FILE[connection.cpp]LINE[718] we have sent[26] messages , send[26] 
12:09:50.804524 [crit] TID[5660] FILE[connection.cpp]LINE[718] we have sent[27] messages , send[27] 
12:09:50.804524 [crit] TID[8592] FILE[connection.cpp]LINE[718] we have sent[27] messages , send[27] 
12:10:51.880421 [crit] TID[5660] FILE[connection.cpp]LINE[718] we have sent[28] messages , send[28] 
12:10:51.880421 [crit] TID[8592] FILE[connection.cpp]LINE[718] we have sent[28] messages , send[28] 
12:11:52.010479 [crit] TID[5660] FILE[connection.cpp]LINE[718] we have sent[29] messages , send[29] 
12:11:52.010479 [crit] TID[8592] FILE[connection.cpp]LINE[718] we have sent[29] messages , send[29] 
12:12:53.101636 [crit] TID[8592] FILE[connection.cpp]LINE[718] we have sent[30] messages , send[30] 
12:12:53.101636 [crit] TID[5660] FILE[connection.cpp]LINE[718] we have sent[30] messages , send[30] 
12:13:54.247294 [crit] TID[5660] FILE[connection.cpp]LINE[718] we have sent[31] messages , send[31] 
12:13:54.247294 [crit] TID[8592] FILE[connection.cpp]LINE[718] we have sent[31] messages , send[31] 
12:14:55.309633 [crit] TID[5660] FILE[connection.cpp]LINE[718] we have sent[32] messages , send[32] 
12:14:55.309633 [crit] TID[8592] FILE[connection.cpp]LINE[718] we have sent[32] messages , send[32] 
12:15:56.566606 [crit] TID[5660] FILE[connection.cpp]LINE[718] we have sent[33] messages , send[33] 
12:15:56.566606 [crit] TID[8592] FILE[connection.cpp]LINE[718] we have sent[33] messages , send[33] 
12:16:57.642047 [crit] TID[5660] FILE[connection.cpp]LINE[718] we have sent[34] messages , send[34] 
12:16:57.642047 [crit] TID[8592] FILE[connection.cpp]LINE[718] we have sent[34] messages , send[34] 
12:17:58.701934 [crit] TID[8592] FILE[connection.cpp]LINE[718] we have sent[35] messages , send[35] 
12:17:58.701934 [crit] TID[5660] FILE[connection.cpp]LINE[718] we have sent[35] messages , send[35] 
12:18:59.773207 [crit] TID[5660] FILE[connection.cpp]LINE[718] we have sent[36] messages , send[36] 
12:18:59.773207 [crit] TID[8592] FILE[connection.cpp]LINE[718] we have sent[36] messages , send[36] 
12:20:00.940636 [crit] TID[8592] FILE[connection.cpp]LINE[718] we have sent[37] messages , send[37] 
12:20:00.940636 [crit] TID[5660] FILE[connection.cpp]LINE[718] we have sent[37] messages , send[37] 
12:21:01.046633 [crit] TID[8592] FILE[connection.cpp]LINE[718] we have sent[38] messages , send[38] 
12:21:01.046633 [crit] TID[5660] FILE[connection.cpp]LINE[718] we have sent[38] messages , send[38] 
12:22:02.094820 [crit] TID[8592] FILE[connection.cpp]LINE[718] we have sent[39] messages , send[39] 
12:22:02.094820 [crit] TID[5660] FILE[connection.cpp]LINE[718] we have sent[39] messages , send[39] 
12:23:03.231146 [crit] TID[5660] FILE[connection.cpp]LINE[718] we have sent[40] messages , send[40] 
12:23:03.231146 [crit] TID[8592] FILE[connection.cpp]LINE[718] we have sent[40] messages , send[40] 
12:24:04.429672 [crit] TID[5660] FILE[connection.cpp]LINE[718] we have sent[41] messages , send[41] 
12:24:04.429672 [crit] TID[8592] FILE[connection.cpp]LINE[718] we have sent[41] messages , send[41] 
12:25:05.490655 [crit] TID[5660] FILE[connection.cpp]LINE[718] we have sent[42] messages , send[42] 
12:25:05.490655 [crit] TID[8592] FILE[connection.cpp]LINE[718] we have sent[42] messages , send[42] 
12:26:06.527961 [crit] TID[5660] FILE[connection.cpp]LINE[718] we have sent[43] messages , send[43] 
12:26:06.527961 [crit] TID[8592] FILE[connection.cpp]LINE[718] we have sent[43] messages , send[43] 
12:27:07.820347 [crit] TID[5660] FILE[connection.cpp]LINE[718] we have sent[44] messages , send[44] 
12:27:07.820347 [crit] TID[8592] FILE[connection.cpp]LINE[718] we have sent[44] messages , send[44] 
12:28:08.976104 [crit] TID[5660] FILE[connection.cpp]LINE[718] we have sent[45] messages , send[45] 
12:28:08.976104 [crit] TID[8592] FILE[connection.cpp]LINE[718] we have sent[45] messages , send[45] 
12:29:09.056664 [crit] TID[8592] FILE[connection.cpp]LINE[718] we have sent[46] messages , send[46] 
12:29:09.056664 [crit] TID[5660] FILE[connection.cpp]LINE[718] we have sent[46] messages , send[46] 
12:30:10.105094 [crit] TID[8592] FILE[connection.cpp]LINE[718] we have sent[47] messages , send[47] 
12:30:10.105094 [crit] TID[5660] FILE[connection.cpp]LINE[718] we have sent[47] messages , send[47] 
12:31:11.265952 [crit] TID[8592] FILE[connection.cpp]LINE[718] we have sent[48] messages , send[48] 
12:31:11.265952 [crit] TID[5660] FILE[connection.cpp]LINE[718] we have sent[48] messages , send[48] 
12:32:12.327313 [crit] TID[5660] FILE[connection.cpp]LINE[718] we have sent[49] messages , send[49] 
12:32:12.327313 [crit] TID[8592] FILE[connection.cpp]LINE[718] we have sent[49] messages , send[49] 
12:33:13.403661 [crit] TID[5660] FILE[connection.cpp]LINE[718] we have sent[50] messages , send[50] 
12:33:13.403661 [crit] TID[8592] FILE[connection.cpp]LINE[718] we have sent[50] messages , send[50] 
12:34:14.495553 [crit] TID[8592] FILE[connection.cpp]LINE[718] we have sent[51] messages , send[51] 
12:34:14.495553 [crit] TID[5660] FILE[connection.cpp]LINE[718] we have sent[51] messages , send[51] 
12:35:15.583088 [crit] TID[8592] FILE[connection.cpp]LINE[718] we have sent[52] messages , send[52] 
12:35:15.583088 [crit] TID[5660] FILE[connection.cpp]LINE[718] we have sent[52] messages , send[52] 
12:36:16.702573 [crit] TID[5660] FILE[connection.cpp]LINE[718] we have sent[53] messages , send[53] 
12:36:16.702573 [crit] TID[8592] FILE[connection.cpp]LINE[718] we have sent[53] messages , send[53] 
12:37:17.781364 [crit] TID[5660] FILE[connection.cpp]LINE[718] we have sent[54] messages , send[54] 
12:37:17.781364 [crit] TID[8592] FILE[connection.cpp]LINE[718] we have sent[54] messages , send[54] 
12:38:18.003285 [crit] TID[8592] FILE[connection.cpp]LINE[718] we have sent[55] messages , send[55] 
12:38:18.003285 [crit] TID[5660] FILE[connection.cpp]LINE[718] we have sent[55] messages , send[55] 
12:39:19.093282 [crit] TID[5660] FILE[connection.cpp]LINE[718] we have sent[56] messages , send[56] 
12:39:19.093282 [crit] TID[8592] FILE[connection.cpp]LINE[718] we have sent[56] messages , send[56] 
12:40:20.160568 [crit] TID[5660] FILE[connection.cpp]LINE[718] we have sent[57] messages , send[57] 
12:40:20.160568 [crit] TID[8592] FILE[connection.cpp]LINE[718] we have sent[57] messages , send[57] 
12:41:21.208177 [crit] TID[5660] FILE[connection.cpp]LINE[718] we have sent[58] messages , send[58] 
12:41:21.208177 [crit] TID[8592] FILE[connection.cpp]LINE[718] we have sent[58] messages , send[58] 
12:42:22.354713 [crit] TID[5660] FILE[connection.cpp]LINE[718] we have sent[59] messages , send[59] 
12:42:22.354713 [crit] TID[8592] FILE[connection.cpp]LINE[718] we have sent[59] messages , send[59] 
12:43:23.472531 [crit] TID[8592] FILE[connection.cpp]LINE[718] we have sent[60] messages , send[60] 
12:43:23.472531 [crit] TID[5660] FILE[connection.cpp]LINE[718] we have sent[60] messages , send[60] 
12:44:24.546921 [crit] TID[8592] FILE[connection.cpp]LINE[718] we have sent[61] messages , send[61] 
12:44:24.546921 [crit] TID[5660] FILE[connection.cpp]LINE[718] we have sent[61] messages , send[61] 
12:45:25.615389 [crit] TID[5660] FILE[connection.cpp]LINE[718] we have sent[62] messages , send[62] 
12:45:25.615389 [crit] TID[8592] FILE[connection.cpp]LINE[718] we have sent[62] messages , send[62] 
12:46:26.765495 [crit] TID[5660] FILE[connection.cpp]LINE[718] we have sent[64] messages , send[64] 
12:46:26.765495 [crit] TID[8592] FILE[connection.cpp]LINE[718] we have sent[64] messages , send[64] 
12:47:27.829158 [crit] TID[8592] FILE[connection.cpp]LINE[718] we have sent[65] messages , send[65] 
12:47:27.829158 [crit] TID[5660] FILE[connection.cpp]LINE[718] we have sent[65] messages , send[65] 
12:48:28.881683 [crit] TID[8592] FILE[connection.cpp]LINE[718] we have sent[66] messages , send[66] 
12:48:28.881683 [crit] TID[5660] FILE[connection.cpp]LINE[718] we have sent[66] messages , send[66] 
12:49:29.065408 [crit] TID[5660] FILE[connection.cpp]LINE[718] we have sent[67] messages , send[67] 
12:49:29.065408 [crit] TID[8592] FILE[connection.cpp]LINE[718] we have sent[67] messages , send[67] 
12:50:30.213579 [crit] TID[5660] FILE[connection.cpp]LINE[718] we have sent[68] messages , send[68] 
12:50:30.213579 [crit] TID[8592] FILE[connection.cpp]LINE[718] we have sent[68] messages , send[68] 
12:51:31.263796 [crit] TID[8592] FILE[connection.cpp]LINE[718] we have sent[69] messages , send[69] 
12:51:31.263796 [crit] TID[5660] FILE[connection.cpp]LINE[718] we have sent[69] messages , send[69] 
12:52:32.331839 [crit] TID[5660] FILE[connection.cpp]LINE[718] we have sent[70] messages , send[70] 
12:52:32.331839 [crit] TID[8592] FILE[connection.cpp]LINE[718] we have sent[70] messages , send[70] 
12:53:33.607301 [crit] TID[5660] FILE[connection.cpp]LINE[718] we have sent[71] messages , send[71] 
12:53:33.607301 [crit] TID[8592] FILE[connection.cpp]LINE[718] we have sent[71] messages , send[71] 
12:54:34.670382 [crit] TID[5660] FILE[connection.cpp]LINE[718] we have sent[72] messages , send[72] 
12:54:34.670382 [crit] TID[8592] FILE[connection.cpp]LINE[718] we have sent[72] messages , send[72] 
12:55:35.766957 [crit] TID[8592] FILE[connection.cpp]LINE[718] we have sent[73] messages , send[73] 
12:55:35.766957 [crit] TID[5660] FILE[connection.cpp]LINE[718] we have sent[73] messages , send[73] 
12:56:36.854649 [crit] TID[5660] FILE[connection.cpp]LINE[718] we have sent[74] messages , send[74] 
12:56:36.854649 [crit] TID[8592] FILE[connection.cpp]LINE[718] we have sent[74] messages , send[74] 
12:57:37.017911 [crit] TID[8592] FILE[connection.cpp]LINE[718] we have sent[75] messages , send[75] 
12:57:37.017911 [crit] TID[5660] FILE[connection.cpp]LINE[718] we have sent[75] messages , send[75] 
12:58:38.133138 [crit] TID[5660] FILE[connection.cpp]LINE[718] we have sent[76] messages , send[76] 
12:58:38.133138 [crit] TID[8592] FILE[connection.cpp]LINE[718] we have sent[76] messages , send[76] 
12:59:39.194026 [crit] TID[8592] FILE[connection.cpp]LINE[718] we have sent[77] messages , send[77] 
12:59:39.194026 [crit] TID[5660] FILE[connection.cpp]LINE[718] we have sent[77] messages , send[77] 
13:00:40.292229 [crit] TID[5660] FILE[connection.cpp]LINE[718] we have sent[78] messages , send[78] 
13:00:40.292229 [crit] TID[8592] FILE[connection.cpp]LINE[718] we have sent[78] messages , send[78] 
13:01:41.415293 [crit] TID[5660] FILE[connection.cpp]LINE[718] we have sent[79] messages , send[79] 
13:01:41.415293 [crit] TID[8592] FILE[connection.cpp]LINE[718] we have sent[79] messages , send[79] 
13:02:42.492264 [crit] TID[8592] FILE[connection.cpp]LINE[718] we have sent[80] messages , send[80] 
13:02:42.492264 [crit] TID[5660] FILE[connection.cpp]LINE[718] we have sent[80] messages , send[80] 
13:03:43.552437 [crit] TID[8592] FILE[connection.cpp]LINE[718] we have sent[81] messages , send[81] 
13:03:43.552437 [crit] TID[5660] FILE[connection.cpp]LINE[718] we have sent[81] messages , send[81] 
13:04:44.750365 [crit] TID[8592] FILE[connection.cpp]LINE[718] we have sent[82] messages , send[82] 
13:04:44.750365 [crit] TID[5660] FILE[connection.cpp]LINE[718] we have sent[82] messages , send[82] 
14:18:24.337978 [crit] TID[6820] FILE[connection.cpp]LINE[250] we have connected  to [172.16.8.85] 
14:18:24.338480 [crit] TID[6820] FILE[connection.cpp]LINE[371] setHandler [gateway_srv_token_verify.req.queue] DeliveType[DeliverDirect] 
14:18:24.338480 [crit] TID[6340] FILE[connection.cpp]LINE[697] we have started a send thread int connection[00AC8190] 
14:18:24.341987 [crit] TID[6820] FILE[connection.cpp]LINE[971] we have add receiver queue[00B19E40] for name[gateway_srv_token_verify.req.queue] 
14:18:24.344498 [crit] TID[6820] FILE[connection.cpp]LINE[384] we have created Handler[gateway_srv_token_verify.req.queue] 
14:18:24.345500 [crit] TID[4428] FILE[connection.cpp]LINE[547] we have started a callback thread in connection[00AC8190] 
14:18:24.346001 [crit] TID[6400] FILE[connection.cpp]LINE[840] we have started a recv thread in connection[00AC8190] 
14:18:24.368094 [crit] TID[6820] FILE[connection.cpp]LINE[250] we have connected  to [172.16.8.85] 
14:18:24.368559 [crit] TID[6820] FILE[connection.cpp]LINE[371] setHandler [login_srv_token_sync.queue] DeliveType[DeliverFanout] 
14:18:24.368559 [crit] TID[9812] FILE[connection.cpp]LINE[697] we have started a send thread int connection[00B1CF18] 
14:18:24.375078 [crit] TID[6820] FILE[connection.cpp]LINE[971] we have add receiver queue[00B46F08] for name[60f3fa22-99f3-4d56-860f-3953a3bc701f#.login_srv_token_sync.queue] 
14:18:24.375078 [crit] TID[6820] FILE[connection.cpp]LINE[979] we will build  a senderfor fanout , to confirm exchange[login_srv_token_sync.queue]  is exist 
14:18:24.380612 [crit] TID[6820] FILE[connection.cpp]LINE[1021] we have create sender queue[login_srv_token_sync.queue] type[DeliverFanout] , Success[TRUE] 
14:18:24.380612 [crit] TID[6820] FILE[connection.cpp]LINE[985] we have confirm exchange[login_srv_token_sync.queue] exist 
14:18:24.383098 [crit] TID[6820] FILE[connection.cpp]LINE[384] we have created Handler[login_srv_token_sync.queue] 
14:18:24.383599 [crit] TID[9412] FILE[connection.cpp]LINE[547] we have started a callback thread in connection[00B1CF18] 
14:18:24.383599 [crit] TID[8704] FILE[connection.cpp]LINE[840] we have started a recv thread in connection[00B1CF18] 
14:18:25.343462 [crit] TID[6340] FILE[connection.cpp]LINE[1021] we have create sender queue[SYS.HEARTBEAT] type[DeliverFanout] , Success[TRUE] 
14:18:25.375254 [crit] TID[9812] FILE[connection.cpp]LINE[1021] we have create sender queue[SYS.HEARTBEAT] type[DeliverFanout] , Success[TRUE] 
17:33:02.883165 [crit] TID[240] FILE[connection.cpp]LINE[250] we have connected  to [172.16.8.85] 
17:33:02.883667 [crit] TID[240] FILE[connection.cpp]LINE[371] setHandler [gateway_srv_token_verify.req.queue] DeliveType[DeliverDirect] 
17:33:02.884166 [crit] TID[11212] FILE[connection.cpp]LINE[697] we have started a send thread int connection[00357D10] 
17:33:02.888680 [crit] TID[240] FILE[connection.cpp]LINE[971] we have add receiver queue[003A9E08] for name[gateway_srv_token_verify.req.queue] 
17:33:02.890686 [crit] TID[240] FILE[connection.cpp]LINE[384] we have created Handler[gateway_srv_token_verify.req.queue] 
17:33:02.891187 [crit] TID[6080] FILE[connection.cpp]LINE[547] we have started a callback thread in connection[00357D10] 
17:33:02.891187 [crit] TID[6464] FILE[connection.cpp]LINE[840] we have started a recv thread in connection[00357D10] 
17:33:02.911238 [crit] TID[240] FILE[connection.cpp]LINE[250] we have connected  to [172.16.8.85] 
17:33:02.911740 [crit] TID[240] FILE[connection.cpp]LINE[371] setHandler [login_srv_token_sync.queue] DeliveType[DeliverFanout] 
17:33:02.911740 [crit] TID[7068] FILE[connection.cpp]LINE[697] we have started a send thread int connection[003AE638] 
17:33:02.917757 [crit] TID[240] FILE[connection.cpp]LINE[971] we have add receiver queue[02FF0AD8] for name[c0dc15bd-e7ff-4a32-a929-ae5450c4ed8f#.login_srv_token_sync.queue] 
17:33:02.917757 [crit] TID[240] FILE[connection.cpp]LINE[979] we will build  a senderfor fanout , to confirm exchange[login_srv_token_sync.queue]  is exist 
17:33:02.922777 [crit] TID[240] FILE[connection.cpp]LINE[1021] we have create sender queue[login_srv_token_sync.queue] type[DeliverFanout] , Success[TRUE] 
17:33:02.923272 [crit] TID[240] FILE[connection.cpp]LINE[985] we have confirm exchange[login_srv_token_sync.queue] exist 
17:33:02.925277 [crit] TID[240] FILE[connection.cpp]LINE[384] we have created Handler[login_srv_token_sync.queue] 
17:33:02.925778 [crit] TID[10476] FILE[connection.cpp]LINE[547] we have started a callback thread in connection[003AE638] 
17:33:02.925778 [crit] TID[9124] FILE[connection.cpp]LINE[840] we have started a recv thread in connection[003AE638] 
17:33:03.897032 [crit] TID[11212] FILE[connection.cpp]LINE[1021] we have create sender queue[SYS.HEARTBEAT] type[DeliverFanout] , Success[TRUE] 
17:33:03.924405 [crit] TID[7068] FILE[connection.cpp]LINE[1021] we have create sender queue[SYS.HEARTBEAT] type[DeliverFanout] , Success[TRUE] 
