19:05:09.256400 [crit] TID[9480] FILE[connection.cpp]LINE[250] we have connected  to [172.16.8.85] 
19:05:09.256901 [crit] TID[9480] FILE[connection.cpp]LINE[371] setHandler [gateway_srv_token_verify.req.queue] DeliveType[DeliverDirect] 
19:05:09.256901 [crit] TID[8360] FILE[connection.cpp]LINE[697] we have started a send thread int connection[009080B0] 
19:05:09.268933 [crit] TID[9480] FILE[connection.cpp]LINE[971] we have add receiver queue[0095ACD8] for name[gateway_srv_token_verify.req.queue] 
19:05:09.270469 [crit] TID[9480] FILE[connection.cpp]LINE[384] we have created Handler[gateway_srv_token_verify.req.queue] 
19:05:09.270938 [crit] TID[11020] FILE[connection.cpp]LINE[547] we have started a callback thread in connection[009080B0] 
19:05:09.270938 [crit] TID[10176] FILE[connection.cpp]LINE[840] we have started a recv thread in connection[009080B0] 
19:05:09.338117 [crit] TID[9480] FILE[connection.cpp]LINE[250] we have connected  to [172.16.8.85] 
19:05:09.339120 [crit] TID[9480] FILE[connection.cpp]LINE[371] setHandler [login_srv_token_sync.queue] DeliveType[DeliverFanout] 
19:05:09.339120 [crit] TID[10340] FILE[connection.cpp]LINE[697] we have started a send thread int connection[0095DE50] 
19:05:09.346139 [crit] TID[9480] FILE[connection.cpp]LINE[971] we have add receiver queue[00984E38] for name[e9172b46-b93b-4e13-ac1a-d447f2007015#.login_srv_token_sync.queue] 
19:05:09.346139 [crit] TID[9480] FILE[connection.cpp]LINE[979] we will build  a senderfor fanout , to confirm exchange[login_srv_token_sync.queue]  is exist 
19:05:09.351152 [crit] TID[9480] FILE[connection.cpp]LINE[1021] we have create sender queue[login_srv_token_sync.queue] type[DeliverFanout] , Success[TRUE] 
19:05:09.351152 [crit] TID[9480] FILE[connection.cpp]LINE[985] we have confirm exchange[login_srv_token_sync.queue] exist 
19:05:09.353157 [crit] TID[9480] FILE[connection.cpp]LINE[384] we have created Handler[login_srv_token_sync.queue] 
19:05:09.353658 [crit] TID[6116] FILE[connection.cpp]LINE[547] we have started a callback thread in connection[0095DE50] 
19:05:09.353658 [crit] TID[6816] FILE[connection.cpp]LINE[840] we have started a recv thread in connection[0095DE50] 
19:05:10.269949 [crit] TID[8360] FILE[connection.cpp]LINE[1021] we have create sender queue[SYS.HEARTBEAT] type[DeliverFanout] , Success[TRUE] 
19:05:10.345839 [crit] TID[10340] FILE[connection.cpp]LINE[1021] we have create sender queue[SYS.HEARTBEAT] type[DeliverFanout] , Success[TRUE] 
19:06:10.462242 [crit] TID[8360] FILE[connection.cpp]LINE[718] we have sent[1] messages , send[1] 
19:06:10.493271 [crit] TID[10340] FILE[connection.cpp]LINE[718] we have sent[1] messages , send[1] 
19:07:11.553242 [crit] TID[8360] FILE[connection.cpp]LINE[718] we have sent[3] messages , send[3] 
19:07:11.600004 [crit] TID[10340] FILE[connection.cpp]LINE[718] we have sent[3] messages , send[3] 
19:08:12.629608 [crit] TID[8360] FILE[connection.cpp]LINE[718] we have sent[4] messages , send[4] 
19:08:12.676597 [crit] TID[10340] FILE[connection.cpp]LINE[718] we have sent[4] messages , send[4] 
19:09:13.741524 [crit] TID[8360] FILE[connection.cpp]LINE[718] we have sent[5] messages , send[5] 
19:09:13.774110 [crit] TID[10340] FILE[connection.cpp]LINE[718] we have sent[5] messages , send[5] 
19:10:14.844832 [crit] TID[8360] FILE[connection.cpp]LINE[718] we have sent[6] messages , send[6] 
19:10:14.875914 [crit] TID[10340] FILE[connection.cpp]LINE[718] we have sent[6] messages , send[6] 
19:11:15.908945 [crit] TID[8360] FILE[connection.cpp]LINE[718] we have sent[7] messages , send[7] 
19:11:15.940217 [crit] TID[10340] FILE[connection.cpp]LINE[718] we have sent[7] messages , send[7] 
19:12:16.029848 [crit] TID[10340] FILE[connection.cpp]LINE[718] we have sent[8] messages , send[8] 
19:12:17.000321 [crit] TID[8360] FILE[connection.cpp]LINE[718] we have sent[8] messages , send[8] 
19:12:22.554593 [crit] TID[6816] FILE[connection.cpp]LINE[921] now , we have recv [1] messages from qpid , call[1] 
19:13:17.336818 [crit] TID[10340] FILE[connection.cpp]LINE[718] we have sent[9] messages , send[9] 
19:13:18.337001 [crit] TID[8360] FILE[connection.cpp]LINE[718] we have sent[9] messages , send[9] 
19:16:22.588154 [crit] TID[6280] FILE[connection.cpp]LINE[250] we have connected  to [172.16.8.85] 
19:16:22.589659 [crit] TID[10860] FILE[connection.cpp]LINE[697] we have started a send thread int connection[0188E890] 
19:16:22.589659 [crit] TID[6280] FILE[connection.cpp]LINE[371] setHandler [gateway_srv_token_verify.req.queue] DeliveType[DeliverDirect] 
19:16:22.657838 [crit] TID[6280] FILE[connection.cpp]LINE[971] we have add receiver queue[018D9838] for name[gateway_srv_token_verify.req.queue] 
19:16:22.659342 [crit] TID[6280] FILE[connection.cpp]LINE[384] we have created Handler[gateway_srv_token_verify.req.queue] 
19:16:22.659845 [crit] TID[9512] FILE[connection.cpp]LINE[547] we have started a callback thread in connection[0188E890] 
19:16:22.660345 [crit] TID[10080] FILE[connection.cpp]LINE[840] we have started a recv thread in connection[0188E890] 
19:16:22.732537 [crit] TID[6280] FILE[connection.cpp]LINE[250] we have connected  to [172.16.8.85] 
19:16:22.732537 [crit] TID[6280] FILE[connection.cpp]LINE[371] setHandler [login_srv_token_sync.queue] DeliveType[DeliverFanout] 
19:16:22.733542 [crit] TID[5160] FILE[connection.cpp]LINE[697] we have started a send thread int connection[018D9F70] 
19:16:22.740560 [crit] TID[6280] FILE[connection.cpp]LINE[971] we have add receiver queue[01905CE8] for name[32e43184-ea8a-469f-89d4-9d8239c4525a#.login_srv_token_sync.queue] 
19:16:22.740560 [crit] TID[6280] FILE[connection.cpp]LINE[979] we will build  a senderfor fanout , to confirm exchange[login_srv_token_sync.queue]  is exist 
19:16:22.745071 [crit] TID[6280] FILE[connection.cpp]LINE[1021] we have create sender queue[login_srv_token_sync.queue] type[DeliverFanout] , Success[TRUE] 
19:16:22.745071 [crit] TID[6280] FILE[connection.cpp]LINE[985] we have confirm exchange[login_srv_token_sync.queue] exist 
19:16:22.747579 [crit] TID[6280] FILE[connection.cpp]LINE[384] we have created Handler[login_srv_token_sync.queue] 
19:16:22.748079 [crit] TID[2608] FILE[connection.cpp]LINE[547] we have started a callback thread in connection[018D9F70] 
19:16:22.748079 [crit] TID[7660] FILE[connection.cpp]LINE[840] we have started a recv thread in connection[018D9F70] 
19:16:23.599093 [crit] TID[10860] FILE[connection.cpp]LINE[1021] we have create sender queue[SYS.HEARTBEAT] type[DeliverFanout] , Success[TRUE] 
19:16:23.744822 [crit] TID[5160] FILE[connection.cpp]LINE[1021] we have create sender queue[SYS.HEARTBEAT] type[DeliverFanout] , Success[TRUE] 
19:17:23.110027 [crit] TID[10860] FILE[connection.cpp]LINE[718] we have sent[1] messages , send[1] 
19:17:23.110027 [crit] TID[5160] FILE[connection.cpp]LINE[718] we have sent[1] messages , send[1] 
19:18:24.199988 [crit] TID[10860] FILE[connection.cpp]LINE[718] we have sent[3] messages , send[3] 
19:18:24.199988 [crit] TID[5160] FILE[connection.cpp]LINE[718] we have sent[3] messages , send[3] 
19:19:25.297766 [crit] TID[10860] FILE[connection.cpp]LINE[718] we have sent[4] messages , send[4] 
19:19:25.297766 [crit] TID[5160] FILE[connection.cpp]LINE[718] we have sent[4] messages , send[4] 
19:20:26.420194 [crit] TID[10860] FILE[connection.cpp]LINE[718] we have sent[5] messages , send[5] 
19:20:26.420194 [crit] TID[5160] FILE[connection.cpp]LINE[718] we have sent[5] messages , send[5] 
19:21:27.589804 [crit] TID[5160] FILE[connection.cpp]LINE[718] we have sent[6] messages , send[6] 
19:21:27.589804 [crit] TID[10860] FILE[connection.cpp]LINE[718] we have sent[6] messages , send[6] 
19:22:23.210788 [crit] TID[7660] FILE[connection.cpp]LINE[921] now , we have recv [2] messages from qpid , call[2] 
19:22:28.817232 [crit] TID[5160] FILE[connection.cpp]LINE[718] we have sent[7] messages , send[7] 
19:22:28.817232 [crit] TID[10860] FILE[connection.cpp]LINE[718] we have sent[7] messages , send[7] 
19:23:17.342817 [crit] TID[10080] FILE[connection.cpp]LINE[921] now , we have recv [1] messages from qpid , call[1] 
19:23:29.456704 [crit] TID[10860] FILE[connection.cpp]LINE[718] we have sent[8] messages , send[8] 
19:23:29.456704 [crit] TID[5160] FILE[connection.cpp]LINE[718] we have sent[8] messages , send[8] 
19:24:30.641623 [crit] TID[5160] FILE[connection.cpp]LINE[718] we have sent[9] messages , send[9] 
19:24:30.641623 [crit] TID[10860] FILE[connection.cpp]LINE[718] we have sent[9] messages , send[9] 
19:24:53.009139 [crit] TID[10080] FILE[connection.cpp]LINE[921] now , we have recv [3] messages from qpid , call[1] 
19:26:22.485071 [crit] TID[2052] FILE[connection.cpp]LINE[250] we have connected  to [172.16.8.85] 
19:26:22.487067 [crit] TID[2052] FILE[connection.cpp]LINE[371] setHandler [gateway_srv_token_verify.req.queue] DeliveType[DeliverDirect] 
19:26:22.487067 [crit] TID[8548] FILE[connection.cpp]LINE[697] we have started a send thread int connection[00A4E7F8] 
19:26:22.490576 [crit] TID[2052] FILE[connection.cpp]LINE[971] we have add receiver queue[00A9B040] for name[gateway_srv_token_verify.req.queue] 
19:26:22.492081 [crit] TID[2052] FILE[connection.cpp]LINE[384] we have created Handler[gateway_srv_token_verify.req.queue] 
19:26:22.493083 [crit] TID[4544] FILE[connection.cpp]LINE[547] we have started a callback thread in connection[00A4E7F8] 
19:26:22.493083 [crit] TID[9724] FILE[connection.cpp]LINE[840] we have started a recv thread in connection[00A4E7F8] 
19:26:22.561764 [crit] TID[2052] FILE[connection.cpp]LINE[250] we have connected  to [172.16.8.85] 
19:26:22.562266 [crit] TID[2052] FILE[connection.cpp]LINE[371] setHandler [login_srv_token_sync.queue] DeliveType[DeliverFanout] 
19:26:22.562266 [crit] TID[5576] FILE[connection.cpp]LINE[697] we have started a send thread int connection[00A9BC98] 
19:26:22.569786 [crit] TID[2052] FILE[connection.cpp]LINE[971] we have add receiver queue[00AC5380] for name[914a81e4-4b01-4803-970d-e36ea83e2d10#.login_srv_token_sync.queue] 
19:26:22.569786 [crit] TID[2052] FILE[connection.cpp]LINE[979] we will build  a senderfor fanout , to confirm exchange[login_srv_token_sync.queue]  is exist 
19:26:22.574800 [crit] TID[2052] FILE[connection.cpp]LINE[1021] we have create sender queue[login_srv_token_sync.queue] type[DeliverFanout] , Success[TRUE] 
19:26:22.574800 [crit] TID[2052] FILE[connection.cpp]LINE[985] we have confirm exchange[login_srv_token_sync.queue] exist 
19:26:22.576806 [crit] TID[2052] FILE[connection.cpp]LINE[384] we have created Handler[login_srv_token_sync.queue] 
19:26:22.577307 [crit] TID[936] FILE[connection.cpp]LINE[547] we have started a callback thread in connection[00A9BC98] 
19:26:22.577307 [crit] TID[7460] FILE[connection.cpp]LINE[840] we have started a recv thread in connection[00A9BC98] 
19:26:23.501619 [crit] TID[8548] FILE[connection.cpp]LINE[1021] we have create sender queue[SYS.HEARTBEAT] type[DeliverFanout] , Success[TRUE] 
19:26:23.564431 [crit] TID[5576] FILE[connection.cpp]LINE[1021] we have create sender queue[SYS.HEARTBEAT] type[DeliverFanout] , Success[TRUE] 
19:27:23.992823 [crit] TID[8548] FILE[connection.cpp]LINE[718] we have sent[1] messages , send[1] 
19:27:23.992823 [crit] TID[5576] FILE[connection.cpp]LINE[718] we have sent[1] messages , send[1] 
19:27:32.270614 [crit] TID[7460] FILE[connection.cpp]LINE[921] now , we have recv [5] messages from qpid , call[1] 
