14:43:06.762809 [crit] TID[8440] FILE[connection.cpp]LINE[250] we have connected  to [172.16.8.85] 
14:43:06.763310 [crit] TID[8440] FILE[connection.cpp]LINE[371] setHandler [gateway_srv_token_verify.req.queue] DeliveType[DeliverDirect] 
14:43:06.763310 [crit] TID[8704] FILE[connection.cpp]LINE[697] we have started a send thread int connection[01877A60] 
14:43:06.766820 [crit] TID[8440] FILE[connection.cpp]LINE[971] we have add receiver queue[018C9900] for name[gateway_srv_token_verify.req.queue] 
14:43:06.768323 [crit] TID[8440] FILE[connection.cpp]LINE[384] we have created Handler[gateway_srv_token_verify.req.queue] 
14:43:06.768826 [crit] TID[3916] FILE[connection.cpp]LINE[547] we have started a callback thread in connection[01877A60] 
14:43:06.768826 [crit] TID[8212] FILE[connection.cpp]LINE[840] we have started a recv thread in connection[01877A60] 
14:43:06.782862 [crit] TID[8440] FILE[connection.cpp]LINE[250] we have connected  to [172.16.8.85] 
14:43:06.783364 [crit] TID[8440] FILE[connection.cpp]LINE[371] setHandler [login_srv_fanout_listen.queue] DeliveType[DeliverFanout] 
14:43:06.783364 [crit] TID[5656] FILE[connection.cpp]LINE[697] we have started a send thread int connection[018C9C88] 
14:43:06.788377 [crit] TID[8440] FILE[connection.cpp]LINE[971] we have add receiver queue[018F5038] for name[903f77ba-5d64-4781-ba8c-4994ff7c3f39#.login_srv_fanout_listen.queue] 
14:43:06.788377 [crit] TID[8440] FILE[connection.cpp]LINE[979] we will build  a senderfor fanout , to confirm exchange[login_srv_fanout_listen.queue]  is exist 
14:43:06.792389 [crit] TID[8440] FILE[connection.cpp]LINE[1021] we have create sender queue[login_srv_fanout_listen.queue] type[DeliverFanout] , Success[TRUE] 
14:43:06.792890 [crit] TID[8440] FILE[connection.cpp]LINE[985] we have confirm exchange[login_srv_fanout_listen.queue] exist 
14:43:06.794393 [crit] TID[8440] FILE[connection.cpp]LINE[384] we have created Handler[login_srv_fanout_listen.queue] 
14:43:06.794895 [crit] TID[2924] FILE[connection.cpp]LINE[547] we have started a callback thread in connection[018C9C88] 
14:43:06.794895 [crit] TID[8824] FILE[connection.cpp]LINE[840] we have started a recv thread in connection[018C9C88] 
14:43:07.785406 [crit] TID[8704] FILE[connection.cpp]LINE[1021] we have create sender queue[SYS.HEARTBEAT] type[DeliverFanout] , Success[TRUE] 
14:43:07.790921 [crit] TID[5656] FILE[connection.cpp]LINE[1021] we have create sender queue[SYS.HEARTBEAT] type[DeliverFanout] , Success[TRUE] 
14:44:07.914717 [crit] TID[5656] FILE[connection.cpp]LINE[718] we have sent[1] messages , send[1] 
14:44:07.914717 [crit] TID[8704] FILE[connection.cpp]LINE[718] we have sent[1] messages , send[1] 
14:44:28.568885 [crit] TID[8824] FILE[connection.cpp]LINE[921] now , we have recv [1] messages from qpid , call[1] 
14:45:08.019159 [crit] TID[5656] FILE[connection.cpp]LINE[718] we have sent[3] messages , send[3] 
14:45:08.019159 [crit] TID[8704] FILE[connection.cpp]LINE[718] we have sent[3] messages , send[3] 
14:46:00.609984 [crit] TID[8588] FILE[connection.cpp]LINE[250] we have connected  to [172.16.8.85] 
14:46:00.612490 [crit] TID[8588] FILE[connection.cpp]LINE[371] setHandler [gateway_srv_token_verify.req.queue] DeliveType[DeliverDirect] 
14:46:00.612490 [crit] TID[8436] FILE[connection.cpp]LINE[697] we have started a send thread int connection[00547CC8] 
14:46:00.618506 [crit] TID[8588] FILE[connection.cpp]LINE[971] we have add receiver queue[00599B40] for name[gateway_srv_token_verify.req.queue] 
14:46:00.622015 [crit] TID[8588] FILE[connection.cpp]LINE[384] we have created Handler[gateway_srv_token_verify.req.queue] 
14:46:00.622517 [crit] TID[8928] FILE[connection.cpp]LINE[547] we have started a callback thread in connection[00547CC8] 
14:46:00.623018 [crit] TID[3964] FILE[connection.cpp]LINE[840] we have started a recv thread in connection[00547CC8] 
14:46:00.646122 [crit] TID[8588] FILE[connection.cpp]LINE[250] we have connected  to [172.16.8.85] 
14:46:00.646611 [crit] TID[8588] FILE[connection.cpp]LINE[371] setHandler [login_srv_fanout_listen.queue] DeliveType[DeliverFanout] 
14:46:00.646611 [crit] TID[3008] FILE[connection.cpp]LINE[697] we have started a send thread int connection[0059BB10] 
14:46:00.653601 [crit] TID[8588] FILE[connection.cpp]LINE[971] we have add receiver queue[005C54A0] for name[c109dc73-2ed4-4044-a4e5-3b2033a4d918#.login_srv_fanout_listen.queue] 
14:46:00.653601 [crit] TID[8588] FILE[connection.cpp]LINE[979] we will build  a senderfor fanout , to confirm exchange[login_srv_fanout_listen.queue]  is exist 
14:46:00.658637 [crit] TID[8588] FILE[connection.cpp]LINE[1021] we have create sender queue[login_srv_fanout_listen.queue] type[DeliverFanout] , Success[TRUE] 
14:46:00.658637 [crit] TID[8588] FILE[connection.cpp]LINE[985] we have confirm exchange[login_srv_fanout_listen.queue] exist 
14:46:00.660619 [crit] TID[8588] FILE[connection.cpp]LINE[384] we have created Handler[login_srv_fanout_listen.queue] 
14:46:00.661122 [crit] TID[8540] FILE[connection.cpp]LINE[547] we have started a callback thread in connection[0059BB10] 
14:46:00.661621 [crit] TID[4920] FILE[connection.cpp]LINE[840] we have started a recv thread in connection[0059BB10] 
14:46:01.624833 [crit] TID[8436] FILE[connection.cpp]LINE[1021] we have create sender queue[SYS.HEARTBEAT] type[DeliverFanout] , Success[TRUE] 
14:46:01.649139 [crit] TID[3008] FILE[connection.cpp]LINE[1021] we have create sender queue[SYS.HEARTBEAT] type[DeliverFanout] , Success[TRUE] 
14:47:01.773620 [crit] TID[8436] FILE[connection.cpp]LINE[718] we have sent[1] messages , send[1] 
14:47:01.788163 [crit] TID[3008] FILE[connection.cpp]LINE[718] we have sent[1] messages , send[1] 
14:47:46.176794 [crit] TID[4920] FILE[connection.cpp]LINE[921] now , we have recv [1] messages from qpid , call[1] 
14:48:03.334422 [crit] TID[3008] FILE[connection.cpp]LINE[718] we have sent[2] messages , send[2] 
14:48:03.334422 [crit] TID[8436] FILE[connection.cpp]LINE[718] we have sent[2] messages , send[2] 
14:48:51.288291 [crit] TID[8452] FILE[connection.cpp]LINE[1021] we have create sender queue[login_srv_fanout_listen.queue] type[DeliverFanout] , Success[TRUE] 
14:48:51.290800 [crit] TID[4920] FILE[connection.cpp]LINE[921] now , we have recv [2] messages from qpid , call[2] 
14:49:04.349098 [crit] TID[8436] FILE[connection.cpp]LINE[718] we have sent[17] messages , send[18] 
14:49:04.740225 [crit] TID[3008] FILE[connection.cpp]LINE[718] we have sent[4] messages , send[4] 
14:50:05.430064 [crit] TID[8436] FILE[connection.cpp]LINE[718] we have sent[45] messages , send[45] 
14:50:05.789539 [crit] TID[3008] FILE[connection.cpp]LINE[718] we have sent[5] messages , send[5] 
14:50:14.657925 [crit] TID[3964] FILE[connection.cpp]LINE[921] now , we have recv [1] messages from qpid , call[1] 
14:50:14.662437 [crit] TID[8564] FILE[connection.cpp]LINE[1021] we have create sender queue[gateway_srv_token_verify.req.queue.rspa] type[DeliverDirect] , Success[TRUE] 
14:51:06.776175 [crit] TID[8436] FILE[connection.cpp]LINE[718] we have sent[47] messages , send[47] 
14:51:06.885328 [crit] TID[3008] FILE[connection.cpp]LINE[718] we have sent[6] messages , send[6] 
14:51:16.651158 [crit] TID[3964] FILE[connection.cpp]LINE[921] now , we have recv [2] messages from qpid , call[1] 
14:52:07.190232 [crit] TID[3008] FILE[connection.cpp]LINE[718] we have sent[7] messages , send[7] 
14:52:07.874056 [crit] TID[8436] FILE[connection.cpp]LINE[718] we have sent[88] messages , send[88] 
14:52:43.366370 [crit] TID[3964] FILE[connection.cpp]LINE[921] now , we have recv [42] messages from qpid , call[42] 
14:53:08.381977 [crit] TID[3008] FILE[connection.cpp]LINE[718] we have sent[8] messages , send[8] 
14:53:08.444638 [crit] TID[8436] FILE[connection.cpp]LINE[718] we have sent[114] messages , send[114] 
