11:04:31.099879 [crit] TID[7164] FILE[connection.cpp]LINE[250] we have connected  to [172.16.8.85] 
11:04:31.100380 [crit] TID[7164] FILE[connection.cpp]LINE[371] setHandler [gateway_srv_token_verify.req.queue] DeliveType[DeliverDirect] 
11:04:31.100380 [crit] TID[4040] FILE[connection.cpp]LINE[697] we have started a send thread int connection[003D7DD0] 
11:04:31.104391 [crit] TID[7164] FILE[connection.cpp]LINE[971] we have add receiver queue[0042B2C0] for name[gateway_srv_token_verify.req.queue] 
11:04:31.106396 [crit] TID[7164] FILE[connection.cpp]LINE[384] we have created Handler[gateway_srv_token_verify.req.queue] 
11:04:31.107398 [crit] TID[8632] FILE[connection.cpp]LINE[547] we have started a callback thread in connection[003D7DD0] 
11:04:31.107398 [crit] TID[864] FILE[connection.cpp]LINE[840] we have started a recv thread in connection[003D7DD0] 
11:04:31.124444 [crit] TID[7164] FILE[connection.cpp]LINE[250] we have connected  to [172.16.8.85] 
11:04:31.124444 [crit] TID[7164] FILE[connection.cpp]LINE[371] setHandler [login_srv_fanout_listen.queue] DeliveType[DeliverFanout] 
11:04:31.124444 [crit] TID[7936] FILE[connection.cpp]LINE[697] we have started a send thread int connection[00429AC0] 
11:04:31.131966 [crit] TID[7164] FILE[connection.cpp]LINE[971] we have add receiver queue[00454B10] for name[09a4fa20-be9f-4686-b4b4-f4bcc46d879a#.login_srv_fanout_listen.queue] 
11:04:31.131966 [crit] TID[7164] FILE[connection.cpp]LINE[979] we will build  a senderfor fanout , to confirm exchange[login_srv_fanout_listen.queue]  is exist 
11:04:31.137481 [crit] TID[7164] FILE[connection.cpp]LINE[1021] we have create sender queue[login_srv_fanout_listen.queue] type[DeliverFanout] , Success[TRUE] 
11:04:31.137481 [crit] TID[7164] FILE[connection.cpp]LINE[985] we have confirm exchange[login_srv_fanout_listen.queue] exist 
11:04:31.139485 [crit] TID[7164] FILE[connection.cpp]LINE[384] we have created Handler[login_srv_fanout_listen.queue] 
11:04:31.139987 [crit] TID[5960] FILE[connection.cpp]LINE[547] we have started a callback thread in connection[00429AC0] 
11:04:31.139987 [crit] TID[3748] FILE[connection.cpp]LINE[840] we have started a recv thread in connection[00429AC0] 
11:04:32.115908 [crit] TID[4040] FILE[connection.cpp]LINE[1021] we have create sender queue[SYS.HEARTBEAT] type[DeliverFanout] , Success[TRUE] 
11:04:32.131575 [crit] TID[7936] FILE[connection.cpp]LINE[1021] we have create sender queue[SYS.HEARTBEAT] type[DeliverFanout] , Success[TRUE] 
11:30:10.468478 [crit] TID[3692] FILE[connection.cpp]LINE[250] we have connected  to [172.16.8.85] 
11:30:10.469471 [crit] TID[3692] FILE[connection.cpp]LINE[371] setHandler [gateway_srv_token_verify.req.queue] DeliveType[DeliverDirect] 
11:30:10.469471 [crit] TID[8540] FILE[connection.cpp]LINE[697] we have started a send thread int connection[013B7CF0] 
11:30:10.474986 [crit] TID[3692] FILE[connection.cpp]LINE[971] we have add receiver queue[01409718] for name[gateway_srv_token_verify.req.queue] 
11:30:10.476489 [crit] TID[3692] FILE[connection.cpp]LINE[384] we have created Handler[gateway_srv_token_verify.req.queue] 
11:30:10.477493 [crit] TID[3328] FILE[connection.cpp]LINE[547] we have started a callback thread in connection[013B7CF0] 
11:30:10.477493 [crit] TID[2180] FILE[connection.cpp]LINE[840] we have started a recv thread in connection[013B7CF0] 
11:30:10.496543 [crit] TID[3692] FILE[connection.cpp]LINE[250] we have connected  to [172.16.8.85] 
11:30:10.497044 [crit] TID[3692] FILE[connection.cpp]LINE[371] setHandler [login_srv_fanout_listen.queue] DeliveType[DeliverFanout] 
11:30:10.497044 [crit] TID[4904] FILE[connection.cpp]LINE[697] we have started a send thread int connection[01409AA8] 
11:30:10.508076 [crit] TID[3692] FILE[connection.cpp]LINE[971] we have add receiver queue[01435F28] for name[4ff6d3f2-2b0a-4f55-8ceb-019aecc5b964#.login_srv_fanout_listen.queue] 
11:30:10.508076 [crit] TID[3692] FILE[connection.cpp]LINE[979] we will build  a senderfor fanout , to confirm exchange[login_srv_fanout_listen.queue]  is exist 
11:30:10.513589 [crit] TID[3692] FILE[connection.cpp]LINE[1021] we have create sender queue[login_srv_fanout_listen.queue] type[DeliverFanout] , Success[TRUE] 
11:30:10.514090 [crit] TID[3692] FILE[connection.cpp]LINE[985] we have confirm exchange[login_srv_fanout_listen.queue] exist 
11:30:10.515595 [crit] TID[3692] FILE[connection.cpp]LINE[384] we have created Handler[login_srv_fanout_listen.queue] 
11:30:10.516596 [crit] TID[5904] FILE[connection.cpp]LINE[547] we have started a callback thread in connection[01409AA8] 
11:30:10.517100 [crit] TID[2808] FILE[connection.cpp]LINE[840] we have started a recv thread in connection[01409AA8] 
11:30:11.481146 [crit] TID[8540] FILE[connection.cpp]LINE[1021] we have create sender queue[SYS.HEARTBEAT] type[DeliverFanout] , Success[TRUE] 
11:30:11.504992 [crit] TID[4904] FILE[connection.cpp]LINE[1021] we have create sender queue[SYS.HEARTBEAT] type[DeliverFanout] , Success[TRUE] 
11:31:11.820124 [crit] TID[8540] FILE[connection.cpp]LINE[718] we have sent[1] messages , send[1] 
11:31:11.822122 [crit] TID[4904] FILE[connection.cpp]LINE[718] we have sent[1] messages , send[1] 
11:32:12.848924 [crit] TID[4904] FILE[connection.cpp]LINE[718] we have sent[3] messages , send[3] 
11:32:12.848924 [crit] TID[8540] FILE[connection.cpp]LINE[718] we have sent[3] messages , send[3] 
11:33:34.940397 [crit] TID[1472] FILE[connection.cpp]LINE[250] we have connected  to [172.16.8.85] 
11:33:34.940898 [crit] TID[1472] FILE[connection.cpp]LINE[371] setHandler [gateway_srv_token_verify.req.queue] DeliveType[DeliverDirect] 
11:33:34.940898 [crit] TID[8128] FILE[connection.cpp]LINE[697] we have started a send thread int connection[013B7F80] 
11:33:34.946915 [crit] TID[1472] FILE[connection.cpp]LINE[971] we have add receiver queue[0140A548] for name[gateway_srv_token_verify.req.queue] 
11:33:34.948428 [crit] TID[1472] FILE[connection.cpp]LINE[384] we have created Handler[gateway_srv_token_verify.req.queue] 
11:33:34.949427 [crit] TID[7692] FILE[connection.cpp]LINE[547] we have started a callback thread in connection[013B7F80] 
11:33:34.949427 [crit] TID[7688] FILE[connection.cpp]LINE[840] we have started a recv thread in connection[013B7F80] 
11:33:35.022114 [crit] TID[1472] FILE[connection.cpp]LINE[250] we have connected  to [172.16.8.85] 
11:33:35.022614 [crit] TID[1472] FILE[connection.cpp]LINE[371] setHandler [login_srv_fanout_listen.queue] DeliveType[DeliverFanout] 
11:33:35.022614 [crit] TID[8648] FILE[connection.cpp]LINE[697] we have started a send thread int connection[01409A18] 
11:33:35.033175 [crit] TID[1472] FILE[connection.cpp]LINE[971] we have add receiver queue[03C50930] for name[465c2fe5-9c35-4ead-bf6f-726032071ae1#.login_srv_fanout_listen.queue] 
11:33:35.033175 [crit] TID[1472] FILE[connection.cpp]LINE[979] we will build  a senderfor fanout , to confirm exchange[login_srv_fanout_listen.queue]  is exist 
11:33:35.041165 [crit] TID[1472] FILE[connection.cpp]LINE[1021] we have create sender queue[login_srv_fanout_listen.queue] type[DeliverFanout] , Success[TRUE] 
11:33:35.041692 [crit] TID[1472] FILE[connection.cpp]LINE[985] we have confirm exchange[login_srv_fanout_listen.queue] exist 
11:33:35.043698 [crit] TID[1472] FILE[connection.cpp]LINE[384] we have created Handler[login_srv_fanout_listen.queue] 
11:33:35.044675 [crit] TID[7540] FILE[connection.cpp]LINE[547] we have started a callback thread in connection[01409A18] 
11:33:35.045177 [crit] TID[7708] FILE[connection.cpp]LINE[840] we have started a recv thread in connection[01409A18] 
11:33:35.949633 [crit] TID[8128] FILE[connection.cpp]LINE[1021] we have create sender queue[SYS.HEARTBEAT] type[DeliverFanout] , Success[TRUE] 
11:33:36.030877 [crit] TID[8648] FILE[connection.cpp]LINE[1021] we have create sender queue[SYS.HEARTBEAT] type[DeliverFanout] , Success[TRUE] 
11:34:35.318804 [crit] TID[8128] FILE[connection.cpp]LINE[718] we have sent[1] messages , send[1] 
11:34:36.322030 [crit] TID[8648] FILE[connection.cpp]LINE[718] we have sent[1] messages , send[1] 
11:35:36.345742 [crit] TID[8128] FILE[connection.cpp]LINE[718] we have sent[3] messages , send[3] 
11:35:37.347894 [crit] TID[8648] FILE[connection.cpp]LINE[718] we have sent[3] messages , send[3] 
11:36:37.367656 [crit] TID[8128] FILE[connection.cpp]LINE[718] we have sent[4] messages , send[4] 
11:36:38.368217 [crit] TID[8648] FILE[connection.cpp]LINE[718] we have sent[4] messages , send[4] 
11:37:38.397010 [crit] TID[8128] FILE[connection.cpp]LINE[718] we have sent[5] messages , send[5] 
11:37:39.396014 [crit] TID[8648] FILE[connection.cpp]LINE[718] we have sent[5] messages , send[5] 
11:38:39.702679 [crit] TID[8128] FILE[connection.cpp]LINE[718] we have sent[6] messages , send[6] 
11:38:40.687742 [crit] TID[8648] FILE[connection.cpp]LINE[718] we have sent[6] messages , send[6] 
11:39:40.834575 [crit] TID[8128] FILE[connection.cpp]LINE[718] we have sent[7] messages , send[7] 
11:39:41.834744 [crit] TID[8648] FILE[connection.cpp]LINE[718] we have sent[7] messages , send[7] 
11:40:41.858544 [crit] TID[8128] FILE[connection.cpp]LINE[718] we have sent[8] messages , send[8] 
11:40:42.859817 [crit] TID[8648] FILE[connection.cpp]LINE[718] we have sent[8] messages , send[8] 
11:41:42.884041 [crit] TID[8128] FILE[connection.cpp]LINE[718] we have sent[9] messages , send[9] 
11:41:43.889418 [crit] TID[8648] FILE[connection.cpp]LINE[718] we have sent[9] messages , send[9] 
11:42:05.967952 [crit] TID[3532] FILE[connection.cpp]LINE[250] we have connected  to [172.16.8.85] 
11:42:05.968452 [crit] TID[3532] FILE[connection.cpp]LINE[371] setHandler [gateway_srv_token_verify.req.queue] DeliveType[DeliverDirect] 
11:42:05.968953 [crit] TID[8656] FILE[connection.cpp]LINE[697] we have started a send thread int connection[003AE830] 
11:42:05.973467 [crit] TID[3532] FILE[connection.cpp]LINE[971] we have add receiver queue[003FAB98] for name[gateway_srv_token_verify.req.queue] 
11:42:05.975470 [crit] TID[3532] FILE[connection.cpp]LINE[384] we have created Handler[gateway_srv_token_verify.req.queue] 
11:42:05.975973 [crit] TID[5864] FILE[connection.cpp]LINE[547] we have started a callback thread in connection[003AE830] 
11:42:05.975973 [crit] TID[6596] FILE[connection.cpp]LINE[840] we have started a recv thread in connection[003AE830] 
11:42:05.998032 [crit] TID[3532] FILE[connection.cpp]LINE[250] we have connected  to [172.16.8.85] 
11:42:05.998534 [crit] TID[3532] FILE[connection.cpp]LINE[371] setHandler [login_srv_fanout_listen.queue] DeliveType[DeliverFanout] 
11:42:05.998534 [crit] TID[3732] FILE[connection.cpp]LINE[697] we have started a send thread int connection[003F9C50] 
11:42:06.010064 [crit] TID[3532] FILE[connection.cpp]LINE[971] we have add receiver queue[00424768] for name[76a310c9-c8f3-4321-9016-595b73cf0ba6#.login_srv_fanout_listen.queue] 
11:42:06.010064 [crit] TID[3532] FILE[connection.cpp]LINE[979] we will build  a senderfor fanout , to confirm exchange[login_srv_fanout_listen.queue]  is exist 
11:42:06.015586 [crit] TID[3532] FILE[connection.cpp]LINE[1021] we have create sender queue[login_srv_fanout_listen.queue] type[DeliverFanout] , Success[TRUE] 
11:42:06.015586 [crit] TID[3532] FILE[connection.cpp]LINE[985] we have confirm exchange[login_srv_fanout_listen.queue] exist 
11:42:06.018083 [crit] TID[3532] FILE[connection.cpp]LINE[384] we have created Handler[login_srv_fanout_listen.queue] 
11:42:06.019088 [crit] TID[4224] FILE[connection.cpp]LINE[547] we have started a callback thread in connection[003F9C50] 
11:42:06.019088 [crit] TID[4844] FILE[connection.cpp]LINE[840] we have started a recv thread in connection[003F9C50] 
11:42:06.974630 [crit] TID[8656] FILE[connection.cpp]LINE[1021] we have create sender queue[SYS.HEARTBEAT] type[DeliverFanout] , Success[TRUE] 
11:42:06.998829 [crit] TID[3732] FILE[connection.cpp]LINE[1021] we have create sender queue[SYS.HEARTBEAT] type[DeliverFanout] , Success[TRUE] 
11:43:06.318577 [crit] TID[8656] FILE[connection.cpp]LINE[718] we have sent[1] messages , send[1] 
11:43:06.321800 [crit] TID[3732] FILE[connection.cpp]LINE[718] we have sent[1] messages , send[1] 
11:44:07.343159 [crit] TID[8656] FILE[connection.cpp]LINE[718] we have sent[3] messages , send[3] 
11:44:07.347010 [crit] TID[3732] FILE[connection.cpp]LINE[718] we have sent[3] messages , send[3] 
11:46:43.818957 [crit] TID[3732] FILE[connection.cpp]LINE[718] we have sent[5] messages , send[5] 
11:46:43.818957 [crit] TID[8656] FILE[connection.cpp]LINE[718] we have sent[5] messages , send[5] 
11:47:44.844298 [crit] TID[3732] FILE[connection.cpp]LINE[718] we have sent[6] messages , send[6] 
11:47:44.844298 [crit] TID[8656] FILE[connection.cpp]LINE[718] we have sent[6] messages , send[6] 
11:48:45.880300 [crit] TID[8656] FILE[connection.cpp]LINE[718] we have sent[7] messages , send[7] 
11:48:45.880300 [crit] TID[3732] FILE[connection.cpp]LINE[718] we have sent[7] messages , send[7] 
11:49:46.031329 [crit] TID[8656] FILE[connection.cpp]LINE[718] we have sent[8] messages , send[8] 
11:49:46.031329 [crit] TID[3732] FILE[connection.cpp]LINE[718] we have sent[8] messages , send[8] 
11:50:47.333440 [crit] TID[8656] FILE[connection.cpp]LINE[718] we have sent[9] messages , send[9] 
11:50:47.333440 [crit] TID[3732] FILE[connection.cpp]LINE[718] we have sent[9] messages , send[9] 
11:51:48.372289 [crit] TID[8656] FILE[connection.cpp]LINE[718] we have sent[10] messages , send[10] 
11:51:48.372289 [crit] TID[3732] FILE[connection.cpp]LINE[718] we have sent[10] messages , send[10] 
11:52:49.453498 [crit] TID[3732] FILE[connection.cpp]LINE[718] we have sent[11] messages , send[11] 
11:52:49.453498 [crit] TID[8656] FILE[connection.cpp]LINE[718] we have sent[11] messages , send[11] 
11:53:50.828149 [crit] TID[8656] FILE[connection.cpp]LINE[718] we have sent[12] messages , send[12] 
11:53:50.828149 [crit] TID[3732] FILE[connection.cpp]LINE[718] we have sent[12] messages , send[12] 
11:54:51.866678 [crit] TID[8656] FILE[connection.cpp]LINE[718] we have sent[13] messages , send[13] 
11:54:51.866678 [crit] TID[3732] FILE[connection.cpp]LINE[718] we have sent[13] messages , send[13] 
11:55:52.903853 [crit] TID[3732] FILE[connection.cpp]LINE[718] we have sent[14] messages , send[14] 
11:55:52.903853 [crit] TID[8656] FILE[connection.cpp]LINE[718] we have sent[14] messages , send[14] 
11:56:53.320169 [crit] TID[8656] FILE[connection.cpp]LINE[718] we have sent[15] messages , send[15] 
11:56:53.321172 [crit] TID[3732] FILE[connection.cpp]LINE[718] we have sent[15] messages , send[15] 
11:57:54.348762 [crit] TID[8656] FILE[connection.cpp]LINE[718] we have sent[16] messages , send[16] 
11:57:54.352253 [crit] TID[3732] FILE[connection.cpp]LINE[718] we have sent[16] messages , send[16] 
11:58:55.373730 [crit] TID[8656] FILE[connection.cpp]LINE[718] we have sent[17] messages , send[17] 
11:58:55.381540 [crit] TID[3732] FILE[connection.cpp]LINE[718] we have sent[17] messages , send[17] 
11:59:56.397551 [crit] TID[8656] FILE[connection.cpp]LINE[718] we have sent[18] messages , send[18] 
11:59:56.437974 [crit] TID[3732] FILE[connection.cpp]LINE[718] we have sent[18] messages , send[18] 
12:00:57.703240 [crit] TID[8656] FILE[connection.cpp]LINE[718] we have sent[19] messages , send[19] 
12:00:57.817130 [crit] TID[3732] FILE[connection.cpp]LINE[718] we have sent[19] messages , send[19] 
12:01:58.828172 [crit] TID[8656] FILE[connection.cpp]LINE[718] we have sent[20] messages , send[20] 
12:01:58.837050 [crit] TID[3732] FILE[connection.cpp]LINE[718] we have sent[20] messages , send[20] 
12:02:59.850451 [crit] TID[8656] FILE[connection.cpp]LINE[718] we have sent[21] messages , send[21] 
12:02:59.866299 [crit] TID[3732] FILE[connection.cpp]LINE[718] we have sent[21] messages , send[21] 
12:04:00.871677 [crit] TID[8656] FILE[connection.cpp]LINE[718] we have sent[22] messages , send[22] 
12:04:00.891812 [crit] TID[3732] FILE[connection.cpp]LINE[718] we have sent[22] messages , send[22] 
12:05:01.016767 [crit] TID[3732] FILE[connection.cpp]LINE[718] we have sent[23] messages , send[23] 
12:05:01.897756 [crit] TID[8656] FILE[connection.cpp]LINE[718] we have sent[23] messages , send[23] 
12:06:02.105461 [crit] TID[8656] FILE[connection.cpp]LINE[718] we have sent[24] messages , send[24] 
12:06:02.324726 [crit] TID[3732] FILE[connection.cpp]LINE[718] we have sent[24] messages , send[24] 
12:07:03.320408 [crit] TID[8656] FILE[connection.cpp]LINE[718] we have sent[25] messages , send[25] 
12:07:03.350193 [crit] TID[3732] FILE[connection.cpp]LINE[718] we have sent[25] messages , send[25] 
12:08:04.345529 [crit] TID[8656] FILE[connection.cpp]LINE[718] we have sent[26] messages , send[26] 
12:08:04.378362 [crit] TID[3732] FILE[connection.cpp]LINE[718] we have sent[26] messages , send[26] 
12:09:05.368834 [crit] TID[8656] FILE[connection.cpp]LINE[718] we have sent[27] messages , send[27] 
12:09:05.404433 [crit] TID[3732] FILE[connection.cpp]LINE[718] we have sent[27] messages , send[27] 
12:10:06.395090 [crit] TID[8656] FILE[connection.cpp]LINE[718] we have sent[28] messages , send[28] 
12:10:06.814204 [crit] TID[3732] FILE[connection.cpp]LINE[718] we have sent[28] messages , send[28] 
12:11:07.595007 [crit] TID[8656] FILE[connection.cpp]LINE[718] we have sent[29] messages , send[29] 
12:11:07.840437 [crit] TID[3732] FILE[connection.cpp]LINE[718] we have sent[29] messages , send[29] 
12:12:08.823255 [crit] TID[8656] FILE[connection.cpp]LINE[718] we have sent[30] messages , send[30] 
12:12:08.864837 [crit] TID[3732] FILE[connection.cpp]LINE[718] we have sent[30] messages , send[30] 
12:13:09.846154 [crit] TID[8656] FILE[connection.cpp]LINE[718] we have sent[31] messages , send[31] 
12:13:09.885137 [crit] TID[3732] FILE[connection.cpp]LINE[718] we have sent[31] messages , send[31] 
12:14:10.000539 [crit] TID[3732] FILE[connection.cpp]LINE[718] we have sent[32] messages , send[32] 
12:14:10.873453 [crit] TID[8656] FILE[connection.cpp]LINE[718] we have sent[32] messages , send[32] 
12:15:11.321081 [crit] TID[3732] FILE[connection.cpp]LINE[718] we have sent[33] messages , send[33] 
12:15:11.896364 [crit] TID[8656] FILE[connection.cpp]LINE[718] we have sent[33] messages , send[33] 
12:16:12.126311 [crit] TID[8656] FILE[connection.cpp]LINE[718] we have sent[34] messages , send[34] 
12:16:12.348985 [crit] TID[3732] FILE[connection.cpp]LINE[718] we have sent[34] messages , send[34] 
12:17:13.331943 [crit] TID[8656] FILE[connection.cpp]LINE[718] we have sent[35] messages , send[35] 
12:17:13.370896 [crit] TID[3732] FILE[connection.cpp]LINE[718] we have sent[35] messages , send[35] 
12:18:14.356907 [crit] TID[8656] FILE[connection.cpp]LINE[718] we have sent[36] messages , send[36] 
12:18:14.399915 [crit] TID[3732] FILE[connection.cpp]LINE[718] we have sent[36] messages , send[36] 
12:19:15.379286 [crit] TID[8656] FILE[connection.cpp]LINE[718] we have sent[37] messages , send[37] 
12:19:15.659276 [crit] TID[3732] FILE[connection.cpp]LINE[718] we have sent[37] messages , send[37] 
12:20:16.402896 [crit] TID[8656] FILE[connection.cpp]LINE[718] we have sent[38] messages , send[38] 
12:20:16.821519 [crit] TID[3732] FILE[connection.cpp]LINE[718] we have sent[38] messages , send[38] 
12:21:17.563724 [crit] TID[8656] FILE[connection.cpp]LINE[718] we have sent[39] messages , send[39] 
12:21:17.847825 [crit] TID[3732] FILE[connection.cpp]LINE[718] we have sent[39] messages , send[39] 
12:22:18.821431 [crit] TID[8656] FILE[connection.cpp]LINE[718] we have sent[40] messages , send[40] 
12:22:18.872221 [crit] TID[3732] FILE[connection.cpp]LINE[718] we have sent[40] messages , send[40] 
12:23:19.845096 [crit] TID[8656] FILE[connection.cpp]LINE[718] we have sent[41] messages , send[41] 
12:23:19.898786 [crit] TID[3732] FILE[connection.cpp]LINE[718] we have sent[41] messages , send[41] 
12:24:20.869300 [crit] TID[8656] FILE[connection.cpp]LINE[718] we have sent[42] messages , send[42] 
12:24:20.985988 [crit] TID[3732] FILE[connection.cpp]LINE[718] we have sent[42] messages , send[42] 
12:25:21.322341 [crit] TID[3732] FILE[connection.cpp]LINE[718] we have sent[43] messages , send[43] 
12:25:21.894241 [crit] TID[8656] FILE[connection.cpp]LINE[718] we have sent[43] messages , send[43] 
12:26:22.080667 [crit] TID[8656] FILE[connection.cpp]LINE[718] we have sent[44] messages , send[44] 
12:26:22.345676 [crit] TID[3732] FILE[connection.cpp]LINE[718] we have sent[44] messages , send[44] 
12:27:23.316852 [crit] TID[8656] FILE[connection.cpp]LINE[718] we have sent[45] messages , send[45] 
12:27:23.373134 [crit] TID[3732] FILE[connection.cpp]LINE[718] we have sent[45] messages , send[45] 
12:28:24.340356 [crit] TID[8656] FILE[connection.cpp]LINE[718] we have sent[46] messages , send[46] 
12:28:24.396322 [crit] TID[3732] FILE[connection.cpp]LINE[718] we have sent[46] messages , send[46] 
12:29:25.366118 [crit] TID[8656] FILE[connection.cpp]LINE[718] we have sent[47] messages , send[47] 
12:29:25.674000 [crit] TID[3732] FILE[connection.cpp]LINE[718] we have sent[47] messages , send[47] 
12:30:26.386879 [crit] TID[8656] FILE[connection.cpp]LINE[718] we have sent[48] messages , send[48] 
12:30:26.838112 [crit] TID[3732] FILE[connection.cpp]LINE[718] we have sent[48] messages , send[48] 
12:31:27.456177 [crit] TID[8656] FILE[connection.cpp]LINE[718] we have sent[49] messages , send[49] 
12:31:27.857701 [crit] TID[3732] FILE[connection.cpp]LINE[718] we have sent[49] messages , send[49] 
12:32:28.821267 [crit] TID[8656] FILE[connection.cpp]LINE[718] we have sent[50] messages , send[50] 
12:32:28.886880 [crit] TID[3732] FILE[connection.cpp]LINE[718] we have sent[50] messages , send[50] 
12:33:29.845310 [crit] TID[8656] FILE[connection.cpp]LINE[718] we have sent[51] messages , send[51] 
12:33:29.939863 [crit] TID[3732] FILE[connection.cpp]LINE[718] we have sent[51] messages , send[51] 
12:34:30.317488 [crit] TID[3732] FILE[connection.cpp]LINE[718] we have sent[52] messages , send[52] 
12:34:30.870620 [crit] TID[8656] FILE[connection.cpp]LINE[718] we have sent[52] messages , send[52] 
12:35:31.341788 [crit] TID[3732] FILE[connection.cpp]LINE[718] we have sent[53] messages , send[53] 
12:35:31.891772 [crit] TID[8656] FILE[connection.cpp]LINE[718] we have sent[53] messages , send[53] 
12:36:32.064557 [crit] TID[8656] FILE[connection.cpp]LINE[718] we have sent[54] messages , send[54] 
12:36:32.361582 [crit] TID[3732] FILE[connection.cpp]LINE[718] we have sent[54] messages , send[54] 
12:37:33.323276 [crit] TID[8656] FILE[connection.cpp]LINE[718] we have sent[55] messages , send[55] 
12:37:33.381758 [crit] TID[3732] FILE[connection.cpp]LINE[718] we have sent[55] messages , send[55] 
12:38:34.347858 [crit] TID[8656] FILE[connection.cpp]LINE[718] we have sent[56] messages , send[56] 
12:38:34.405427 [crit] TID[3732] FILE[connection.cpp]LINE[718] we have sent[56] messages , send[56] 
12:39:35.374939 [crit] TID[8656] FILE[connection.cpp]LINE[718] we have sent[57] messages , send[57] 
12:39:35.606154 [crit] TID[3732] FILE[connection.cpp]LINE[718] we have sent[57] messages , send[57] 
12:40:36.403888 [crit] TID[8656] FILE[connection.cpp]LINE[718] we have sent[58] messages , send[58] 
12:40:36.826697 [crit] TID[3732] FILE[connection.cpp]LINE[718] we have sent[58] messages , send[58] 
12:41:37.752867 [crit] TID[8656] FILE[connection.cpp]LINE[718] we have sent[59] messages , send[59] 
12:41:37.850934 [crit] TID[3732] FILE[connection.cpp]LINE[718] we have sent[59] messages , send[59] 
12:42:38.836032 [crit] TID[8656] FILE[connection.cpp]LINE[718] we have sent[60] messages , send[60] 
12:42:38.873334 [crit] TID[3732] FILE[connection.cpp]LINE[718] we have sent[60] messages , send[60] 
12:43:39.862996 [crit] TID[8656] FILE[connection.cpp]LINE[718] we have sent[61] messages , send[61] 
12:43:39.899792 [crit] TID[3732] FILE[connection.cpp]LINE[718] we have sent[61] messages , send[61] 
12:44:40.887012 [crit] TID[8656] FILE[connection.cpp]LINE[718] we have sent[62] messages , send[62] 
12:44:40.998980 [crit] TID[3732] FILE[connection.cpp]LINE[718] we have sent[62] messages , send[62] 
12:45:41.321329 [crit] TID[3732] FILE[connection.cpp]LINE[718] we have sent[63] messages , send[63] 
12:45:41.906231 [crit] TID[8656] FILE[connection.cpp]LINE[718] we have sent[63] messages , send[63] 
12:46:42.144092 [crit] TID[8656] FILE[connection.cpp]LINE[718] we have sent[64] messages , send[64] 
12:46:42.344148 [crit] TID[3732] FILE[connection.cpp]LINE[718] we have sent[64] messages , send[64] 
12:47:43.334743 [crit] TID[8656] FILE[connection.cpp]LINE[718] we have sent[66] messages , send[66] 
12:47:43.372774 [crit] TID[3732] FILE[connection.cpp]LINE[718] we have sent[66] messages , send[66] 
12:48:44.357321 [crit] TID[8656] FILE[connection.cpp]LINE[718] we have sent[67] messages , send[67] 
12:48:44.399835 [crit] TID[3732] FILE[connection.cpp]LINE[718] we have sent[67] messages , send[67] 
12:49:45.384059 [crit] TID[8656] FILE[connection.cpp]LINE[718] we have sent[68] messages , send[68] 
12:49:45.646018 [crit] TID[3732] FILE[connection.cpp]LINE[718] we have sent[68] messages , send[68] 
12:50:46.407722 [crit] TID[8656] FILE[connection.cpp]LINE[718] we have sent[69] messages , send[69] 
12:50:46.826612 [crit] TID[3732] FILE[connection.cpp]LINE[718] we have sent[69] messages , send[69] 
12:51:47.769809 [crit] TID[8656] FILE[connection.cpp]LINE[718] we have sent[70] messages , send[70] 
12:51:47.848572 [crit] TID[3732] FILE[connection.cpp]LINE[718] we have sent[70] messages , send[70] 
12:52:48.841200 [crit] TID[8656] FILE[connection.cpp]LINE[718] we have sent[71] messages , send[71] 
12:52:48.870331 [crit] TID[3732] FILE[connection.cpp]LINE[718] we have sent[71] messages , send[71] 
12:53:49.865961 [crit] TID[8656] FILE[connection.cpp]LINE[718] we have sent[72] messages , send[72] 
12:53:49.891830 [crit] TID[3732] FILE[connection.cpp]LINE[718] we have sent[72] messages , send[72] 
12:54:50.890565 [crit] TID[8656] FILE[connection.cpp]LINE[718] we have sent[73] messages , send[73] 
12:54:50.987805 [crit] TID[3732] FILE[connection.cpp]LINE[718] we have sent[73] messages , send[73] 
12:55:51.082158 [crit] TID[8656] FILE[connection.cpp]LINE[718] we have sent[74] messages , send[74] 
12:55:51.322158 [crit] TID[3732] FILE[connection.cpp]LINE[718] we have sent[74] messages , send[74] 
12:56:52.331392 [crit] TID[8656] FILE[connection.cpp]LINE[718] we have sent[75] messages , send[75] 
12:56:52.346358 [crit] TID[3732] FILE[connection.cpp]LINE[718] we have sent[75] messages , send[75] 
12:57:53.355320 [crit] TID[8656] FILE[connection.cpp]LINE[718] we have sent[76] messages , send[76] 
12:57:53.371685 [crit] TID[3732] FILE[connection.cpp]LINE[718] we have sent[76] messages , send[76] 
12:58:54.379332 [crit] TID[8656] FILE[connection.cpp]LINE[718] we have sent[77] messages , send[77] 
12:58:54.394690 [crit] TID[3732] FILE[connection.cpp]LINE[718] we have sent[77] messages , send[77] 
12:59:55.408148 [crit] TID[8656] FILE[connection.cpp]LINE[718] we have sent[78] messages , send[78] 
12:59:55.552211 [crit] TID[3732] FILE[connection.cpp]LINE[718] we have sent[78] messages , send[78] 
13:00:56.729316 [crit] TID[8656] FILE[connection.cpp]LINE[718] we have sent[79] messages , send[79] 
13:00:56.830519 [crit] TID[3732] FILE[connection.cpp]LINE[718] we have sent[79] messages , send[79] 
13:01:57.831251 [crit] TID[8656] FILE[connection.cpp]LINE[718] we have sent[80] messages , send[80] 
13:01:57.855902 [crit] TID[3732] FILE[connection.cpp]LINE[718] we have sent[80] messages , send[80] 
13:02:58.853028 [crit] TID[8656] FILE[connection.cpp]LINE[718] we have sent[81] messages , send[81] 
13:02:58.879142 [crit] TID[3732] FILE[connection.cpp]LINE[718] we have sent[81] messages , send[81] 
13:03:59.876340 [crit] TID[8656] FILE[connection.cpp]LINE[718] we have sent[82] messages , send[82] 
13:03:59.902414 [crit] TID[3732] FILE[connection.cpp]LINE[718] we have sent[82] messages , send[82] 
13:05:00.238896 [crit] TID[3732] FILE[connection.cpp]LINE[718] we have sent[83] messages , send[83] 
13:05:00.903294 [crit] TID[8656] FILE[connection.cpp]LINE[718] we have sent[83] messages , send[83] 
13:06:01.269623 [crit] TID[8656] FILE[connection.cpp]LINE[718] we have sent[84] messages , send[84] 
13:06:01.342839 [crit] TID[3732] FILE[connection.cpp]LINE[718] we have sent[84] messages , send[84] 
13:07:02.336032 [crit] TID[8656] FILE[connection.cpp]LINE[718] we have sent[85] messages , send[85] 
13:07:02.366937 [crit] TID[3732] FILE[connection.cpp]LINE[718] we have sent[85] messages , send[85] 
13:08:03.357528 [crit] TID[8656] FILE[connection.cpp]LINE[718] we have sent[86] messages , send[86] 
13:08:03.388444 [crit] TID[3732] FILE[connection.cpp]LINE[718] we have sent[86] messages , send[86] 
13:09:04.383372 [crit] TID[8656] FILE[connection.cpp]LINE[718] we have sent[87] messages , send[87] 
13:09:04.441361 [crit] TID[3732] FILE[connection.cpp]LINE[718] we have sent[87] messages , send[87] 
13:10:05.472878 [crit] TID[8656] FILE[connection.cpp]LINE[718] we have sent[88] messages , send[88] 
13:10:05.822347 [crit] TID[3732] FILE[connection.cpp]LINE[718] we have sent[88] messages , send[88] 
13:11:06.824674 [crit] TID[8656] FILE[connection.cpp]LINE[718] we have sent[89] messages , send[89] 
13:11:06.846775 [crit] TID[3732] FILE[connection.cpp]LINE[718] we have sent[89] messages , send[89] 
13:12:07.847653 [crit] TID[8656] FILE[connection.cpp]LINE[718] we have sent[90] messages , send[90] 
13:12:07.871793 [crit] TID[3732] FILE[connection.cpp]LINE[718] we have sent[90] messages , send[90] 
13:13:08.876327 [crit] TID[8656] FILE[connection.cpp]LINE[718] we have sent[91] messages , send[91] 
13:13:08.898980 [crit] TID[3732] FILE[connection.cpp]LINE[718] we have sent[91] messages , send[91] 
13:13:10.301744 [crit] TID[4844] FILE[connection.cpp]LINE[921] now , we have recv [1] messages from qpid , call[0] 
13:14:09.159595 [crit] TID[3732] FILE[connection.cpp]LINE[718] we have sent[92] messages , send[92] 
13:14:09.899099 [crit] TID[8656] FILE[connection.cpp]LINE[718] we have sent[92] messages , send[92] 
13:15:02.668742 [crit] TID[6984] FILE[connection.cpp]LINE[250] we have connected  to [172.16.8.85] 
13:15:02.669243 [crit] TID[6984] FILE[connection.cpp]LINE[371] setHandler [gateway_srv_token_verify.req.queue] DeliveType[DeliverDirect] 
13:15:02.669243 [crit] TID[5904] FILE[connection.cpp]LINE[697] we have started a send thread int connection[005F7D58] 
13:15:02.674269 [crit] TID[6984] FILE[connection.cpp]LINE[971] we have add receiver queue[00649770] for name[gateway_srv_token_verify.req.queue] 
13:15:02.676263 [crit] TID[6984] FILE[connection.cpp]LINE[384] we have created Handler[gateway_srv_token_verify.req.queue] 
13:15:02.676764 [crit] TID[996] FILE[connection.cpp]LINE[547] we have started a callback thread in connection[005F7D58] 
13:15:02.676764 [crit] TID[7656] FILE[connection.cpp]LINE[840] we have started a recv thread in connection[005F7D58] 
13:15:02.698319 [crit] TID[6984] FILE[connection.cpp]LINE[250] we have connected  to [172.16.8.85] 
13:15:02.698821 [crit] TID[6984] FILE[connection.cpp]LINE[371] setHandler [login_srv_fanout_listen.queue] DeliveType[DeliverFanout] 
13:15:02.698821 [crit] TID[7568] FILE[connection.cpp]LINE[697] we have started a send thread int connection[0064C2E0] 
13:15:02.706844 [crit] TID[6984] FILE[connection.cpp]LINE[971] we have add receiver queue[00674888] for name[01cf79dd-639a-4e27-aa43-5bd7b34b0552#.login_srv_fanout_listen.queue] 
13:15:02.706844 [crit] TID[6984] FILE[connection.cpp]LINE[979] we will build  a senderfor fanout , to confirm exchange[login_srv_fanout_listen.queue]  is exist 
13:15:02.713861 [crit] TID[6984] FILE[connection.cpp]LINE[1021] we have create sender queue[login_srv_fanout_listen.queue] type[DeliverFanout] , Success[TRUE] 
13:15:02.713861 [crit] TID[6984] FILE[connection.cpp]LINE[985] we have confirm exchange[login_srv_fanout_listen.queue] exist 
13:15:02.715866 [crit] TID[6984] FILE[connection.cpp]LINE[384] we have created Handler[login_srv_fanout_listen.queue] 
13:15:02.716869 [crit] TID[8020] FILE[connection.cpp]LINE[547] we have started a callback thread in connection[0064C2E0] 
13:15:02.716869 [crit] TID[1632] FILE[connection.cpp]LINE[840] we have started a recv thread in connection[0064C2E0] 
13:15:03.679289 [crit] TID[5904] FILE[connection.cpp]LINE[1021] we have create sender queue[SYS.HEARTBEAT] type[DeliverFanout] , Success[TRUE] 
13:15:03.709897 [crit] TID[7568] FILE[connection.cpp]LINE[1021] we have create sender queue[SYS.HEARTBEAT] type[DeliverFanout] , Success[TRUE] 
13:16:51.453884 [crit] TID[7568] FILE[connection.cpp]LINE[718] we have sent[1] messages , send[1] 
13:16:51.453884 [crit] TID[5904] FILE[connection.cpp]LINE[718] we have sent[1] messages , send[1] 
13:17:52.223155 [crit] TID[7568] FILE[connection.cpp]LINE[718] we have sent[3] messages , send[3] 
13:17:52.223155 [crit] TID[5904] FILE[connection.cpp]LINE[718] we have sent[3] messages , send[3] 
13:25:32.786797 [crit] TID[7568] FILE[connection.cpp]LINE[718] we have sent[4] messages , send[4] 
13:25:32.825373 [crit] TID[5904] FILE[connection.cpp]LINE[718] we have sent[4] messages , send[4] 
13:25:33.161765 [crit] TID[9152] FILE[connection.cpp]LINE[1021] we have create sender queue[login_srv_fanout_listen.queue] type[DeliverFanout] , Success[TRUE] 
13:25:33.163770 [crit] TID[6988] FILE[connection.cpp]LINE[1021] we have create sender queue[login_srv_fanout_listen.queue] type[DeliverFanout] , Success[TRUE] 
13:25:33.164271 [crit] TID[1632] FILE[connection.cpp]LINE[921] now , we have recv [2] messages from qpid , call[2] 
13:26:42.892293 [crit] TID[7568] FILE[connection.cpp]LINE[718] we have sent[5] messages , send[5] 
13:28:05.667422 [crit] TID[5904] FILE[connection.cpp]LINE[718] we have sent[7] messages , send[7] 
13:28:09.839245 [crit] TID[7568] FILE[connection.cpp]LINE[718] we have sent[6] messages , send[6] 
13:29:31.426686 [crit] TID[7568] FILE[connection.cpp]LINE[718] we have sent[7] messages , send[7] 
13:29:47.108794 [crit] TID[5904] FILE[connection.cpp]LINE[718] we have sent[8] messages , send[8] 
13:29:51.993226 [crit] TID[1632] FILE[connection.cpp]LINE[921] now , we have recv [4] messages from qpid , call[4] 
13:30:32.825280 [crit] TID[7568] FILE[connection.cpp]LINE[718] we have sent[9] messages , send[9] 
13:30:48.496379 [crit] TID[5904] FILE[connection.cpp]LINE[718] we have sent[119] messages , send[120] 
13:30:51.535930 [crit] TID[1632] FILE[connection.cpp]LINE[921] now , we have recv [119] messages from qpid , call[119] 
13:31:33.844485 [crit] TID[7568] FILE[connection.cpp]LINE[718] we have sent[10] messages , send[10] 
13:31:49.355837 [crit] TID[5904] FILE[connection.cpp]LINE[718] we have sent[195] messages , send[195] 
13:32:34.867486 [crit] TID[7568] FILE[connection.cpp]LINE[718] we have sent[11] messages , send[11] 
13:32:50.380242 [crit] TID[5904] FILE[connection.cpp]LINE[718] we have sent[196] messages , send[196] 
13:33:35.893557 [crit] TID[7568] FILE[connection.cpp]LINE[718] we have sent[12] messages , send[12] 
13:33:51.404635 [crit] TID[5904] FILE[connection.cpp]LINE[718] we have sent[197] messages , send[197] 
13:34:36.989532 [crit] TID[7568] FILE[connection.cpp]LINE[718] we have sent[13] messages , send[13] 
13:34:52.787152 [crit] TID[5904] FILE[connection.cpp]LINE[718] we have sent[198] messages , send[198] 
13:35:37.323023 [crit] TID[7568] FILE[connection.cpp]LINE[718] we have sent[14] messages , send[14] 
13:35:53.842509 [crit] TID[5904] FILE[connection.cpp]LINE[718] we have sent[199] messages , send[199] 
13:36:38.344840 [crit] TID[7568] FILE[connection.cpp]LINE[718] we have sent[15] messages , send[15] 
13:36:54.864345 [crit] TID[5904] FILE[connection.cpp]LINE[718] we have sent[200] messages , send[200] 
13:37:39.370175 [crit] TID[7568] FILE[connection.cpp]LINE[718] we have sent[16] messages , send[16] 
13:37:55.887416 [crit] TID[5904] FILE[connection.cpp]LINE[718] we have sent[201] messages , send[201] 
13:38:40.393345 [crit] TID[7568] FILE[connection.cpp]LINE[718] we have sent[17] messages , send[17] 
13:38:56.912322 [crit] TID[5904] FILE[connection.cpp]LINE[718] we have sent[202] messages , send[202] 
13:39:41.536880 [crit] TID[7568] FILE[connection.cpp]LINE[718] we have sent[18] messages , send[18] 
13:39:57.224527 [crit] TID[5904] FILE[connection.cpp]LINE[718] we have sent[203] messages , send[203] 
13:40:42.827726 [crit] TID[7568] FILE[connection.cpp]LINE[718] we have sent[19] messages , send[19] 
13:40:58.335804 [crit] TID[5904] FILE[connection.cpp]LINE[718] we have sent[204] messages , send[204] 
13:41:43.855197 [crit] TID[7568] FILE[connection.cpp]LINE[718] we have sent[20] messages , send[20] 
13:41:59.358900 [crit] TID[5904] FILE[connection.cpp]LINE[718] we have sent[205] messages , send[205] 
13:42:44.882624 [crit] TID[7568] FILE[connection.cpp]LINE[718] we have sent[21] messages , send[21] 
13:43:00.379286 [crit] TID[5904] FILE[connection.cpp]LINE[718] we have sent[206] messages , send[206] 
13:43:45.906941 [crit] TID[7568] FILE[connection.cpp]LINE[718] we have sent[22] messages , send[22] 
13:44:01.404783 [crit] TID[5904] FILE[connection.cpp]LINE[718] we have sent[207] messages , send[207] 
13:44:46.288307 [crit] TID[7568] FILE[connection.cpp]LINE[718] we have sent[23] messages , send[23] 
13:45:02.560403 [crit] TID[5904] FILE[connection.cpp]LINE[718] we have sent[208] messages , send[208] 
13:45:47.328907 [crit] TID[7568] FILE[connection.cpp]LINE[718] we have sent[24] messages , send[24] 
13:46:03.826119 [crit] TID[5904] FILE[connection.cpp]LINE[718] we have sent[209] messages , send[209] 
13:46:48.353497 [crit] TID[7568] FILE[connection.cpp]LINE[718] we have sent[25] messages , send[25] 
13:47:04.854033 [crit] TID[5904] FILE[connection.cpp]LINE[718] we have sent[210] messages , send[210] 
13:47:49.379804 [crit] TID[7568] FILE[connection.cpp]LINE[718] we have sent[26] messages , send[26] 
13:48:05.878554 [crit] TID[5904] FILE[connection.cpp]LINE[718] we have sent[211] messages , send[211] 
13:48:50.399551 [crit] TID[7568] FILE[connection.cpp]LINE[718] we have sent[27] messages , send[27] 
13:49:06.902805 [crit] TID[5904] FILE[connection.cpp]LINE[718] we have sent[212] messages , send[212] 
13:49:51.677981 [crit] TID[7568] FILE[connection.cpp]LINE[718] we have sent[28] messages , send[28] 
13:50:07.177574 [crit] TID[5904] FILE[connection.cpp]LINE[718] we have sent[213] messages , send[213] 
13:50:52.834019 [crit] TID[7568] FILE[connection.cpp]LINE[718] we have sent[29] messages , send[29] 
13:51:08.334653 [crit] TID[5904] FILE[connection.cpp]LINE[718] we have sent[214] messages , send[214] 
13:51:53.858892 [crit] TID[7568] FILE[connection.cpp]LINE[718] we have sent[30] messages , send[30] 
13:52:09.358396 [crit] TID[5904] FILE[connection.cpp]LINE[718] we have sent[215] messages , send[215] 
13:52:54.885092 [crit] TID[7568] FILE[connection.cpp]LINE[718] we have sent[31] messages , send[31] 
13:53:10.384577 [crit] TID[5904] FILE[connection.cpp]LINE[718] we have sent[216] messages , send[216] 
13:53:55.912755 [crit] TID[7568] FILE[connection.cpp]LINE[718] we have sent[32] messages , send[32] 
13:54:11.406577 [crit] TID[5904] FILE[connection.cpp]LINE[718] we have sent[217] messages , send[217] 
13:54:56.320748 [crit] TID[7568] FILE[connection.cpp]LINE[718] we have sent[33] messages , send[33] 
13:55:12.787267 [crit] TID[5904] FILE[connection.cpp]LINE[718] we have sent[218] messages , send[218] 
13:55:57.346689 [crit] TID[7568] FILE[connection.cpp]LINE[718] we have sent[34] messages , send[34] 
13:56:13.842497 [crit] TID[5904] FILE[connection.cpp]LINE[718] we have sent[219] messages , send[219] 
13:56:58.369902 [crit] TID[7568] FILE[connection.cpp]LINE[718] we have sent[35] messages , send[35] 
13:57:04.848676 [crit] TID[1632] FILE[connection.cpp]LINE[921] now , we have recv [188] messages from qpid , call[188] 
13:57:14.959488 [crit] TID[5904] FILE[connection.cpp]LINE[718] we have sent[230] messages , send[230] 
13:57:59.397693 [crit] TID[7568] FILE[connection.cpp]LINE[718] we have sent[36] messages , send[36] 
13:58:04.443713 [crit] TID[1632] FILE[connection.cpp]LINE[921] now , we have recv [294] messages from qpid , call[294] 
13:58:15.599374 [crit] TID[5904] FILE[connection.cpp]LINE[718] we have sent[349] messages , send[350] 
17:11:43.292167 [crit] TID[5344] FILE[connection.cpp]LINE[250] we have connected  to [172.16.8.85] 
17:11:43.293167 [crit] TID[5344] FILE[connection.cpp]LINE[371] setHandler [gateway_srv_token_verify.req.queue] DeliveType[DeliverDirect] 
17:11:43.293167 [crit] TID[2356] FILE[connection.cpp]LINE[697] we have started a send thread int connection[012FE940] 
17:11:43.297177 [crit] TID[5344] FILE[connection.cpp]LINE[971] we have add receiver queue[01349880] for name[gateway_srv_token_verify.req.queue] 
17:11:43.299182 [crit] TID[5344] FILE[connection.cpp]LINE[384] we have created Handler[gateway_srv_token_verify.req.queue] 
17:11:43.300185 [crit] TID[5152] FILE[connection.cpp]LINE[547] we have started a callback thread in connection[012FE940] 
17:11:43.300185 [crit] TID[5904] FILE[connection.cpp]LINE[840] we have started a recv thread in connection[012FE940] 
17:11:43.325783 [crit] TID[5344] FILE[connection.cpp]LINE[250] we have connected  to [172.16.8.85] 
17:11:43.326254 [crit] TID[5344] FILE[connection.cpp]LINE[371] setHandler [login_srv_fanout_listen.queue] DeliveType[DeliverFanout] 
17:11:43.326254 [crit] TID[4288] FILE[connection.cpp]LINE[697] we have started a send thread int connection[01349BC0] 
17:11:43.335779 [crit] TID[5344] FILE[connection.cpp]LINE[971] we have add receiver queue[01374B20] for name[26e7160e-cde9-4a66-8f98-b3374587c94b#.login_srv_fanout_listen.queue] 
17:11:43.335779 [crit] TID[5344] FILE[connection.cpp]LINE[979] we will build  a senderfor fanout , to confirm exchange[login_srv_fanout_listen.queue]  is exist 
17:11:43.345805 [crit] TID[5344] FILE[connection.cpp]LINE[1021] we have create sender queue[login_srv_fanout_listen.queue] type[DeliverFanout] , Success[TRUE] 
17:11:43.345805 [crit] TID[5344] FILE[connection.cpp]LINE[985] we have confirm exchange[login_srv_fanout_listen.queue] exist 
17:11:43.347811 [crit] TID[5344] FILE[connection.cpp]LINE[384] we have created Handler[login_srv_fanout_listen.queue] 
17:11:43.348815 [crit] TID[9200] FILE[connection.cpp]LINE[547] we have started a callback thread in connection[01349BC0] 
17:11:43.348815 [crit] TID[5204] FILE[connection.cpp]LINE[840] we have started a recv thread in connection[01349BC0] 
17:11:44.305055 [crit] TID[2356] FILE[connection.cpp]LINE[1021] we have create sender queue[SYS.HEARTBEAT] type[DeliverFanout] , Success[TRUE] 
17:11:44.339138 [crit] TID[4288] FILE[connection.cpp]LINE[1021] we have create sender queue[SYS.HEARTBEAT] type[DeliverFanout] , Success[TRUE] 
17:12:13.670606 [crit] TID[8136] FILE[connection.cpp]LINE[1021] we have create sender queue[login_srv_fanout_listen.queue] type[DeliverFanout] , Success[TRUE] 
17:12:43.062161 [crit] TID[5204] FILE[connection.cpp]LINE[921] now , we have recv [31] messages from qpid , call[31] 
17:12:44.062308 [crit] TID[2356] FILE[connection.cpp]LINE[718] we have sent[31] messages , send[31] 
17:12:44.365405 [crit] TID[4288] FILE[connection.cpp]LINE[718] we have sent[1] messages , send[1] 
17:13:43.903804 [crit] TID[5204] FILE[connection.cpp]LINE[921] now , we have recv [91] messages from qpid , call[90] 
17:13:45.389668 [crit] TID[4288] FILE[connection.cpp]LINE[718] we have sent[3] messages , send[3] 
17:13:45.916065 [crit] TID[2356] FILE[connection.cpp]LINE[718] we have sent[94] messages , send[94] 
17:14:46.328999 [crit] TID[2356] FILE[connection.cpp]LINE[718] we have sent[104] messages , send[104] 
17:14:46.417467 [crit] TID[4288] FILE[connection.cpp]LINE[718] we have sent[4] messages , send[4] 
17:28:42.984591 [crit] TID[7352] FILE[connection.cpp]LINE[250] we have connected  to [172.16.8.85] 
17:28:42.986095 [crit] TID[7264] FILE[connection.cpp]LINE[697] we have started a send thread int connection[0089E860] 
17:28:42.986095 [crit] TID[7352] FILE[connection.cpp]LINE[371] setHandler [gateway_srv_token_verify.req.queue] DeliveType[DeliverDirect] 
17:28:42.989605 [crit] TID[7352] FILE[connection.cpp]LINE[971] we have add receiver queue[008E97E8] for name[gateway_srv_token_verify.req.queue] 
17:28:42.991610 [crit] TID[7352] FILE[connection.cpp]LINE[384] we have created Handler[gateway_srv_token_verify.req.queue] 
17:28:42.992111 [crit] TID[5144] FILE[connection.cpp]LINE[547] we have started a callback thread in connection[0089E860] 
17:28:42.992111 [crit] TID[2020] FILE[connection.cpp]LINE[840] we have started a recv thread in connection[0089E860] 
17:28:43.011661 [crit] TID[7352] FILE[connection.cpp]LINE[250] we have connected  to [172.16.8.85] 
17:28:43.012162 [crit] TID[7352] FILE[connection.cpp]LINE[371] setHandler [login_srv_fanout_listen.queue] DeliveType[DeliverFanout] 
17:28:43.012162 [crit] TID[5764] FILE[connection.cpp]LINE[697] we have started a send thread int connection[008E9F48] 
17:28:43.021691 [crit] TID[7352] FILE[connection.cpp]LINE[971] we have add receiver queue[00914618] for name[0e4b46eb-9964-45d4-b3de-29964db9db3b#.login_srv_fanout_listen.queue] 
17:28:43.021691 [crit] TID[7352] FILE[connection.cpp]LINE[979] we will build  a senderfor fanout , to confirm exchange[login_srv_fanout_listen.queue]  is exist 
17:28:43.028205 [crit] TID[7352] FILE[connection.cpp]LINE[1021] we have create sender queue[login_srv_fanout_listen.queue] type[DeliverFanout] , Success[TRUE] 
17:28:43.028205 [crit] TID[7352] FILE[connection.cpp]LINE[985] we have confirm exchange[login_srv_fanout_listen.queue] exist 
17:28:43.030713 [crit] TID[7352] FILE[connection.cpp]LINE[384] we have created Handler[login_srv_fanout_listen.queue] 
17:28:43.031718 [crit] TID[5472] FILE[connection.cpp]LINE[840] we have started a recv thread in connection[008E9F48] 
17:28:43.032216 [crit] TID[4444] FILE[connection.cpp]LINE[547] we have started a callback thread in connection[008E9F48] 
17:28:43.999347 [crit] TID[7264] FILE[connection.cpp]LINE[1021] we have create sender queue[SYS.HEARTBEAT] type[DeliverFanout] , Success[TRUE] 
17:28:44.024915 [crit] TID[5764] FILE[connection.cpp]LINE[1021] we have create sender queue[SYS.HEARTBEAT] type[DeliverFanout] , Success[TRUE] 
