10:35:15.948006 [crit] TID[1476] FILE[connection.cpp]LINE[250] we have connected  to [172.16.8.85] 
10:35:15.948507 [crit] TID[1476] FILE[connection.cpp]LINE[371] setHandler [gateway_srv_token_verify.req.queue] DeliveType[DeliverDirect] 
10:35:15.948507 [crit] TID[4056] FILE[connection.cpp]LINE[697] we have started a send thread int connection[00577D58] 
10:35:15.951015 [crit] TID[1476] FILE[connection.cpp]LINE[971] we have add receiver queue[005C96E8] for name[gateway_srv_token_verify.req.queue] 
10:35:15.952518 [crit] TID[1476] FILE[connection.cpp]LINE[384] we have created Handler[gateway_srv_token_verify.req.queue] 
10:35:15.953020 [crit] TID[7604] FILE[connection.cpp]LINE[547] we have started a callback thread in connection[00577D58] 
10:35:15.953020 [crit] TID[2968] FILE[connection.cpp]LINE[840] we have started a recv thread in connection[00577D58] 
10:35:15.966055 [crit] TID[1476] FILE[connection.cpp]LINE[250] we have connected  to [172.16.8.85] 
10:35:15.966555 [crit] TID[1476] FILE[connection.cpp]LINE[371] setHandler [login_srv_fanout_listen.queue] DeliveType[DeliverFanout] 
10:35:15.966555 [crit] TID[8144] FILE[connection.cpp]LINE[697] we have started a send thread int connection[005CBD98] 
10:35:15.971568 [crit] TID[1476] FILE[connection.cpp]LINE[971] we have add receiver queue[005F46B8] for name[8a1f476f-2517-4d4e-9f8f-0121b79502b5#.login_srv_fanout_listen.queue] 
10:35:15.971568 [crit] TID[1476] FILE[connection.cpp]LINE[979] we will build  a senderfor fanout , to confirm exchange[login_srv_fanout_listen.queue]  is exist 
10:35:15.975580 [crit] TID[1476] FILE[connection.cpp]LINE[1021] we have create sender queue[login_srv_fanout_listen.queue] type[DeliverFanout] , Success[TRUE] 
10:35:15.975580 [crit] TID[1476] FILE[connection.cpp]LINE[985] we have confirm exchange[login_srv_fanout_listen.queue] exist 
10:35:15.977083 [crit] TID[1476] FILE[connection.cpp]LINE[384] we have created Handler[login_srv_fanout_listen.queue] 
10:35:15.978090 [crit] TID[852] FILE[connection.cpp]LINE[547] we have started a callback thread in connection[005CBD98] 
10:35:15.978090 [crit] TID[5776] FILE[connection.cpp]LINE[840] we have started a recv thread in connection[005CBD98] 
10:35:16.962951 [crit] TID[4056] FILE[connection.cpp]LINE[1021] we have create sender queue[SYS.HEARTBEAT] type[DeliverFanout] , Success[TRUE] 
10:35:16.975762 [crit] TID[8144] FILE[connection.cpp]LINE[1021] we have create sender queue[SYS.HEARTBEAT] type[DeliverFanout] , Success[TRUE] 
17:08:17.125827 [crit] TID[7180] FILE[connection.cpp]LINE[250] we have connected  to [172.16.8.85] 
17:08:17.126831 [crit] TID[7180] FILE[connection.cpp]LINE[371] setHandler [gateway_srv_token_verify.req.queue] DeliveType[DeliverDirect] 
17:08:17.126831 [crit] TID[9360] FILE[connection.cpp]LINE[697] we have started a send thread int connection[005E7B80] 
17:08:17.130840 [crit] TID[7180] FILE[connection.cpp]LINE[971] we have add receiver queue[0063AD88] for name[gateway_srv_token_verify.req.queue] 
17:08:17.132875 [crit] TID[7180] FILE[connection.cpp]LINE[384] we have created Handler[gateway_srv_token_verify.req.queue] 
17:08:17.133349 [crit] TID[688] FILE[connection.cpp]LINE[547] we have started a callback thread in connection[005E7B80] 
17:08:17.133848 [crit] TID[8200] FILE[connection.cpp]LINE[840] we have started a recv thread in connection[005E7B80] 
17:08:17.149393 [crit] TID[7180] FILE[connection.cpp]LINE[250] we have connected  to [172.16.8.85] 
17:08:17.149893 [crit] TID[7180] FILE[connection.cpp]LINE[371] setHandler [login_srv_fanout_listen.queue] DeliveType[DeliverFanout] 
17:08:17.150393 [crit] TID[3012] FILE[connection.cpp]LINE[697] we have started a send thread int connection[00639C40] 
17:08:17.157412 [crit] TID[7180] FILE[connection.cpp]LINE[971] we have add receiver queue[03140B70] for name[531c1818-53aa-4978-91d5-afd16df7380c#.login_srv_fanout_listen.queue] 
17:08:17.157412 [crit] TID[7180] FILE[connection.cpp]LINE[979] we will build  a senderfor fanout , to confirm exchange[login_srv_fanout_listen.queue]  is exist 
17:08:17.162442 [crit] TID[7180] FILE[connection.cpp]LINE[1021] we have create sender queue[login_srv_fanout_listen.queue] type[DeliverFanout] , Success[TRUE] 
17:08:17.162442 [crit] TID[7180] FILE[connection.cpp]LINE[985] we have confirm exchange[login_srv_fanout_listen.queue] exist 
17:08:17.164966 [crit] TID[7180] FILE[connection.cpp]LINE[384] we have created Handler[login_srv_fanout_listen.queue] 
17:08:17.166438 [crit] TID[4956] FILE[connection.cpp]LINE[547] we have started a callback thread in connection[00639C40] 
17:08:17.166438 [crit] TID[9160] FILE[connection.cpp]LINE[840] we have started a recv thread in connection[00639C40] 
17:08:18.136667 [crit] TID[9360] FILE[connection.cpp]LINE[1021] we have create sender queue[SYS.HEARTBEAT] type[DeliverFanout] , Success[TRUE] 
17:08:18.161238 [crit] TID[3012] FILE[connection.cpp]LINE[1021] we have create sender queue[SYS.HEARTBEAT] type[DeliverFanout] , Success[TRUE] 
17:09:18.215177 [crit] TID[9360] FILE[connection.cpp]LINE[718] we have sent[1] messages , send[1] 
17:09:18.245716 [crit] TID[3012] FILE[connection.cpp]LINE[718] we have sent[1] messages , send[1] 
17:10:19.271457 [crit] TID[9360] FILE[connection.cpp]LINE[718] we have sent[3] messages , send[3] 
17:10:19.333987 [crit] TID[3012] FILE[connection.cpp]LINE[718] we have sent[3] messages , send[3] 
17:11:20.373262 [crit] TID[9360] FILE[connection.cpp]LINE[718] we have sent[4] messages , send[4] 
17:11:20.449135 [crit] TID[3012] FILE[connection.cpp]LINE[718] we have sent[4] messages , send[4] 
17:12:21.542922 [crit] TID[9360] FILE[connection.cpp]LINE[718] we have sent[5] messages , send[5] 
17:12:21.621053 [crit] TID[3012] FILE[connection.cpp]LINE[718] we have sent[5] messages , send[5] 
17:13:22.718393 [crit] TID[9360] FILE[connection.cpp]LINE[718] we have sent[6] messages , send[6] 
17:13:22.827606 [crit] TID[3012] FILE[connection.cpp]LINE[718] we have sent[6] messages , send[6] 
17:14:23.861341 [crit] TID[9360] FILE[connection.cpp]LINE[718] we have sent[7] messages , send[7] 
17:14:23.953963 [crit] TID[3012] FILE[connection.cpp]LINE[718] we have sent[7] messages , send[7] 
